[01, 7F, 02, 47, 31, 38, 80, 35, 20, 31, 35, 34, 31, 30, 20, 20, 31, 20, 03, 25]
[01, 7F, 02, 47, 31, 38, 80, 35, 20, 31, 35, 33, 31, 30, 20, 20, 31, 20, 03, 22]
[01, 7F, 02, 47, 31, 38, 80, 35, 20, 31, 35, 32, 31, 30, 20, 20, 31, 20, 03, 23]
[01, 7F, 02, 47, 31, 38, 80, 35, 20, 31, 35, 31, 31, 30, 20, 20, 31, 20, 03, 20]
[01, 7F, 02, 47, 31, 38, 80, 35, 20, 31, 35, 31, 31, 30, 20, 20, 31, 20, 03, 20]
[01, 7F, 02, 47, 33, 30, 35, 20, 33, 20, 20, 35, 20, 03, 29]
[01, 7F, 02, 47, 33, 33, 35, 80, 80, 80, 80, 80, 80, 80, 80, 80, 80, 80, 80, 03, 2C]
[01, 7F, 02, 47, 33, 34, 35, 80, 80, 80, 80, 80, 80, 80, 80, 80, 80, 80, 80, 03, 2B]
[01, 7F, 02, 47, 31, 39, 35, 31, 30, 30, 30, 03, 25]
[01, 7F, 02, 47, 31, 38, 80, 35, 20, 31, 35, 30, 31, 30, 20, 20, 31, 20, 03, 21]
[01, 7F, 02, 47, 31, 38, 80, 35, 20, 31, 34, 39, 31, 30, 20, 20, 31, 20, 03, 29]
[01, 7F, 02, 47, 31, 38, 80, 35, 20, 31, 34, 38, 31, 30, 20, 20, 31, 20, 03, 28]
[01, 7F, 02, 47, 31, 38, 80, 35, 20, 31, 34, 37, 31, 30, 20, 20, 31, 20, 03, 27]
[01, 7F, 02, 47, 31, 38, 80, 35, 20, 31, 34, 36, 31, 30, 20, 20, 31, 20, 03, 26]
[01, 7F, 02, 47, 31, 38, 80, 35, 20, 31, 34, 35, 31, 30, 20, 20, 31, 20, 03, 25]
[01, 7F, 02, 47, 31, 38, 80, 35, 20, 31, 34, 34, 31, 30, 20, 20, 31, 20, 03, 24]
[01, 7F, 02, 47, 31, 38, 80, 35, 20, 31, 34, 33, 31, 30, 20, 20, 31, 20, 03, 23]
[01, 7F, 02, 47, 31, 38, 80, 35, 20, 31, 34, 32, 31, 30, 20, 20, 31, 20, 03, 22]
[01, 7F, 02, 47, 31, 38, 80, 35, 20, 31, 34, 31, 31, 30, 20, 20, 31, 20, 03, 21]
[01, 7F, 02, 47, 31, 38, 80, 35, 20, 31, 34, 31, 31, 30, 20, 20, 31, 20, 03, 21]
[01, 7F, 02, 47, 33, 30, 35, 20, 33, 20, 20, 35, 20, 03, 29]
[01, 7F, 02, 47, 33, 33, 35, 80, 80, 80, 80, 80, 80, 80, 80, 80, 80, 80, 80, 03, 2C]
[01, 7F, 02, 47, 33, 34, 35, 80, 80, 80, 80, 80, 80, 80, 80, 80, 80, 80, 80, 03, 2B]
[01, 7F, 02, 47, 31, 39, 35, 31, 30, 30, 30, 03, 25]
[01, 7F, 02, 47, 31, 38, 80, 35, 20, 31, 34, 30, 31, 30, 20, 20, 31, 20, 03, 20]
[01, 7F, 02, 47, 31, 38, 80, 35, 20, 31, 33, 39, 31, 30, 20, 20, 31, 20, 03, 2E]
[01, 7F, 02, 47, 31, 38, 80, 35, 20, 31, 33, 38, 31, 30, 20, 20, 31, 20, 03, 2F]
[01, 7F, 02, 47, 31, 38, 80, 35, 20, 31, 33, 37, 31, 30, 20, 20, 31, 20, 03, 20]
[01, 7F, 02, 47, 31, 38, 80, 35, 20, 31, 33, 36, 31, 30, 20, 20, 31, 20, 03, 21]
[01, 7F, 02, 47, 31, 38, 80, 35, 20, 31, 33, 35, 31, 30, 20, 20, 31, 20, 03, 22]
[01, 7F, 02, 47, 31, 38, 80, 35, 20, 31, 33, 34, 31, 30, 20, 20, 31, 20, 03, 23]
[01, 7F, 02, 47, 31, 38, 80, 35, 20, 31, 33, 33, 31, 30, 20, 20, 31, 20, 03, 24]
[01, 7F, 02, 47, 31, 38, 80, 35, 20, 31, 33, 32, 31, 30, 20, 20, 31, 20, 03, 25]
[01, 7F, 02, 47, 31, 38, 80, 35, 20, 31, 33, 31, 31, 30, 20, 20, 31, 20, 03, 26]
[01, 7F, 02, 47, 31, 38, 80, 35, 20, 31, 33, 31, 31, 30, 20, 20, 31, 20, 03, 26]
[01, 7F, 02, 47, 33, 30, 35, 20, 33, 20, 20, 35, 20, 03, 29]
[01, 7F, 02, 47, 33, 33, 35, 80, 80, 80, 80, 80, 80, 80, 80, 80, 80, 80, 80, 03, 2C]
[01, 7F, 02, 47, 33, 34, 35, 80, 80, 80, 80, 80, 80, 80, 80, 80, 80, 80, 80, 03, 2B]
[01, 7F, 02, 47, 31, 39, 35, 31, 30, 30, 30, 03, 25]
[01, 7F, 02, 47, 31, 38, 80, 35, 20, 31, 33, 30, 31, 30, 20, 20, 31, 20, 03, 27]
[01, 7F, 02, 47, 31, 38, 80, 35, 20, 31, 32, 39, 31, 30, 20, 20, 31, 20, 03, 2F]
[01, 7F, 02, 47, 31, 38, 80, 35, 20, 31, 32, 38, 31, 30, 20, 20, 31, 20, 03, 2E]
[01, 7F, 02, 47, 31, 38, 82, 35, 20, 31, 32, 38, 31, 30, 20, 20, 31, 20, 03, 2C]
[01, 7F, 02, 47, 31, 38, 82, 35, 20, 31, 32, 38, 31, 30, 20, 20, 31, 20, 03, 2C]
[01, 7F, 02, 47, 31, 38, 82, 35, 20, 31, 32, 38, 31, 30, 20, 20, 31, 20, 03, 2C]
[01, 7F, 02, 47, 33, 30, 35, 20, 35, 20, 20, 35, 20, 03, 2F]
[01, 7F, 02, 47, 33, 33, 35, 80, 80, 80, 80, 80, 80, 80, 80, 80, 80, 80, 80, 03, 2C]
[01, 7F, 02, 47, 33, 31, 35, 20, 30, 20, 30, 20, 20, 20, 20, 03, 2E]
[01, 7F, 02, 47, 31, 38, 82, 35, 20, 31, 32, 38, 31, 30, 20, 20, 31, 20, 03, 2C]
[01, 7F, 02, 47, 33, 30, 35, 20, 35, 20, 20, 35, 20, 03, 2F]
[01, 7F, 02, 47, 33, 33, 35, 80, 80, 80, 80, 80, 80, 80, 80, 80, 80, 80, 80, 03, 2C]
[01, 7F, 02, 47, 33, 34, 35, 80, 80, 80, 80, 80, 80, 80, 80, 80, 80, 80, 80, 03, 2B]
[01, 7F, 02, 47, 31, 39, 35, 31, 30, 30, 30, 03, 25]
[01, 7F, 02, 47, 33, 37, 20, 34, 20, 35, 20, 36, 20, 38, 20, 39, 31, 30, 31, 33, 31, 34, 31, 38, 32, 30, 32, 32, 32, 33, 32, 34, 35, 35, 20, 20, 03, 21]
[01, 7F, 02, 47, 35, 36, 35, 31, 20, 38, 20, 33, 03, 35]
[01, 7F, 02, 47, 33, 32, 35, 31, 20, 34, 80, 03, 28]
[01, 7F, 02, 47, 32, 30, 31, 31, 32, 39, 03, 30]
[01, 7F, 02, 47, 31, 38, 82, 35, 20, 31, 32, 38, 31, 30, 20, 20, 31, 20, 03, 2C]
[01, 7F, 02, 47, 33, 30, 35, 20, 35, 20, 20, 35, 20, 03, 2F]
[01, 7F, 02, 47, 33, 33, 35, 80, 80, 80, 80, 80, 80, 80, 80, 80, 80, 80, 80, 03, 2C]
[01, 7F, 02, 47, 33, 34, 35, 80, 80, 80, 80, 80, 80, 80, 80, 80, 80, 80, 80, 03, 2B]
[01, 7F, 02, 47, 31, 39, 35, 31, 30, 30, 30, 03, 25]
[01, 7F, 02, 47, 31, 38, 82, 35, 20, 31, 32, 38, 31, 30, 20, 20, 31, 20, 03, 2C]
[01, 7F, 02, 47, 33, 30, 35, 20, 35, 20, 20, 35, 20, 03, 2F]
[01, 7F, 02, 47, 33, 33, 35, 80, 80, 80, 80, 80, 80, 80, 80, 80, 80, 80, 80, 03, 2C]
[01, 7F, 02, 47, 33, 34, 35, 80, 80, 80, 80, 80, 80, 80, 80, 80, 80, 80, 80, 03, 2B]
[01, 7F, 02, 47, 31, 39, 35, 31, 30, 30, 30, 03, 25]
[01, 7F, 02, 47, 31, 38, 82, 35, 20, 31, 32, 38, 31, 30, 20, 20, 31, 20, 03, 2C]
[01, 7F, 02, 47, 33, 30, 35, 20, 35, 20, 20, 35, 20, 03, 2F]
[01, 7F, 02, 47, 33, 33, 35, 80, 80, 80, 80, 80, 80, 80, 80, 80, 80, 80, 80, 03, 2C]
[01, 7F, 02, 47, 33, 34, 35, 80, 80, 80, 80, 80, 80, 80, 80, 80, 80, 80, 80, 03, 2B]
[01, 7F, 02, 47, 31, 39, 35, 31, 30, 30, 30, 03, 25]
[01, 7F, 02, 47, 31, 38, 82, 35, 20, 31, 32, 38, 31, 30, 20, 20, 31, 20, 03, 2C]
[01, 7F, 02, 47, 33, 30, 35, 20, 35, 20, 20, 35, 20, 03, 2F]
[01, 7F, 02, 47, 33, 33, 35, 80, 80, 80, 80, 80, 80, 80, 80, 80, 80, 80, 80, 03, 2C]
[01, 7F, 02, 47, 33, 34, 35, 80, 80, 80, 80, 80, 80, 80, 80, 80, 80, 80, 80, 03, 2B]
[01, 7F, 02, 47, 31, 39, 35, 31, 30, 30, 30, 03, 25]
[01, 7F, 02, 47, 31, 38, 82, 35, 20, 31, 32, 38, 31, 30, 20, 20, 31, 20, 03, 2C]
[01, 7F, 02, 47, 33, 30, 35, 20, 35, 20, 20, 35, 20, 03, 2F]
[01, 7F, 02, 47, 33, 33, 35, 80, 80, 80, 80, 80, 80, 80, 80, 80, 80, 80, 80, 03, 2C]
[01, 7F, 02, 47, 33, 34, 35, 80, 80, 80, 80, 80, 80, 80, 80, 80, 80, 80, 80, 03, 2B]
[01, 7F, 02, 47, 31, 39, 35, 31, 30, 30, 30, 03, 25]
[01, 7F, 02, 47, 31, 38, 82, 35, 20, 31, 32, 38, 31, 30, 20, 20, 31, 20, 03, 2C]
[01, 7F, 02, 47, 33, 30, 35, 20, 35, 20, 20, 35, 20, 03, 2F]
[01, 7F, 02, 47, 33, 33, 35, 80, 80, 80, 80, 80, 80, 80, 80, 80, 80, 80, 80, 03, 2C]
[01, 7F, 02, 47, 33, 34, 35, 80, 80, 80, 80, 80, 80, 80, 80, 80, 80, 80, 80, 03, 2B]
[01, 7F, 02, 47, 31, 39, 35, 31, 30, 30, 30, 03, 25]
[01, 7F, 02, 47, 32, 30, 31, 31, 33, 30, 03, 38]
[01, 7F, 02, 47, 31, 38, 82, 35, 20, 31, 32, 38, 31, 30, 20, 20, 31, 20, 03, 2C]
[01, 7F, 02, 47, 33, 30, 35, 20, 35, 20, 20, 35, 20, 03, 2F]
[01, 7F, 02, 47, 33, 33, 35, 80, 80, 80, 80, 80, 80, 80, 80, 80, 80, 80, 80, 03, 2C]
[01, 7F, 02, 47, 33, 34, 35, 80, 80, 80, 80, 80, 80, 80, 80, 80, 80, 80, 80, 03, 2B]
[01, 7F, 02, 47, 31, 39, 35, 31, 30, 30, 30, 03, 25]
[01, 7F, 02, 47, 31, 38, 82, 35, 20, 31, 32, 38, 31, 30, 20, 20, 31, 20, 03, 2C]
[01, 7F, 02, 47, 33, 30, 35, 20, 35, 20, 20, 35, 20, 03, 2F]
[01, 7F, 02, 47, 33, 33, 35, 80, 80, 80, 80, 80, 80, 80, 80, 80, 80, 80, 80, 03, 2C]
[01, 7F, 02, 47, 33, 34, 35, 80, 80, 80, 80, 80, 80, 80, 80, 80, 80, 80, 80, 03, 2B]
[01, 7F, 02, 47, 31, 39, 35, 31, 30, 30, 30, 03, 25]
[01, 7F, 02, 47, 31, 38, 82, 35, 20, 31, 32, 38, 31, 30, 20, 20, 31, 20, 03, 2C]
[01, 7F, 02, 47, 33, 30, 35, 20, 35, 20, 20, 35, 20, 03, 2F]
[01, 7F, 02, 47, 33, 33, 35, 80, 80, 80, 80, 80, 80, 80, 80, 80, 80, 80, 80, 03, 2C]
[01, 7F, 02, 47, 33, 34, 35, 80, 80, 80, 80, 80, 80, 80, 80, 80, 80, 80, 80, 03, 2B]
[01, 7F, 02, 47, 31, 39, 35, 31, 30, 30, 30, 03, 25]
[01, 7F, 02, 47, 31, 38, 82, 35, 20, 31, 32, 38, 31, 30, 20, 20, 31, 20, 03, 2C]
[01, 7F, 02, 47, 33, 30, 35, 20, 35, 20, 20, 35, 20, 03, 2F]
[01, 7F, 02, 47, 33, 33, 35, 80, 80, 80, 80, 80, 80, 80, 80, 80, 80, 80, 80, 03, 2C]
[01, 7F, 02, 47, 33, 34, 35, 80, 80, 80, 80, 80, 80, 80, 80, 80, 80, 80, 80, 03, 2B]
[01, 7F, 02, 47, 31, 39, 35, 31, 30, 30, 30, 03, 25]
[01, 7F, 02, 47, 31, 38, 82, 35, 20, 31, 32, 38, 31, 30, 20, 20, 31, 20, 03, 2C]
[01, 7F, 02, 47, 33, 30, 35, 20, 35, 20, 20, 35, 20, 03, 2F]
[01, 7F, 02, 47, 33, 33, 35, 80, 80, 80, 80, 80, 80, 80, 80, 80, 80, 80, 80, 03, 2C]
[01, 7F, 02, 47, 33, 34, 35, 80, 80, 80, 80, 80, 80, 80, 80, 80, 80, 80, 80, 03, 2B]
[01, 7F, 02, 47, 31, 39, 35, 31, 30, 30, 30, 03, 25]
[01, 7F, 02, 47, 31, 38, 82, 35, 20, 31, 32, 38, 31, 30, 20, 20, 31, 20, 03, 2C]
[01, 7F, 02, 47, 33, 30, 35, 20, 35, 20, 20, 35, 20, 03, 2F]
[01, 7F, 02, 47, 33, 33, 35, 80, 80, 80, 80, 80, 80, 80, 80, 80, 80, 80, 80, 03, 2C]
[01, 7F, 02, 47, 33, 34, 35, 80, 80, 80, 80, 80, 80, 80, 80, 80, 80, 80, 80, 03, 2B]
[01, 7F, 02, 47, 31, 39, 35, 31, 30, 30, 30, 03, 25]
[01, 7F, 02, 47, 32, 30, 31, 31, 33, 31, 03, 39]
[01, 7F, 02, 47, 31, 38, 82, 35, 20, 31, 32, 38, 31, 30, 20, 20, 31, 20, 03, 2C]
[01, 7F, 02, 47, 33, 30, 35, 20, 35, 20, 20, 35, 20, 03, 2F]
[01, 7F, 02, 47, 33, 33, 35, 80, 80, 80, 80, 80, 80, 80, 80, 80, 80, 80, 80, 03, 2C]
[01, 7F, 02, 47, 33, 34, 35, 80, 80, 80, 80, 80, 80, 80, 80, 80, 80, 80, 80, 03, 2B]
[01, 7F, 02, 47, 31, 39, 35, 31, 30, 30, 30, 03, 25]
[01, 7F, 02, 47, 31, 38, 82, 35, 20, 31, 32, 38, 31, 30, 20, 20, 31, 20, 03, 2C]
[01, 7F, 02, 47, 33, 30, 35, 20, 35, 20, 20, 35, 20, 03, 2F]
[01, 7F, 02, 47, 33, 33, 35, 80, 80, 80, 80, 80, 80, 80, 80, 80, 80, 80, 80, 03, 2C]
[01, 7F, 02, 47, 33, 34, 35, 80, 80, 80, 80, 80, 80, 80, 80, 80, 80, 80, 80, 03, 2B]
[01, 7F, 02, 47, 31, 39, 35, 31, 30, 30, 30, 03, 25]
[01, 7F, 02, 47, 31, 38, 82, 35, 20, 31, 32, 38, 31, 30, 20, 20, 31, 20, 03, 2C]
[01, 7F, 02, 47, 33, 30, 35, 20, 35, 20, 20, 35, 20, 03, 2F]
[01, 7F, 02, 47, 33, 33, 35, 80, 80, 80, 80, 80, 80, 80, 80, 80, 80, 80, 80, 03, 2C]
[01, 7F, 02, 47, 33, 34, 35, 80, 80, 80, 80, 80, 80, 80, 80, 80, 80, 80, 80, 03, 2B]
[01, 7F, 02, 47, 31, 39, 35, 31, 30, 30, 30, 03, 25]
[01, 7F, 02, 47, 31, 38, 82, 35, 20, 31, 32, 38, 31, 30, 20, 20, 31, 20, 03, 2C]
[01, 7F, 02, 47, 33, 30, 35, 20, 35, 20, 20, 35, 20, 03, 2F]
[01, 7F, 02, 47, 33, 33, 35, 80, 80, 80, 80, 80, 80, 80, 80, 80, 80, 80, 80, 03, 2C]
[01, 7F, 02, 47, 33, 34, 35, 80, 80, 80, 80, 80, 80, 80, 80, 80, 80, 80, 80, 03, 2B]
[01, 7F, 02, 47, 31, 39, 35, 31, 30, 30, 30, 03, 25]
[01, 7F, 02, 47, 31, 38, 82, 35, 20, 31, 32, 38, 31, 30, 20, 20, 31, 20, 03, 2C]
[01, 7F, 02, 47, 33, 30, 35, 20, 35, 20, 20, 35, 20, 03, 2F]
[01, 7F, 02, 47, 33, 33, 35, 80, 80, 80, 80, 80, 80, 80, 80, 80, 80, 80, 80, 03, 2C]
[01, 7F, 02, 47, 33, 34, 35, 80, 80, 80, 80, 80, 80, 80, 80, 80, 80, 80, 80, 03, 2B]
[01, 7F, 02, 47, 31, 39, 35, 31, 30, 30, 30, 03, 25]
[01, 7F, 02, 47, 31, 38, 82, 35, 20, 31, 32, 38, 31, 30, 20, 20, 31, 20, 03, 2C]
[01, 7F, 02, 47, 33, 30, 35, 20, 35, 20, 20, 35, 20, 03, 2F]
[01, 7F, 02, 47, 33, 33, 35, 80, 80, 80, 80, 80, 80, 80, 80, 80, 80, 80, 80, 03, 2C]
[01, 7F, 02, 47, 33, 34, 35, 80, 80, 80, 80, 80, 80, 80, 80, 80, 80, 80, 80, 03, 2B]
[01, 7F, 02, 47, 31, 39, 35, 31, 30, 30, 30, 03, 25]
[01, 7F, 02, 47, 32, 30, 31, 31, 33, 32, 03, 3A]
[01, 7F, 02, 47, 31, 38, 82, 35, 20, 31, 32, 38, 31, 30, 20, 20, 31, 20, 03, 2C]
[01, 7F, 02, 47, 33, 30, 35, 20, 35, 20, 20, 35, 20, 03, 2F]
[01, 7F, 02, 47, 33, 33, 35, 80, 80, 80, 80, 80, 80, 80, 80, 80, 80, 80, 80, 03, 2C]
[01, 7F, 02, 47, 33, 34, 35, 80, 80, 80, 80, 80, 80, 80, 80, 80, 80, 80, 80, 03, 2B]
[01, 7F, 02, 47, 31, 39, 35, 31, 30, 30, 30, 03, 25]
[01, 7F, 02, 47, 31, 38, 82, 35, 20, 31, 32, 38, 31, 30, 20, 20, 31, 20, 03, 2C]
[01, 7F, 02, 47, 33, 30, 35, 20, 35, 20, 20, 35, 20, 03, 2F]
[01, 7F, 02, 47, 33, 33, 35, 80, 80, 80, 80, 80, 80, 80, 80, 80, 80, 80, 80, 03, 2C]
[01, 7F, 02, 47, 33, 34, 35, 80, 80, 80, 80, 80, 80, 80, 80, 80, 80, 80, 80, 03, 2B]
[01, 7F, 02, 47, 31, 39, 35, 31, 30, 30, 30, 03, 25]
[01, 7F, 02, 47, 31, 38, 82, 35, 20, 31, 32, 38, 31, 30, 20, 20, 31, 20, 03, 2C]
[01, 7F, 02, 47, 33, 30, 35, 20, 35, 20, 20, 35, 20, 03, 2F]
[01, 7F, 02, 47, 33, 33, 35, 80, 80, 80, 80, 80, 80, 80, 80, 80, 80, 80, 80, 03, 2C]
[01, 7F, 02, 47, 33, 34, 35, 80, 80, 80, 80, 80, 80, 80, 80, 80, 80, 80, 80, 03, 2B]
[01, 7F, 02, 47, 31, 39, 35, 31, 30, 30, 30, 03, 25]
[01, 7F, 02, 47, 31, 38, 82, 35, 20, 31, 32, 38, 31, 30, 20, 20, 31, 20, 03, 2C]
[01, 7F, 02, 47, 33, 30, 35, 20, 35, 20, 20, 35, 20, 03, 2F]
[01, 7F, 02, 47, 33, 33, 35, 80, 80, 80, 80, 80, 80, 80, 80, 80, 80, 80, 80, 03, 2C]
[01, 7F, 02, 47, 33, 34, 35, 80, 80, 80, 80, 80, 80, 80, 80, 80, 80, 80, 80, 03, 2B]
[01, 7F, 02, 47, 31, 39, 35, 31, 30, 30, 30, 03, 25]
