[01, 7F, 02, 47, 31, 38, 80, 35, 20, 31, 31, 36, 31, 30, 20, 20, 31, 20, 03, 23]
[01, 7F, 02, 47, 31, 38, 80, 35, 20, 31, 31, 35, 31, 30, 20, 20, 31, 20, 03, 20]
[01, 7F, 02, 47, 31, 38, 80, 35, 20, 31, 31, 35, 31, 30, 20, 20, 31, 20, 03, 20]
[01, 7F, 02, 47, 33, 30, 35, 20, 35, 20, 20, 38, 20, 03, 22]
[01, 7F, 02, 47, 33, 33, 35, 80, 80, 80, 80, 80, 80, 80, 80, 80, 80, 80, 80, 03, 2C]
[01, 7F, 02, 47, 36, 30, 35, 00, 00, 03, 2A]
[01, 7F, 02, 47, 33, 31, 35, 20, 30, 20, 30, 20, 20, 20, 20, 03, 2E]
[01, 7F, 02, 47, 33, 30, 35, 20, 35, 20, 20, 38, 20, 03, 22]
[01, 7F, 02, 47, 33, 34, 35, 80, 80, 80, 80, 80, 80, 80, 80, 80, 80, 80, 80, 03, 2B]
[01, 7F, 02, 47, 36, 30, 35, 00, 00, 03, 2A]
[01, 7F, 02, 47, 33, 31, 35, 20, 30, 20, 30, 20, 20, 20, 20, 03, 2E]
[01, 7F, 02, 47, 31, 38, 80, 35, 20, 31, 31, 34, 31, 30, 20, 20, 31, 20, 03, 21]
[01, 7F, 02, 47, 31, 38, 80, 35, 20, 31, 31, 33, 31, 30, 20, 20, 31, 20, 03, 26]
[01, 7F, 02, 47, 31, 38, 80, 35, 20, 31, 31, 32, 31, 30, 20, 20, 31, 20, 03, 27]
[01, 7F, 02, 47, 31, 38, 82, 35, 20, 31, 31, 32, 31, 30, 20, 20, 31, 20, 03, 25]
[01, 7F, 02, 47, 31, 38, 82, 35, 20, 31, 31, 32, 31, 30, 20, 20, 31, 20, 03, 25]
[01, 7F, 02, 47, 31, 38, 82, 35, 20, 31, 31, 32, 31, 30, 20, 20, 31, 20, 03, 25]
[01, 7F, 02, 47, 31, 38, 82, 35, 20, 31, 31, 32, 31, 30, 20, 20, 31, 20, 03, 25]
[01, 7F, 02, 47, 33, 30, 35, 20, 35, 20, 20, 38, 20, 03, 22]
[01, 7F, 02, 47, 33, 33, 35, 80, 80, 80, 80, 80, 80, 80, 80, 80, 80, 80, 80, 03, 2C]
[01, 7F, 02, 47, 33, 34, 35, 80, 80, 80, 80, 80, 80, 80, 80, 80, 80, 80, 80, 03, 2B]
[01, 7F, 02, 47, 31, 39, 35, 31, 30, 30, 30, 03, 25]
[01, 7F, 02, 47, 31, 38, 82, 35, 20, 31, 31, 32, 31, 30, 20, 20, 31, 20, 03, 25]
[01, 7F, 02, 47, 33, 30, 35, 20, 35, 20, 20, 38, 20, 03, 22]
[01, 7F, 02, 47, 33, 33, 35, 80, 80, 80, 80, 80, 80, 80, 80, 80, 80, 80, 80, 03, 2C]
[01, 7F, 02, 47, 33, 34, 35, 80, 80, 80, 80, 80, 80, 80, 80, 80, 80, 80, 80, 03, 2B]
[01, 7F, 02, 47, 31, 39, 35, 31, 30, 30, 30, 03, 25]
[01, 7F, 02, 47, 32, 30, 31, 31, 34, 32, 03, 3D]
[01, 7F, 02, 47, 31, 38, 82, 35, 20, 31, 31, 32, 31, 30, 20, 20, 31, 20, 03, 25]
[01, 7F, 02, 47, 33, 30, 35, 20, 35, 20, 20, 38, 20, 03, 22]
[01, 7F, 02, 47, 33, 33, 35, 80, 80, 80, 80, 80, 80, 80, 80, 80, 80, 80, 80, 03, 2C]
[01, 7F, 02, 47, 33, 34, 35, 80, 80, 80, 80, 80, 80, 80, 80, 80, 80, 80, 80, 03, 2B]
[01, 7F, 02, 47, 31, 39, 35, 31, 30, 30, 30, 03, 25]
[01, 7F, 02, 47, 31, 38, 82, 35, 20, 31, 31, 32, 31, 30, 20, 20, 31, 20, 03, 25]
[01, 7F, 02, 47, 33, 30, 35, 20, 35, 20, 20, 38, 20, 03, 22]
[01, 7F, 02, 47, 33, 33, 35, 80, 80, 80, 80, 80, 80, 80, 80, 80, 80, 80, 80, 03, 2C]
[01, 7F, 02, 47, 33, 34, 35, 80, 80, 80, 80, 80, 80, 80, 80, 80, 80, 80, 80, 03, 2B]
[01, 7F, 02, 47, 31, 39, 35, 31, 30, 30, 30, 03, 25]
[01, 7F, 02, 47, 31, 38, 82, 35, 20, 31, 31, 32, 31, 30, 20, 20, 31, 20, 03, 25]
[01, 7F, 02, 47, 33, 30, 35, 20, 35, 20, 20, 38, 20, 03, 22]
[01, 7F, 02, 47, 33, 33, 35, 80, 80, 80, 80, 80, 80, 80, 80, 80, 80, 80, 80, 03, 2C]
[01, 7F, 02, 47, 33, 34, 35, 80, 80, 80, 80, 80, 80, 80, 80, 80, 80, 80, 80, 03, 2B]
[01, 7F, 02, 47, 31, 39, 35, 31, 30, 30, 30, 03, 25]
[01, 7F, 02, 47, 31, 38, 82, 35, 20, 31, 31, 32, 31, 30, 20, 20, 31, 20, 03, 25]
[01, 7F, 02, 47, 33, 30, 35, 20, 35, 20, 20, 38, 20, 03, 22]
[01, 7F, 02, 47, 33, 33, 35, 80, 80, 80, 80, 80, 80, 80, 80, 80, 80, 80, 80, 03, 2C]
[01, 7F, 02, 47, 33, 34, 35, 80, 80, 80, 80, 80, 80, 80, 80, 80, 80, 80, 80, 03, 2B]
[01, 7F, 02, 47, 31, 39, 35, 31, 30, 30, 30, 03, 25]
[01, 7F, 02, 47, 31, 38, 82, 35, 20, 31, 31, 32, 31, 30, 20, 20, 31, 20, 03, 25]
[01, 7F, 02, 47, 33, 30, 35, 20, 35, 20, 20, 38, 20, 03, 22]
[01, 7F, 02, 47, 33, 33, 35, 80, 80, 80, 80, 80, 80, 80, 80, 80, 80, 80, 80, 03, 2C]
[01, 7F, 02, 47, 33, 34, 35, 80, 80, 80, 80, 80, 80, 80, 80, 80, 80, 80, 80, 03, 2B]
[01, 7F, 02, 47, 31, 39, 35, 31, 30, 30, 30, 03, 25]
[01, 7F, 02, 47, 31, 38, 82, 35, 20, 31, 31, 32, 31, 30, 20, 20, 31, 20, 03, 25]
[01, 7F, 02, 47, 33, 30, 35, 20, 35, 20, 20, 38, 20, 03, 22]
[01, 7F, 02, 47, 33, 33, 35, 80, 80, 80, 80, 80, 80, 80, 80, 80, 80, 80, 80, 03, 2C]
[01, 7F, 02, 47, 33, 34, 35, 80, 80, 80, 80, 80, 80, 80, 80, 80, 80, 80, 80, 03, 2B]
[01, 7F, 02, 47, 31, 39, 35, 31, 30, 30, 30, 03, 25]
[01, 7F, 02, 47, 32, 30, 31, 31, 34, 33, 03, 3C]
[01, 7F, 02, 47, 31, 38, 82, 35, 20, 31, 31, 32, 31, 30, 20, 20, 31, 20, 03, 25]
[01, 7F, 02, 47, 33, 30, 35, 20, 35, 20, 20, 38, 20, 03, 22]
[01, 7F, 02, 47, 33, 33, 35, 80, 80, 80, 80, 80, 80, 80, 80, 80, 80, 80, 80, 03, 2C]
[01, 7F, 02, 47, 33, 34, 35, 80, 80, 80, 80, 80, 80, 80, 80, 80, 80, 80, 80, 03, 2B]
[01, 7F, 02, 47, 31, 39, 35, 31, 30, 30, 30, 03, 25]
[01, 7F, 02, 47, 31, 38, 82, 35, 20, 31, 31, 32, 31, 30, 20, 20, 31, 20, 03, 25]
[01, 7F, 02, 47, 33, 30, 35, 20, 35, 20, 20, 38, 20, 03, 22]
[01, 7F, 02, 47, 33, 33, 35, 80, 80, 80, 80, 80, 80, 80, 80, 80, 80, 80, 80, 03, 2C]
[01, 7F, 02, 47, 33, 34, 35, 80, 80, 80, 80, 80, 80, 80, 80, 80, 80, 80, 80, 03, 2B]
[01, 7F, 02, 47, 31, 39, 35, 31, 30, 30, 30, 03, 25]
[01, 7F, 02, 47, 31, 38, 82, 35, 20, 31, 31, 32, 31, 30, 20, 20, 31, 20, 03, 25]
[01, 7F, 02, 47, 33, 30, 35, 20, 35, 20, 20, 38, 20, 03, 22]
[01, 7F, 02, 47, 33, 33, 35, 80, 80, 80, 80, 80, 80, 80, 80, 80, 80, 80, 80, 03, 2C]
[01, 7F, 02, 47, 33, 34, 35, 80, 80, 80, 80, 80, 80, 80, 80, 80, 80, 80, 80, 03, 2B]
[01, 7F, 02, 47, 31, 39, 35, 31, 30, 30, 30, 03, 25]
[01, 7F, 02, 47, 31, 38, 82, 35, 20, 31, 31, 32, 31, 30, 20, 20, 31, 20, 03, 25]
[01, 7F, 02, 47, 33, 30, 35, 20, 35, 20, 20, 38, 20, 03, 22]
[01, 7F, 02, 47, 33, 33, 35, 80, 80, 80, 80, 80, 80, 80, 80, 80, 80, 80, 80, 03, 2C]
[01, 7F, 02, 47, 33, 34, 35, 80, 80, 80, 80, 80, 80, 80, 80, 80, 80, 80, 80, 03, 2B]
[01, 7F, 02, 47, 31, 39, 35, 31, 30, 30, 30, 03, 25]
[01, 7F, 02, 47, 31, 38, 82, 35, 20, 31, 31, 32, 31, 30, 20, 20, 31, 20, 03, 25]
[01, 7F, 02, 47, 33, 30, 35, 20, 35, 20, 20, 38, 20, 03, 22]
[01, 7F, 02, 47, 33, 33, 35, 80, 80, 80, 80, 80, 80, 80, 80, 80, 80, 80, 80, 03, 2C]
[01, 7F, 02, 47, 33, 34, 35, 80, 80, 80, 80, 80, 80, 80, 80, 80, 80, 80, 80, 03, 2B]
[01, 7F, 02, 47, 31, 39, 35, 31, 30, 30, 30, 03, 25]
[01, 7F, 02, 47, 31, 38, 82, 35, 20, 31, 31, 32, 31, 30, 20, 20, 31, 20, 03, 25]
[01, 7F, 02, 47, 33, 30, 35, 20, 35, 20, 20, 38, 20, 03, 22]
[01, 7F, 02, 47, 33, 33, 35, 80, 80, 80, 80, 80, 80, 80, 80, 80, 80, 80, 80, 03, 2C]
[01, 7F, 02, 47, 33, 34, 35, 80, 80, 80, 80, 80, 80, 80, 80, 80, 80, 80, 80, 03, 2B]
[01, 7F, 02, 47, 31, 39, 35, 31, 30, 30, 30, 03, 25]
[01, 7F, 02, 47, 32, 30, 31, 31, 34, 34, 03, 3B]
[01, 7F, 02, 47, 31, 38, 82, 35, 20, 31, 31, 32, 31, 30, 20, 20, 31, 20, 03, 25]
[01, 7F, 02, 47, 33, 30, 35, 20, 35, 20, 20, 38, 20, 03, 22]
[01, 7F, 02, 47, 33, 33, 35, 80, 80, 80, 80, 80, 80, 80, 80, 80, 80, 80, 80, 03, 2C]
[01, 7F, 02, 47, 33, 34, 35, 80, 80, 80, 80, 80, 80, 80, 80, 80, 80, 80, 80, 03, 2B]
[01, 7F, 02, 47, 31, 39, 35, 31, 30, 30, 30, 03, 25]
[01, 7F, 02, 47, 31, 38, 82, 35, 20, 31, 31, 32, 31, 30, 20, 20, 31, 20, 03, 25]
[01, 7F, 02, 47, 33, 30, 35, 20, 35, 20, 20, 38, 20, 03, 22]
[01, 7F, 02, 47, 33, 33, 35, 80, 80, 80, 80, 80, 80, 80, 80, 80, 80, 80, 80, 03, 2C]
[01, 7F, 02, 47, 33, 34, 35, 80, 80, 80, 80, 80, 80, 80, 80, 80, 80, 80, 80, 03, 2B]
[01, 7F, 02, 47, 31, 39, 35, 31, 30, 30, 30, 03, 25]
[01, 7F, 02, 47, 31, 38, 82, 35, 20, 31, 31, 32, 31, 30, 20, 20, 31, 20, 03, 25]
[01, 7F, 02, 47, 33, 30, 35, 20, 35, 20, 20, 38, 20, 03, 22]
[01, 7F, 02, 47, 33, 33, 35, 80, 80, 80, 80, 80, 80, 80, 80, 80, 80, 80, 80, 03, 2C]
[01, 7F, 02, 47, 33, 34, 35, 80, 80, 80, 80, 80, 80, 80, 80, 80, 80, 80, 80, 03, 2B]
[01, 7F, 02, 47, 31, 39, 35, 31, 30, 30, 30, 03, 25]
[01, 7F, 02, 47, 31, 38, 82, 35, 20, 31, 31, 32, 31, 30, 20, 20, 31, 20, 03, 25]
[01, 7F, 02, 47, 33, 30, 35, 20, 35, 20, 20, 38, 20, 03, 22]
[01, 7F, 02, 47, 33, 33, 35, 80, 80, 80, 80, 80, 80, 80, 80, 80, 80, 80, 80, 03, 2C]
[01, 7F, 02, 47, 33, 34, 35, 80, 80, 80, 80, 80, 80, 80, 80, 80, 80, 80, 80, 03, 2B]
[01, 7F, 02, 47, 31, 39, 35, 31, 30, 30, 30, 03, 25]
[01, 7F, 02, 47, 31, 38, 82, 35, 20, 31, 31, 32, 31, 30, 20, 20, 31, 20, 03, 25]
[01, 7F, 02, 47, 33, 30, 35, 20, 35, 20, 20, 38, 20, 03, 22]
[01, 7F, 02, 47, 33, 33, 35, 80, 80, 80, 80, 80, 80, 80, 80, 80, 80, 80, 80, 03, 2C]
[01, 7F, 02, 47, 33, 34, 35, 80, 80, 80, 80, 80, 80, 80, 80, 80, 80, 80, 80, 03, 2B]
[01, 7F, 02, 47, 31, 39, 35, 31, 30, 30, 30, 03, 25]
[01, 7F, 02, 47, 31, 38, 82, 35, 20, 31, 31, 32, 31, 30, 20, 20, 31, 20, 03, 25]
[01, 7F, 02, 47, 33, 30, 35, 20, 35, 20, 20, 38, 20, 03, 22]
[01, 7F, 02, 47, 33, 33, 35, 80, 80, 80, 80, 80, 80, 80, 80, 80, 80, 80, 80, 03, 2C]
[01, 7F, 02, 47, 33, 34, 35, 80, 80, 80, 80, 80, 80, 80, 80, 80, 80, 80, 80, 03, 2B]
[01, 7F, 02, 47, 31, 39, 35, 31, 30, 30, 30, 03, 25]
[01, 7F, 02, 47, 32, 30, 31, 31, 34, 35, 03, 3A]
[01, 7F, 02, 47, 31, 38, 82, 35, 20, 31, 31, 32, 31, 30, 20, 20, 31, 20, 03, 25]
[01, 7F, 02, 47, 33, 30, 35, 20, 35, 20, 20, 38, 20, 03, 22]
[01, 7F, 02, 47, 33, 33, 35, 80, 80, 80, 80, 80, 80, 80, 80, 80, 80, 80, 80, 03, 2C]
[01, 7F, 02, 47, 33, 34, 35, 80, 80, 80, 80, 80, 80, 80, 80, 80, 80, 80, 80, 03, 2B]
[01, 7F, 02, 47, 31, 39, 35, 31, 30, 30, 30, 03, 25]
[01, 7F, 02, 47, 31, 38, 82, 35, 20, 31, 31, 32, 31, 30, 20, 20, 31, 20, 03, 25]
[01, 7F, 02, 47, 33, 30, 35, 20, 35, 20, 20, 38, 20, 03, 22]
[01, 7F, 02, 47, 33, 33, 35, 80, 80, 80, 80, 80, 80, 80, 80, 80, 80, 80, 80, 03, 2C]
[01, 7F, 02, 47, 33, 34, 35, 80, 80, 80, 80, 80, 80, 80, 80, 80, 80, 80, 80, 03, 2B]
[01, 7F, 02, 47, 31, 39, 35, 31, 30, 30, 30, 03, 25]
[01, 7F, 02, 47, 31, 38, 82, 35, 20, 31, 31, 32, 31, 30, 20, 20, 31, 20, 03, 25]
[01, 7F, 02, 47, 33, 30, 35, 20, 35, 20, 20, 38, 20, 03, 22]
[01, 7F, 02, 47, 33, 33, 35, 80, 80, 80, 80, 80, 80, 80, 80, 80, 80, 80, 80, 03, 2C]
[01, 7F, 02, 47, 33, 34, 35, 80, 80, 80, 80, 80, 80, 80, 80, 80, 80, 80, 80, 03, 2B]
[01, 7F, 02, 47, 31, 39, 35, 31, 30, 30, 30, 03, 25]
[01, 7F, 02, 47, 31, 38, 82, 35, 20, 31, 31, 32, 31, 30, 20, 20, 31, 20, 03, 25]
[01, 7F, 02, 47, 33, 30, 35, 20, 35, 20, 20, 38, 20, 03, 22]
[01, 7F, 02, 47, 33, 33, 35, 80, 80, 80, 80, 80, 80, 80, 80, 80, 80, 80, 80, 03, 2C]
[01, 7F, 02, 47, 33, 34, 35, 80, 80, 80, 80, 80, 80, 80, 80, 80, 80, 80, 80, 03, 2B]
[01, 7F, 02, 47, 31, 39, 35, 31, 30, 30, 30, 03, 25]
[01, 7F, 02, 47, 31, 38, 82, 35, 20, 31, 31, 32, 31, 30, 20, 20, 31, 20, 03, 25]
[01, 7F, 02, 47, 33, 30, 35, 20, 35, 20, 20, 38, 20, 03, 22]
[01, 7F, 02, 47, 33, 33, 35, 80, 80, 80, 80, 80, 80, 80, 80, 80, 80, 80, 80, 03, 2C]
[01, 7F, 02, 47, 33, 34, 35, 80, 80, 80, 80, 80, 80, 80, 80, 80, 80, 80, 80, 03, 2B]
[01, 7F, 02, 47, 31, 39, 35, 31, 30, 30, 30, 03, 25]
[01, 7F, 02, 47, 31, 38, 82, 35, 20, 31, 31, 32, 31, 30, 20, 20, 31, 20, 03, 25]
[01, 7F, 02, 47, 33, 30, 35, 20, 35, 20, 20, 38, 20, 03, 22]
[01, 7F, 02, 47, 33, 33, 35, 80, 80, 80, 80, 80, 80, 80, 80, 80, 80, 80, 80, 03, 2C]
[01, 7F, 02, 47, 33, 34, 35, 80, 80, 80, 80, 80, 80, 80, 80, 80, 80, 80, 80, 03, 2B]
[01, 7F, 02, 47, 31, 39, 35, 31, 30, 30, 30, 03, 25]
[01, 7F, 02, 47, 39, 39, 53, 50, 4F, 52, 54, 49, 56, 41, 20, 20, 20, 20, 20, 20, 20, 20, 20, 20, 20, 20, 20, 20, 03, 2D]
[01, 7F, 02, 47, 32, 30, 31, 31, 34, 36, 03, 39]
[01, 7F, 02, 47, 31, 38, 82, 35, 20, 31, 31, 32, 31, 30, 20, 20, 31, 20, 03, 25]
[01, 7F, 02, 47, 33, 30, 35, 20, 35, 20, 20, 38, 20, 03, 22]
[01, 7F, 02, 47, 33, 33, 35, 80, 80, 80, 80, 80, 80, 80, 80, 80, 80, 80, 80, 03, 2C]
[01, 7F, 02, 47, 33, 34, 35, 80, 80, 80, 80, 80, 80, 80, 80, 80, 80, 80, 80, 03, 2B]
[01, 7F, 02, 47, 31, 39, 35, 31, 30, 30, 30, 03, 25]
[01, 7F, 02, 47, 31, 38, 82, 35, 20, 31, 31, 32, 31, 30, 20, 20, 31, 20, 03, 25]
[01, 7F, 02, 47, 33, 30, 35, 20, 35, 20, 20, 38, 20, 03, 22]
[01, 7F, 02, 47, 33, 33, 35, 80, 80, 80, 80, 80, 80, 80, 80, 80, 80, 80, 80, 03, 2C]
[01, 7F, 02, 47, 33, 34, 35, 80, 80, 80, 80, 80, 80, 80, 80, 80, 80, 80, 80, 03, 2B]
[01, 7F, 02, 47, 31, 39, 35, 31, 30, 30, 30, 03, 25]
[01, 7F, 02, 47, 31, 38, 82, 35, 20, 31, 31, 32, 31, 30, 20, 20, 31, 20, 03, 25]
[01, 7F, 02, 47, 33, 30, 35, 20, 35, 20, 20, 38, 20, 03, 22]
[01, 7F, 02, 47, 33, 33, 35, 80, 80, 80, 80, 80, 80, 80, 80, 80, 80, 80, 80, 03, 2C]
[01, 7F, 02, 47, 33, 34, 35, 80, 80, 80, 80, 80, 80, 80, 80, 80, 80, 80, 80, 03, 2B]
[01, 7F, 02, 47, 31, 39, 35, 31, 30, 30, 30, 03, 25]
[01, 7F, 02, 47, 31, 38, 82, 35, 20, 31, 31, 32, 31, 30, 20, 20, 31, 20, 03, 25]
[01, 7F, 02, 47, 33, 30, 35, 20, 35, 20, 20, 38, 20, 03, 22]
[01, 7F, 02, 47, 33, 33, 35, 80, 80, 80, 80, 80, 80, 80, 80, 80, 80, 80, 80, 03, 2C]
[01, 7F, 02, 47, 33, 34, 35, 80, 80, 80, 80, 80, 80, 80, 80, 80, 80, 80, 80, 03, 2B]
[01, 7F, 02, 47, 31, 39, 35, 31, 30, 30, 30, 03, 25]
[01, 7F, 02, 47, 31, 38, 82, 35, 20, 31, 31, 32, 31, 30, 20, 20, 31, 20, 03, 25]
[01, 7F, 02, 47, 33, 30, 35, 20, 35, 20, 20, 38, 20, 03, 22]
[01, 7F, 02, 47, 33, 33, 35, 80, 80, 80, 80, 80, 80, 80, 80, 80, 80, 80, 80, 03, 2C]
[01, 7F, 02, 47, 33, 34, 35, 80, 80, 80, 80, 80, 80, 80, 80, 80, 80, 80, 80, 03, 2B]
[01, 7F, 02, 47, 31, 39, 35, 31, 30, 30, 30, 03, 25]
[01, 7F, 02, 47, 31, 38, 82, 35, 20, 31, 31, 32, 31, 30, 20, 20, 31, 20, 03, 25]
[01, 7F, 02, 47, 33, 30, 35, 20, 35, 20, 20, 38, 20, 03, 22]
[01, 7F, 02, 47, 33, 33, 35, 80, 80, 80, 80, 80, 80, 80, 80, 80, 80, 80, 80, 03, 2C]
[01, 7F, 02, 47, 33, 34, 35, 80, 80, 80, 80, 80, 80, 80, 80, 80, 80, 80, 80, 03, 2B]
[01, 7F, 02, 47, 31, 39, 35, 31, 30, 30, 30, 03, 25]
[01, 7F, 02, 47, 32, 30, 31, 31, 34, 37, 03, 38]
[01, 7F, 02, 47, 31, 38, 82, 35, 20, 31, 31, 32, 31, 30, 20, 20, 31, 20, 03, 25]
[01, 7F, 02, 47, 33, 30, 35, 20, 35, 20, 20, 38, 20, 03, 22]
[01, 7F, 02, 47, 33, 33, 35, 80, 80, 80, 80, 80, 80, 80, 80, 80, 80, 80, 80, 03, 2C]
[01, 7F, 02, 47, 33, 34, 35, 80, 80, 80, 80, 80, 80, 80, 80, 80, 80, 80, 80, 03, 2B]
[01, 7F, 02, 47, 31, 39, 35, 31, 30, 30, 30, 03, 25]
[01, 7F, 02, 47, 31, 38, 82, 35, 20, 31, 31, 32, 31, 30, 20, 20, 31, 20, 03, 25]
[01, 7F, 02, 47, 33, 30, 35, 20, 35, 20, 20, 38, 20, 03, 22]
[01, 7F, 02, 47, 33, 33, 35, 80, 80, 80, 80, 80, 80, 80, 80, 80, 80, 80, 80, 03, 2C, 01, 7F, 02, 47, 33, 34, 35, 80, 80, 80, 80, 80, 80, 80, 80, 80, 80, 80, 80, 03, 2B]
[01, 7F, 02, 47, 31, 39, 35, 31, 30, 30, 30, 03, 25]
[01, 7F, 02, 47, 31, 38, 82, 35, 20, 31, 31, 32, 31, 30, 20, 20, 31, 20, 03, 25]
[01, 7F, 02, 47, 33, 30, 35, 20, 35, 20, 20, 38, 20, 03, 22]
[01, 7F, 02, 47, 33, 33, 35, 80, 80, 80, 80, 80, 80, 80, 80, 80, 80, 80, 80, 03, 2C]
[01, 7F, 02, 47, 33, 34, 35, 80, 80, 80, 80, 80, 80, 80, 80, 80, 80, 80, 80, 03, 2B]
[01, 7F, 02, 47, 31, 39, 35, 31, 30, 30, 30, 03, 25]
[01, 7F, 02, 47, 31, 38, 82, 35, 20, 31, 31, 32, 31, 30, 20, 20, 31, 20, 03, 25]
[01, 7F, 02, 47, 33, 30, 35, 20, 35, 20, 20, 38, 20, 03, 22]
[01, 7F, 02, 47, 33, 33, 35, 80, 80, 80, 80, 80, 80, 80, 80, 80, 80, 80, 80, 03, 2C]
[01, 7F, 02, 47, 33, 34, 35, 80, 80, 80, 80, 80, 80, 80, 80, 80, 80, 80, 80, 03, 2B]
[01, 7F, 02, 47, 31, 39, 35, 31, 30, 30, 30, 03, 25]
[01, 7F, 02, 47, 31, 38, 82, 35, 20, 31, 31, 32, 31, 30, 20, 20, 31, 20, 03, 25]
[01, 7F, 02, 47, 33, 30, 35, 20, 35, 20, 20, 38, 20, 03, 22]
[01, 7F, 02, 47, 33, 33, 35, 80, 80, 80, 80, 80, 80, 80, 80, 80, 80, 80, 80, 03, 2C]
[01, 7F, 02, 47, 33, 34, 35, 80, 80, 80, 80, 80, 80, 80, 80, 80, 80, 80, 80, 03, 2B]
[01, 7F, 02, 47, 31, 39, 35, 31, 30, 30, 30, 03, 25]
[01, 7F, 02, 47, 31, 38, 82, 35, 20, 31, 31, 32, 31, 30, 20, 20, 31, 20, 03, 25]
[01, 7F, 02, 47, 33, 30, 35, 20, 35, 20, 20, 38, 20, 03, 22]
[01, 7F, 02, 47, 33, 33, 35, 80, 80, 80, 80, 80, 80, 80, 80, 80, 80, 80, 80, 03, 2C]
[01, 7F, 02, 47, 33, 34, 35, 80, 80, 80, 80, 80, 80, 80, 80, 80, 80, 80, 80, 03, 2B]
[01, 7F, 02, 47, 31, 39, 35, 31, 30, 30, 30, 03, 25]
[01, 7F, 02, 47, 32, 30, 31, 31, 34, 38, 03, 37]
[01, 7F, 02, 47, 31, 38, 82, 35, 20, 31, 31, 32, 31, 30, 20, 20, 31, 20, 03, 25]
[01, 7F, 02, 47, 33, 30, 35, 20, 35, 20, 20, 38, 20, 03, 22]
[01, 7F, 02, 47, 33, 33, 35, 80, 80, 80, 80, 80, 80, 80, 80, 80, 80, 80, 80, 03, 2C]
[01, 7F, 02, 47, 33, 34, 35, 80, 80, 80, 80, 80, 80, 80, 80, 80, 80, 80, 80, 03, 2B]
[01, 7F, 02, 47, 31, 39, 35, 31, 30, 30, 30, 03, 25]
[01, 7F, 02, 47, 31, 38, 82, 35, 20, 31, 31, 32, 31, 30, 20, 20, 31, 20, 03, 25]
[01, 7F, 02, 47, 33, 30, 35, 20, 35, 20, 20, 38, 20, 03, 22]
[01, 7F, 02, 47, 33, 33, 35, 80, 80, 80, 80, 80, 80, 80, 80, 80, 80, 80, 80, 03, 2C]
[01, 7F, 02, 47, 33, 34, 35, 80, 80, 80, 80, 80, 80, 80, 80, 80, 80, 80, 80, 03, 2B]
[01, 7F, 02, 47, 31, 39, 35, 31, 30, 30, 30, 03, 25]
[01, 7F, 02, 47, 31, 38, 82, 35, 20, 31, 31, 32, 31, 30, 20, 20, 31, 20, 03, 25]
[01, 7F, 02, 47, 33, 30, 35, 20, 35, 20, 20, 38, 20, 03, 22]
[01, 7F, 02, 47, 33, 33, 35, 80, 80, 80, 80, 80, 80, 80, 80, 80, 80, 80, 80, 03, 2C]
[01, 7F, 02, 47, 33, 34, 35, 80, 80, 80, 80, 80, 80, 80, 80, 80, 80, 80, 80, 03, 2B]
[01, 7F, 02, 47, 31, 39, 35, 31, 30, 30, 30, 03, 25]
[01, 7F, 02, 47, 31, 38, 82, 35, 20, 31, 31, 32, 31, 30, 20, 20, 31, 20, 03, 25]
[01, 7F, 02, 47, 33, 30, 35, 20, 35, 20, 20, 38, 20, 03, 22]
[01, 7F, 02, 47, 33, 33, 35, 80, 80, 80, 80, 80, 80, 80, 80, 80, 80, 80, 80, 03, 2C]
[01, 7F, 02, 47, 33, 34, 35, 80, 80, 80, 80, 80, 80, 80, 80, 80, 80, 80, 80, 03, 2B]
[01, 7F, 02, 47, 31, 39, 35, 31, 30, 30, 30, 03, 25]
[01, 7F, 02, 47, 31, 38, 82, 35, 20, 31, 31, 32, 31, 30, 20, 20, 31, 20, 03, 25]
[01, 7F, 02, 47, 33, 30, 35, 20, 35, 20, 20, 38, 20, 03, 22]
[01, 7F, 02, 47, 33, 33, 35, 80, 80, 80, 80, 80, 80, 80, 80, 80, 80, 80, 80, 03, 2C]
[01, 7F, 02, 47, 33, 34, 35, 80, 80, 80, 80, 80, 80, 80, 80, 80, 80, 80, 80, 03, 2B]
[01, 7F, 02, 47, 31, 39, 35, 31, 30, 30, 30, 03, 25]
[01, 7F, 02, 47, 31, 38, 82, 35, 20, 31, 31, 32, 31, 30, 20, 20, 31, 20, 03, 25]
[01, 7F, 02, 47, 33, 30, 35, 20, 35, 20, 20, 38, 20, 03, 22]
[01, 7F, 02, 47, 33, 33, 35, 80, 80, 80, 80, 80, 80, 80, 80, 80, 80, 80, 80, 03, 2C]
[01, 7F, 02, 47, 33, 34, 35, 80, 80, 80, 80, 80, 80, 80, 80, 80, 80, 80, 80, 03, 2B]
[01, 7F, 02, 47, 31, 39, 35, 31, 30, 30, 30, 03, 25]
[01, 7F, 02, 47, 32, 30, 31, 31, 34, 39, 03, 36]
[01, 7F, 02, 47, 31, 38, 82, 35, 20, 31, 31, 32, 31, 30, 20, 20, 31, 20, 03, 25]
[01, 7F, 02, 47, 33, 30, 35, 20, 35, 20, 20, 38, 20, 03, 22, 01, 7F, 02, 47, 33, 33, 35, 80, 80, 80, 80, 80, 80, 80, 80, 80, 80, 80, 80, 03, 2C, 01, 7F, 02, 47, 33, 34, 35, 80, 80, 80, 80, 80, 80, 80, 80, 80, 80, 80, 80, 03, 2B, 01, 7F, 02, 47, 31, 39, 35, 31, 30, 30, 30, 03, 25]
[01, 7F, 02, 47, 31, 38, 82, 35, 20, 31, 31, 32, 31, 30, 20, 20, 31, 20, 03, 25]
[01, 7F, 02, 47, 33, 30, 35, 20, 35, 20, 20, 38, 20, 03, 22]
[01, 7F, 02, 47, 33, 33, 35, 80, 80, 80, 80, 80, 80, 80, 80, 80, 80, 80, 80, 03, 2C]
[01, 7F, 02, 47, 33, 34, 35, 80, 80, 80, 80, 80, 80, 80, 80, 80, 80, 80, 80, 03, 2B]
[01, 7F, 02, 47, 31, 39, 35, 31, 30, 30, 30, 03, 25]
[01, 7F, 02, 47, 31, 38, 82, 35, 20, 31, 31, 32, 31, 30, 20, 20, 31, 20, 03, 25]
[01, 7F, 02, 47, 33, 30, 35, 20, 35, 20, 20, 38, 20, 03, 22]
[01, 7F, 02, 47, 33, 33, 35, 80, 80, 80, 80, 80, 80, 80, 80, 80, 80, 80, 80, 03, 2C]
[01, 7F, 02, 47, 33, 34, 35, 80, 80, 80, 80, 80, 80, 80, 80, 80, 80, 80, 80, 03, 2B]
[01, 7F, 02, 47, 31, 39, 35, 31, 30, 30, 30, 03, 25]
[01, 7F, 02, 47, 31, 38, 82, 35, 20, 31, 31, 32, 31, 30, 20, 20, 31, 20, 03, 25]
[01, 7F, 02, 47, 33, 30, 35, 20, 35, 20, 20, 38, 20, 03, 22]
[01, 7F, 02, 47, 33, 33, 35, 80, 80, 80, 80, 80, 80, 80, 80, 80, 80, 80, 80, 03, 2C]
[01, 7F, 02, 47, 33, 34, 35, 80, 80, 80, 80, 80, 80, 80, 80, 80, 80, 80, 80, 03, 2B]
[01, 7F, 02, 47, 31, 39, 35, 31, 30, 30, 30, 03, 25]
[01, 7F, 02, 47, 31, 38, 82, 35, 20, 31, 31, 32, 31, 30, 20, 20, 31, 20, 03, 25]
[01, 7F, 02, 47, 33, 30, 35, 20, 35, 20, 20, 38, 20, 03, 22]
[01, 7F, 02, 47, 33, 33, 35, 80, 80, 80, 80, 80, 80, 80, 80, 80, 80, 80, 80, 03, 2C]
[01, 7F, 02, 47, 33, 34, 35, 80, 80, 80, 80, 80, 80, 80, 80, 80, 80, 80, 80, 03, 2B]
[01, 7F, 02, 47, 31, 39, 35, 31, 30, 30, 30, 03, 25]
[01, 7F, 02, 47, 31, 38, 82, 35, 20, 31, 31, 32, 31, 30, 20, 20, 31, 20, 03, 25]
[01, 7F, 02, 47, 33, 30, 35, 20, 35, 20, 20, 38, 20, 03, 22]
[01, 7F, 02, 47, 33, 33, 35, 80, 80, 80, 80, 80, 80, 80, 80, 80, 80, 80, 80, 03, 2C]
[01, 7F, 02, 47, 33, 34, 35, 80, 80, 80, 80, 80, 80, 80, 80, 80, 80, 80, 80, 03, 2B]
[01, 7F, 02, 47, 31, 39, 35, 31, 30, 30, 30, 03, 25]
[01, 7F, 02, 47, 32, 30, 31, 31, 35, 30, 03, 3E]
[01, 7F, 02, 47, 31, 38, 82, 35, 20, 31, 31, 32, 31, 30, 20, 20, 31, 20, 03, 25]
[01, 7F, 02, 47, 33, 30, 35, 20, 35, 20, 20, 38, 20, 03, 22]
[01, 7F, 02, 47, 33, 33, 35, 80, 80, 80, 80, 80, 80, 80, 80, 80, 80, 80, 80, 03, 2C]
[01, 7F, 02, 47, 33, 34, 35, 80, 80, 80, 80, 80, 80, 80, 80, 80, 80, 80, 80, 03, 2B]
[01, 7F, 02, 47, 31, 39, 35, 31, 30, 30, 30, 03, 25]
[01, 7F, 02, 47, 31, 38, 82, 35, 20, 31, 31, 32, 31, 30, 20, 20, 31, 20, 03, 25]
[01, 7F, 02, 47, 33, 30, 35, 20, 35, 20, 20, 38, 20, 03, 22]
[01, 7F, 02, 47, 33, 33, 35, 80, 80, 80, 80, 80, 80, 80, 80, 80, 80, 80, 80, 03, 2C]
[01, 7F, 02, 47, 33, 34, 35, 80, 80, 80, 80, 80, 80, 80, 80, 80, 80, 80, 80, 03, 2B]
[01, 7F, 02, 47, 31, 39, 35, 31, 30, 30, 30, 03, 25]
[01, 7F, 02, 47, 31, 38, 82, 35, 20, 31, 31, 32, 31, 30, 20, 20, 31, 20, 03, 25]
[01, 7F, 02, 47, 33, 30, 35, 20, 35, 20, 20, 38, 20, 03, 22]
[01, 7F, 02, 47, 33, 33, 35, 80, 80, 80, 80, 80, 80, 80, 80, 80, 80, 80, 80, 03, 2C]
[01, 7F, 02, 47, 33, 34, 35, 80, 80, 80, 80, 80, 80, 80, 80, 80, 80, 80, 80, 03, 2B]
[01, 7F, 02, 47, 31, 39, 35, 31, 30, 30, 30, 03, 25]
[01, 7F, 02, 47, 31, 38, 82, 35, 20, 31, 31, 32, 31, 30, 20, 20, 31, 20, 03, 25]
[01, 7F, 02, 47, 33, 30, 35, 20, 35, 20, 20, 38, 20, 03, 22]
[01, 7F, 02, 47, 33, 33, 35, 80, 80, 80, 80, 80, 80, 80, 80, 80, 80, 80, 80, 03, 2C]
[01, 7F, 02, 47, 33, 34, 35, 80, 80, 80, 80, 80, 80, 80, 80, 80, 80, 80, 80, 03, 2B]
[01, 7F, 02, 47, 31, 39, 35, 31, 30, 30, 30, 03, 25]
[01, 7F, 02, 47, 31, 38, 82, 35, 20, 31, 31, 32, 31, 30, 20, 20, 31, 20, 03, 25]
[01, 7F, 02, 47, 33, 30, 35, 20, 35, 20, 20, 38, 20, 03, 22]
[01, 7F, 02, 47, 33, 33, 35, 80, 80, 80, 80, 80, 80, 80, 80, 80, 80, 80, 80, 03, 2C]
[01, 7F, 02, 47, 33, 34, 35, 80, 80, 80, 80, 80, 80, 80, 80, 80, 80, 80, 80, 03, 2B]
[01, 7F, 02, 47, 31, 39, 35, 31, 30, 30, 30, 03, 25]
[01, 7F, 02, 47, 31, 38, 82, 35, 20, 31, 31, 32, 31, 30, 20, 20, 31, 20, 03, 25]
[01, 7F, 02, 47, 33, 30, 35, 20, 35, 20, 20, 38, 20, 03, 22]
[01, 7F, 02, 47, 33, 33, 35, 80, 80, 80, 80, 80, 80, 80, 80, 80, 80, 80, 80, 03, 2C]
[01, 7F, 02, 47, 33, 34, 35, 80, 80, 80, 80, 80, 80, 80, 80, 80, 80, 80, 80, 03, 2B]
[01, 7F, 02, 47, 31, 39, 35, 31, 30, 30, 30, 03, 25]
[01, 7F, 02, 47, 32, 30, 31, 31, 35, 31, 03, 3F]
[01, 7F, 02, 47, 31, 38, 82, 35, 20, 31, 31, 32, 31, 30, 20, 20, 31, 20, 03, 25]
[01, 7F, 02, 47, 33, 30, 35, 20, 35, 20, 20, 38, 20, 03, 22]
[01, 7F, 02, 47, 33, 33, 35, 80, 80, 80, 80, 80, 80, 80, 80, 80, 80, 80, 80, 03, 2C]
[01, 7F, 02, 47, 33, 34, 35, 80, 80, 80, 80, 80, 80, 80, 80, 80, 80, 80, 80, 03, 2B]
[01, 7F, 02, 47, 31, 39, 35, 31, 30, 30, 30, 03, 25]
[01, 7F, 02, 47, 31, 38, 82, 35, 20, 31, 31, 32, 31, 30, 20, 20, 31, 20, 03, 25]
[01, 7F, 02, 47, 33, 30, 35, 20, 35, 20, 20, 38, 20, 03, 22]
[01, 7F, 02, 47, 33, 33, 35, 80, 80, 80, 80, 80, 80, 80, 80, 80, 80, 80, 80, 03, 2C]
[01, 7F, 02, 47, 33, 34, 35, 80, 80, 80, 80, 80, 80, 80, 80, 80, 80, 80, 80, 03, 2B]
[01, 7F, 02, 47, 31, 39, 35, 31, 30, 30, 30, 03, 25]
[01, 7F, 02, 47, 31, 38, 82, 35, 20, 31, 31, 32, 31, 30, 20, 20, 31, 20, 03, 25]
[01, 7F, 02, 47, 33, 30, 35, 20, 35, 20, 20, 38, 20, 03, 22]
[01, 7F, 02, 47, 33, 33, 35, 80, 80, 80, 80, 80, 80, 80, 80, 80, 80, 80, 80, 03, 2C]
[01, 7F, 02, 47, 33, 34, 35, 80, 80, 80, 80, 80, 80, 80, 80, 80, 80, 80, 80, 03, 2B]
[01, 7F, 02, 47, 31, 39, 35, 31, 30, 30, 30, 03, 25]
[01, 7F, 02, 47, 31, 38, 82, 35, 20, 31, 31, 32, 31, 30, 20, 20, 31, 20, 03, 25]
[01, 7F, 02, 47, 33, 30, 35, 20, 35, 20, 20, 38, 20, 03, 22]
[01, 7F, 02, 47, 33, 33, 35, 80, 80, 80, 80, 80, 80, 80, 80, 80, 80, 80, 80, 03, 2C]
[01, 7F, 02, 47, 33, 34, 35, 80, 80, 80, 80, 80, 80, 80, 80, 80, 80, 80, 80, 03, 2B]
[01, 7F, 02, 47, 31, 39, 35, 31, 30, 30, 30, 03, 25]
[01, 7F, 02, 47, 31, 38, 82, 35, 20, 31, 31, 32, 31, 30, 20, 20, 31, 20, 03, 25]
[01, 7F, 02, 47, 33, 30, 35, 20, 35, 20, 20, 38, 20, 03, 22]
[01, 7F, 02, 47, 33, 33, 35, 80, 80, 80, 80, 80, 80, 80, 80, 80, 80, 80, 80, 03, 2C]
[01, 7F, 02, 47, 33, 34, 35, 80, 80, 80, 80, 80, 80, 80, 80, 80, 80, 80, 80, 03, 2B]
[01, 7F, 02, 47, 31, 39, 35, 31, 30, 30, 30, 03, 25]
[01, 7F, 02, 47, 31, 38, 82, 35, 20, 31, 31, 32, 31, 30, 20, 20, 31, 20, 03, 25]
[01, 7F, 02, 47, 33, 30, 35, 20, 35, 20, 20, 38, 20, 03, 22]
[01, 7F, 02, 47, 33, 33, 35, 80, 80, 80, 80, 80, 80, 80, 80, 80, 80, 80, 80, 03, 2C]
[01, 7F, 02, 47, 33, 34, 35, 80, 80, 80, 80, 80, 80, 80, 80, 80, 80, 80, 80, 03, 2B]
[01, 7F, 02, 47, 31, 39, 35, 31, 30, 30, 30, 03, 25]
[01, 7F, 02, 47, 32, 30, 31, 31, 35, 32, 03, 3C]
[01, 7F, 02, 47, 31, 38, 82, 35, 20, 31, 31, 32, 31, 30, 20, 20, 31, 20, 03, 25]
[01, 7F, 02, 47, 33, 30, 35, 20, 35, 20, 20, 38, 20, 03, 22]
[01, 7F, 02, 47, 33, 33, 35, 80, 80, 80, 80, 80, 80, 80, 80, 80, 80, 80, 80, 03, 2C]
[01, 7F, 02, 47, 33, 34, 35, 80, 80, 80, 80, 80, 80, 80, 80, 80, 80, 80, 80, 03, 2B]
[01, 7F, 02, 47, 31, 39, 35, 31, 30, 30, 30, 03, 25]
[01, 7F, 02, 47, 31, 38, 82, 35, 20, 31, 31, 32, 31, 30, 20, 20, 31, 20, 03, 25]
[01, 7F, 02, 47, 33, 30, 35, 20, 35, 20, 20, 38, 20, 03, 22]
[01, 7F, 02, 47, 33, 33, 35, 80, 80, 80, 80, 80, 80, 80, 80, 80, 80, 80, 80, 03, 2C]
[01, 7F, 02, 47, 33, 34, 35, 80, 80, 80, 80, 80, 80, 80, 80, 80, 80, 80, 80, 03, 2B]
[01, 7F, 02, 47, 31, 39, 35, 31, 30, 30, 30, 03, 25]
[01, 7F, 02, 47, 31, 38, 82, 35, 20, 31, 31, 32, 31, 30, 20, 20, 31, 20, 03, 25]
[01, 7F, 02, 47, 33, 30, 35, 20, 35, 20, 20, 38, 20, 03, 22]
[01, 7F, 02, 47, 33, 33, 35, 80, 80, 80, 80, 80, 80, 80, 80, 80, 80, 80, 80, 03, 2C]
[01, 7F, 02, 47, 33, 34, 35, 80, 80, 80, 80, 80, 80, 80, 80, 80, 80, 80, 80, 03, 2B]
[01, 7F, 02, 47, 31, 39, 35, 31, 30, 30, 30, 03, 25]
[01, 7F, 02, 47, 31, 38, 82, 35, 20, 31, 31, 32, 31, 30, 20, 20, 31, 20, 03, 25]
[01, 7F, 02, 47, 33, 30, 35, 20, 35, 20, 20, 38, 20, 03, 22]
[01, 7F, 02, 47, 33, 33, 35, 80, 80, 80, 80, 80, 80, 80, 80, 80, 80, 80, 80, 03, 2C]
[01, 7F, 02, 47, 33, 34, 35, 80, 80, 80, 80, 80, 80, 80, 80, 80, 80, 80, 80, 03, 2B]
[01, 7F, 02, 47, 31, 39, 35, 31, 30, 30, 30, 03, 25]
[01, 7F, 02, 47, 31, 38, 82, 35, 20, 31, 31, 32, 31, 30, 20, 20, 31, 20, 03, 25]
[01, 7F, 02, 47, 33, 30, 35, 20, 35, 20, 20, 38, 20, 03, 22]
[01, 7F, 02, 47, 33, 33, 35, 80, 80, 80, 80, 80, 80, 80, 80, 80, 80, 80, 80, 03, 2C]
[01, 7F, 02, 47, 33, 34, 35, 80, 80, 80, 80, 80, 80, 80, 80, 80, 80, 80, 80, 03, 2B]
[01, 7F, 02, 47, 31, 39, 35, 31, 30, 30, 30, 03, 25]
[01, 7F, 02, 47, 31, 38, 82, 35, 20, 31, 31, 32, 31, 30, 20, 20, 31, 20, 03, 25]
[01, 7F, 02, 47, 33, 30, 35, 20, 35, 20, 20, 38, 20, 03, 22]
[01, 7F, 02, 47, 33, 33, 35, 80, 80, 80, 80, 80, 80, 80, 80, 80, 80, 80, 80, 03, 2C]
[01, 7F, 02, 47, 33, 34, 35, 80, 80, 80, 80, 80, 80, 80, 80, 80, 80, 80, 80, 03, 2B]
[01, 7F, 02, 47, 31, 39, 35, 31, 30, 30, 30, 03, 25]
[01, 7F, 02, 47, 32, 30, 31, 31, 35, 33, 03, 3D]
[01, 7F, 02, 47, 31, 38, 82, 35, 20, 31, 31, 32, 31, 30, 20, 20, 31, 20, 03, 25]
[01, 7F, 02, 47, 33, 30, 35, 20, 35, 20, 20, 38, 20, 03, 22]
[01, 7F, 02, 47, 33, 33, 35, 80, 80, 80, 80, 80, 80, 80, 80, 80, 80, 80, 80, 03, 2C]
[01, 7F, 02, 47, 33, 34, 35, 80, 80, 80, 80, 80, 80, 80, 80, 80, 80, 80, 80, 03, 2B]
[01, 7F, 02, 47, 31, 39, 35, 31, 30, 30, 30, 03, 25]
[01, 7F, 02, 47, 31, 38, 82, 35, 20, 31, 31, 32, 31, 30, 20, 20, 31, 20, 03, 25]
[01, 7F, 02, 47, 33, 30, 35, 20, 35, 20, 20, 38, 20, 03, 22]
[01, 7F, 02, 47, 33, 33, 35, 80, 80, 80, 80, 80, 80, 80, 80, 80, 80, 80, 80, 03, 2C]
[01, 7F, 02, 47, 33, 34, 35, 80, 80, 80, 80, 80, 80, 80, 80, 80, 80, 80, 80, 03, 2B]
[01, 7F, 02, 47, 31, 39, 35, 31, 30, 30, 30, 03, 25]
[01, 7F, 02, 47, 31, 38, 82, 35, 20, 31, 31, 32, 31, 30, 20, 20, 31, 20, 03, 25]
[01, 7F, 02, 47, 33, 30, 35, 20, 35, 20, 20, 38, 20, 03, 22]
[01, 7F, 02, 47, 33, 33, 35, 80, 80, 80, 80, 80, 80, 80, 80, 80, 80, 80, 80, 03, 2C]
[01, 7F, 02, 47, 33, 34, 35, 80, 80, 80, 80, 80, 80, 80, 80, 80, 80, 80, 80, 03, 2B]
[01, 7F, 02, 47, 31, 39, 35, 31, 30, 30, 30, 03, 25]
[01, 7F, 02, 47, 31, 38, 82, 35, 20, 31, 31, 32, 31, 30, 20, 20, 31, 20, 03, 25]
[01, 7F, 02, 47, 33, 30, 35, 20, 35, 20, 20, 38, 20, 03, 22]
[01, 7F, 02, 47, 33, 33, 35, 80, 80, 80, 80, 80, 80, 80, 80, 80, 80, 80, 80, 03, 2C]
[01, 7F, 02, 47, 33, 34, 35, 80, 80, 80, 80, 80, 80, 80, 80, 80, 80, 80, 80, 03, 2B]
[01, 7F, 02, 47, 31, 39, 35, 31, 30, 30, 30, 03, 25]
[01, 7F, 02, 47, 31, 38, 82, 35, 20, 31, 31, 32, 31, 30, 20, 20, 31, 20, 03, 25]
[01, 7F, 02, 47, 33, 30, 35, 20, 35, 20, 20, 38, 20, 03, 22]
[01, 7F, 02, 47, 33, 33, 35, 80, 80, 80, 80, 80, 80, 80, 80, 80, 80, 80, 80, 03, 2C]
[01, 7F, 02, 47, 33, 34, 35, 80, 80, 80, 80, 80, 80, 80, 80, 80, 80, 80, 80, 03, 2B]
[01, 7F, 02, 47, 31, 39, 35, 31, 30, 30, 30, 03, 25]
[01, 7F, 02, 47, 31, 38, 82, 35, 20, 31, 31, 32, 31, 30, 20, 20, 31, 20, 03, 25]
[01, 7F, 02, 47, 33, 30, 35, 20, 35, 20, 20, 38, 20, 03, 22]
[01, 7F, 02, 47, 33, 33, 35, 80, 80, 80, 80, 80, 80, 80, 80, 80, 80, 80, 80, 03, 2C]
[01, 7F, 02, 47, 33, 34, 35, 80, 80, 80, 80, 80, 80, 80, 80, 80, 80, 80, 80, 03, 2B]
[01, 7F, 02, 47, 31, 39, 35, 31, 30, 30, 30, 03, 25]
[01, 7F, 02, 47, 32, 30, 31, 31, 35, 34, 03, 3A]
[01, 7F, 02, 47, 31, 38, 82, 35, 20, 31, 31, 32, 31, 30, 20, 20, 31, 20, 03, 25]
[01, 7F, 02, 47, 33, 30, 35, 20, 35, 20, 20, 38, 20, 03, 22]
[01, 7F, 02, 47, 33, 33, 35, 80, 80, 80, 80, 80, 80, 80, 80, 80, 80, 80, 80, 03, 2C]
[01, 7F, 02, 47, 33, 34, 35, 80, 80, 80, 80, 80, 80, 80, 80, 80, 80, 80, 80, 03, 2B]
[01, 7F, 02, 47, 31, 39, 35, 31, 30, 30, 30, 03, 25]
[01, 7F, 02, 47, 31, 38, 82, 35, 20, 31, 31, 32, 31, 30, 20, 20, 31, 20, 03, 25]
[01, 7F, 02, 47, 33, 30, 35, 20, 35, 20, 20, 38, 20, 03, 22]
[01, 7F, 02, 47, 33, 33, 35, 80, 80, 80, 80, 80, 80, 80, 80, 80, 80, 80, 80, 03, 2C]
[01, 7F, 02, 47, 33, 34, 35, 80, 80, 80, 80, 80, 80, 80, 80, 80, 80, 80, 80, 03, 2B]
[01, 7F, 02, 47, 31, 39, 35, 31, 30, 30, 30, 03, 25]
[01, 7F, 02, 47, 31, 38, 82, 35, 20, 31, 31, 32, 31, 30, 20, 20, 31, 20, 03, 25]
[01, 7F, 02, 47, 33, 30, 35, 20, 35, 20, 20, 38, 20, 03, 22]
[01, 7F, 02, 47, 33, 33, 35, 80, 80, 80, 80, 80, 80, 80, 80, 80, 80, 80, 80, 03, 2C]
[01, 7F, 02, 47, 33, 34, 35, 80, 80, 80, 80, 80, 80, 80, 80, 80, 80, 80, 80, 03, 2B]
[01, 7F, 02, 47, 31, 39, 35, 31, 30, 30, 30, 03, 25]
[01, 7F, 02, 47, 31, 38, 82, 35, 20, 31, 31, 32, 31, 30, 20, 20, 31, 20, 03, 25]
[01, 7F, 02, 47, 33, 30, 35, 20, 35, 20, 20, 38, 20, 03, 22]
[01, 7F, 02, 47, 33, 33, 35, 80, 80, 80, 80, 80, 80, 80, 80, 80, 80, 80, 80, 03, 2C]
[01, 7F, 02, 47, 33, 34, 35, 80, 80, 80, 80, 80, 80, 80, 80, 80, 80, 80, 80, 03, 2B]
[01, 7F, 02, 47, 31, 39, 35, 31, 30, 30, 30, 03, 25]
[01, 7F, 02, 47, 31, 38, 82, 35, 20, 31, 31, 32, 31, 30, 20, 20, 31, 20, 03, 25]
[01, 7F, 02, 47, 33, 30, 35, 20, 35, 20, 20, 38, 20, 03, 22]
[01, 7F, 02, 47, 33, 33, 35, 80, 80, 80, 80, 80, 80, 80, 80, 80, 80, 80, 80, 03, 2C]
[01, 7F, 02, 47, 33, 34, 35, 80, 80, 80, 80, 80, 80, 80, 80, 80, 80, 80, 80, 03, 2B]
[01, 7F, 02, 47, 31, 39, 35, 31, 30, 30, 30, 03, 25]
[01, 7F, 02, 47, 31, 38, 82, 35, 20, 31, 31, 32, 31, 30, 20, 20, 31, 20, 03, 25]
[01, 7F, 02, 47, 33, 30, 35, 20, 35, 20, 20, 38, 20, 03, 22]
[01, 7F, 02, 47, 33, 33, 35, 80, 80, 80, 80, 80, 80, 80, 80, 80, 80, 80, 80, 03, 2C]
[01, 7F, 02, 47, 33, 34, 35, 80, 80, 80, 80, 80, 80, 80, 80, 80, 80, 80, 80, 03, 2B]
[01, 7F, 02, 47, 31, 39, 35, 31, 30, 30, 30, 03, 25]
[01, 7F, 02, 47, 32, 30, 31, 31, 35, 35, 03, 3B]
[01, 7F, 02, 47, 31, 38, 82, 35, 20, 31, 31, 32, 31, 30, 20, 20, 31, 20, 03, 25]
[01, 7F, 02, 47, 33, 30, 35, 20, 35, 20, 20, 38, 20, 03, 22]
[01, 7F, 02, 47, 33, 33, 35, 80, 80, 80, 80, 80, 80, 80, 80, 80, 80, 80, 80, 03, 2C]
[01, 7F, 02, 47, 33, 34, 35, 80, 80, 80, 80, 80, 80, 80, 80, 80, 80, 80, 80, 03, 2B]
[01, 7F, 02, 47, 31, 39, 35, 31, 30, 30, 30, 03, 25]
[01, 7F, 02, 47, 31, 38, 82, 35, 20, 31, 31, 32, 31, 30, 20, 20, 31, 20, 03, 25]
[01, 7F, 02, 47, 33, 30, 35, 20, 35, 20, 20, 38, 20, 03, 22]
[01, 7F, 02, 47, 33, 33, 35, 80, 80, 80, 80, 80, 80, 80, 80, 80, 80, 80, 80, 03, 2C]
[01, 7F, 02, 47, 33, 34, 35, 80, 80, 80, 80, 80, 80, 80, 80, 80, 80, 80, 80, 03, 2B]
[01, 7F, 02, 47, 31, 39, 35, 31, 30, 30, 30, 03, 25]
[01, 7F, 02, 47, 31, 38, 82, 35, 20, 31, 31, 32, 31, 30, 20, 20, 31, 20, 03, 25]
[01, 7F, 02, 47, 33, 30, 35, 20, 35, 20, 20, 38, 20, 03, 22]
[01, 7F, 02, 47, 33, 33, 35, 80, 80, 80, 80, 80, 80, 80, 80, 80, 80, 80, 80, 03, 2C]
[01, 7F, 02, 47, 33, 34, 35, 80, 80, 80, 80, 80, 80, 80, 80, 80, 80, 80, 80, 03, 2B]
[01, 7F, 02, 47, 31, 39, 35, 31, 30, 30, 30, 03, 25]
[01, 7F, 02, 47, 31, 38, 82, 35, 20, 31, 31, 32, 31, 30, 20, 20, 31, 20, 03, 25]
[01, 7F, 02, 47, 33, 30, 35, 20, 35, 20, 20, 38, 20, 03, 22]
[01, 7F, 02, 47, 33, 33, 35, 80, 80, 80, 80, 80, 80, 80, 80, 80, 80, 80, 80, 03, 2C]
[01, 7F, 02, 47, 33, 34, 35, 80, 80, 80, 80, 80, 80, 80, 80, 80, 80, 80, 80, 03, 2B]
[01, 7F, 02, 47, 31, 39, 35, 31, 30, 30, 30, 03, 25]
[01, 7F, 02, 47, 31, 38, 82, 35, 20, 31, 31, 32, 31, 30, 20, 20, 31, 20, 03, 25]
[01, 7F, 02, 47, 33, 30, 35, 20, 35, 20, 20, 38, 20, 03, 22]
[01, 7F, 02, 47, 33, 33, 35, 80, 80, 80, 80, 80, 80, 80, 80, 80, 80, 80, 80, 03, 2C]
[01, 7F, 02, 47, 33, 34, 35, 80, 80, 80, 80, 80, 80, 80, 80, 80, 80, 80, 80, 03, 2B]
[01, 7F, 02, 47, 31, 39, 35, 31, 30, 30, 30, 03, 25]
[01, 7F, 02, 47, 31, 38, 82, 35, 20, 31, 31, 32, 31, 30, 20, 20, 31, 20, 03, 25]
[01, 7F, 02, 47, 33, 30, 35, 20, 35, 20, 20, 38, 20, 03, 22]
[01, 7F, 02, 47, 33, 33, 35, 80, 80, 80, 80, 80, 80, 80, 80, 80, 80, 80, 80, 03, 2C]
[01, 7F, 02, 47, 33, 34, 35, 80, 80, 80, 80, 80, 80, 80, 80, 80, 80, 80, 80, 03, 2B]
[01, 7F, 02, 47, 31, 39, 35, 31, 30, 30, 30, 03, 25]
[01, 7F, 02, 47, 32, 30, 31, 31, 35, 36, 03, 38]
[01, 7F, 02, 47, 31, 38, 82, 35, 20, 31, 31, 32, 31, 30, 20, 20, 31, 20, 03, 25]
[01, 7F, 02, 47, 33, 30, 35, 20, 35, 20, 20, 38, 20, 03, 22]
[01, 7F, 02, 47, 33, 33, 35, 80, 80, 80, 80, 80, 80, 80, 80, 80, 80, 80, 80, 03, 2C]
[01, 7F, 02, 47, 33, 34, 35, 80, 80, 80, 80, 80, 80, 80, 80, 80, 80, 80, 80, 03, 2B]
[01, 7F, 02, 47, 31, 39, 35, 31, 30, 30, 30, 03, 25]
[01, 7F, 02, 47, 31, 38, 82, 35, 20, 31, 31, 32, 31, 30, 20, 20, 31, 20, 03, 25]
[01, 7F, 02, 47, 33, 30, 35, 20, 35, 20, 20, 38, 20, 03, 22]
[01, 7F, 02, 47, 33, 33, 35, 80, 80, 80, 80, 80, 80, 80, 80, 80, 80, 80, 80, 03, 2C]
[01, 7F, 02, 47, 33, 34, 35, 80, 80, 80, 80, 80, 80, 80, 80, 80, 80, 80, 80, 03, 2B]
[01, 7F, 02, 47, 31, 39, 35, 31, 30, 30, 30, 03, 25]
[01, 7F, 02, 47, 31, 38, 82, 35, 20, 31, 31, 32, 31, 30, 20, 20, 31, 20, 03, 25]
[01, 7F, 02, 47, 33, 30, 35, 20, 35, 20, 20, 38, 20, 03, 22]
[01, 7F, 02, 47, 33, 33, 35, 80, 80, 80, 80, 80, 80, 80, 80, 80, 80, 80, 80, 03, 2C]
[01, 7F, 02, 47, 33, 34, 35, 80, 80, 80, 80, 80, 80, 80, 80, 80, 80, 80, 80, 03, 2B]
[01, 7F, 02, 47, 31, 39, 35, 31, 30, 30, 30, 03, 25]
[01, 7F, 02, 47, 31, 38, 82, 35, 20, 31, 31, 32, 31, 30, 20, 20, 31, 20, 03, 25]
[01, 7F, 02, 47, 33, 30, 35, 20, 35, 20, 20, 38, 20, 03, 22]
[01, 7F, 02, 47, 33, 33, 35, 80, 80, 80, 80, 80, 80, 80, 80, 80, 80, 80, 80, 03, 2C]
[01, 7F, 02, 47, 33, 34, 35, 80, 80, 80, 80, 80, 80, 80, 80, 80, 80, 80, 80, 03, 2B]
[01, 7F, 02, 47, 31, 39, 35, 31, 30, 30, 30, 03, 25]
[01, 7F, 02, 47, 31, 38, 82, 35, 20, 31, 31, 32, 31, 30, 20, 20, 31, 20, 03, 25]
[01, 7F, 02, 47, 33, 30, 35, 20, 35, 20, 20, 38, 20, 03, 22]
[01, 7F, 02, 47, 33, 33, 35, 80, 80, 80, 80, 80, 80, 80, 80, 80, 80, 80, 80, 03, 2C]
[01, 7F, 02, 47, 33, 34, 35, 80, 80, 80, 80, 80, 80, 80, 80, 80, 80, 80, 80, 03, 2B]
[01, 7F, 02, 47, 31, 39, 35, 31, 30, 30, 30, 03, 25]
[01, 7F, 02, 47, 31, 38, 82, 35, 20, 31, 31, 32, 31, 30, 20, 20, 31, 20, 03, 25]
[01, 7F, 02, 47, 33, 30, 35, 20, 35, 20, 20, 38, 20, 03, 22]
[01, 7F, 02, 47, 33, 33, 35, 80, 80, 80, 80, 80, 80, 80, 80, 80, 80, 80, 80, 03, 2C]
[01, 7F, 02, 47, 33, 34, 35, 80, 80, 80, 80, 80, 80, 80, 80, 80, 80, 80, 80, 03, 2B]
[01, 7F, 02, 47, 31, 39, 35, 31, 30, 30, 30, 03, 25]
[01, 7F, 02, 47, 32, 30, 31, 31, 35, 37, 03, 39]
[01, 7F, 02, 47, 31, 38, 82, 35, 20, 31, 31, 32, 31, 30, 20, 20, 31, 20, 03, 25]
[01, 7F, 02, 47, 33, 30, 35, 20, 35, 20, 20, 38, 20, 03, 22]
[01, 7F, 02, 47, 33, 33, 35, 80, 80, 80, 80, 80, 80, 80, 80, 80, 80, 80, 80, 03, 2C]
[01, 7F, 02, 47, 33, 34, 35, 80, 80, 80, 80, 80, 80, 80, 80, 80, 80, 80, 80, 03, 2B]
[01, 7F, 02, 47, 31, 39, 35, 31, 30, 30, 30, 03, 25]
[01, 7F, 02, 47, 31, 38, 82, 35, 20, 31, 31, 32, 31, 30, 20, 20, 31, 20, 03, 25]
[01, 7F, 02, 47, 33, 30, 35, 20, 35, 20, 20, 38, 20, 03, 22]
[01, 7F, 02, 47, 33, 33, 35, 80, 80, 80, 80, 80, 80, 80, 80, 80, 80, 80, 80, 03, 2C]
[01, 7F, 02, 47, 33, 34, 35, 80, 80, 80, 80, 80, 80, 80, 80, 80, 80, 80, 80, 03, 2B]
[01, 7F, 02, 47, 31, 39, 35, 31, 30, 30, 30, 03, 25]
[01, 7F, 02, 47, 31, 38, 82, 35, 20, 31, 31, 32, 31, 30, 20, 20, 31, 20, 03, 25]
[01, 7F, 02, 47, 33, 30, 35, 20, 35, 20, 20, 38, 20, 03, 22]
[01, 7F, 02, 47, 33, 33, 35, 80, 80, 80, 80, 80, 80, 80, 80, 80, 80, 80, 80, 03, 2C]
[01, 7F, 02, 47, 33, 34, 35, 80, 80, 80, 80, 80, 80, 80, 80, 80, 80, 80, 80, 03, 2B]
[01, 7F, 02, 47, 31, 39, 35, 31, 30, 30, 30, 03, 25]
[01, 7F, 02, 47, 31, 38, 82, 35, 20, 31, 31, 32, 31, 30, 20, 20, 31, 20, 03, 25]
[01, 7F, 02, 47, 33, 30, 35, 20, 35, 20, 20, 38, 20, 03, 22]
[01, 7F, 02, 47, 33, 33, 35, 80, 80, 80, 80, 80, 80, 80, 80, 80, 80, 80, 80, 03, 2C]
[01, 7F, 02, 47, 33, 34, 35, 80, 80, 80, 80, 80, 80, 80, 80, 80, 80, 80, 80, 03, 2B]
[01, 7F, 02, 47, 31, 39, 35, 31, 30, 30, 30, 03, 25]
[01, 7F, 02, 47, 31, 38, 82, 35, 20, 31, 31, 32, 31, 30, 20, 20, 31, 20, 03, 25]
[01, 7F, 02, 47, 33, 30, 35, 20, 35, 20, 20, 38, 20, 03, 22]
[01, 7F, 02, 47, 33, 33, 35, 80, 80, 80, 80, 80, 80, 80, 80, 80, 80, 80, 80, 03, 2C]
[01, 7F, 02, 47, 33, 34, 35, 80, 80, 80, 80, 80, 80, 80, 80, 80, 80, 80, 80, 03, 2B]
[01, 7F, 02, 47, 31, 39, 35, 31, 30, 30, 30, 03, 25]
[01, 7F, 02, 47, 31, 38, 82, 35, 20, 31, 31, 32, 31, 30, 20, 20, 31, 20, 03, 25]
[01, 7F, 02, 47, 33, 30, 35, 20, 35, 20, 20, 38, 20, 03, 22]
[01, 7F, 02, 47, 33, 33, 35, 80, 80, 80, 80, 80, 80, 80, 80, 80, 80, 80, 80, 03, 2C]
[01, 7F, 02, 47, 33, 34, 35, 80, 80, 80, 80, 80, 80, 80, 80, 80, 80, 80, 80, 03, 2B]
[01, 7F, 02, 47, 31, 39, 35, 31, 30, 30, 30, 03, 25]
[01, 7F, 02, 47, 32, 30, 31, 31, 35, 38, 03, 36]
[01, 7F, 02, 47, 31, 38, 82, 35, 20, 31, 31, 32, 31, 30, 20, 20, 31, 20, 03, 25]
[01, 7F, 02, 47, 33, 30, 35, 20, 35, 20, 20, 38, 20, 03, 22]
[01, 7F, 02, 47, 33, 33, 35, 80, 80, 80, 80, 80, 80, 80, 80, 80, 80, 80, 80, 03, 2C]
[01, 7F, 02, 47, 33, 34, 35, 80, 80, 80, 80, 80, 80, 80, 80, 80, 80, 80, 80, 03, 2B]
[01, 7F, 02, 47, 31, 39, 35, 31, 30, 30, 30, 03, 25]
[01, 7F, 02, 47, 31, 38, 82, 35, 20, 31, 31, 32, 31, 30, 20, 20, 31, 20, 03, 25]
[01, 7F, 02, 47, 33, 30, 35, 20, 35, 20, 20, 38, 20, 03, 22]
[01, 7F, 02, 47, 33, 33, 35, 80, 80, 80, 80, 80, 80, 80, 80, 80, 80, 80, 80, 03, 2C]
[01, 7F, 02, 47, 33, 34, 35, 80, 80, 80, 80, 80, 80, 80, 80, 80, 80, 80, 80, 03, 2B]
[01, 7F, 02, 47, 31, 39, 35, 31, 30, 30, 30, 03, 25]
[01, 7F, 02, 47, 31, 38, 82, 35, 20, 31, 31, 32, 31, 30, 20, 20, 31, 20, 03, 25]
[01, 7F, 02, 47, 33, 30, 35, 20, 35, 20, 20, 38, 20, 03, 22]
[01, 7F, 02, 47, 33, 33, 35, 80, 80, 80, 80, 80, 80, 80, 80, 80, 80, 80, 80, 03, 2C]
[01, 7F, 02, 47, 33, 34, 35, 80, 80, 80, 80, 80, 80, 80, 80, 80, 80, 80, 80, 03, 2B]
[01, 7F, 02, 47, 31, 39, 35, 31, 30, 30, 30, 03, 25]
[01, 7F, 02, 47, 31, 38, 82, 35, 20, 31, 31, 32, 31, 30, 20, 20, 31, 20, 03, 25]
[01, 7F, 02, 47, 33, 30, 35, 20, 35, 20, 20, 38, 20, 03, 22]
[01, 7F, 02, 47, 33, 33, 35, 80, 80, 80, 80, 80, 80, 80, 80, 80, 80, 80, 80, 03, 2C]
[01, 7F, 02, 47, 33, 34, 35, 80, 80, 80, 80, 80, 80, 80, 80, 80, 80, 80, 80, 03, 2B]
[01, 7F, 02, 47, 31, 39, 35, 31, 30, 30, 30, 03, 25]
[01, 7F, 02, 47, 31, 38, 82, 35, 20, 31, 31, 32, 31, 30, 20, 20, 31, 20, 03, 25]
[01, 7F, 02, 47, 33, 30, 35, 20, 35, 20, 20, 38, 20, 03, 22]
[01, 7F, 02, 47, 33, 33, 35, 80, 80, 80, 80, 80, 80, 80, 80, 80, 80, 80, 80, 03, 2C]
[01, 7F, 02, 47, 33, 34, 35, 80, 80, 80, 80, 80, 80, 80, 80, 80, 80, 80, 80, 03, 2B]
[01, 7F, 02, 47, 31, 39, 35, 31, 30, 30, 30, 03, 25]
[01, 7F, 02, 47, 31, 38, 82, 35, 20, 31, 31, 32, 31, 30, 20, 20, 31, 20, 03, 25]
[01, 7F, 02, 47, 33, 30, 35, 20, 35, 20, 20, 38, 20, 03, 22]
[01, 7F, 02, 47, 33, 33, 35, 80, 80, 80, 80, 80, 80, 80, 80, 80, 80, 80, 80, 03, 2C]
[01, 7F, 02, 47, 33, 34, 35, 80, 80, 80, 80, 80, 80, 80, 80, 80, 80, 80, 80, 03, 2B]
[01, 7F, 02, 47, 31, 39, 35, 31, 30, 30, 30, 03, 25]
[01, 7F, 02, 47, 32, 30, 31, 31, 35, 39, 03, 37]
[01, 7F, 02, 47, 31, 38, 82, 35, 20, 31, 31, 32, 31, 30, 20, 20, 31, 20, 03, 25]
[01, 7F, 02, 47, 33, 30, 35, 20, 35, 20, 20, 38, 20, 03, 22]
[01, 7F, 02, 47, 33, 33, 35, 80, 80, 80, 80, 80, 80, 80, 80, 80, 80, 80, 80, 03, 2C]
[01, 7F, 02, 47, 33, 34, 35, 80, 80, 80, 80, 80, 80, 80, 80, 80, 80, 80, 80, 03, 2B]
[01, 7F, 02, 47, 31, 39, 35, 31, 30, 30, 30, 03, 25]
[01, 7F, 02, 47, 31, 38, 82, 35, 20, 31, 31, 32, 31, 30, 20, 20, 31, 20, 03, 25]
[01, 7F, 02, 47, 33, 30, 35, 20, 35, 20, 20, 38, 20, 03, 22]
[01, 7F, 02, 47, 33, 33, 35, 80, 80, 80, 80, 80, 80, 80, 80, 80, 80, 80, 80, 03, 2C]
[01, 7F, 02, 47, 33, 34, 35, 80, 80, 80, 80, 80, 80, 80, 80, 80, 80, 80, 80, 03, 2B]
[01, 7F, 02, 47, 31, 39, 35, 31, 30, 30, 30, 03, 25]
[01, 7F, 02, 47, 31, 38, 82, 35, 20, 31, 31, 32, 31, 30, 20, 20, 31, 20, 03, 25]
[01, 7F, 02, 47, 33, 30, 35, 20, 35, 20, 20, 38, 20, 03, 22]
[01, 7F, 02, 47, 33, 33, 35, 80, 80, 80, 80, 80, 80, 80, 80, 80, 80, 80, 80, 03, 2C]
[01, 7F, 02, 47, 33, 34, 35, 80, 80, 80, 80, 80, 80, 80, 80, 80, 80, 80, 80, 03, 2B]
[01, 7F, 02, 47, 31, 39, 35, 31, 30, 30, 30, 03, 25]
[01, 7F, 02, 47, 31, 38, 82, 35, 20, 31, 31, 32, 31, 30, 20, 20, 31, 20, 03, 25]
[01, 7F, 02, 47, 33, 30, 35, 20, 35, 20, 20, 38, 20, 03, 22]
[01, 7F, 02, 47, 33, 33, 35, 80, 80, 80, 80, 80, 80, 80, 80, 80, 80, 80, 80, 03, 2C]
[01, 7F, 02, 47, 33, 34, 35, 80, 80, 80, 80, 80, 80, 80, 80, 80, 80, 80, 80, 03, 2B]
[01, 7F, 02, 47, 31, 39, 35, 31, 30, 30, 30, 03, 25]
[01, 7F, 02, 47, 31, 38, 82, 35, 20, 31, 31, 32, 31, 30, 20, 20, 31, 20, 03, 25]
[01, 7F, 02, 47, 33, 30, 35, 20, 35, 20, 20, 38, 20, 03, 22]
[01, 7F, 02, 47, 33, 33, 35, 80, 80, 80, 80, 80, 80, 80, 80, 80, 80, 80, 80, 03, 2C]
[01, 7F, 02, 47, 33, 34, 35, 80, 80, 80, 80, 80, 80, 80, 80, 80, 80, 80, 80, 03, 2B]
[01, 7F, 02, 47, 31, 39, 35, 31, 30, 30, 30, 03, 25]
[01, 7F, 02, 47, 31, 38, 82, 35, 20, 31, 31, 32, 31, 30, 20, 20, 31, 20, 03, 25]
[01, 7F, 02, 47, 33, 30, 35, 20, 35, 20, 20, 38, 20, 03, 22]
[01, 7F, 02, 47, 33, 33, 35, 80, 80, 80, 80, 80, 80, 80, 80, 80, 80, 80, 80, 03, 2C]
[01, 7F, 02, 47, 33, 34, 35, 80, 80, 80, 80, 80, 80, 80, 80, 80, 80, 80, 80, 03, 2B]
[01, 7F, 02, 47, 31, 39, 35, 31, 30, 30, 30, 03, 25]
[01, 7F, 02, 47, 32, 30, 31, 32, 30, 30, 03, 38]
[01, 7F, 02, 47, 31, 38, 82, 35, 20, 31, 31, 32, 31, 30, 20, 20, 31, 20, 03, 25]
[01, 7F, 02, 47, 33, 30, 35, 20, 35, 20, 20, 38, 20, 03, 22]
[01, 7F, 02, 47, 33, 33, 35, 80, 80, 80, 80, 80, 80, 80, 80, 80, 80, 80, 80, 03, 2C, 01, 7F, 02, 47, 33, 34, 35, 80, 80, 80, 80, 80, 80, 80, 80, 80, 80, 80, 80, 03, 2B, 01, 7F, 02, 47, 31, 39, 35, 31, 30, 30, 30, 03, 25]
[01, 7F, 02, 47, 31, 38, 82, 35, 20, 31, 31, 32, 31, 30, 20, 20, 31, 20, 03, 25]
[01, 7F, 02, 47, 33, 30, 35, 20, 35, 20, 20, 38, 20, 03, 22]
[01, 7F, 02, 47, 33, 33, 35, 80, 80, 80, 80, 80, 80, 80, 80, 80, 80, 80, 80, 03, 2C]
[01, 7F, 02, 47, 33, 34, 35, 80, 80, 80, 80, 80, 80, 80, 80, 80, 80, 80, 80, 03, 2B]
[01, 7F, 02, 47, 31, 39, 35, 31, 30, 30, 30, 03, 25]
[01, 7F, 02, 47, 31, 38, 82, 35, 20, 31, 31, 32, 31, 30, 20, 20, 31, 20, 03, 25]
[01, 7F, 02, 47, 33, 30, 35, 20, 35, 20, 20, 38, 20, 03, 22]
[01, 7F, 02, 47, 33, 33, 35, 80, 80, 80, 80, 80, 80, 80, 80, 80, 80, 80, 80, 03, 2C]
[01, 7F, 02, 47, 33, 34, 35, 80, 80, 80, 80, 80, 80, 80, 80, 80, 80, 80, 80, 03, 2B]
[01, 7F, 02, 47, 31, 39, 35, 31, 30, 30, 30, 03, 25]
[01, 7F, 02, 47, 31, 38, 82, 35, 20, 31, 31, 32, 31, 30, 20, 20, 31, 20, 03, 25]
[01, 7F, 02, 47, 33, 30, 35, 20, 35, 20, 20, 38, 20, 03, 22]
[01, 7F, 02, 47, 33, 33, 35, 80, 80, 80, 80, 80, 80, 80, 80, 80, 80, 80, 80, 03, 2C]
[01, 7F, 02, 47, 33, 34, 35, 80, 80, 80, 80, 80, 80, 80, 80, 80, 80, 80, 80, 03, 2B]
[01, 7F, 02, 47, 31, 39, 35, 31, 30, 30, 30, 03, 25]
[01, 7F, 02, 47, 31, 38, 82, 35, 20, 31, 31, 32, 31, 30, 20, 20, 31, 20, 03, 25]
[01, 7F, 02, 47, 33, 30, 35, 20, 35, 20, 20, 38, 20, 03, 22]
[01, 7F, 02, 47, 33, 33, 35, 80, 80, 80, 80, 80, 80, 80, 80, 80, 80, 80, 80, 03, 2C]
[01, 7F, 02, 47, 33, 34, 35, 80, 80, 80, 80, 80, 80, 80, 80, 80, 80, 80, 80, 03, 2B]
[01, 7F, 02, 47, 31, 39, 35, 31, 30, 30, 30, 03, 25]
[01, 7F, 02, 47, 31, 38, 82, 35, 20, 31, 31, 32, 31, 30, 20, 20, 31, 20, 03, 25]
[01, 7F, 02, 47, 33, 30, 35, 20, 35, 20, 20, 38, 20, 03, 22]
[01, 7F, 02, 47, 33, 33, 35, 80, 80, 80, 80, 80, 80, 80, 80, 80, 80, 80, 80, 03, 2C]
[01, 7F, 02, 47, 33, 34, 35, 80, 80, 80, 80, 80, 80, 80, 80, 80, 80, 80, 80, 03, 2B]
[01, 7F, 02, 47, 31, 39, 35, 31, 30, 30, 30, 03, 25]
[01, 7F, 02, 47, 32, 30, 31, 32, 30, 31, 03, 39]
[01, 7F, 02, 47, 31, 38, 82, 35, 20, 31, 31, 32, 31, 30, 20, 20, 31, 20, 03, 25]
[01, 7F, 02, 47, 33, 30, 35, 20, 35, 20, 20, 38, 20, 03, 22]
[01, 7F, 02, 47, 33, 33, 35, 80, 80, 80, 80, 80, 80, 80, 80, 80, 80, 80, 80, 03, 2C]
[01, 7F, 02, 47, 33, 34, 35, 80, 80, 80, 80, 80, 80, 80, 80, 80, 80, 80, 80, 03, 2B]
[01, 7F, 02, 47, 31, 39, 35, 31, 30, 30, 30, 03, 25]
[01, 7F, 02, 47, 31, 38, 82, 35, 20, 31, 31, 32, 31, 30, 20, 20, 31, 20, 03, 25]
[01, 7F, 02, 47, 33, 30, 35, 20, 35, 20, 20, 38, 20, 03, 22]
[01, 7F, 02, 47, 33, 33, 35, 80, 80, 80, 80, 80, 80, 80, 80, 80, 80, 80, 80, 03, 2C]
[01, 7F, 02, 47, 33, 34, 35, 80, 80, 80, 80, 80, 80, 80, 80, 80, 80, 80, 80, 03, 2B]
[01, 7F, 02, 47, 31, 39, 35, 31, 30, 30, 30, 03, 25]
[01, 7F, 02, 47, 31, 38, 82, 35, 20, 31, 31, 32, 31, 30, 20, 20, 31, 20, 03, 25]
[01, 7F, 02, 47, 33, 30, 35, 20, 35, 20, 20, 38, 20, 03, 22]
[01, 7F, 02, 47, 33, 33, 35, 80, 80, 80, 80, 80, 80, 80, 80, 80, 80, 80, 80, 03, 2C]
[01, 7F, 02, 47, 33, 34, 35, 80, 80, 80, 80, 80, 80, 80, 80, 80, 80, 80, 80, 03, 2B]
[01, 7F, 02, 47, 31, 39, 35, 31, 30, 30, 30, 03, 25]
[01, 7F, 02, 47, 31, 38, 82, 35, 20, 31, 31, 32, 31, 30, 20, 20, 31, 20, 03, 25]
[01, 7F, 02, 47, 33, 30, 35, 20, 35, 20, 20, 38, 20, 03, 22]
[01, 7F, 02, 47, 33, 33, 35, 80, 80, 80, 80, 80, 80, 80, 80, 80, 80, 80, 80, 03, 2C]
[01, 7F, 02, 47, 33, 34, 35, 80, 80, 80, 80, 80, 80, 80, 80, 80, 80, 80, 80, 03, 2B]
[01, 7F, 02, 47, 31, 39, 35, 31, 30, 30, 30, 03, 25]
[01, 7F, 02, 47, 31, 38, 82, 35, 20, 31, 31, 32, 31, 30, 20, 20, 31, 20, 03, 25]
[01, 7F, 02, 47, 33, 30, 35, 20, 35, 20, 20, 38, 20, 03, 22]
[01, 7F, 02, 47, 33, 33, 35, 80, 80, 80, 80, 80, 80, 80, 80, 80, 80, 80, 80, 03, 2C]
[01, 7F, 02, 47, 33, 34, 35, 80, 80, 80, 80, 80, 80, 80, 80, 80, 80, 80, 80, 03, 2B]
[01, 7F, 02, 47, 31, 39, 35, 31, 30, 30, 30, 03, 25]
[01, 7F, 02, 47, 31, 38, 82, 35, 20, 31, 31, 32, 31, 30, 20, 20, 31, 20, 03, 25]
[01, 7F, 02, 47, 33, 30, 35, 20, 35, 20, 20, 38, 20, 03, 22]
[01, 7F, 02, 47, 33, 33, 35, 80, 80, 80, 80, 80, 80, 80, 80, 80, 80, 80, 80, 03, 2C]
[01, 7F, 02, 47, 33, 34, 35, 80, 80, 80, 80, 80, 80, 80, 80, 80, 80, 80, 80, 03, 2B]
[01, 7F, 02, 47, 31, 39, 35, 31, 30, 30, 30, 03, 25]
[01, 7F, 02, 47, 32, 30, 31, 32, 30, 32, 03, 3A]
[01, 7F, 02, 47, 31, 38, 82, 35, 20, 31, 31, 32, 31, 30, 20, 20, 31, 20, 03, 25]
[01, 7F, 02, 47, 33, 30, 35, 20, 35, 20, 20, 38, 20, 03, 22]
[01, 7F, 02, 47, 33, 33, 35, 80, 80, 80, 80, 80, 80, 80, 80, 80, 80, 80, 80, 03, 2C]
[01, 7F, 02, 47, 33, 34, 35, 80, 80, 80, 80, 80, 80, 80, 80, 80, 80, 80, 80, 03, 2B]
[01, 7F, 02, 47, 31, 39, 35, 31, 30, 30, 30, 03, 25]
[01, 7F, 02, 47, 31, 38, 82, 35, 20, 31, 31, 32, 31, 30, 20, 20, 31, 20, 03, 25]
[01, 7F, 02, 47, 33, 30, 35, 20, 35, 20, 20, 38, 20, 03, 22]
[01, 7F, 02, 47, 33, 33, 35, 80, 80, 80, 80, 80, 80, 80, 80, 80, 80, 80, 80, 03, 2C]
[01, 7F, 02, 47, 33, 34, 35, 80, 80, 80, 80, 80, 80, 80, 80, 80, 80, 80, 80, 03, 2B]
[01, 7F, 02, 47, 31, 39, 35, 31, 30, 30, 30, 03, 25]
[01, 7F, 02, 47, 31, 38, 82, 35, 20, 31, 31, 32, 31, 30, 20, 20, 31, 20, 03, 25]
[01, 7F, 02, 47, 33, 30, 35, 20, 35, 20, 20, 38, 20, 03, 22]
[01, 7F, 02, 47, 33, 33, 35, 80, 80, 80, 80, 80, 80, 80, 80, 80, 80, 80, 80, 03, 2C]
[01, 7F, 02, 47, 33, 34, 35, 80, 80, 80, 80, 80, 80, 80, 80, 80, 80, 80, 80, 03, 2B]
[01, 7F, 02, 47, 31, 39, 35, 31, 30, 30, 30, 03, 25]
[01, 7F, 02, 47, 31, 38, 82, 35, 20, 31, 31, 32, 31, 30, 20, 20, 31, 20, 03, 25]
[01, 7F, 02, 47, 33, 30, 35, 20, 35, 20, 20, 38, 20, 03, 22]
[01, 7F, 02, 47, 33, 33, 35, 80, 80, 80, 80, 80, 80, 80, 80, 80, 80, 80, 80, 03, 2C]
[01, 7F, 02, 47, 33, 34, 35, 80, 80, 80, 80, 80, 80, 80, 80, 80, 80, 80, 80, 03, 2B]
[01, 7F, 02, 47, 31, 39, 35, 31, 30, 30, 30, 03, 25]
[01, 7F, 02, 47, 31, 38, 82, 35, 20, 31, 31, 32, 31, 30, 20, 20, 31, 20, 03, 25]
[01, 7F, 02, 47, 33, 30, 35, 20, 35, 20, 20, 38, 20, 03, 22]
[01, 7F, 02, 47, 33, 33, 35, 80, 80, 80, 80, 80, 80, 80, 80, 80, 80, 80, 80, 03, 2C]
[01, 7F, 02, 47, 33, 34, 35, 80, 80, 80, 80, 80, 80, 80, 80, 80, 80, 80, 80, 03, 2B]
[01, 7F, 02, 47, 31, 39, 35, 31, 30, 30, 30, 03, 25]
[01, 7F, 02, 47, 31, 38, 82, 35, 20, 31, 31, 32, 31, 30, 20, 20, 31, 20, 03, 25]
[01, 7F, 02, 47, 33, 30, 35, 20, 35, 20, 20, 38, 20, 03, 22]
[01, 7F, 02, 47, 33, 33, 35, 80, 80, 80, 80, 80, 80, 80, 80, 80, 80, 80, 80, 03, 2C]
[01, 7F, 02, 47, 33, 34, 35, 80, 80, 80, 80, 80, 80, 80, 80, 80, 80, 80, 80, 03, 2B]
[01, 7F, 02, 47, 31, 39, 35, 31, 30, 30, 30, 03, 25]
[01, 7F, 02, 47, 32, 30, 31, 32, 30, 33, 03, 3B]
[01, 7F, 02, 47, 31, 38, 82, 35, 20, 31, 31, 32, 31, 30, 20, 20, 31, 20, 03, 25]
[01, 7F, 02, 47, 33, 30, 35, 20, 35, 20, 20, 38, 20, 03, 22]
[01, 7F, 02, 47, 33, 33, 35, 80, 80, 80, 80, 80, 80, 80, 80, 80, 80, 80, 80, 03, 2C]
[01, 7F, 02, 47, 33, 34, 35, 80, 80, 80, 80, 80, 80, 80, 80, 80, 80, 80, 80, 03, 2B]
[01, 7F, 02, 47, 31, 39, 35, 31, 30, 30, 30, 03, 25]
[01, 7F, 02, 47, 31, 38, 82, 35, 20, 31, 31, 32, 31, 30, 20, 20, 31, 20, 03, 25]
[01, 7F, 02, 47, 33, 30, 35, 20, 35, 20, 20, 38, 20, 03, 22]
[01, 7F, 02, 47, 33, 33, 35, 80, 80, 80, 80, 80, 80, 80, 80, 80, 80, 80, 80, 03, 2C]
[01, 7F, 02, 47, 33, 34, 35, 80, 80, 80, 80, 80, 80, 80, 80, 80, 80, 80, 80, 03, 2B]
[01, 7F, 02, 47, 31, 39, 35, 31, 30, 30, 30, 03, 25]
[01, 7F, 02, 47, 31, 38, 82, 35, 20, 31, 31, 32, 31, 30, 20, 20, 31, 20, 03, 25]
[01, 7F, 02, 47, 33, 30, 35, 20, 35, 20, 20, 38, 20, 03, 22]
[01, 7F, 02, 47, 33, 33, 35, 80, 80, 80, 80, 80, 80, 80, 80, 80, 80, 80, 80, 03, 2C]
[01, 7F, 02, 47, 33, 34, 35, 80, 80, 80, 80, 80, 80, 80, 80, 80, 80, 80, 80, 03, 2B]
[01, 7F, 02, 47, 31, 39, 35, 31, 30, 30, 30, 03, 25]
[01, 7F, 02, 47, 31, 38, 82, 35, 20, 31, 31, 32, 31, 30, 20, 20, 31, 20, 03, 25]
[01, 7F, 02, 47, 33, 30, 35, 20, 35, 20, 20, 38, 20, 03, 22]
[01, 7F, 02, 47, 33, 33, 35, 80, 80, 80, 80, 80, 80, 80, 80, 80, 80, 80, 80, 03, 2C]
[01, 7F, 02, 47, 33, 34, 35, 80, 80, 80, 80, 80, 80, 80, 80, 80, 80, 80, 80, 03, 2B]
[01, 7F, 02, 47, 31, 39, 35, 31, 30, 30, 30, 03, 25]
[01, 7F, 02, 47, 31, 38, 82, 35, 20, 31, 31, 32, 31, 30, 20, 20, 31, 20, 03, 25]
[01, 7F, 02, 47, 33, 30, 35, 20, 35, 20, 20, 38, 20, 03, 22]
[01, 7F, 02, 47, 33, 33, 35, 80, 80, 80, 80, 80, 80, 80, 80, 80, 80, 80, 80, 03, 2C]
[01, 7F, 02, 47, 33, 34, 35, 80, 80, 80, 80, 80, 80, 80, 80, 80, 80, 80, 80, 03, 2B]
[01, 7F, 02, 47, 31, 39, 35, 31, 30, 30, 30, 03, 25]
[01, 7F, 02, 47, 31, 38, 82, 35, 20, 31, 31, 32, 31, 30, 20, 20, 31, 20, 03, 25]
[01, 7F, 02, 47, 33, 30, 35, 20, 35, 20, 20, 38, 20, 03, 22]
[01, 7F, 02, 47, 33, 33, 35, 80, 80, 80, 80, 80, 80, 80, 80, 80, 80, 80, 80, 03, 2C]
[01, 7F, 02, 47, 33, 34, 35, 80, 80, 80, 80, 80, 80, 80, 80, 80, 80, 80, 80, 03, 2B]
[01, 7F, 02, 47, 31, 39, 35, 31, 30, 30, 30, 03, 25]
[01, 7F, 02, 47, 32, 30, 31, 32, 30, 34, 03, 3C]
[01, 7F, 02, 47, 31, 38, 82, 35, 20, 31, 31, 32, 31, 30, 20, 20, 31, 20, 03, 25]
[01, 7F, 02, 47, 33, 30, 35, 20, 35, 20, 20, 38, 20, 03, 22]
[01, 7F, 02, 47, 33, 33, 35, 80, 80, 80, 80, 80, 80, 80, 80, 80, 80, 80, 80, 03, 2C]
[01, 7F, 02, 47, 33, 34, 35, 80, 80, 80, 80, 80, 80, 80, 80, 80, 80, 80, 80, 03, 2B]
[01, 7F, 02, 47, 31, 39, 35, 31, 30, 30, 30, 03, 25]
[01, 7F, 02, 47, 31, 38, 82, 35, 20, 31, 31, 32, 31, 30, 20, 20, 31, 20, 03, 25]
[01, 7F, 02, 47, 33, 30, 35, 20, 35, 20, 20, 38, 20, 03, 22]
[01, 7F, 02, 47, 33, 33, 35, 80, 80, 80, 80, 80, 80, 80, 80, 80, 80, 80, 80, 03, 2C]
[01, 7F, 02, 47, 33, 34, 35, 80, 80, 80, 80, 80, 80, 80, 80, 80, 80, 80, 80, 03, 2B]
[01, 7F, 02, 47, 31, 39, 35, 31, 30, 30, 30, 03, 25]
[01, 7F, 02, 47, 31, 38, 82, 35, 20, 31, 31, 32, 31, 30, 20, 20, 31, 20, 03, 25]
[01, 7F, 02, 47, 33, 30, 35, 20, 35, 20, 20, 38, 20, 03, 22]
[01, 7F, 02, 47, 33, 33, 35, 80, 80, 80, 80, 80, 80, 80, 80, 80, 80, 80, 80, 03, 2C]
[01, 7F, 02, 47, 33, 34, 35, 80, 80, 80, 80, 80, 80, 80, 80, 80, 80, 80, 80, 03, 2B]
[01, 7F, 02, 47, 31, 39, 35, 31, 30, 30, 30, 03, 25]
[01, 7F, 02, 47, 31, 38, 82, 35, 20, 31, 31, 32, 31, 30, 20, 20, 31, 20, 03, 25]
[01, 7F, 02, 47, 33, 30, 35, 20, 35, 20, 20, 38, 20, 03, 22]
[01, 7F, 02, 47, 33, 33, 35, 80, 80, 80, 80, 80, 80, 80, 80, 80, 80, 80, 80, 03, 2C]
[01, 7F, 02, 47, 33, 34, 35, 80, 80, 80, 80, 80, 80, 80, 80, 80, 80, 80, 80, 03, 2B]
[01, 7F, 02, 47, 31, 39, 35, 31, 30, 30, 30, 03, 25]
[01, 7F, 02, 47, 31, 38, 82, 35, 20, 31, 31, 32, 31, 30, 20, 20, 31, 20, 03, 25]
[01, 7F, 02, 47, 33, 30, 35, 20, 35, 20, 20, 38, 20, 03, 22]
[01, 7F, 02, 47, 33, 33, 35, 80, 80, 80, 80, 80, 80, 80, 80, 80, 80, 80, 80, 03, 2C]
[01, 7F, 02, 47, 33, 34, 35, 80, 80, 80, 80, 80, 80, 80, 80, 80, 80, 80, 80, 03, 2B]
[01, 7F, 02, 47, 31, 39, 35, 31, 30, 30, 30, 03, 25]
[01, 7F, 02, 47, 31, 38, 82, 35, 20, 31, 31, 32, 31, 30, 20, 20, 31, 20, 03, 25]
[01, 7F, 02, 47, 33, 30, 35, 20, 35, 20, 20, 38, 20, 03, 22]
[01, 7F, 02, 47, 33, 33, 35, 80, 80, 80, 80, 80, 80, 80, 80, 80, 80, 80, 80, 03, 2C]
[01, 7F, 02, 47, 33, 34, 35, 80, 80, 80, 80, 80, 80, 80, 80, 80, 80, 80, 80, 03, 2B]
[01, 7F, 02, 47, 31, 39, 35, 31, 30, 30, 30, 03, 25]
[01, 7F, 02, 47, 32, 30, 31, 32, 30, 35, 03, 3D]
