[01, 7F, 02, 47, 33, 30, 35, 20, 32, 20, 20, 30, 20, 03, 2D]
[01, 7F, 02, 47, 33, 33, 35, 80, 80, 80, 80, 80, 80, 80, 80, 80, 80, 80, 80, 03, 2C]
[01, 7F, 02, 47, 33, 31, 35, 20, 30, 20, 30, 20, 20, 20, 20, 03, 2E]
[01, 7F, 02, 47, 31, 38, 82, 35, 31, 30, 30, 30, 30, 30, 20, 20, 33, 20, 03, 35]
[01, 7F, 02, 47, 31, 38, 82, 35, 31, 30, 30, 30, 30, 30, 20, 20, 33, 20, 03, 35]
[01, 7F, 02, 47, 31, 38, 82, 35, 31, 30, 30, 30, 30, 30, 20, 20, 33, 20, 03, 35]
[01, 7F, 02, 47, 31, 38, 82, 35, 31, 30, 30, 30, 30, 30, 20, 20, 33, 20, 03, 35]
[01, 7F, 02, 47, 33, 30, 35, 20, 32, 20, 20, 30, 20, 03, 2D]
[01, 7F, 02, 47, 33, 33, 35, 80, 80, 80, 80, 80, 80, 80, 80, 80, 80, 80, 80, 03, 2C]
[01, 7F, 02, 47, 33, 34, 35, 80, 80, 80, 80, 80, 80, 80, 80, 80, 80, 80, 80, 03, 2B]
[01, 7F, 02, 47, 31, 39, 35, 30, 30, 30, 30, 03, 24]
[01, 7F, 02, 47, 33, 30, 35, 20, 35, 20, 20, 30, 20, 03, 2A]
[01, 7F, 02, 47, 33, 33, 35, 80, 80, 80, 80, 80, 80, 80, 80, 80, 80, 80, 80, 03, 2C]
[01, 7F, 02, 47, 33, 31, 35, 20, 30, 20, 30, 20, 20, 20, 20, 03, 2E]
[01, 7F, 02, 47, 33, 30, 35, 20, 38, 20, 20, 30, 20, 03, 27]
[01, 7F, 02, 47, 33, 33, 35, 80, 80, 80, 80, 80, 80, 80, 80, 80, 80, 80, 80, 03, 2C]
[01, 7F, 02, 47, 33, 31, 35, 20, 30, 20, 30, 20, 20, 20, 20, 03, 2E]
[01, 7F, 02, 47, 31, 38, 82, 35, 31, 30, 30, 30, 30, 30, 20, 20, 33, 20, 03, 35]
[01, 7F, 02, 47, 33, 30, 35, 20, 38, 20, 20, 30, 20, 03, 27]
[01, 7F, 02, 47, 33, 33, 35, 80, 80, 80, 80, 80, 80, 80, 80, 80, 80, 80, 80, 03, 2C]
[01, 7F, 02, 47, 33, 34, 35, 80, 80, 80, 80, 80, 80, 80, 80, 80, 80, 80, 80, 03, 2B]
[01, 7F, 02, 47, 31, 39, 35, 30, 30, 30, 30, 03, 24]
[01, 7F, 02, 47, 33, 30, 35, 20, 31, 31, 20, 30, 20, 03, 3F]
[01, 7F, 02, 47, 33, 33, 35, 80, 80, 80, 80, 80, 80, 80, 80, 80, 80, 80, 80, 03, 2C]
[01, 7F, 02, 47, 33, 31, 35, 20, 30, 20, 30, 20, 20, 20, 20, 03, 2E]
[01, 7F, 02, 47, 31, 38, 82, 35, 31, 30, 30, 30, 30, 30, 20, 20, 33, 20, 03, 35]
[01, 7F, 02, 47, 33, 30, 35, 20, 31, 31, 20, 30, 20, 03, 3F]
[01, 7F, 02, 47, 33, 33, 35, 80, 80, 80, 80, 80, 80, 80, 80, 80, 80, 80, 80, 03, 2C]
[01, 7F, 02, 47, 33, 34, 35, 80, 80, 80, 80, 80, 80, 80, 80, 80, 80, 80, 80, 03, 2B]
[01, 7F, 02, 47, 31, 39, 35, 30, 30, 30, 30, 03, 24]
[01, 7F, 02, 47, 31, 38, 82, 35, 31, 30, 30, 30, 30, 30, 20, 20, 33, 20, 03, 35]
[01, 7F, 02, 47, 33, 30, 35, 20, 31, 31, 20, 30, 20, 03, 3F]
[01, 7F, 02, 47, 33, 33, 35, 80, 80, 80, 80, 80, 80, 80, 80, 80, 80, 80, 80, 03, 2C]
[01, 7F, 02, 47, 33, 34, 35, 80, 80, 80, 80, 80, 80, 80, 80, 80, 80, 80, 80, 03, 2B]
[01, 7F, 02, 47, 31, 39, 35, 30, 30, 30, 30, 03, 24]
[01, 7F, 02, 47, 33, 30, 35, 31, 30, 32, 20, 30, 20, 03, 2C]
[01, 7F, 02, 47, 33, 33, 35, 80, 80, 80, 80, 80, 80, 80, 80, 80, 80, 80, 80, 03, 2C]
[01, 7F, 02, 47, 33, 31, 35, 20, 30, 20, 30, 20, 20, 20, 20, 03, 2E]
[01, 7F, 02, 47, 31, 38, 82, 35, 31, 30, 30, 30, 30, 30, 20, 20, 33, 20, 03, 35]
[01, 7F, 02, 47, 33, 30, 35, 31, 30, 32, 20, 30, 20, 03, 2C]
[01, 7F, 02, 47, 33, 33, 35, 80, 80, 80, 80, 80, 80, 80, 80, 80, 80, 80, 80, 03, 2C]
[01, 7F, 02, 47, 33, 34, 35, 80, 80, 80, 80, 80, 80, 80, 80, 80, 80, 80, 80, 03, 2B]
[01, 7F, 02, 47, 31, 39, 35, 30, 30, 30, 30, 03, 24]
[01, 7F, 02, 47, 33, 30, 35, 31, 30, 32, 20, 36, 20, 03, 2A]
[01, 7F, 02, 47, 33, 34, 35, 80, 80, 80, 80, 80, 80, 80, 80, 80, 80, 80, 80, 03, 2B]
[01, 7F, 02, 47, 33, 31, 35, 20, 30, 20, 30, 20, 20, 20, 20, 03, 2E]
[01, 7F, 02, 47, 31, 38, 82, 35, 31, 30, 30, 30, 30, 30, 20, 20, 33, 20, 03, 35]
[01, 7F, 02, 47, 33, 30, 35, 31, 30, 32, 20, 36, 20, 03, 2A]
[01, 7F, 02, 47, 33, 33, 35, 80, 80, 80, 80, 80, 80, 80, 80, 80, 80, 80, 80, 03, 2C]
[01, 7F, 02, 47, 33, 34, 35, 80, 80, 80, 80, 80, 80, 80, 80, 80, 80, 80, 80, 03, 2B]
[01, 7F, 02, 47, 31, 39, 35, 30, 30, 30, 30, 03, 24]
[01, 7F, 02, 47, 31, 38, 82, 35, 31, 30, 30, 30, 30, 30, 20, 20, 33, 20, 03, 35]
[01, 7F, 02, 47, 33, 30, 35, 31, 30, 32, 20, 36, 20, 03, 2A]
[01, 7F, 02, 47, 33, 33, 35, 80, 80, 80, 80, 80, 80, 80, 80, 80, 80, 80, 80, 03, 2C]
[01, 7F, 02, 47, 33, 34, 35, 80, 80, 80, 80, 80, 80, 80, 80, 80, 80, 80, 80, 03, 2B]
[01, 7F, 02, 47, 31, 39, 35, 30, 30, 30, 30, 03, 24]
[01, 7F, 02, 47, 31, 38, 82, 35, 31, 30, 30, 30, 30, 30, 20, 20, 33, 20, 03, 35]
[01, 7F, 02, 47, 33, 30, 35, 31, 30, 32, 20, 36, 20, 03, 2A]
[01, 7F, 02, 47, 33, 33, 35, 80, 80, 80, 80, 80, 80, 80, 80, 80, 80, 80, 80, 03, 2C]
[01, 7F, 02, 47, 33, 34, 35, 80, 80, 80, 80, 80, 80, 80, 80, 80, 80, 80, 80, 03, 2B]
[01, 7F, 02, 47, 31, 39, 35, 30, 30, 30, 30, 03, 24]
[01, 7F, 02, 47, 32, 30, 31, 31, 31, 34, 03, 3E]
[01, 7F, 02, 47, 31, 38, 82, 35, 31, 30, 30, 30, 30, 30, 20, 20, 33, 20, 03, 35]
[01, 7F, 02, 47, 33, 30, 35, 31, 30, 32, 20, 36, 20, 03, 2A]
[01, 7F, 02, 47, 33, 33, 35, 80, 80, 80, 80, 80, 80, 80, 80, 80, 80, 80, 80, 03, 2C]
[01, 7F, 02, 47, 33, 34, 35, 80, 80, 80, 80, 80, 80, 80, 80, 80, 80, 80, 80, 03, 2B]
[01, 7F, 02, 47, 31, 39, 35, 30, 30, 30, 30, 03, 24]
[01, 7F, 02, 47, 31, 38, 82, 35, 31, 30, 30, 30, 30, 30, 20, 20, 33, 20, 03, 35]
[01, 7F, 02, 47, 33, 30, 35, 31, 30, 32, 20, 36, 20, 03, 2A]
[01, 7F, 02, 47, 33, 33, 35, 80, 80, 80, 80, 80, 80, 80, 80, 80, 80, 80, 80, 03, 2C]
[01, 7F, 02, 47, 33, 34, 35, 80, 80, 80, 80, 80, 80, 80, 80, 80, 80, 80, 80, 03, 2B]
[01, 7F, 02, 47, 31, 39, 35, 30, 30, 30, 30, 03, 24]
[01, 7F, 02, 47, 31, 38, 82, 35, 31, 30, 30, 30, 30, 30, 20, 20, 33, 20, 03, 35]
[01, 7F, 02, 47, 33, 30, 35, 31, 30, 32, 20, 36, 20, 03, 2A]
[01, 7F, 02, 47, 33, 33, 35, 80, 80, 80, 80, 80, 80, 80, 80, 80, 80, 80, 80, 03, 2C]
[01, 7F, 02, 47, 33, 34, 35, 80, 80, 80, 80, 80, 80, 80, 80, 80, 80, 80, 80, 03, 2B]
[01, 7F, 02, 47, 31, 39, 35, 30, 30, 30, 30, 03, 24]
[01, 7F, 02, 47, 31, 38, 82, 35, 31, 30, 30, 30, 30, 30, 20, 20, 33, 20, 03, 35]
[01, 7F, 02, 47, 33, 30, 35, 31, 30, 32, 20, 36, 20, 03, 2A]
[01, 7F, 02, 47, 33, 33, 35, 80, 80, 80, 80, 80, 80, 80, 80, 80, 80, 80, 80, 03, 2C]
[01, 7F, 02, 47, 33, 34, 35, 80, 80, 80, 80, 80, 80, 80, 80, 80, 80, 80, 80, 03, 2B]
[01, 7F, 02, 47, 31, 39, 35, 30, 30, 30, 30, 03, 24]
[01, 7F, 02, 47, 31, 38, 82, 35, 31, 30, 30, 30, 30, 30, 20, 20, 33, 20, 03, 35]
[01, 7F, 02, 47, 33, 30, 35, 31, 30, 32, 20, 36, 20, 03, 2A]
[01, 7F, 02, 47, 33, 33, 35, 80, 80, 80, 80, 80, 80, 80, 80, 80, 80, 80, 80, 03, 2C]
[01, 7F, 02, 47, 33, 34, 35, 80, 80, 80, 80, 80, 80, 80, 80, 80, 80, 80, 80, 03, 2B]
[01, 7F, 02, 47, 31, 39, 35, 30, 30, 30, 30, 03, 24]
[01, 7F, 02, 47, 31, 38, 82, 35, 31, 30, 30, 30, 30, 30, 20, 20, 33, 20, 03, 35]
[01, 7F, 02, 47, 33, 30, 35, 31, 30, 32, 20, 36, 20, 03, 2A]
[01, 7F, 02, 47, 33, 33, 35, 80, 80, 80, 80, 80, 80, 80, 80, 80, 80, 80, 80, 03, 2C]
[01, 7F, 02, 47, 33, 34, 35, 80, 80, 80, 80, 80, 80, 80, 80, 80, 80, 80, 80, 03, 2B]
[01, 7F, 02, 47, 31, 39, 35, 30, 30, 30, 30, 03, 24]
[01, 7F, 02, 47, 32, 30, 31, 31, 31, 35, 03, 3F]
[01, 7F, 02, 47, 31, 38, 82, 35, 31, 30, 30, 30, 30, 30, 20, 20, 33, 20, 03, 35]
[01, 7F, 02, 47, 33, 30, 35, 31, 30, 32, 20, 36, 20, 03, 2A]
[01, 7F, 02, 47, 33, 33, 35, 80, 80, 80, 80, 80, 80, 80, 80, 80, 80, 80, 80, 03, 2C]
[01, 7F, 02, 47, 33, 34, 35, 80, 80, 80, 80, 80, 80, 80, 80, 80, 80, 80, 80, 03, 2B]
[01, 7F, 02, 47, 31, 39, 35, 30, 30, 30, 30, 03, 24]
[01, 7F, 02, 47, 31, 38, 82, 35, 31, 30, 30, 30, 30, 30, 20, 20, 33, 20, 03, 35]
[01, 7F, 02, 47, 33, 30, 35, 31, 30, 32, 20, 36, 20, 03, 2A]
[01, 7F, 02, 47, 33, 33, 35, 80, 80, 80, 80, 80, 80, 80, 80, 80, 80, 80, 80, 03, 2C]
[01, 7F, 02, 47, 33, 34, 35, 80, 80, 80, 80, 80, 80, 80, 80, 80, 80, 80, 80, 03, 2B]
[01, 7F, 02, 47, 31, 39, 35, 30, 30, 30, 30, 03, 24]
[01, 7F, 02, 47, 31, 38, 82, 35, 31, 30, 30, 30, 30, 30, 20, 20, 33, 20, 03, 35]
[01, 7F, 02, 47, 33, 30, 35, 31, 30, 32, 20, 36, 20, 03, 2A]
[01, 7F, 02, 47, 33, 33, 35, 80, 80, 80, 80, 80, 80, 80, 80, 80, 80, 80, 80, 03, 2C]
[01, 7F, 02, 47, 33, 34, 35, 80, 80, 80, 80, 80, 80, 80, 80, 80, 80, 80, 80, 03, 2B]
[01, 7F, 02, 47, 31, 39, 35, 30, 30, 30, 30, 03, 24]
[01, 7F, 02, 47, 31, 38, 82, 35, 31, 30, 30, 30, 30, 30, 20, 20, 33, 20, 03, 35]
[01, 7F, 02, 47, 33, 30, 35, 31, 30, 32, 20, 36, 20, 03, 2A]
[01, 7F, 02, 47, 33, 33, 35, 80, 80, 80, 80, 80, 80, 80, 80, 80, 80, 80, 80, 03, 2C]
[01, 7F, 02, 47, 33, 34, 35, 80, 80, 80, 80, 80, 80, 80, 80, 80, 80, 80, 80, 03, 2B]
[01, 7F, 02, 47, 31, 39, 35, 30, 30, 30, 30, 03, 24]
[01, 7F, 02, 47, 31, 38, 82, 35, 31, 30, 30, 30, 30, 30, 20, 20, 33, 20, 03, 35]
[01, 7F, 02, 47, 33, 30, 35, 31, 30, 32, 20, 36, 20, 03, 2A]
[01, 7F, 02, 47, 33, 33, 35, 80, 80, 80, 80, 80, 80, 80, 80, 80, 80, 80, 80, 03, 2C]
[01, 7F, 02, 47, 33, 34, 35, 80, 80, 80, 80, 80, 80, 80, 80, 80, 80, 80, 80, 03, 2B]
[01, 7F, 02, 47, 31, 39, 35, 30, 30, 30, 30, 03, 24]
[01, 7F, 02, 47, 31, 38, 82, 35, 31, 30, 30, 30, 30, 30, 20, 20, 33, 20, 03, 35]
[01, 7F, 02, 47, 33, 30, 35, 31, 30, 32, 20, 36, 20, 03, 2A]
[01, 7F, 02, 47, 33, 33, 35, 80, 80, 80, 80, 80, 80, 80, 80, 80, 80, 80, 80, 03, 2C]
[01, 7F, 02, 47, 33, 34, 35, 80, 80, 80, 80, 80, 80, 80, 80, 80, 80, 80, 80, 03, 2B]
[01, 7F, 02, 47, 31, 39, 35, 30, 30, 30, 30, 03, 24]
[01, 7F, 02, 47, 32, 30, 31, 31, 31, 36, 03, 3C]
[01, 7F, 02, 47, 31, 38, 82, 35, 31, 30, 30, 30, 30, 30, 20, 20, 33, 20, 03, 35]
[01, 7F, 02, 47, 33, 30, 35, 31, 30, 32, 20, 36, 20, 03, 2A]
[01, 7F, 02, 47, 33, 33, 35, 80, 80, 80, 80, 80, 80, 80, 80, 80, 80, 80, 80, 03, 2C]
[01, 7F, 02, 47, 33, 34, 35, 80, 80, 80, 80, 80, 80, 80, 80, 80, 80, 80, 80, 03, 2B]
[01, 7F, 02, 47, 31, 39, 35, 30, 30, 30, 30, 03, 24]
[01, 7F, 02, 47, 31, 38, 82, 35, 31, 30, 30, 30, 30, 30, 20, 20, 33, 20, 03, 35]
[01, 7F, 02, 47, 33, 30, 35, 31, 30, 32, 20, 36, 20, 03, 2A]
[01, 7F, 02, 47, 33, 33, 35, 80, 80, 80, 80, 80, 80, 80, 80, 80, 80, 80, 80, 03, 2C]
[01, 7F, 02, 47, 33, 34, 35, 80, 80, 80, 80, 80, 80, 80, 80, 80, 80, 80, 80, 03, 2B]
[01, 7F, 02, 47, 31, 39, 35, 30, 30, 30, 30, 03, 24]
[01, 7F, 02, 47, 31, 38, 82, 35, 31, 30, 30, 30, 30, 30, 20, 20, 33, 20, 03, 35]
[01, 7F, 02, 47, 33, 30, 35, 31, 30, 32, 20, 36, 20, 03, 2A]
[01, 7F, 02, 47, 33, 33, 35, 80, 80, 80, 80, 80, 80, 80, 80, 80, 80, 80, 80, 03, 2C]
[01, 7F, 02, 47, 33, 34, 35, 80, 80, 80, 80, 80, 80, 80, 80, 80, 80, 80, 80, 03, 2B]
[01, 7F, 02, 47, 31, 39, 35, 30, 30, 30, 30, 03, 24]
[01, 7F, 02, 47, 31, 38, 82, 35, 31, 30, 30, 30, 30, 30, 20, 20, 33, 20, 03, 35]
[01, 7F, 02, 47, 33, 30, 35, 31, 30, 32, 20, 36, 20, 03, 2A]
[01, 7F, 02, 47, 33, 33, 35, 80, 80, 80, 80, 80, 80, 80, 80, 80, 80, 80, 80, 03, 2C]
[01, 7F, 02, 47, 33, 34, 35, 80, 80, 80, 80, 80, 80, 80, 80, 80, 80, 80, 80, 03, 2B]
[01, 7F, 02, 47, 31, 39, 35, 30, 30, 30, 30, 03, 24]
[01, 7F, 02, 47, 31, 38, 82, 35, 31, 30, 30, 30, 30, 30, 20, 20, 33, 20, 03, 35]
[01, 7F, 02, 47, 33, 30, 35, 31, 30, 32, 20, 36, 20, 03, 2A]
[01, 7F, 02, 47, 33, 33, 35, 80, 80, 80, 80, 80, 80, 80, 80, 80, 80, 80, 80, 03, 2C]
[01, 7F, 02, 47, 33, 34, 35, 80, 80, 80, 80, 80, 80, 80, 80, 80, 80, 80, 80, 03, 2B]
[01, 7F, 02, 47, 31, 39, 35, 30, 30, 30, 30, 03, 24]
[01, 7F, 02, 47, 31, 38, 82, 35, 31, 30, 30, 30, 30, 30, 20, 20, 33, 20, 03, 35]
[01, 7F, 02, 47, 33, 30, 35, 31, 30, 32, 20, 36, 20, 03, 2A]
[01, 7F, 02, 47, 33, 33, 35, 80, 80, 80, 80, 80, 80, 80, 80, 80, 80, 80, 80, 03, 2C]
[01, 7F, 02, 47, 33, 34, 35, 80, 80, 80, 80, 80, 80, 80, 80, 80, 80, 80, 80, 03, 2B]
[01, 7F, 02, 47, 31, 39, 35, 30, 30, 30, 30, 03, 24]
[01, 7F, 02, 47, 32, 30, 31, 31, 31, 37, 03, 3D]
[01, 7F, 02, 47, 31, 38, 82, 35, 31, 30, 30, 30, 30, 30, 20, 20, 33, 20, 03, 35]
[01, 7F, 02, 47, 33, 30, 35, 31, 30, 32, 20, 36, 20, 03, 2A]
[01, 7F, 02, 47, 33, 33, 35, 80, 80, 80, 80, 80, 80, 80, 80, 80, 80, 80, 80, 03, 2C]
[01, 7F, 02, 47, 33, 34, 35, 80, 80, 80, 80, 80, 80, 80, 80, 80, 80, 80, 80, 03, 2B]
[01, 7F, 02, 47, 31, 39, 35, 30, 30, 30, 30, 03, 24]
[01, 7F, 02, 47, 31, 38, 82, 35, 31, 30, 30, 30, 30, 30, 20, 20, 33, 20, 03, 35]
[01, 7F, 02, 47, 33, 30, 35, 31, 30, 32, 20, 36, 20, 03, 2A]
[01, 7F, 02, 47, 33, 33, 35, 80, 80, 80, 80, 80, 80, 80, 80, 80, 80, 80, 80, 03, 2C]
[01, 7F, 02, 47, 33, 34, 35, 80, 80, 80, 80, 80, 80, 80, 80, 80, 80, 80, 80, 03, 2B]
[01, 7F, 02, 47, 31, 39, 35, 30, 30, 30, 30, 03, 24]
[01, 7F, 02, 47, 31, 38, 82, 35, 31, 30, 30, 30, 30, 30, 20, 20, 33, 20, 03, 35]
[01, 7F, 02, 47, 33, 30, 35, 31, 30, 32, 20, 36, 20, 03, 2A]
[01, 7F, 02, 47, 33, 33, 35, 80, 80, 80, 80, 80, 80, 80, 80, 80, 80, 80, 80, 03, 2C]
[01, 7F, 02, 47, 33, 34, 35, 80, 80, 80, 80, 80, 80, 80, 80, 80, 80, 80, 80, 03, 2B]
[01, 7F, 02, 47, 31, 39, 35, 30, 30, 30, 30, 03, 24]
[01, 7F, 02, 47, 31, 38, 82, 35, 31, 30, 30, 30, 30, 30, 20, 20, 33, 20, 03, 35]
[01, 7F, 02, 47, 33, 30, 35, 31, 30, 32, 20, 36, 20, 03, 2A]
[01, 7F, 02, 47, 33, 33, 35, 80, 80, 80, 80, 80, 80, 80, 80, 80, 80, 80, 80, 03, 2C]
[01, 7F, 02, 47, 33, 34, 35, 80, 80, 80, 80, 80, 80, 80, 80, 80, 80, 80, 80, 03, 2B]
[01, 7F, 02, 47, 31, 39, 35, 30, 30, 30, 30, 03, 24]
[01, 7F, 02, 47, 31, 38, 82, 35, 31, 30, 30, 30, 30, 30, 20, 20, 33, 20, 03, 35]
[01, 7F, 02, 47, 33, 30, 35, 31, 30, 32, 20, 36, 20, 03, 2A]
[01, 7F, 02, 47, 33, 33, 35, 80, 80, 80, 80, 80, 80, 80, 80, 80, 80, 80, 80, 03, 2C]
[01, 7F, 02, 47, 33, 34, 35, 80, 80, 80, 80, 80, 80, 80, 80, 80, 80, 80, 80, 03, 2B]
[01, 7F, 02, 47, 31, 39, 35, 30, 30, 30, 30, 03, 24]
[01, 7F, 02, 47, 31, 38, 82, 35, 31, 30, 30, 30, 30, 30, 20, 20, 33, 20, 03, 35]
[01, 7F, 02, 47, 33, 30, 35, 31, 30, 32, 20, 36, 20, 03, 2A]
[01, 7F, 02, 47, 33, 33, 35, 80, 80, 80, 80, 80, 80, 80, 80, 80, 80, 80, 80, 03, 2C]
[01, 7F, 02, 47, 33, 34, 35, 80, 80, 80, 80, 80, 80, 80, 80, 80, 80, 80, 80, 03, 2B]
[01, 7F, 02, 47, 31, 39, 35, 30, 30, 30, 30, 03, 24]
[01, 7F, 02, 47, 32, 30, 31, 31, 31, 38, 03, 32]
[01, 7F, 02, 47, 31, 38, 82, 35, 31, 30, 30, 30, 30, 30, 20, 20, 33, 20, 03, 35]
[01, 7F, 02, 47, 33, 30, 35, 31, 30, 32, 20, 36, 20, 03, 2A]
[01, 7F, 02, 47, 33, 33, 35, 80, 80, 80, 80, 80, 80, 80, 80, 80, 80, 80, 80, 03, 2C]
[01, 7F, 02, 47, 33, 34, 35, 80, 80, 80, 80, 80, 80, 80, 80, 80, 80, 80, 80, 03, 2B]
[01, 7F, 02, 47, 31, 39, 35, 30, 30, 30, 30, 03, 24]
[01, 7F, 02, 47, 31, 38, 82, 35, 31, 30, 30, 30, 30, 30, 20, 20, 33, 20, 03, 35]
[01, 7F, 02, 47, 33, 30, 35, 31, 30, 32, 20, 36, 20, 03, 2A]
[01, 7F, 02, 47, 33, 33, 35, 80, 80, 80, 80, 80, 80, 80, 80, 80, 80, 80, 80, 03, 2C]
[01, 7F, 02, 47, 33, 34, 35, 80, 80, 80, 80, 80, 80, 80, 80, 80, 80, 80, 80, 03, 2B]
[01, 7F, 02, 47, 31, 39, 35, 30, 30, 30, 30, 03, 24]
[01, 7F, 02, 47, 31, 38, 82, 35, 31, 30, 30, 30, 30, 30, 20, 20, 33, 20, 03, 35]
[01, 7F, 02, 47, 33, 30, 35, 31, 30, 32, 20, 36, 20, 03, 2A]
[01, 7F, 02, 47, 33, 33, 35, 80, 80, 80, 80, 80, 80, 80, 80, 80, 80, 80, 80, 03, 2C]
[01, 7F, 02, 47, 33, 34, 35, 80, 80, 80, 80, 80, 80, 80, 80, 80, 80, 80, 80, 03, 2B]
[01, 7F, 02, 47, 31, 39, 35, 30, 30, 30, 30, 03, 24]
[01, 7F, 02, 47, 31, 38, 82, 35, 31, 30, 30, 30, 30, 30, 20, 20, 33, 20, 03, 35]
[01, 7F, 02, 47, 33, 30, 35, 31, 30, 32, 20, 36, 20, 03, 2A]
[01, 7F, 02, 47, 33, 33, 35, 80, 80, 80, 80, 80, 80, 80, 80, 80, 80, 80, 80, 03, 2C]
[01, 7F, 02, 47, 33, 34, 35, 80, 80, 80, 80, 80, 80, 80, 80, 80, 80, 80, 80, 03, 2B]
[01, 7F, 02, 47, 31, 39, 35, 30, 30, 30, 30, 03, 24]
[01, 7F, 02, 47, 31, 38, 82, 35, 31, 30, 30, 30, 30, 30, 20, 20, 33, 20, 03, 35]
[01, 7F, 02, 47, 33, 30, 35, 31, 30, 32, 20, 36, 20, 03, 2A]
[01, 7F, 02, 47, 33, 33, 35, 80, 80, 80, 80, 80, 80, 80, 80, 80, 80, 80, 80, 03, 2C]
[01, 7F, 02, 47, 33, 34, 35, 80, 80, 80, 80, 80, 80, 80, 80, 80, 80, 80, 80, 03, 2B]
[01, 7F, 02, 47, 31, 39, 35, 30, 30, 30, 30, 03, 24]
[01, 7F, 02, 47, 31, 38, 82, 35, 31, 30, 30, 30, 30, 30, 20, 20, 33, 20, 03, 35]
[01, 7F, 02, 47, 33, 30, 35, 31, 30, 32, 20, 36, 20, 03, 2A]
[01, 7F, 02, 47, 33, 33, 35, 80, 80, 80, 80, 80, 80, 80, 80, 80, 80, 80, 80, 03, 2C]
[01, 7F, 02, 47, 33, 34, 35, 80, 80, 80, 80, 80, 80, 80, 80, 80, 80, 80, 80, 03, 2B]
[01, 7F, 02, 47, 31, 39, 35, 30, 30, 30, 30, 03, 24]
[01, 7F, 02, 47, 32, 30, 31, 31, 31, 39, 03, 33]
[01, 7F, 02, 47, 31, 38, 82, 35, 31, 30, 30, 30, 30, 30, 20, 20, 33, 20, 03, 35]
[01, 7F, 02, 47, 33, 30, 35, 31, 30, 32, 20, 36, 20, 03, 2A]
[01, 7F, 02, 47, 33, 33, 35, 80, 80, 80, 80, 80, 80, 80, 80, 80, 80, 80, 80, 03, 2C]
[01, 7F, 02, 47, 33, 34, 35, 80, 80, 80, 80, 80, 80, 80, 80, 80, 80, 80, 80, 03, 2B]
[01, 7F, 02, 47, 31, 39, 35, 30, 30, 30, 30, 03, 24]
[01, 7F, 02, 47, 31, 38, 82, 35, 31, 30, 30, 30, 30, 30, 20, 20, 33, 20, 03, 35]
[01, 7F, 02, 47, 33, 30, 35, 31, 30, 32, 20, 36, 20, 03, 2A]
[01, 7F, 02, 47, 33, 33, 35, 80, 80, 80, 80, 80, 80, 80, 80, 80, 80, 80, 80, 03, 2C]
[01, 7F, 02, 47, 33, 34, 35, 80, 80, 80, 80, 80, 80, 80, 80, 80, 80, 80, 80, 03, 2B]
[01, 7F, 02, 47, 31, 39, 35, 30, 30, 30, 30, 03, 24]
[01, 7F, 02, 47, 31, 38, 82, 35, 31, 30, 30, 30, 30, 30, 20, 20, 33, 20, 03, 35]
[01, 7F, 02, 47, 33, 30, 35, 31, 30, 32, 20, 36, 20, 03, 2A]
[01, 7F, 02, 47, 33, 33, 35, 80, 80, 80, 80, 80, 80, 80, 80, 80, 80, 80, 80, 03, 2C]
[01, 7F, 02, 47, 33, 34, 35, 80, 80, 80, 80, 80, 80, 80, 80, 80, 80, 80, 80, 03, 2B]
[01, 7F, 02, 47, 31, 39, 35, 30, 30, 30, 30, 03, 24]
[01, 7F, 02, 47, 31, 38, 82, 35, 31, 30, 30, 30, 30, 30, 20, 20, 33, 20, 03, 35]
[01, 7F, 02, 47, 33, 30, 35, 31, 30, 32, 20, 36, 20, 03, 2A]
[01, 7F, 02, 47, 33, 33, 35, 80, 80, 80, 80, 80, 80, 80, 80, 80, 80, 80, 80, 03, 2C]
[01, 7F, 02, 47, 33, 34, 35, 80, 80, 80, 80, 80, 80, 80, 80, 80, 80, 80, 80, 03, 2B]
[01, 7F, 02, 47, 31, 39, 35, 30, 30, 30, 30, 03, 24]
[01, 7F, 02, 47, 31, 38, 82, 35, 31, 30, 30, 30, 30, 30, 20, 20, 33, 20, 03, 35]
[01, 7F, 02, 47, 33, 30, 35, 31, 30, 32, 20, 36, 20, 03, 2A]
[01, 7F, 02, 47, 33, 33, 35, 80, 80, 80, 80, 80, 80, 80, 80, 80, 80, 80, 80, 03, 2C]
[01, 7F, 02, 47, 33, 34, 35, 80, 80, 80, 80, 80, 80, 80, 80, 80, 80, 80, 80, 03, 2B]
[01, 7F, 02, 47, 31, 39, 35, 30, 30, 30, 30, 03, 24]
[01, 7F, 02, 47, 31, 38, 82, 35, 31, 30, 30, 30, 30, 30, 20, 20, 33, 20, 03, 35]
[01, 7F, 02, 47, 33, 30, 35, 31, 30, 32, 20, 36, 20, 03, 2A]
[01, 7F, 02, 47, 33, 33, 35, 80, 80, 80, 80, 80, 80, 80, 80, 80, 80, 80, 80, 03, 2C]
[01, 7F, 02, 47, 33, 34, 35, 80, 80, 80, 80, 80, 80, 80, 80, 80, 80, 80, 80, 03, 2B]
[01, 7F, 02, 47, 31, 39, 35, 30, 30, 30, 30, 03, 24]
[01, 7F, 02, 47, 32, 30, 31, 31, 32, 30, 03, 39]
[01, 7F, 02, 47, 31, 38, 82, 35, 31, 30, 30, 30, 30, 30, 20, 20, 33, 20, 03, 35]
[01, 7F, 02, 47, 33, 30, 35, 31, 30, 32, 20, 36, 20, 03, 2A]
[01, 7F, 02, 47, 33, 33, 35, 80, 80, 80, 80, 80, 80, 80, 80, 80, 80, 80, 80, 03, 2C]
[01, 7F, 02, 47, 33, 34, 35, 80, 80, 80, 80, 80, 80, 80, 80, 80, 80, 80, 80, 03, 2B]
[01, 7F, 02, 47, 31, 39, 35, 30, 30, 30, 30, 03, 24]
[01, 7F, 02, 47, 31, 38, 82, 35, 31, 30, 30, 30, 30, 30, 20, 20, 33, 20, 03, 35]
[01, 7F, 02, 47, 33, 30, 35, 31, 30, 32, 20, 36, 20, 03, 2A]
[01, 7F, 02, 47, 33, 33, 35, 80, 80, 80, 80, 80, 80, 80, 80, 80, 80, 80, 80, 03, 2C]
[01, 7F, 02, 47, 33, 34, 35, 80, 80, 80, 80, 80, 80, 80, 80, 80, 80, 80, 80, 03, 2B]
[01, 7F, 02, 47, 31, 39, 35, 30, 30, 30, 30, 03, 24]
[01, 7F, 02, 47, 31, 38, 82, 35, 31, 30, 30, 30, 30, 30, 20, 20, 33, 20, 03, 35]
[01, 7F, 02, 47, 33, 30, 35, 31, 30, 32, 20, 36, 20, 03, 2A]
[01, 7F, 02, 47, 33, 33, 35, 80, 80, 80, 80, 80, 80, 80, 80, 80, 80, 80, 80, 03, 2C]
[01, 7F, 02, 47, 33, 34, 35, 80, 80, 80, 80, 80, 80, 80, 80, 80, 80, 80, 80, 03, 2B]
[01, 7F, 02, 47, 31, 39, 35, 30, 30, 30, 30, 03, 24]
[01, 7F, 02, 47, 31, 38, 82, 35, 31, 30, 30, 30, 30, 30, 20, 20, 33, 20, 03, 35]
[01, 7F, 02, 47, 33, 30, 35, 31, 30, 32, 20, 36, 20, 03, 2A]
[01, 7F, 02, 47, 33, 33, 35, 80, 80, 80, 80, 80, 80, 80, 80, 80, 80, 80, 80, 03, 2C]
[01, 7F, 02, 47, 33, 34, 35, 80, 80, 80, 80, 80, 80, 80, 80, 80, 80, 80, 80, 03, 2B]
[01, 7F, 02, 47, 31, 39, 35, 30, 30, 30, 30, 03, 24]
[01, 7F, 02, 47, 31, 38, 82, 35, 31, 30, 30, 30, 30, 30, 20, 20, 33, 20, 03, 35]
[01, 7F, 02, 47, 33, 30, 35, 31, 30, 32, 20, 36, 20, 03, 2A]
[01, 7F, 02, 47, 33, 33, 35, 80, 80, 80, 80, 80, 80, 80, 80, 80, 80, 80, 80, 03, 2C]
[01, 7F, 02, 47, 33, 34, 35, 80, 80, 80, 80, 80, 80, 80, 80, 80, 80, 80, 80, 03, 2B]
[01, 7F, 02, 47, 31, 39, 35, 30, 30, 30, 30, 03, 24]
[01, 7F, 02, 47, 31, 38, 82, 35, 31, 30, 30, 30, 30, 30, 20, 20, 33, 20, 03, 35]
[01, 7F, 02, 47, 33, 30, 35, 31, 30, 32, 20, 36, 20, 03, 2A]
[01, 7F, 02, 47, 33, 33, 35, 80, 80, 80, 80, 80, 80, 80, 80, 80, 80, 80, 80, 03, 2C]
[01, 7F, 02, 47, 33, 34, 35, 80, 80, 80, 80, 80, 80, 80, 80, 80, 80, 80, 80, 03, 2B]
[01, 7F, 02, 47, 31, 39, 35, 30, 30, 30, 30, 03, 24]
[01, 7F, 02, 47, 32, 30, 31, 31, 32, 31, 03, 38]
[01, 7F, 02, 47, 31, 38, 82, 35, 31, 30, 30, 30, 30, 30, 20, 20, 33, 20, 03, 35]
[01, 7F, 02, 47, 33, 30, 35, 31, 30, 32, 20, 36, 20, 03, 2A]
[01, 7F, 02, 47, 33, 33, 35, 80, 80, 80, 80, 80, 80, 80, 80, 80, 80, 80, 80, 03, 2C]
[01, 7F, 02, 47, 33, 34, 35, 80, 80, 80, 80, 80, 80, 80, 80, 80, 80, 80, 80, 03, 2B]
[01, 7F, 02, 47, 31, 39, 35, 30, 30, 30, 30, 03, 24]
[01, 7F, 02, 47, 31, 38, 82, 35, 31, 30, 30, 30, 30, 30, 20, 20, 33, 20, 03, 35]
[01, 7F, 02, 47, 33, 30, 35, 31, 30, 32, 20, 36, 20, 03, 2A]
[01, 7F, 02, 47, 33, 33, 35, 80, 80, 80, 80, 80, 80, 80, 80, 80, 80, 80, 80, 03, 2C]
[01, 7F, 02, 47, 33, 34, 35, 80, 80, 80, 80, 80, 80, 80, 80, 80, 80, 80, 80, 03, 2B]
[01, 7F, 02, 47, 31, 39, 35, 30, 30, 30, 30, 03, 24]
[01, 7F, 02, 47, 31, 38, 82, 35, 31, 30, 30, 30, 30, 30, 20, 20, 33, 20, 03, 35]
[01, 7F, 02, 47, 33, 30, 35, 31, 30, 32, 20, 36, 20, 03, 2A]
[01, 7F, 02, 47, 33, 33, 35, 80, 80, 80, 80, 80, 80, 80, 80, 80, 80, 80, 80, 03, 2C]
[01, 7F, 02, 47, 33, 34, 35, 80, 80, 80, 80, 80, 80, 80, 80, 80, 80, 80, 80, 03, 2B]
[01, 7F, 02, 47, 31, 39, 35, 30, 30, 30, 30, 03, 24]
[01, 7F, 02, 47, 31, 38, 82, 35, 31, 30, 30, 30, 30, 30, 20, 20, 33, 20, 03, 35]
[01, 7F, 02, 47, 33, 30, 35, 31, 30, 32, 20, 36, 20, 03, 2A]
[01, 7F, 02, 47, 33, 33, 35, 80, 80, 80, 80, 80, 80, 80, 80, 80, 80, 80, 80, 03, 2C]
[01, 7F, 02, 47, 33, 34, 35, 80, 80, 80, 80, 80, 80, 80, 80, 80, 80, 80, 80, 03, 2B]
[01, 7F, 02, 47, 31, 39, 35, 30, 30, 30, 30, 03, 24]
[01, 7F, 02, 47, 31, 38, 82, 35, 31, 30, 30, 30, 30, 30, 20, 20, 33, 20, 03, 35]
[01, 7F, 02, 47, 33, 30, 35, 31, 30, 32, 20, 36, 20, 03, 2A]
[01, 7F, 02, 47, 33, 33, 35, 80, 80, 80, 80, 80, 80, 80, 80, 80, 80, 80, 80, 03, 2C]
[01, 7F, 02, 47, 33, 34, 35, 80, 80, 80, 80, 80, 80, 80, 80, 80, 80, 80, 80, 03, 2B]
[01, 7F, 02, 47, 31, 39, 35, 30, 30, 30, 30, 03, 24]
[01, 7F, 02, 47, 31, 38, 82, 35, 31, 30, 30, 30, 30, 30, 20, 20, 33, 20, 03, 35]
[01, 7F, 02, 47, 33, 30, 35, 31, 30, 32, 20, 36, 20, 03, 2A]
[01, 7F, 02, 47, 33, 33, 35, 80, 80, 80, 80, 80, 80, 80, 80, 80, 80, 80, 80, 03, 2C]
[01, 7F, 02, 47, 33, 34, 35, 80, 80, 80, 80, 80, 80, 80, 80, 80, 80, 80, 80, 03, 2B]
[01, 7F, 02, 47, 31, 39, 35, 30, 30, 30, 30, 03, 24]
[01, 7F, 02, 47, 32, 30, 31, 31, 32, 32, 03, 3B]
[01, 7F, 02, 47, 31, 38, 82, 35, 31, 30, 30, 30, 30, 30, 20, 20, 33, 20, 03, 35]
[01, 7F, 02, 47, 33, 30, 35, 31, 30, 32, 20, 36, 20, 03, 2A]
[01, 7F, 02, 47, 33, 33, 35, 80, 80, 80, 80, 80, 80, 80, 80, 80, 80, 80, 80, 03, 2C]
[01, 7F, 02, 47, 33, 34, 35, 80, 80, 80, 80, 80, 80, 80, 80, 80, 80, 80, 80, 03, 2B]
[01, 7F, 02, 47, 31, 39, 35, 30, 30, 30, 30, 03, 24]
[01, 7F, 02, 47, 31, 38, 82, 35, 31, 30, 30, 30, 30, 30, 20, 20, 33, 20, 03, 35]
[01, 7F, 02, 47, 33, 30, 35, 31, 30, 32, 20, 36, 20, 03, 2A]
[01, 7F, 02, 47, 33, 33, 35, 80, 80, 80, 80, 80, 80, 80, 80, 80, 80, 80, 80, 03, 2C]
[01, 7F, 02, 47, 33, 34, 35, 80, 80, 80, 80, 80, 80, 80, 80, 80, 80, 80, 80, 03, 2B]
[01, 7F, 02, 47, 31, 39, 35, 30, 30, 30, 30, 03, 24]
[01, 7F, 02, 47, 31, 38, 82, 35, 31, 30, 30, 30, 30, 30, 20, 20, 33, 20, 03, 35]
[01, 7F, 02, 47, 33, 30, 35, 31, 30, 32, 20, 36, 20, 03, 2A]
[01, 7F, 02, 47, 33, 33, 35, 80, 80, 80, 80, 80, 80, 80, 80, 80, 80, 80, 80, 03, 2C]
[01, 7F, 02, 47, 33, 34, 35, 80, 80, 80, 80, 80, 80, 80, 80, 80, 80, 80, 80, 03, 2B]
[01, 7F, 02, 47, 31, 39, 35, 30, 30, 30, 30, 03, 24]
[01, 7F, 02, 47, 31, 38, 82, 35, 31, 30, 30, 30, 30, 30, 20, 20, 33, 20, 03, 35]
[01, 7F, 02, 47, 33, 30, 35, 31, 30, 32, 20, 36, 20, 03, 2A]
[01, 7F, 02, 47, 33, 33, 35, 80, 80, 80, 80, 80, 80, 80, 80, 80, 80, 80, 80, 03, 2C]
[01, 7F, 02, 47, 33, 34, 35, 80, 80, 80, 80, 80, 80, 80, 80, 80, 80, 80, 80, 03, 2B]
[01, 7F, 02, 47, 31, 39, 35, 30, 30, 30, 30, 03, 24]
[01, 7F, 02, 47, 31, 38, 82, 35, 31, 30, 30, 30, 30, 30, 20, 20, 33, 20, 03, 35]
[01, 7F, 02, 47, 33, 30, 35, 31, 30, 32, 20, 36, 20, 03, 2A]
[01, 7F, 02, 47, 33, 33, 35, 80, 80, 80, 80, 80, 80, 80, 80, 80, 80, 80, 80, 03, 2C]
[01, 7F, 02, 47, 33, 34, 35, 80, 80, 80, 80, 80, 80, 80, 80, 80, 80, 80, 80, 03, 2B]
[01, 7F, 02, 47, 31, 39, 35, 30, 30, 30, 30, 03, 24]
[01, 7F, 02, 47, 31, 38, 82, 35, 31, 30, 30, 30, 30, 30, 20, 20, 33, 20, 03, 35]
[01, 7F, 02, 47, 33, 30, 35, 31, 30, 32, 20, 36, 20, 03, 2A]
[01, 7F, 02, 47, 33, 33, 35, 80, 80, 80, 80, 80, 80, 80, 80, 80, 80, 80, 80, 03, 2C]
[01, 7F, 02, 47, 33, 34, 35, 80, 80, 80, 80, 80, 80, 80, 80, 80, 80, 80, 80, 03, 2B]
[01, 7F, 02, 47, 31, 39, 35, 30, 30, 30, 30, 03, 24]
[01, 7F, 02, 47, 32, 30, 31, 31, 32, 33, 03, 3A]
[01, 7F, 02, 47, 31, 38, 82, 35, 31, 30, 30, 30, 30, 30, 20, 20, 33, 20, 03, 35]
[01, 7F, 02, 47, 33, 30, 35, 31, 30, 32, 20, 36, 20, 03, 2A]
[01, 7F, 02, 47, 33, 33, 35, 80, 80, 80, 80, 80, 80, 80, 80, 80, 80, 80, 80, 03, 2C]
[01, 7F, 02, 47, 33, 34, 35, 80, 80, 80, 80, 80, 80, 80, 80, 80, 80, 80, 80, 03, 2B]
[01, 7F, 02, 47, 31, 39, 35, 30, 30, 30, 30, 03, 24]
[01, 7F, 02, 47, 31, 38, 82, 35, 31, 30, 30, 30, 30, 30, 20, 20, 33, 20, 03, 35]
[01, 7F, 02, 47, 33, 30, 35, 31, 30, 32, 20, 36, 20, 03, 2A]
[01, 7F, 02, 47, 33, 33, 35, 80, 80, 80, 80, 80, 80, 80, 80, 80, 80, 80, 80, 03, 2C]
[01, 7F, 02, 47, 33, 34, 35, 80, 80, 80, 80, 80, 80, 80, 80, 80, 80, 80, 80, 03, 2B]
[01, 7F, 02, 47, 31, 39, 35, 30, 30, 30, 30, 03, 24]
[01, 7F, 02, 47, 31, 38, 82, 35, 31, 30, 30, 30, 30, 30, 20, 20, 33, 20, 03, 35]
[01, 7F, 02, 47, 33, 30, 35, 31, 30, 32, 20, 36, 20, 03, 2A]
[01, 7F, 02, 47, 33, 33, 35, 80, 80, 80, 80, 80, 80, 80, 80, 80, 80, 80, 80, 03, 2C]
[01, 7F, 02, 47, 33, 34, 35, 80, 80, 80, 80, 80, 80, 80, 80, 80, 80, 80, 80, 03, 2B]
[01, 7F, 02, 47, 31, 39, 35, 30, 30, 30, 30, 03, 24]
[01, 7F, 02, 47, 31, 38, 82, 35, 31, 30, 30, 30, 30, 30, 20, 20, 33, 20, 03, 35]
[01, 7F, 02, 47, 33, 30, 35, 31, 30, 32, 20, 36, 20, 03, 2A]
[01, 7F, 02, 47, 33, 33, 35, 80, 80, 80, 80, 80, 80, 80, 80, 80, 80, 80, 80, 03, 2C]
[01, 7F, 02, 47, 33, 34, 35, 80, 80, 80, 80, 80, 80, 80, 80, 80, 80, 80, 80, 03, 2B]
[01, 7F, 02, 47, 31, 39, 35, 30, 30, 30, 30, 03, 24]
