[01, 7F, 02, 47, 31, 38, 80, 35, 20, 39, 34, 30, 30, 30, 20, 20, 34, 20, 03, 2C]
[01, 7F, 02, 47, 31, 38, 80, 35, 20, 39, 34, 30, 30, 30, 20, 20, 34, 20, 03, 2C]
[01, 7F, 02, 47, 31, 38, 80, 35, 20, 39, 34, 30, 30, 30, 20, 20, 34, 20, 03, 2C]
[01, 7F, 02, 47, 31, 38, 80, 35, 20, 39, 34, 30, 30, 30, 20, 20, 34, 20, 03, 2C]
[01, 7F, 02, 47, 35, 30, 82, 32, 34, 03, 38]
[01, 7F, 02, 47, 33, 30, 35, 20, 38, 39, 20, 36, 20, 03, 38]
[01, 7F, 02, 47, 33, 33, 35, 80, 80, 80, 80, 80, 80, 80, 80, 80, 80, 80, 80, 03, 2C]
[01, 7F, 02, 47, 36, 30, 35, 00, 00, 03, 2A]
[01, 7F, 02, 47, 31, 38, 80, 35, 20, 39, 33, 39, 30, 30, 20, 20, 34, 20, 03, 22]
[01, 7F, 02, 47, 33, 31, 35, 20, 32, 20, 30, 20, 20, 20, 20, 03, 2C]
[01, 7F, 02, 47, 33, 30, 35, 20, 38, 39, 20, 36, 20, 03, 38]
[01, 7F, 02, 47, 33, 34, 35, 80, 80, 80, 80, 80, 80, 80, 80, 80, 80, 80, 80, 03, 2B]
[01, 7F, 02, 47, 36, 30, 35, 00, 00, 03, 2A]
[01, 7F, 02, 47, 33, 31, 35, 20, 32, 20, 30, 20, 20, 20, 20, 03, 2C]
[01, 7F, 02, 47, 31, 38, 80, 35, 20, 39, 33, 39, 30, 30, 20, 20, 34, 20, 03, 22]
[01, 7F, 02, 47, 33, 30, 35, 20, 38, 39, 20, 36, 20, 03, 38]
[01, 7F, 02, 47, 35, 30, 82, 32, 34, 03, 38]
[01, 7F, 02, 47, 33, 33, 35, 80, 80, 80, 80, 80, 80, 80, 80, 80, 80, 80, 80, 03, 2C]
[01, 7F, 02, 47, 33, 34, 35, 80, 80, 80, 80, 80, 80, 80, 80, 80, 80, 80, 80, 03, 2B]
[01, 7F, 02, 47, 31, 39, 35, 30, 30, 30, 30, 03, 24]
[01, 7F, 02, 47, 31, 38, 80, 35, 20, 39, 33, 38, 30, 30, 20, 20, 34, 20, 03, 23]
[01, 7F, 02, 47, 31, 38, 80, 35, 20, 39, 33, 37, 30, 30, 20, 20, 34, 20, 03, 2C]
[01, 7F, 02, 47, 31, 38, 82, 35, 20, 39, 33, 37, 30, 30, 20, 20, 34, 20, 03, 2E]
[01, 7F, 02, 47, 31, 38, 82, 35, 20, 39, 33, 37, 30, 30, 20, 20, 34, 20, 03, 2E]
[01, 7F, 02, 47, 31, 38, 82, 35, 20, 39, 33, 37, 30, 30, 20, 20, 34, 20, 03, 2E]
[01, 7F, 02, 47, 31, 38, 82, 35, 20, 39, 33, 37, 30, 30, 20, 20, 34, 20, 03, 2E]
[01, 7F, 02, 47, 35, 30, 82, 32, 34, 03, 38]
[01, 7F, 02, 47, 32, 30, 31, 32, 30, 36, 03, 3E]
[01, 7F, 02, 47, 31, 38, 82, 35, 20, 39, 33, 37, 30, 30, 20, 20, 34, 20, 03, 2E]
[01, 7F, 02, 47, 33, 30, 35, 20, 38, 39, 20, 36, 20, 03, 38]
[01, 7F, 02, 47, 35, 30, 82, 32, 34, 03, 38]
[01, 7F, 02, 47, 33, 33, 35, 80, 80, 80, 80, 80, 80, 80, 80, 80, 80, 80, 80, 03, 2C]
[01, 7F, 02, 47, 33, 34, 35, 80, 80, 80, 80, 80, 80, 80, 80, 80, 80, 80, 80, 03, 2B]
[01, 7F, 02, 47, 31, 39, 35, 30, 30, 30, 30, 03, 24]
[01, 7F, 02, 47, 31, 38, 82, 35, 20, 39, 33, 37, 30, 30, 20, 20, 34, 20, 03, 2E]
[01, 7F, 02, 47, 33, 30, 35, 20, 38, 39, 20, 36, 20, 03, 38]
[01, 7F, 02, 47, 35, 30, 82, 32, 34, 03, 38]
[01, 7F, 02, 47, 33, 33, 35, 80, 80, 80, 80, 80, 80, 80, 80, 80, 80, 80, 80, 03, 2C]
[01, 7F, 02, 47, 33, 34, 35, 80, 80, 80, 80, 80, 80, 80, 80, 80, 80, 80, 80, 03, 2B]
[01, 7F, 02, 47, 31, 39, 35, 30, 30, 30, 30, 03, 24]
[01, 7F, 02, 47, 31, 38, 82, 35, 20, 39, 33, 37, 30, 30, 20, 20, 34, 20, 03, 2E]
[01, 7F, 02, 47, 33, 30, 35, 20, 38, 39, 20, 36, 20, 03, 38]
[01, 7F, 02, 47, 35, 30, 82, 32, 34, 03, 38]
[01, 7F, 02, 47, 33, 33, 35, 80, 80, 80, 80, 80, 80, 80, 80, 80, 80, 80, 80, 03, 2C]
[01, 7F, 02, 47, 33, 34, 35, 80, 80, 80, 80, 80, 80, 80, 80, 80, 80, 80, 80, 03, 2B]
[01, 7F, 02, 47, 31, 39, 35, 30, 30, 30, 30, 03, 24]
[01, 7F, 02, 47, 31, 38, 82, 35, 20, 39, 33, 37, 30, 30, 20, 20, 34, 20, 03, 2E]
[01, 7F, 02, 47, 33, 30, 35, 20, 38, 39, 20, 36, 20, 03, 38]
[01, 7F, 02, 47, 35, 30, 82, 32, 34, 03, 38]
[01, 7F, 02, 47, 33, 33, 35, 80, 80, 80, 80, 80, 80, 80, 80, 80, 80, 80, 80, 03, 2C]
[01, 7F, 02, 47, 33, 34, 35, 80, 80, 80, 80, 80, 80, 80, 80, 80, 80, 80, 80, 03, 2B]
[01, 7F, 02, 47, 31, 39, 35, 30, 30, 30, 30, 03, 24]
[01, 7F, 02, 47, 31, 38, 82, 35, 20, 39, 33, 37, 30, 30, 20, 20, 34, 20, 03, 2E]
[01, 7F, 02, 47, 33, 30, 35, 20, 38, 39, 20, 36, 20, 03, 38]
[01, 7F, 02, 47, 35, 30, 82, 32, 34, 03, 38]
[01, 7F, 02, 47, 33, 33, 35, 80, 80, 80, 80, 80, 80, 80, 80, 80, 80, 80, 80, 03, 2C]
[01, 7F, 02, 47, 33, 34, 35, 80, 80, 80, 80, 80, 80, 80, 80, 80, 80, 80, 80, 03, 2B]
[01, 7F, 02, 47, 31, 39, 35, 30, 30, 30, 30, 03, 24]
[01, 7F, 02, 47, 31, 38, 82, 35, 20, 39, 33, 37, 30, 30, 20, 20, 34, 20, 03, 2E]
[01, 7F, 02, 47, 33, 30, 35, 20, 38, 39, 20, 36, 20, 03, 38]
[01, 7F, 02, 47, 35, 30, 82, 32, 34, 03, 38]
[01, 7F, 02, 47, 33, 33, 35, 80, 80, 80, 80, 80, 80, 80, 80, 80, 80, 80, 80, 03, 2C]
[01, 7F, 02, 47, 33, 34, 35, 80, 80, 80, 80, 80, 80, 80, 80, 80, 80, 80, 80, 03, 2B]
[01, 7F, 02, 47, 31, 39, 35, 30, 30, 30, 30, 03, 24]
[01, 7F, 02, 47, 32, 30, 31, 32, 30, 37, 03, 3F]
[01, 7F, 02, 47, 31, 38, 82, 35, 20, 39, 33, 37, 30, 30, 20, 20, 34, 20, 03, 2E]
[01, 7F, 02, 47, 33, 30, 35, 20, 38, 39, 20, 36, 20, 03, 38]
[01, 7F, 02, 47, 35, 30, 82, 32, 34, 03, 38]
[01, 7F, 02, 47, 33, 33, 35, 80, 80, 80, 80, 80, 80, 80, 80, 80, 80, 80, 80, 03, 2C]
[01, 7F, 02, 47, 33, 34, 35, 80, 80, 80, 80, 80, 80, 80, 80, 80, 80, 80, 80, 03, 2B]
[01, 7F, 02, 47, 31, 39, 35, 30, 30, 30, 30, 03, 24]
[01, 7F, 02, 47, 31, 38, 82, 35, 20, 39, 33, 37, 30, 30, 20, 20, 34, 20, 03, 2E]
[01, 7F, 02, 47, 33, 30, 35, 20, 38, 39, 20, 36, 20, 03, 38]
[01, 7F, 02, 47, 35, 30, 82, 32, 34, 03, 38]
[01, 7F, 02, 47, 33, 33, 35, 80, 80, 80, 80, 80, 80, 80, 80, 80, 80, 80, 80, 03, 2C]
[01, 7F, 02, 47, 33, 34, 35, 80, 80, 80, 80, 80, 80, 80, 80, 80, 80, 80, 80, 03, 2B]
[01, 7F, 02, 47, 31, 39, 35, 30, 30, 30, 30, 03, 24]
