[01, 7F, 02, 47, 31, 38, 80, 35, 20, 39, 30, 35, 30, 30, 20, 20, 34, 20, 03, 2D]
[01, 7F, 02, 47, 31, 38, 80, 35, 20, 39, 30, 35, 30, 30, 20, 20, 34, 20, 03, 2D]
[01, 7F, 02, 47, 31, 38, 80, 35, 20, 39, 30, 35, 30, 30, 20, 20, 34, 20, 03, 2D]
[01, 7F, 02, 47, 31, 38, 80, 35, 20, 39, 30, 35, 30, 30, 20, 20, 34, 20, 03, 2D]
[01, 7F, 02, 47, 35, 30, 82, 31, 37, 03, 38]
[01, 7F, 02, 47, 33, 30, 35, 20, 38, 39, 31, 32, 20, 03, 2D]
[01, 7F, 02, 47, 33, 33, 35, 80, 80, 80, 80, 80, 80, 80, 80, 80, 80, 80, 80, 03, 2C]
[01, 7F, 02, 47, 36, 30, 35, 00, 00, 03, 2A]
[01, 7F, 02, 47, 33, 31, 35, 20, 32, 20, 30, 20, 20, 20, 20, 03, 2C]
[01, 7F, 02, 47, 33, 30, 35, 20, 38, 39, 31, 32, 20, 03, 2D]
[01, 7F, 02, 47, 36, 30, 35, 00, 00, 03, 2A]
[01, 7F, 02, 47, 33, 34, 35, 80, 80, 80, 80, 80, 80, 80, 80, 80, 80, 80, 80, 03, 2B]
[01, 7F, 02, 47, 33, 31, 35, 20, 32, 20, 30, 20, 20, 20, 20, 03, 2C]
[01, 7F, 02, 47, 31, 38, 80, 35, 20, 39, 30, 34, 30, 30, 20, 20, 34, 20, 03, 2C]
[01, 7F, 02, 47, 31, 38, 80, 35, 20, 39, 30, 33, 30, 30, 20, 20, 34, 20, 03, 2B]
[01, 7F, 02, 47, 31, 38, 80, 35, 20, 39, 30, 32, 30, 30, 20, 20, 34, 20, 03, 2A]
[01, 7F, 02, 47, 31, 38, 80, 35, 20, 39, 30, 31, 30, 30, 20, 20, 34, 20, 03, 29]
[01, 7F, 02, 47, 31, 38, 82, 35, 20, 39, 30, 31, 30, 30, 20, 20, 34, 20, 03, 2B]
[01, 7F, 02, 47, 31, 38, 82, 35, 20, 39, 30, 31, 30, 30, 20, 20, 34, 20, 03, 2B]
[01, 7F, 02, 47, 31, 38, 82, 35, 20, 39, 30, 31, 30, 30, 20, 20, 34, 20, 03, 2B]
[01, 7F, 02, 47, 31, 38, 82, 35, 20, 39, 30, 31, 30, 30, 20, 20, 34, 20, 03, 2B]
[01, 7F, 02, 47, 35, 30, 82, 31, 37, 03, 38]
[01, 7F, 02, 47, 31, 38, 82, 35, 20, 39, 30, 31, 30, 30, 20, 20, 34, 20, 03, 2B]
[01, 7F, 02, 47, 33, 30, 35, 20, 38, 39, 31, 32, 20, 03, 2D]
[01, 7F, 02, 47, 35, 30, 82, 31, 37, 03, 38]
[01, 7F, 02, 47, 33, 33, 35, 80, 80, 80, 80, 80, 80, 80, 80, 80, 80, 80, 80, 03, 2C]
[01, 7F, 02, 47, 33, 34, 35, 80, 80, 80, 80, 80, 80, 80, 80, 80, 80, 80, 80, 03, 2B]
[01, 7F, 02, 47, 31, 39, 35, 30, 30, 30, 30, 03, 24]
[01, 7F, 02, 47, 31, 38, 82, 35, 20, 39, 30, 31, 30, 30, 20, 20, 34, 20, 03, 2B]
[01, 7F, 02, 47, 33, 30, 35, 20, 38, 39, 31, 32, 20, 03, 2D]
[01, 7F, 02, 47, 35, 30, 82, 31, 37, 03, 38]
[01, 7F, 02, 47, 33, 33, 35, 80, 80, 80, 80, 80, 80, 80, 80, 80, 80, 80, 80, 03, 2C]
[01, 7F, 02, 47, 33, 34, 35, 80, 80, 80, 80, 80, 80, 80, 80, 80, 80, 80, 80, 03, 2B]
[01, 7F, 02, 47, 31, 39, 35, 30, 30, 30, 30, 03, 24]
