[01, 7F, 02, 47, 31, 38, 92, 35, 34, 39, 44, 35, 30, 30, 20, 20, 33, 20, 03, 78]
[01, 7F, 02, 47, 33, 30, 35, 31, 30, 32, 20, 36, 20, 03, 2A]
[01, 7F, 02, 47, 35, 30, 82, 32, 34, 03, 38]
[01, 7F, 02, 47, 33, 33, 35, 80, 80, 80, 80, 80, 80, 80, 80, 80, 80, 80, 80, 03, 2C]
[01, 7F, 02, 47, 33, 34, 35, 80, 80, 80, 80, 80, 80, 80, 80, 80, 80, 80, 80, 03, 2B]
[01, 7F, 02, 47, 31, 39, 35, 30, 30, 30, 30, 03, 24]
[01, 7F, 02, 47, 32, 30, 31, 31, 34, 39, 03, 36]
[01, 7F, 02, 47, 31, 38, 92, 35, 34, 39, 44, 35, 30, 30, 20, 20, 33, 20, 03, 78]
[01, 7F, 02, 47, 33, 30, 35, 31, 30, 32, 20, 36, 20, 03, 2A]
[01, 7F, 02, 47, 35, 30, 82, 32, 34, 03, 38]
[01, 7F, 02, 47, 33, 33, 35, 80, 80, 80, 80, 80, 80, 80, 80, 80, 80, 80, 80, 03, 2C]
[01, 7F, 02, 47, 33, 34, 35, 80, 80, 80, 80, 80, 80, 80, 80, 80, 80, 80, 80, 03, 2B]
[01, 7F, 02, 47, 31, 39, 35, 30, 30, 30, 30, 03, 24]
[01, 7F, 02, 47, 33, 36, 34, 39, 35, 03, 24]
[01, 7F, 02, 47, 31, 38, 90, 35, 34, 39, 44, 33, 30, 30, 20, 20, 33, 20, 03, 7C]
[01, 7F, 02, 47, 33, 36, 34, 39, 32, 03, 23]
[01, 7F, 02, 47, 31, 38, 90, 35, 34, 39, 44, 32, 30, 30, 20, 20, 33, 20, 03, 7D]
[01, 7F, 02, 47, 31, 38, 90, 35, 34, 39, 44, 32, 30, 30, 20, 20, 33, 20, 03, 7D]
[01, 7F, 02, 47, 35, 30, 82, 32, 34, 03, 38]
[01, 7F, 02, 47, 31, 38, 90, 35, 34, 39, 44, 32, 30, 30, 20, 20, 33, 20, 03, 7D]
[01, 7F, 02, 47, 33, 36, 34, 39, 32, 03, 23]
[01, 7F, 02, 47, 33, 30, 35, 31, 30, 32, 20, 36, 20, 03, 2A]
[01, 7F, 02, 47, 33, 33, 35, 80, 80, 80, 80, 80, 80, 80, 80, 80, 80, 80, 80, 03, 2C]
[01, 7F, 02, 47, 36, 30, 35, 00, 00, 03, 2A]
[01, 7F, 02, 47, 33, 31, 35, 20, 35, 20, 30, 20, 20, 20, 20, 03, 2B]
[01, 7F, 02, 47, 33, 36, 34, 39, 31, 03, 20]
[01, 7F, 02, 47, 33, 30, 35, 31, 30, 32, 20, 36, 20, 03, 2A]
[01, 7F, 02, 47, 33, 34, 35, 80, 80, 80, 80, 80, 80, 80, 80, 80, 80, 80, 80, 03, 2B]
[01, 7F, 02, 47, 36, 30, 35, 00, 00, 03, 2A]
[01, 7F, 02, 47, 33, 31, 35, 20, 35, 20, 30, 20, 20, 20, 20, 03, 2B]
[01, 7F, 02, 47, 33, 36, 34, 39, 30, 03, 21]
[01, 7F, 02, 47, 33, 36, 34, 38, 39, 03, 29]
[01, 7F, 02, 47, 33, 36, 34, 38, 38, 03, 28]
[01, 7F, 02, 47, 33, 36, 34, 38, 37, 03, 27]
[01, 7F, 02, 47, 33, 36, 34, 38, 36, 03, 26]
[01, 7F, 02, 47, 33, 36, 34, 38, 35, 03, 25]
[01, 7F, 02, 47, 33, 36, 34, 38, 34, 03, 24]
[01, 7F, 02, 47, 33, 36, 34, 38, 32, 03, 22]
[01, 7F, 02, 47, 33, 36, 34, 38, 31, 03, 21]
[01, 7F, 02, 47, 33, 36, 34, 38, 31, 03, 21]
[01, 7F, 02, 47, 33, 36, 34, 38, 30, 03, 20]
[01, 7F, 02, 47, 33, 36, 34, 37, 38, 03, 27]
[01, 7F, 02, 47, 33, 36, 34, 37, 38, 03, 27]
[01, 7F, 02, 47, 33, 36, 34, 37, 37, 03, 28]
[01, 7F, 02, 47, 33, 36, 34, 37, 36, 03, 29]
[01, 7F, 02, 47, 33, 36, 34, 37, 35, 03, 2A]
[01, 7F, 02, 47, 33, 36, 34, 37, 34, 03, 2B]
[01, 7F, 02, 47, 33, 36, 34, 37, 32, 03, 2D]
[01, 7F, 02, 47, 33, 36, 34, 37, 31, 03, 2E]
[01, 7F, 02, 47, 33, 36, 34, 37, 31, 03, 2E]
[01, 7F, 02, 47, 33, 36, 34, 37, 30, 03, 2F]
[01, 7F, 02, 47, 33, 36, 34, 36, 39, 03, 27]
[01, 7F, 02, 47, 33, 36, 34, 36, 38, 03, 26]
[01, 7F, 02, 47, 33, 36, 34, 36, 36, 03, 28]
[01, 7F, 02, 47, 33, 36, 34, 36, 36, 03, 28]
[01, 7F, 02, 47, 33, 36, 34, 36, 34, 03, 2A]
[01, 7F, 02, 47, 33, 36, 34, 36, 33, 03, 2D]
[01, 7F, 02, 47, 33, 36, 34, 36, 32, 03, 2C]
[01, 7F, 02, 47, 33, 36, 34, 36, 31, 03, 2F]
[01, 7F, 02, 47, 33, 36, 34, 36, 31, 03, 2F]
[01, 7F, 02, 47, 33, 36, 34, 35, 39, 03, 24]
[01, 7F, 02, 47, 33, 36, 34, 35, 38, 03, 25]
[01, 7F, 02, 47, 33, 36, 34, 35, 38, 03, 25]
[01, 7F, 02, 47, 33, 36, 34, 35, 37, 03, 2A]
[01, 7F, 02, 47, 33, 36, 34, 35, 36, 03, 2B]
[01, 7F, 02, 47, 33, 36, 34, 35, 34, 03, 29]
[01, 7F, 02, 47, 33, 36, 34, 35, 33, 03, 2E]
[01, 7F, 02, 47, 31, 38, 92, 35, 34, 35, 44, 33, 30, 30, 20, 20, 33, 20, 03, 72]
[01, 7F, 02, 47, 31, 38, 92, 35, 34, 35, 44, 33, 30, 30, 20, 20, 33, 20, 03, 72]
[01, 7F, 02, 47, 31, 38, 92, 35, 34, 35, 44, 33, 30, 30, 20, 20, 33, 20, 03, 72]
[01, 7F, 02, 47, 31, 38, 92, 35, 34, 35, 44, 33, 30, 30, 20, 20, 33, 20, 03, 72]
[01, 7F, 02, 47, 33, 30, 35, 31, 30, 32, 20, 36, 20, 03, 2A]
[01, 7F, 02, 47, 35, 30, 82, 32, 34, 03, 38]
[01, 7F, 02, 47, 33, 33, 35, 80, 80, 80, 80, 80, 80, 80, 80, 80, 80, 80, 80, 03, 2C]
[01, 7F, 02, 47, 31, 38, 92, 35, 34, 35, 44, 33, 30, 30, 20, 20, 33, 20, 03, 72]
[01, 7F, 02, 47, 35, 30, 82, 32, 34, 03, 38]
[01, 7F, 02, 47, 33, 34, 35, 80, 80, 80, 80, 80, 80, 80, 80, 80, 80, 80, 80, 03, 2B]
[01, 7F, 02, 47, 31, 39, 35, 30, 30, 30, 30, 03, 24]
[01, 7F, 02, 47, 33, 30, 35, 20, 38, 37, 20, 36, 20, 03, 36]
[01, 7F, 02, 47, 33, 33, 35, 80, 80, 80, 80, 80, 80, 80, 80, 80, 80, 80, 80, 03, 2C]
[01, 7F, 02, 47, 33, 31, 35, 20, 35, 20, 30, 20, 20, 20, 20, 03, 2B]
[01, 7F, 02, 47, 31, 38, 92, 35, 34, 35, 44, 33, 30, 30, 20, 20, 33, 20, 03, 72]
[01, 7F, 02, 47, 33, 30, 35, 20, 38, 37, 20, 36, 20, 03, 36]
[01, 7F, 02, 47, 35, 30, 82, 32, 34, 03, 38]
[01, 7F, 02, 47, 33, 33, 35, 80, 80, 80, 80, 80, 80, 80, 80, 80, 80, 80, 80, 03, 2C]
[01, 7F, 02, 47, 33, 34, 35, 80, 80, 80, 80, 80, 80, 80, 80, 80, 80, 80, 80, 03, 2B]
[01, 7F, 02, 47, 31, 39, 35, 30, 30, 30, 30, 03, 24]
[01, 7F, 02, 47, 31, 38, 92, 35, 34, 35, 44, 33, 30, 30, 20, 20, 33, 20, 03, 72]
[01, 7F, 02, 47, 33, 30, 35, 20, 38, 37, 20, 36, 20, 03, 36]
[01, 7F, 02, 47, 35, 30, 82, 32, 34, 03, 38]
[01, 7F, 02, 47, 33, 33, 35, 80, 80, 80, 80, 80, 80, 80, 80, 80, 80, 80, 80, 03, 2C]
[01, 7F, 02, 47, 33, 34, 35, 80, 80, 80, 80, 80, 80, 80, 80, 80, 80, 80, 80, 03, 2B]
[01, 7F, 02, 47, 31, 39, 35, 30, 30, 30, 30, 03, 24]
[01, 7F, 02, 47, 33, 36, 34, 35, 33, 03, 2E]
[01, 7F, 02, 47, 31, 38, 90, 35, 34, 35, 44, 32, 30, 30, 20, 20, 33, 20, 03, 71]
[01, 7F, 02, 47, 33, 36, 34, 35, 31, 03, 2C]
[01, 7F, 02, 47, 31, 38, 90, 35, 34, 35, 44, 30, 30, 30, 20, 20, 33, 20, 03, 73]
[01, 7F, 02, 47, 31, 38, 90, 35, 34, 35, 44, 30, 30, 30, 20, 20, 33, 20, 03, 73]
[01, 7F, 02, 47, 33, 36, 34, 35, 30, 03, 2D]
[01, 7F, 02, 47, 31, 38, 90, 35, 34, 35, 44, 30, 30, 30, 20, 20, 33, 20, 03, 73]
[01, 7F, 02, 47, 35, 30, 82, 32, 34, 03, 38]
[01, 7F, 02, 47, 33, 36, 34, 34, 38, 03, 24]
[01, 7F, 02, 47, 33, 36, 34, 34, 37, 03, 2B]
[01, 7F, 02, 47, 33, 36, 34, 34, 37, 03, 2B]
[01, 7F, 02, 47, 33, 30, 35, 20, 38, 37, 20, 36, 20, 03, 36]
[01, 7F, 02, 47, 33, 33, 35, 80, 80, 80, 80, 80, 80, 80, 80, 80, 80, 80, 80, 03, 2C]
[01, 7F, 02, 47, 33, 31, 35, 20, 35, 20, 30, 20, 20, 20, 20, 03, 2B]
[01, 7F, 02, 47, 33, 36, 34, 34, 36, 03, 2A]
[01, 7F, 02, 47, 36, 30, 35, 00, 00, 03, 2A]
[01, 7F, 02, 47, 33, 36, 34, 34, 35, 03, 29]
[01, 7F, 02, 47, 33, 30, 35, 20, 38, 37, 20, 36, 20, 03, 36]
[01, 7F, 02, 47, 36, 30, 35, 00, 00, 03, 2A]
[01, 7F, 02, 47, 33, 34, 35, 80, 80, 80, 80, 80, 80, 80, 80, 80, 80, 80, 80, 03, 2B]
[01, 7F, 02, 47, 33, 31, 35, 20, 35, 20, 30, 20, 20, 20, 20, 03, 2B]
[01, 7F, 02, 47, 33, 36, 34, 34, 34, 03, 28]
[01, 7F, 02, 47, 33, 36, 34, 34, 33, 03, 2F]
[01, 7F, 02, 47, 33, 36, 34, 34, 32, 03, 2E]
[01, 7F, 02, 47, 33, 36, 34, 34, 31, 03, 2D]
[01, 7F, 02, 47, 33, 36, 34, 34, 30, 03, 2C]
[01, 7F, 02, 47, 33, 36, 34, 33, 39, 03, 22]
[01, 7F, 02, 47, 33, 36, 34, 33, 38, 03, 23]
[01, 7F, 02, 47, 33, 36, 34, 33, 37, 03, 2C]
[01, 7F, 02, 47, 33, 36, 34, 33, 36, 03, 2D]
[01, 7F, 02, 47, 33, 36, 34, 33, 35, 03, 2E]
[01, 7F, 02, 47, 33, 36, 34, 33, 34, 03, 2F]
[01, 7F, 02, 47, 33, 36, 34, 33, 33, 03, 28]
[01, 7F, 02, 47, 33, 36, 34, 33, 32, 03, 29]
[01, 7F, 02, 47, 33, 36, 34, 33, 31, 03, 2A]
[01, 7F, 02, 47, 33, 36, 34, 33, 30, 03, 2B]
[01, 7F, 02, 47, 33, 36, 34, 32, 39, 03, 23]
[01, 7F, 02, 47, 33, 36, 34, 32, 38, 03, 22]
[01, 7F, 02, 47, 33, 36, 34, 32, 37, 03, 2D]
[01, 7F, 02, 47, 33, 36, 34, 32, 36, 03, 2C]
[01, 7F, 02, 47, 33, 36, 34, 32, 35, 03, 2F]
[01, 7F, 02, 47, 33, 36, 34, 32, 34, 03, 2E]
[01, 7F, 02, 47, 33, 36, 34, 32, 33, 03, 29]
[01, 7F, 02, 47, 33, 36, 34, 32, 32, 03, 28]
[01, 7F, 02, 47, 33, 36, 34, 32, 31, 03, 2B]
[01, 7F, 02, 47, 33, 36, 34, 32, 30, 03, 2A]
[01, 7F, 02, 47, 33, 36, 34, 31, 39, 03, 20]
[01, 7F, 02, 47, 33, 36, 34, 31, 38, 03, 21]
[01, 7F, 02, 47, 33, 36, 34, 31, 37, 03, 2E]
[01, 7F, 02, 47, 31, 38, 92, 35, 34, 31, 44, 37, 30, 30, 20, 20, 33, 20, 03, 72]
[01, 7F, 02, 47, 31, 38, 92, 35, 34, 31, 44, 37, 30, 30, 20, 20, 33, 20, 03, 72]
[01, 7F, 02, 47, 31, 38, 92, 35, 34, 31, 44, 37, 30, 30, 20, 20, 33, 20, 03, 72]
[01, 7F, 02, 47, 31, 38, 92, 35, 34, 31, 44, 37, 30, 30, 20, 20, 33, 20, 03, 72]
[01, 7F, 02, 47, 35, 30, 82, 32, 34, 03, 38]
[01, 7F, 02, 47, 31, 38, 92, 35, 34, 31, 44, 37, 30, 30, 20, 20, 33, 20, 03, 72]
[01, 7F, 02, 47, 35, 30, 80, 32, 34, 03, 3A]
[01, 7F, 02, 47, 35, 30, 80, 32, 33, 03, 3D]
[01, 7F, 02, 47, 31, 38, 92, 35, 34, 31, 44, 37, 30, 30, 20, 20, 33, 20, 03, 72]
[01, 7F, 02, 47, 35, 30, 80, 32, 33, 03, 3D]
[01, 7F, 02, 47, 35, 30, 80, 32, 32, 03, 3C]
[01, 7F, 02, 47, 35, 30, 80, 32, 31, 03, 3F]
[01, 7F, 02, 47, 31, 38, 92, 35, 34, 31, 44, 37, 30, 30, 20, 20, 33, 20, 03, 72]
[01, 7F, 02, 47, 33, 30, 35, 20, 38, 37, 20, 36, 20, 03, 36]
[01, 7F, 02, 47, 35, 30, 80, 32, 31, 03, 3F]
[01, 7F, 02, 47, 33, 33, 35, 80, 80, 80, 80, 80, 80, 80, 80, 80, 80, 80, 80, 03, 2C]
[01, 7F, 02, 47, 33, 34, 35, 80, 80, 80, 80, 80, 80, 80, 80, 80, 80, 80, 80, 03, 2B]
[01, 7F, 02, 47, 31, 39, 35, 30, 30, 30, 30, 03, 24]
[01, 7F, 02, 47, 31, 38, 92, 35, 34, 31, 44, 37, 30, 30, 20, 20, 33, 20, 03, 72]
[01, 7F, 02, 47, 35, 30, 82, 32, 31, 03, 3D]
[01, 7F, 02, 47, 31, 38, 92, 35, 34, 31, 44, 37, 30, 30, 20, 20, 33, 20, 03, 72]
[01, 7F, 02, 47, 35, 30, 82, 32, 31, 03, 3D]
[01, 7F, 02, 47, 31, 38, 92, 35, 34, 31, 44, 37, 30, 30, 20, 20, 33, 20, 03, 72]
[01, 7F, 02, 47, 33, 30, 35, 20, 38, 37, 20, 36, 20, 03, 36]
[01, 7F, 02, 47, 35, 30, 82, 32, 31, 03, 3D]
[01, 7F, 02, 47, 33, 33, 35, 80, 80, 80, 80, 80, 80, 80, 80, 80, 80, 80, 80, 03, 2C]
[01, 7F, 02, 47, 33, 34, 35, 80, 80, 80, 80, 80, 80, 80, 80, 80, 80, 80, 80, 03, 2B]
[01, 7F, 02, 47, 31, 39, 35, 30, 30, 30, 30, 03, 24]
[01, 7F, 02, 47, 32, 30, 31, 31, 35, 30, 03, 3E]
[01, 7F, 02, 47, 31, 38, 92, 35, 34, 31, 44, 37, 30, 30, 20, 20, 33, 20, 03, 72]
[01, 7F, 02, 47, 33, 30, 35, 20, 38, 37, 20, 36, 20, 03, 36]
[01, 7F, 02, 47, 35, 30, 82, 32, 31, 03, 3D]
[01, 7F, 02, 47, 33, 33, 35, 80, 80, 80, 80, 80, 80, 80, 80, 80, 80, 80, 80, 03, 2C]
[01, 7F, 02, 47, 33, 34, 35, 80, 80, 80, 80, 80, 80, 80, 80, 80, 80, 80, 80, 03, 2B]
[01, 7F, 02, 47, 31, 39, 35, 30, 30, 30, 30, 03, 24]
[01, 7F, 02, 47, 31, 38, 92, 35, 34, 31, 44, 37, 30, 30, 20, 20, 33, 20, 03, 72]
[01, 7F, 02, 47, 33, 30, 35, 20, 38, 37, 20, 36, 20, 03, 36]
[01, 7F, 02, 47, 35, 30, 82, 32, 31, 03, 3D]
[01, 7F, 02, 47, 33, 33, 35, 80, 80, 80, 80, 80, 80, 80, 80, 80, 80, 80, 80, 03, 2C]
[01, 7F, 02, 47, 33, 34, 35, 80, 80, 80, 80, 80, 80, 80, 80, 80, 80, 80, 80, 03, 2B]
[01, 7F, 02, 47, 31, 39, 35, 30, 30, 30, 30, 03, 24]
[01, 7F, 02, 47, 31, 38, 92, 35, 34, 31, 44, 37, 30, 30, 20, 20, 33, 20, 03, 72]
[01, 7F, 02, 47, 33, 30, 35, 20, 38, 37, 20, 36, 20, 03, 36]
[01, 7F, 02, 47, 35, 30, 82, 32, 31, 03, 3D]
[01, 7F, 02, 47, 33, 33, 35, 80, 80, 80, 80, 80, 80, 80, 80, 80, 80, 80, 80, 03, 2C]
[01, 7F, 02, 47, 33, 34, 35, 80, 80, 80, 80, 80, 80, 80, 80, 80, 80, 80, 80, 03, 2B]
[01, 7F, 02, 47, 31, 39, 35, 30, 30, 30, 30, 03, 24]
[01, 7F, 02, 47, 31, 38, 92, 35, 34, 31, 44, 37, 30, 30, 20, 20, 33, 20, 03, 72]
[01, 7F, 02, 47, 33, 30, 35, 20, 38, 37, 20, 36, 20, 03, 36]
[01, 7F, 02, 47, 35, 30, 82, 32, 31, 03, 3D]
[01, 7F, 02, 47, 33, 33, 35, 80, 80, 80, 80, 80, 80, 80, 80, 80, 80, 80, 80, 03, 2C]
[01, 7F, 02, 47, 33, 34, 35, 80, 80, 80, 80, 80, 80, 80, 80, 80, 80, 80, 80, 03, 2B]
[01, 7F, 02, 47, 31, 39, 35, 30, 30, 30, 30, 03, 24]
[01, 7F, 02, 47, 31, 38, 92, 35, 34, 31, 44, 37, 30, 30, 20, 20, 33, 20, 03, 72]
[01, 7F, 02, 47, 33, 30, 35, 20, 38, 37, 20, 36, 20, 03, 36]
[01, 7F, 02, 47, 35, 30, 82, 32, 31, 03, 3D]
[01, 7F, 02, 47, 33, 33, 35, 80, 80, 80, 80, 80, 80, 80, 80, 80, 80, 80, 80, 03, 2C]
[01, 7F, 02, 47, 33, 34, 35, 80, 80, 80, 80, 80, 80, 80, 80, 80, 80, 80, 80, 03, 2B]
[01, 7F, 02, 47, 31, 39, 35, 30, 30, 30, 30, 03, 24]
[01, 7F, 02, 47, 31, 38, 92, 35, 34, 31, 44, 37, 30, 30, 20, 20, 33, 20, 03, 72]
[01, 7F, 02, 47, 33, 30, 35, 20, 38, 37, 20, 36, 20, 03, 36]
[01, 7F, 02, 47, 35, 30, 82, 32, 31, 03, 3D]
[01, 7F, 02, 47, 33, 33, 35, 80, 80, 80, 80, 80, 80, 80, 80, 80, 80, 80, 80, 03, 2C]
[01, 7F, 02, 47, 33, 34, 35, 80, 80, 80, 80, 80, 80, 80, 80, 80, 80, 80, 80, 03, 2B]
[01, 7F, 02, 47, 31, 39, 35, 30, 30, 30, 30, 03, 24]
[01, 7F, 02, 47, 32, 30, 31, 31, 35, 31, 03, 3F]
[01, 7F, 02, 47, 31, 38, 92, 35, 34, 31, 44, 37, 30, 30, 20, 20, 33, 20, 03, 72]
[01, 7F, 02, 47, 33, 30, 35, 20, 38, 37, 20, 36, 20, 03, 36]
[01, 7F, 02, 47, 35, 30, 82, 32, 31, 03, 3D]
[01, 7F, 02, 47, 33, 33, 35, 80, 80, 80, 80, 80, 80, 80, 80, 80, 80, 80, 80, 03, 2C]
[01, 7F, 02, 47, 33, 34, 35, 80, 80, 80, 80, 80, 80, 80, 80, 80, 80, 80, 80, 03, 2B]
[01, 7F, 02, 47, 31, 39, 35, 30, 30, 30, 30, 03, 24]
[01, 7F, 02, 47, 31, 38, 92, 35, 34, 31, 44, 37, 30, 30, 20, 20, 33, 20, 03, 72]
[01, 7F, 02, 47, 33, 30, 35, 20, 38, 37, 20, 36, 20, 03, 36]
[01, 7F, 02, 47, 35, 30, 82, 32, 31, 03, 3D]
[01, 7F, 02, 47, 33, 33, 35, 80, 80, 80, 80, 80, 80, 80, 80, 80, 80, 80, 80, 03, 2C]
[01, 7F, 02, 47, 33, 34, 35, 80, 80, 80, 80, 80, 80, 80, 80, 80, 80, 80, 80, 03, 2B]
[01, 7F, 02, 47, 31, 39, 35, 30, 30, 30, 30, 03, 24]
[01, 7F, 02, 47, 31, 38, 92, 35, 34, 31, 44, 37, 30, 30, 20, 20, 33, 20, 03, 72]
[01, 7F, 02, 47, 33, 30, 35, 20, 38, 37, 20, 36, 20, 03, 36]
[01, 7F, 02, 47, 35, 30, 82, 32, 31, 03, 3D]
[01, 7F, 02, 47, 33, 33, 35, 80, 80, 80, 80, 80, 80, 80, 80, 80, 80, 80, 80, 03, 2C]
[01, 7F, 02, 47, 33, 34, 35, 80, 80, 80, 80, 80, 80, 80, 80, 80, 80, 80, 80, 03, 2B]
[01, 7F, 02, 47, 31, 39, 35, 30, 30, 30, 30, 03, 24]
[01, 7F, 02, 47, 31, 38, 92, 35, 34, 31, 44, 37, 30, 30, 20, 20, 33, 20, 03, 72]
[01, 7F, 02, 47, 33, 30, 35, 20, 38, 37, 20, 36, 20, 03, 36]
[01, 7F, 02, 47, 35, 30, 82, 32, 31, 03, 3D]
[01, 7F, 02, 47, 33, 33, 35, 80, 80, 80, 80, 80, 80, 80, 80, 80, 80, 80, 80, 03, 2C]
[01, 7F, 02, 47, 33, 34, 35, 80, 80, 80, 80, 80, 80, 80, 80, 80, 80, 80, 80, 03, 2B]
[01, 7F, 02, 47, 31, 39, 35, 30, 30, 30, 30, 03, 24]
[01, 7F, 02, 47, 31, 38, 92, 35, 34, 31, 44, 37, 30, 30, 20, 20, 33, 20, 03, 72]
[01, 7F, 02, 47, 33, 30, 35, 20, 38, 37, 20, 36, 20, 03, 36]
[01, 7F, 02, 47, 35, 30, 82, 32, 31, 03, 3D]
[01, 7F, 02, 47, 33, 33, 35, 80, 80, 80, 80, 80, 80, 80, 80, 80, 80, 80, 80, 03, 2C]
[01, 7F, 02, 47, 33, 34, 35, 80, 80, 80, 80, 80, 80, 80, 80, 80, 80, 80, 80, 03, 2B]
[01, 7F, 02, 47, 31, 39, 35, 30, 30, 30, 30, 03, 24]
[01, 7F, 02, 47, 31, 38, 92, 35, 34, 31, 44, 37, 30, 30, 20, 20, 33, 20, 03, 72]
[01, 7F, 02, 47, 33, 30, 35, 20, 38, 37, 20, 36, 20, 03, 36]
[01, 7F, 02, 47, 35, 30, 82, 32, 31, 03, 3D]
[01, 7F, 02, 47, 33, 33, 35, 80, 80, 80, 80, 80, 80, 80, 80, 80, 80, 80, 80, 03, 2C]
[01, 7F, 02, 47, 33, 34, 35, 80, 80, 80, 80, 80, 80, 80, 80, 80, 80, 80, 80, 03, 2B]
[01, 7F, 02, 47, 31, 39, 35, 30, 30, 30, 30, 03, 24]
[01, 7F, 02, 47, 32, 30, 31, 31, 35, 32, 03, 3C]
[01, 7F, 02, 47, 31, 38, 92, 35, 34, 31, 44, 37, 30, 30, 20, 20, 33, 20, 03, 72]
[01, 7F, 02, 47, 33, 30, 35, 20, 38, 37, 20, 36, 20, 03, 36]
[01, 7F, 02, 47, 35, 30, 82, 32, 31, 03, 3D]
[01, 7F, 02, 47, 33, 33, 35, 80, 80, 80, 80, 80, 80, 80, 80, 80, 80, 80, 80, 03, 2C]
[01, 7F, 02, 47, 33, 34, 35, 80, 80, 80, 80, 80, 80, 80, 80, 80, 80, 80, 80, 03, 2B]
[01, 7F, 02, 47, 31, 39, 35, 30, 30, 30, 30, 03, 24]
[01, 7F, 02, 47, 31, 38, 92, 35, 34, 31, 44, 37, 30, 30, 20, 20, 33, 20, 03, 72]
[01, 7F, 02, 47, 33, 30, 35, 20, 38, 37, 20, 36, 20, 03, 36]
[01, 7F, 02, 47, 35, 30, 82, 32, 31, 03, 3D]
[01, 7F, 02, 47, 33, 33, 35, 80, 80, 80, 80, 80, 80, 80, 80, 80, 80, 80, 80, 03, 2C]
[01, 7F, 02, 47, 33, 34, 35, 80, 80, 80, 80, 80, 80, 80, 80, 80, 80, 80, 80, 03, 2B]
[01, 7F, 02, 47, 31, 39, 35, 30, 30, 30, 30, 03, 24]
[01, 7F, 02, 47, 31, 38, 92, 35, 34, 31, 44, 37, 30, 30, 20, 20, 33, 20, 03, 72]
[01, 7F, 02, 47, 33, 30, 35, 20, 38, 37, 20, 36, 20, 03, 36]
[01, 7F, 02, 47, 35, 30, 82, 32, 31, 03, 3D]
[01, 7F, 02, 47, 33, 33, 35, 80, 80, 80, 80, 80, 80, 80, 80, 80, 80, 80, 80, 03, 2C]
[01, 7F, 02, 47, 33, 34, 35, 80, 80, 80, 80, 80, 80, 80, 80, 80, 80, 80, 80, 03, 2B]
[01, 7F, 02, 47, 31, 39, 35, 30, 30, 30, 30, 03, 24]
[01, 7F, 02, 47, 31, 38, 92, 35, 34, 31, 44, 37, 30, 30, 20, 20, 33, 20, 03, 72]
[01, 7F, 02, 47, 33, 30, 35, 20, 38, 37, 20, 36, 20, 03, 36]
[01, 7F, 02, 47, 35, 30, 82, 32, 31, 03, 3D]
[01, 7F, 02, 47, 33, 33, 35, 80, 80, 80, 80, 80, 80, 80, 80, 80, 80, 80, 80, 03, 2C]
[01, 7F, 02, 47, 33, 34, 35, 80, 80, 80, 80, 80, 80, 80, 80, 80, 80, 80, 80, 03, 2B]
[01, 7F, 02, 47, 31, 39, 35, 30, 30, 30, 30, 03, 24]
[01, 7F, 02, 47, 31, 38, 92, 35, 34, 31, 44, 37, 30, 30, 20, 20, 33, 20, 03, 72]
[01, 7F, 02, 47, 33, 30, 35, 20, 38, 37, 20, 36, 20, 03, 36]
[01, 7F, 02, 47, 35, 30, 82, 32, 31, 03, 3D]
[01, 7F, 02, 47, 33, 33, 35, 80, 80, 80, 80, 80, 80, 80, 80, 80, 80, 80, 80, 03, 2C]
[01, 7F, 02, 47, 33, 34, 35, 80, 80, 80, 80, 80, 80, 80, 80, 80, 80, 80, 80, 03, 2B]
[01, 7F, 02, 47, 31, 39, 35, 30, 30, 30, 30, 03, 24]
[01, 7F, 02, 47, 31, 38, 92, 35, 34, 31, 44, 37, 30, 30, 20, 20, 33, 20, 03, 72]
[01, 7F, 02, 47, 33, 30, 35, 20, 38, 37, 20, 36, 20, 03, 36]
[01, 7F, 02, 47, 35, 30, 82, 32, 31, 03, 3D]
[01, 7F, 02, 47, 33, 33, 35, 80, 80, 80, 80, 80, 80, 80, 80, 80, 80, 80, 80, 03, 2C]
[01, 7F, 02, 47, 33, 34, 35, 80, 80, 80, 80, 80, 80, 80, 80, 80, 80, 80, 80, 03, 2B]
[01, 7F, 02, 47, 31, 39, 35, 30, 30, 30, 30, 03, 24]
[01, 7F, 02, 47, 32, 30, 31, 31, 35, 33, 03, 3D]
[01, 7F, 02, 47, 31, 38, 92, 35, 34, 31, 44, 37, 30, 30, 20, 20, 33, 20, 03, 72]
[01, 7F, 02, 47, 33, 30, 35, 20, 38, 37, 20, 36, 20, 03, 36]
[01, 7F, 02, 47, 35, 30, 82, 32, 31, 03, 3D]
[01, 7F, 02, 47, 33, 33, 35, 80, 80, 80, 80, 80, 80, 80, 80, 80, 80, 80, 80, 03, 2C]
[01, 7F, 02, 47, 33, 34, 35, 80, 80, 80, 80, 80, 80, 80, 80, 80, 80, 80, 80, 03, 2B]
[01, 7F, 02, 47, 31, 39, 35, 30, 30, 30, 30, 03, 24]
[01, 7F, 02, 47, 31, 38, 92, 35, 34, 31, 44, 37, 30, 30, 20, 20, 33, 20, 03, 72]
[01, 7F, 02, 47, 33, 30, 35, 20, 38, 37, 20, 36, 20, 03, 36]
[01, 7F, 02, 47, 35, 30, 82, 32, 31, 03, 3D]
[01, 7F, 02, 47, 33, 33, 35, 80, 80, 80, 80, 80, 80, 80, 80, 80, 80, 80, 80, 03, 2C]
[01, 7F, 02, 47, 33, 34, 35, 80, 80, 80, 80, 80, 80, 80, 80, 80, 80, 80, 80, 03, 2B]
[01, 7F, 02, 47, 31, 39, 35, 30, 30, 30, 30, 03, 24]
[01, 7F, 02, 47, 31, 38, 92, 35, 34, 31, 44, 37, 30, 30, 20, 20, 33, 20, 03, 72]
[01, 7F, 02, 47, 33, 30, 35, 20, 38, 37, 20, 36, 20, 03, 36]
[01, 7F, 02, 47, 35, 30, 82, 32, 31, 03, 3D]
[01, 7F, 02, 47, 33, 33, 35, 80, 80, 80, 80, 80, 80, 80, 80, 80, 80, 80, 80, 03, 2C]
[01, 7F, 02, 47, 33, 34, 35, 80, 80, 80, 80, 80, 80, 80, 80, 80, 80, 80, 80, 03, 2B]
[01, 7F, 02, 47, 31, 39, 35, 30, 30, 30, 30, 03, 24]
[01, 7F, 02, 47, 31, 38, 92, 35, 34, 31, 44, 37, 30, 30, 20, 20, 33, 20, 03, 72]
[01, 7F, 02, 47, 31, 38, 92, 35, 34, 31, 44, 37, 30, 30, 20, 20, 33, 20, 03, 72]
[01, 7F, 02, 47, 33, 30, 35, 20, 38, 37, 20, 36, 20, 03, 36]
[01, 7F, 02, 47, 33, 34, 35, 80, 80, 80, 80, 80, 80, 80, 80, 80, 80, 80, 80, 03, 2B]
[01, 7F, 02, 47, 33, 31, 35, 20, 35, 20, 30, 20, 20, 20, 20, 03, 2B]
[01, 7F, 02, 47, 33, 30, 35, 20, 38, 37, 20, 36, 20, 03, 36]
[01, 7F, 02, 47, 33, 33, 35, 80, 80, 80, 80, 80, 80, 80, 80, 80, 80, 80, 80, 03, 2C]
[01, 7F, 02, 47, 33, 31, 35, 20, 30, 20, 30, 20, 20, 20, 20, 03, 2E]
[01, 7F, 02, 47, 33, 30, 35, 20, 38, 37, 20, 36, 20, 03, 36]
[01, 7F, 02, 47, 39, 38, 43, 41, 42, 20, 4D, 41, 44, 45, 49, 52, 41, 20, 20, 20, 20, 20, 20, 20, 20, 20, 20, 20, 03, 2F]
[01, 7F, 02, 47, 33, 37, 20, 34, 20, 35, 20, 36, 20, 38, 20, 39, 31, 30, 31, 33, 31, 34, 31, 38, 32, 30, 32, 32, 32, 33, 32, 34, 35, 35, 20, 20, 03, 21]
[01, 7F, 02, 47, 39, 39, 53, 50, 4F, 52, 54, 49, 56, 41, 20, 20, 20, 20, 20, 20, 20, 20, 20, 20, 20, 20, 20, 20, 03, 2D]
[01, 7F, 02, 47, 33, 38, 20, 34, 20, 36, 20, 37, 20, 38, 31, 31, 31, 34, 31, 36, 31, 37, 32, 31, 32, 37, 32, 38, 20, 20, 20, 20, 20, 20, 20, 20, 03, 37]
[01, 7F, 02, 47, 31, 38, 92, 35, 34, 31, 44, 37, 30, 30, 20, 20, 34, 20, 03, 75]
[01, 7F, 02, 47, 35, 30, 82, 32, 34, 03, 38]
[01, 7F, 02, 47, 35, 36, 35, 31, 20, 34, 20, 20, 03, 2A]
[01, 7F, 02, 47, 35, 36, 35, 31, 20, 35, 20, 20, 03, 2B]
[01, 7F, 02, 47, 35, 36, 35, 31, 20, 36, 20, 20, 03, 28]
[01, 7F, 02, 47, 35, 36, 35, 31, 20, 38, 20, 20, 03, 26]
[01, 7F, 02, 47, 35, 36, 35, 31, 20, 39, 20, 20, 03, 27]
[01, 7F, 02, 47, 35, 36, 35, 31, 31, 30, 20, 20, 03, 3F]
[01, 7F, 02, 47, 35, 36, 35, 31, 31, 33, 20, 20, 03, 3C]
[01, 7F, 02, 47, 31, 38, 82, 35, 31, 30, 30, 30, 30, 30, 20, 20, 34, 20, 03, 32]
[01, 7F, 02, 47, 35, 36, 35, 31, 31, 34, 20, 20, 03, 3B]
[01, 7F, 02, 47, 35, 36, 35, 31, 31, 38, 20, 20, 03, 37]
[01, 7F, 02, 47, 35, 36, 35, 31, 32, 30, 20, 20, 03, 3C]
[01, 7F, 02, 47, 35, 36, 35, 31, 32, 32, 20, 20, 03, 3E]
[01, 7F, 02, 47, 31, 38, 82, 35, 31, 30, 30, 30, 30, 30, 20, 20, 34, 20, 03, 32]
[01, 7F, 02, 47, 35, 36, 35, 31, 32, 33, 20, 20, 03, 3F]
[01, 7F, 02, 47, 35, 36, 35, 31, 32, 34, 20, 20, 03, 38]
[01, 7F, 02, 47, 35, 36, 35, 31, 35, 35, 20, 20, 03, 3E]
[01, 7F, 02, 47, 35, 36, 35, 32, 20, 34, 20, 20, 03, 29]
[01, 7F, 02, 47, 35, 36, 35, 32, 20, 36, 20, 20, 03, 2B]
[01, 7F, 02, 47, 35, 36, 35, 32, 20, 37, 20, 20, 03, 2A]
[01, 7F, 02, 47, 35, 36, 35, 32, 20, 38, 20, 20, 03, 25]
[01, 7F, 02, 47, 35, 36, 35, 32, 31, 31, 20, 20, 03, 3D]
[01, 7F, 02, 47, 35, 36, 35, 32, 31, 34, 20, 20, 03, 38]
[01, 7F, 02, 47, 35, 36, 35, 32, 31, 36, 20, 20, 03, 3A]
[01, 7F, 02, 47, 35, 36, 35, 32, 31, 37, 20, 20, 03, 3B]
[01, 7F, 02, 47, 35, 36, 35, 32, 32, 31, 20, 20, 03, 3E]
[01, 7F, 02, 47, 35, 36, 35, 32, 32, 37, 20, 20, 03, 38]
[01, 7F, 02, 47, 35, 36, 35, 32, 32, 38, 20, 20, 03, 37]
[01, 7F, 02, 47, 33, 31, 35, 20, 30, 20, 30, 20, 20, 20, 31, 03, 3F]
[01, 7F, 02, 47, 33, 31, 35, 20, 30, 20, 30, 20, 20, 20, 32, 03, 3C]
[01, 7F, 02, 47, 31, 38, 82, 35, 31, 30, 30, 30, 30, 30, 20, 20, 34, 20, 03, 32]
[01, 7F, 02, 47, 33, 30, 35, 20, 38, 37, 20, 36, 20, 03, 36]
[01, 7F, 02, 47, 35, 30, 82, 32, 34, 03, 38]
[01, 7F, 02, 47, 33, 33, 35, 80, 80, 80, 80, 80, 80, 80, 80, 80, 80, 80, 80, 03, 2C]
[01, 7F, 02, 47, 33, 34, 35, 80, 80, 80, 80, 80, 80, 80, 80, 80, 80, 80, 80, 03, 2B]
[01, 7F, 02, 47, 31, 39, 35, 30, 30, 30, 30, 03, 24]
[01, 7F, 02, 47, 31, 38, 82, 35, 31, 30, 30, 30, 30, 30, 20, 20, 34, 20, 03, 32]
[01, 7F, 02, 47, 33, 30, 35, 20, 38, 37, 20, 36, 20, 03, 36]
[01, 7F, 02, 47, 35, 30, 82, 32, 34, 03, 38]
[01, 7F, 02, 47, 33, 33, 35, 80, 80, 80, 80, 80, 80, 80, 80, 80, 80, 80, 80, 03, 2C]
[01, 7F, 02, 47, 33, 34, 35, 80, 80, 80, 80, 80, 80, 80, 80, 80, 80, 80, 80, 03, 2B]
[01, 7F, 02, 47, 31, 39, 35, 30, 30, 30, 30, 03, 24]
