[01, 7F, 02, 47, 31, 38, 80, 35, 31, 30, 30, 30, 30, 30, 20, 20, 34, 20, 03, 30]
[01, 7F, 02, 47, 31, 38, 80, 35, 31, 30, 30, 30, 30, 30, 20, 20, 34, 20, 03, 30]
[01, 7F, 02, 47, 31, 38, 80, 35, 31, 30, 30, 30, 30, 30, 20, 20, 34, 20, 03, 30]
[01, 7F, 02, 47, 31, 38, 80, 35, 31, 30, 30, 30, 30, 30, 20, 20, 34, 20, 03, 30]
[01, 7F, 02, 47, 35, 30, 82, 32, 34, 03, 38]
[01, 7F, 02, 47, 33, 30, 35, 20, 38, 37, 20, 36, 20, 03, 36]
[01, 7F, 02, 47, 33, 33, 35, 80, 80, 80, 80, 80, 80, 80, 80, 80, 80, 80, 80, 03, 2C]
[01, 7F, 02, 47, 36, 30, 35, 00, 00, 03, 2A]
[01, 7F, 02, 47, 33, 31, 35, 20, 30, 20, 30, 20, 20, 20, 20, 03, 2E]
[01, 7F, 02, 47, 33, 30, 35, 20, 38, 37, 20, 36, 20, 03, 36]
[01, 7F, 02, 47, 36, 30, 35, 00, 00, 03, 2A]
[01, 7F, 02, 47, 33, 34, 35, 80, 80, 80, 80, 80, 80, 80, 80, 80, 80, 80, 80, 03, 2B]
[01, 7F, 02, 47, 33, 31, 35, 20, 30, 20, 30, 20, 20, 20, 20, 03, 2E]
[01, 7F, 02, 47, 31, 38, 80, 35, 20, 39, 35, 39, 30, 30, 20, 20, 34, 20, 03, 24]
[01, 7F, 02, 47, 32, 30, 31, 31, 35, 34, 03, 3A]
[01, 7F, 02, 47, 31, 38, 80, 35, 20, 39, 35, 38, 30, 30, 20, 20, 34, 20, 03, 25]
[01, 7F, 02, 47, 31, 38, 80, 35, 20, 39, 35, 37, 30, 30, 20, 20, 34, 20, 03, 2A]
[01, 7F, 02, 47, 31, 38, 80, 35, 20, 39, 35, 36, 30, 30, 20, 20, 34, 20, 03, 2B]
[01, 7F, 02, 47, 31, 38, 80, 35, 20, 39, 35, 35, 30, 30, 20, 20, 34, 20, 03, 28]
[01, 7F, 02, 47, 31, 38, 82, 35, 20, 39, 35, 35, 30, 30, 20, 20, 34, 20, 03, 2A]
[01, 7F, 02, 47, 31, 38, 82, 35, 20, 39, 35, 35, 30, 30, 20, 20, 34, 20, 03, 2A]
[01, 7F, 02, 47, 31, 38, 82, 35, 20, 39, 35, 35, 30, 30, 20, 20, 34, 20, 03, 2A]
[01, 7F, 02, 47, 31, 38, 82, 35, 20, 39, 35, 35, 30, 30, 20, 20, 34, 20, 03, 2A]
[01, 7F, 02, 47, 35, 30, 82, 32, 34, 03, 38]
[01, 7F, 02, 47, 31, 38, 82, 35, 20, 39, 35, 35, 30, 30, 20, 20, 34, 20, 03, 2A]
[01, 7F, 02, 47, 35, 30, 80, 32, 34, 03, 3A]
[01, 7F, 02, 47, 35, 30, 80, 32, 33, 03, 3D]
[01, 7F, 02, 47, 31, 38, 82, 35, 20, 39, 35, 35, 30, 30, 20, 20, 34, 20, 03, 2A]
[01, 7F, 02, 47, 35, 30, 80, 32, 33, 03, 3D]
[01, 7F, 02, 47, 31, 38, 82, 35, 20, 39, 35, 35, 30, 30, 20, 20, 34, 20, 03, 2A]
[01, 7F, 02, 47, 33, 30, 35, 20, 38, 37, 20, 36, 20, 03, 36]
[01, 7F, 02, 47, 35, 30, 80, 32, 33, 03, 3D]
[01, 7F, 02, 47, 33, 33, 35, 80, 80, 80, 80, 80, 80, 80, 80, 80, 80, 80, 80, 03, 2C]
[01, 7F, 02, 47, 33, 34, 35, 80, 80, 80, 80, 80, 80, 80, 80, 80, 80, 80, 80, 03, 2B]
[01, 7F, 02, 47, 31, 39, 35, 30, 30, 30, 30, 03, 24]
[01, 7F, 02, 47, 35, 30, 80, 32, 32, 03, 3C]
[01, 7F, 02, 47, 35, 30, 80, 32, 31, 03, 3F]
[01, 7F, 02, 47, 31, 38, 82, 35, 20, 39, 35, 35, 30, 30, 20, 20, 34, 20, 03, 2A]
[01, 7F, 02, 47, 35, 30, 82, 32, 31, 03, 3D]
[01, 7F, 02, 47, 31, 38, 82, 35, 20, 39, 35, 35, 30, 30, 20, 20, 34, 20, 03, 2A]
[01, 7F, 02, 47, 35, 30, 82, 32, 31, 03, 3D]
[01, 7F, 02, 47, 31, 38, 82, 35, 20, 39, 35, 35, 30, 30, 20, 20, 34, 20, 03, 2A]
[01, 7F, 02, 47, 33, 30, 35, 20, 38, 37, 20, 36, 20, 03, 36]
[01, 7F, 02, 47, 35, 30, 82, 32, 31, 03, 3D]
[01, 7F, 02, 47, 33, 33, 35, 80, 80, 80, 80, 80, 80, 80, 80, 80, 80, 80, 80, 03, 2C]
[01, 7F, 02, 47, 33, 34, 35, 80, 80, 80, 80, 80, 80, 80, 80, 80, 80, 80, 80, 03, 2B]
[01, 7F, 02, 47, 31, 39, 35, 30, 30, 30, 30, 03, 24]
