[01, 7F, 02, 47, 31, 38, 80, 35, 20, 39, 34, 36, 30, 30, 20, 20, 31, 20, 03, 2F]
[01, 7F, 02, 47, 31, 38, 80, 35, 20, 39, 34, 35, 30, 30, 20, 20, 31, 20, 03, 2C]
[01, 7F, 02, 47, 31, 38, 80, 35, 20, 39, 34, 34, 30, 30, 20, 20, 31, 20, 03, 2D]
[01, 7F, 02, 47, 31, 38, 80, 35, 20, 39, 34, 33, 30, 30, 20, 20, 31, 20, 03, 2A]
[01, 7F, 02, 47, 31, 38, 80, 35, 20, 39, 34, 32, 30, 30, 20, 20, 31, 20, 03, 2B]
[01, 7F, 02, 47, 31, 38, 80, 35, 20, 39, 34, 32, 30, 30, 20, 20, 31, 20, 03, 2B]
[01, 7F, 02, 47, 33, 30, 35, 20, 30, 20, 20, 30, 20, 03, 2F]
[01, 7F, 02, 47, 33, 33, 35, 80, 80, 80, 80, 80, 80, 80, 80, 80, 80, 80, 80, 03, 2C]
[01, 7F, 02, 47, 33, 34, 35, 80, 80, 80, 80, 80, 80, 80, 80, 80, 80, 80, 80, 03, 2B]
[01, 7F, 02, 47, 31, 39, 35, 30, 30, 30, 30, 03, 24]
[01, 7F, 02, 47, 31, 38, 80, 35, 20, 39, 34, 31, 30, 30, 20, 20, 31, 20, 03, 28]
[01, 7F, 02, 47, 31, 38, 80, 35, 20, 39, 34, 30, 30, 30, 20, 20, 31, 20, 03, 29]
[01, 7F, 02, 47, 31, 38, 80, 35, 20, 39, 33, 39, 30, 30, 20, 20, 31, 20, 03, 27]
[01, 7F, 02, 47, 32, 30, 31, 30, 35, 38, 03, 37]
[01, 7F, 02, 47, 31, 38, 80, 35, 20, 39, 33, 38, 30, 30, 20, 20, 31, 20, 03, 26]
[01, 7F, 02, 47, 31, 38, 80, 35, 20, 39, 33, 37, 30, 30, 20, 20, 31, 20, 03, 29]
[01, 7F, 02, 47, 31, 38, 82, 35, 20, 39, 33, 37, 30, 30, 20, 20, 31, 20, 03, 2B]
[01, 7F, 02, 47, 31, 38, 82, 35, 20, 39, 33, 37, 30, 30, 20, 20, 31, 20, 03, 2B]
[01, 7F, 02, 47, 31, 38, 82, 35, 20, 39, 33, 37, 30, 30, 20, 20, 31, 20, 03, 2B]
[01, 7F, 02, 47, 31, 38, 82, 35, 20, 39, 33, 37, 30, 30, 20, 20, 31, 20, 03, 2B]
[01, 7F, 02, 47, 33, 30, 35, 20, 30, 20, 20, 30, 20, 03, 2F]
[01, 7F, 02, 47, 33, 33, 35, 80, 80, 80, 80, 80, 80, 80, 80, 80, 80, 80, 80, 03, 2C]
[01, 7F, 02, 47, 33, 34, 35, 80, 80, 80, 80, 80, 80, 80, 80, 80, 80, 80, 80, 03, 2B, 01, 7F, 02, 47, 31, 39, 35, 30, 30, 30, 30, 03, 24]
[01, 7F, 02, 47, 31, 38, 82, 35, 20, 39, 33, 37, 30, 30, 20, 20, 31, 20, 03, 2B]
[01, 7F, 02, 47, 33, 30, 35, 20, 30, 20, 20, 30, 20, 03, 2F]
[01, 7F, 02, 47, 33, 33, 35, 80, 80, 80, 80, 80, 80, 80, 80, 80, 80, 80, 80, 03, 2C]
[01, 7F, 02, 47, 33, 34, 35, 80, 80, 80, 80, 80, 80, 80, 80, 80, 80, 80, 80, 03, 2B]
[01, 7F, 02, 47, 31, 39, 35, 30, 30, 30, 30, 03, 24]
[01, 7F, 02, 47, 31, 38, 82, 35, 20, 39, 33, 37, 30, 30, 20, 20, 31, 20, 03, 2B]
[01, 7F, 02, 47, 33, 30, 35, 20, 30, 20, 20, 30, 20, 03, 2F]
[01, 7F, 02, 47, 33, 33, 35, 80, 80, 80, 80, 80, 80, 80, 80, 80, 80, 80, 80, 03, 2C]
[01, 7F, 02, 47, 33, 34, 35, 80, 80, 80, 80, 80, 80, 80, 80, 80, 80, 80, 80, 03, 2B]
[01, 7F, 02, 47, 31, 39, 35, 30, 30, 30, 30, 03, 24]
[01, 7F, 02, 47, 31, 38, 82, 35, 20, 39, 33, 37, 30, 30, 20, 20, 31, 20, 03, 2B]
[01, 7F, 02, 47, 33, 30, 35, 20, 30, 20, 20, 30, 20, 03, 2F]
[01, 7F, 02, 47, 33, 33, 35, 80, 80, 80, 80, 80, 80, 80, 80, 80, 80, 80, 80, 03, 2C]
[01, 7F, 02, 47, 33, 34, 35, 80, 80, 80, 80, 80, 80, 80, 80, 80, 80, 80, 80, 03, 2B]
[01, 7F, 02, 47, 31, 39, 35, 30, 30, 30, 30, 03, 24]
[01, 7F, 02, 47, 31, 38, 82, 35, 20, 39, 33, 37, 30, 30, 20, 20, 31, 20, 03, 2B]
[01, 7F, 02, 47, 33, 30, 35, 20, 30, 20, 20, 30, 20, 03, 2F]
[01, 7F, 02, 47, 33, 33, 35, 80, 80, 80, 80, 80, 80, 80, 80, 80, 80, 80, 80, 03, 2C]
[01, 7F, 02, 47, 33, 34, 35, 80, 80, 80, 80, 80, 80, 80, 80, 80, 80, 80, 80, 03, 2B]
[01, 7F, 02, 47, 31, 39, 35, 30, 30, 30, 30, 03, 24]
