[01, 7F, 02, 47, 31, 38, 80, 35, 20, 39, 35, 35, 30, 30, 20, 20, 34, 20, 03, 28]
[01, 7F, 02, 47, 31, 38, 80, 35, 20, 39, 35, 35, 30, 30, 20, 20, 34, 20, 03, 28]
[01, 7F, 02, 47, 31, 38, 80, 35, 20, 39, 35, 35, 30, 30, 20, 20, 34, 20, 03, 28]
[01, 7F, 02, 47, 31, 38, 80, 35, 20, 39, 35, 35, 30, 30, 20, 20, 34, 20, 03, 28]
[01, 7F, 02, 47, 35, 30, 82, 32, 31, 03, 3D]
[01, 7F, 02, 47, 33, 30, 35, 20, 38, 37, 20, 36, 20, 03, 36]
[01, 7F, 02, 47, 33, 33, 35, 80, 80, 80, 80, 80, 80, 80, 80, 80, 80, 80, 80, 03, 2C]
[01, 7F, 02, 47, 36, 30, 35, 00, 00, 03, 2A]
[01, 7F, 02, 47, 33, 31, 35, 20, 30, 20, 30, 20, 20, 20, 20, 03, 2E]
[01, 7F, 02, 47, 33, 30, 35, 20, 38, 37, 20, 36, 20, 03, 36]
[01, 7F, 02, 47, 33, 34, 35, 80, 80, 80, 80, 80, 80, 80, 80, 80, 80, 80, 80, 03, 2B]
[01, 7F, 02, 47, 36, 30, 35, 00, 00, 03, 2A]
[01, 7F, 02, 47, 33, 31, 35, 20, 30, 20, 30, 20, 20, 20, 20, 03, 2E]
[01, 7F, 02, 47, 31, 38, 80, 35, 20, 39, 35, 34, 30, 30, 20, 20, 34, 20, 03, 29]
[01, 7F, 02, 47, 31, 38, 80, 35, 20, 39, 35, 33, 30, 30, 20, 20, 34, 20, 03, 2E]
[01, 7F, 02, 47, 31, 38, 82, 35, 20, 39, 35, 33, 30, 30, 20, 20, 34, 20, 03, 2C]
[01, 7F, 02, 47, 31, 38, 82, 35, 20, 39, 35, 33, 30, 30, 20, 20, 34, 20, 03, 2C]
[01, 7F, 02, 47, 31, 38, 82, 35, 20, 39, 35, 33, 30, 30, 20, 20, 34, 20, 03, 2C]
[01, 7F, 02, 47, 31, 38, 82, 35, 20, 39, 35, 33, 30, 30, 20, 20, 34, 20, 03, 2C]
[01, 7F, 02, 47, 35, 30, 82, 32, 31, 03, 3D]
[01, 7F, 02, 47, 31, 38, 82, 35, 20, 39, 35, 33, 30, 30, 20, 20, 34, 20, 03, 2C]
[01, 7F, 02, 47, 35, 30, 80, 32, 31, 03, 3F]
[01, 7F, 02, 47, 31, 38, 82, 35, 20, 39, 35, 33, 30, 30, 20, 20, 34, 20, 03, 2C]
[01, 7F, 02, 47, 35, 30, 80, 32, 31, 03, 3F]
[01, 7F, 02, 47, 35, 30, 80, 32, 30, 03, 3E]
[01, 7F, 02, 47, 35, 30, 80, 31, 39, 03, 34]
[01, 7F, 02, 47, 35, 30, 80, 31, 38, 03, 35]
[01, 7F, 02, 47, 31, 38, 82, 35, 20, 39, 35, 33, 30, 30, 20, 20, 34, 20, 03, 2C]
[01, 7F, 02, 47, 35, 30, 82, 31, 38, 03, 37]
[01, 7F, 02, 47, 31, 38, 82, 35, 20, 39, 35, 33, 30, 30, 20, 20, 34, 20, 03, 2C]
[01, 7F, 02, 47, 35, 30, 82, 31, 38, 03, 37]
[01, 7F, 02, 47, 31, 38, 82, 35, 20, 39, 35, 33, 30, 30, 20, 20, 34, 20, 03, 2C]
[01, 7F, 02, 47, 33, 30, 35, 20, 38, 37, 20, 36, 20, 03, 36]
[01, 7F, 02, 47, 35, 30, 82, 31, 38, 03, 37]
[01, 7F, 02, 47, 33, 33, 35, 80, 80, 80, 80, 80, 80, 80, 80, 80, 80, 80, 80, 03, 2C]
[01, 7F, 02, 47, 33, 34, 35, 80, 80, 80, 80, 80, 80, 80, 80, 80, 80, 80, 80, 03, 2B]
[01, 7F, 02, 47, 31, 39, 35, 30, 30, 30, 30, 03, 24]
[01, 7F, 02, 47, 31, 38, 82, 35, 20, 39, 35, 33, 30, 30, 20, 20, 34, 20, 03, 2C]
[01, 7F, 02, 47, 35, 30, 8A, 32, 34, 03, 30]
[01, 7F, 02, 47, 31, 38, 82, 35, 20, 39, 35, 33, 30, 30, 20, 20, 34, 20, 03, 2C]
[01, 7F, 02, 47, 35, 30, 82, 32, 34, 03, 38]
[01, 7F, 02, 47, 31, 38, 82, 35, 20, 39, 35, 33, 30, 30, 20, 20, 34, 20, 03, 2C]
[01, 7F, 02, 47, 33, 30, 35, 20, 38, 37, 20, 36, 20, 03, 36]
[01, 7F, 02, 47, 35, 30, 82, 32, 34, 03, 38]
[01, 7F, 02, 47, 33, 33, 35, 80, 80, 80, 80, 80, 80, 80, 80, 80, 80, 80, 80, 03, 2C]
[01, 7F, 02, 47, 33, 34, 35, 80, 80, 80, 80, 80, 80, 80, 80, 80, 80, 80, 80, 03, 2B]
[01, 7F, 02, 47, 31, 39, 35, 30, 30, 30, 30, 03, 24]
[01, 7F, 02, 47, 31, 38, 82, 35, 20, 39, 35, 33, 30, 30, 20, 20, 34, 20, 03, 2C]
[01, 7F, 02, 47, 33, 30, 35, 20, 38, 37, 20, 36, 20, 03, 36]
[01, 7F, 02, 47, 35, 30, 82, 32, 34, 03, 38]
[01, 7F, 02, 47, 33, 33, 35, 80, 80, 80, 80, 80, 80, 80, 80, 80, 80, 80, 80, 03, 2C]
[01, 7F, 02, 47, 33, 34, 35, 80, 80, 80, 80, 80, 80, 80, 80, 80, 80, 80, 80, 03, 2B]
[01, 7F, 02, 47, 31, 39, 35, 30, 30, 30, 30, 03, 24]
[01, 7F, 02, 47, 32, 30, 31, 31, 35, 35, 03, 3B]
[01, 7F, 02, 47, 31, 38, 82, 35, 20, 39, 35, 33, 30, 30, 20, 20, 34, 20, 03, 2C]
[01, 7F, 02, 47, 33, 30, 35, 20, 38, 37, 20, 36, 20, 03, 36]
[01, 7F, 02, 47, 35, 30, 82, 32, 34, 03, 38]
[01, 7F, 02, 47, 33, 33, 35, 80, 80, 80, 80, 80, 80, 80, 80, 80, 80, 80, 80, 03, 2C]
[01, 7F, 02, 47, 33, 34, 35, 80, 80, 80, 80, 80, 80, 80, 80, 80, 80, 80, 80, 03, 2B]
[01, 7F, 02, 47, 31, 39, 35, 30, 30, 30, 30, 03, 24]
[01, 7F, 02, 47, 31, 38, 82, 35, 20, 39, 35, 33, 30, 30, 20, 20, 34, 20, 03, 2C]
[01, 7F, 02, 47, 33, 30, 35, 20, 38, 37, 20, 36, 20, 03, 36]
[01, 7F, 02, 47, 35, 30, 82, 32, 34, 03, 38]
[01, 7F, 02, 47, 33, 33, 35, 80, 80, 80, 80, 80, 80, 80, 80, 80, 80, 80, 80, 03, 2C]
[01, 7F, 02, 47, 33, 34, 35, 80, 80, 80, 80, 80, 80, 80, 80, 80, 80, 80, 80, 03, 2B]
[01, 7F, 02, 47, 31, 39, 35, 30, 30, 30, 30, 03, 24]
[01, 7F, 02, 47, 31, 38, 82, 35, 20, 39, 35, 33, 30, 30, 20, 20, 34, 20, 03, 2C]
[01, 7F, 02, 47, 33, 30, 35, 20, 38, 37, 20, 36, 20, 03, 36]
[01, 7F, 02, 47, 35, 30, 82, 32, 34, 03, 38]
[01, 7F, 02, 47, 33, 33, 35, 80, 80, 80, 80, 80, 80, 80, 80, 80, 80, 80, 80, 03, 2C]
[01, 7F, 02, 47, 33, 34, 35, 80, 80, 80, 80, 80, 80, 80, 80, 80, 80, 80, 80, 03, 2B]
[01, 7F, 02, 47, 31, 39, 35, 30, 30, 30, 30, 03, 24]
[01, 7F, 02, 47, 31, 38, 82, 35, 20, 39, 35, 33, 30, 30, 20, 20, 34, 20, 03, 2C]
[01, 7F, 02, 47, 33, 30, 35, 20, 38, 37, 20, 36, 20, 03, 36]
[01, 7F, 02, 47, 35, 30, 82, 32, 34, 03, 38]
[01, 7F, 02, 47, 33, 33, 35, 80, 80, 80, 80, 80, 80, 80, 80, 80, 80, 80, 80, 03, 2C]
[01, 7F, 02, 47, 33, 34, 35, 80, 80, 80, 80, 80, 80, 80, 80, 80, 80, 80, 80, 03, 2B]
[01, 7F, 02, 47, 31, 39, 35, 30, 30, 30, 30, 03, 24]
[01, 7F, 02, 47, 31, 38, 82, 35, 20, 39, 35, 33, 30, 30, 20, 20, 34, 20, 03, 2C]
[01, 7F, 02, 47, 33, 30, 35, 20, 38, 37, 20, 36, 20, 03, 36]
[01, 7F, 02, 47, 35, 30, 82, 32, 34, 03, 38]
[01, 7F, 02, 47, 33, 33, 35, 80, 80, 80, 80, 80, 80, 80, 80, 80, 80, 80, 80, 03, 2C]
[01, 7F, 02, 47, 33, 34, 35, 80, 80, 80, 80, 80, 80, 80, 80, 80, 80, 80, 80, 03, 2B]
[01, 7F, 02, 47, 31, 39, 35, 30, 30, 30, 30, 03, 24]
[01, 7F, 02, 47, 31, 38, 82, 35, 20, 39, 35, 33, 30, 30, 20, 20, 34, 20, 03, 2C]
[01, 7F, 02, 47, 33, 30, 35, 20, 38, 37, 20, 36, 20, 03, 36]
[01, 7F, 02, 47, 35, 30, 82, 32, 34, 03, 38]
[01, 7F, 02, 47, 33, 33, 35, 80, 80, 80, 80, 80, 80, 80, 80, 80, 80, 80, 80, 03, 2C]
[01, 7F, 02, 47, 33, 34, 35, 80, 80, 80, 80, 80, 80, 80, 80, 80, 80, 80, 80, 03, 2B]
[01, 7F, 02, 47, 31, 39, 35, 30, 30, 30, 30, 03, 24]
[01, 7F, 02, 47, 32, 30, 31, 31, 35, 36, 03, 38]
[01, 7F, 02, 47, 31, 38, 82, 35, 20, 39, 35, 33, 30, 30, 20, 20, 34, 20, 03, 2C]
[01, 7F, 02, 47, 35, 30, 80, 32, 33, 03, 3D]
[01, 7F, 02, 47, 31, 38, 82, 35, 20, 39, 35, 33, 30, 30, 20, 20, 34, 20, 03, 2C]
[01, 7F, 02, 47, 35, 30, 80, 32, 33, 03, 3D]
[01, 7F, 02, 47, 31, 38, 82, 35, 20, 39, 35, 33, 30, 30, 20, 20, 34, 20, 03, 2C]
[01, 7F, 02, 47, 33, 30, 35, 20, 38, 37, 20, 36, 20, 03, 36]
[01, 7F, 02, 47, 35, 30, 80, 32, 33, 03, 3D]
[01, 7F, 02, 47, 33, 33, 35, 80, 80, 80, 80, 80, 80, 80, 80, 80, 80, 80, 80, 03, 2C]
[01, 7F, 02, 47, 33, 34, 35, 80, 80, 80, 80, 80, 80, 80, 80, 80, 80, 80, 80, 03, 2B]
[01, 7F, 02, 47, 31, 39, 35, 30, 30, 30, 30, 03, 24]
[01, 7F, 02, 47, 35, 30, 80, 32, 32, 03, 3C]
[01, 7F, 02, 47, 35, 30, 80, 32, 31, 03, 3F]
[01, 7F, 02, 47, 35, 30, 80, 32, 30, 03, 3E]
[01, 7F, 02, 47, 35, 30, 80, 31, 39, 03, 34]
[01, 7F, 02, 47, 31, 38, 82, 35, 20, 39, 35, 33, 30, 30, 20, 20, 34, 20, 03, 2C]
[01, 7F, 02, 47, 35, 30, 82, 31, 39, 03, 36]
[01, 7F, 02, 47, 31, 38, 82, 35, 20, 39, 35, 33, 30, 30, 20, 20, 34, 20, 03, 2C]
[01, 7F, 02, 47, 35, 30, 82, 31, 39, 03, 36]
[01, 7F, 02, 47, 31, 38, 82, 35, 20, 39, 35, 33, 30, 30, 20, 20, 34, 20, 03, 2C]
[01, 7F, 02, 47, 35, 30, 8A, 32, 34, 03, 30]
[01, 7F, 02, 47, 31, 38, 82, 35, 20, 39, 35, 33, 30, 30, 20, 20, 34, 20, 03, 2C]
[01, 7F, 02, 47, 35, 30, 82, 32, 34, 03, 38]
[01, 7F, 02, 47, 31, 38, 82, 35, 20, 39, 35, 33, 30, 30, 20, 20, 34, 20, 03, 2C]
[01, 7F, 02, 47, 35, 30, 8A, 31, 34, 03, 33]
[01, 7F, 02, 47, 31, 38, 82, 35, 20, 39, 35, 33, 30, 30, 20, 20, 34, 20, 03, 2C]
[01, 7F, 02, 47, 35, 30, 82, 31, 34, 03, 3B]
[01, 7F, 02, 47, 31, 38, 82, 35, 20, 39, 35, 33, 30, 30, 20, 20, 34, 20, 03, 2C]
[01, 7F, 02, 47, 35, 30, 80, 31, 34, 03, 39]
[01, 7F, 02, 47, 35, 30, 80, 31, 33, 03, 3E]
[01, 7F, 02, 47, 31, 38, 82, 35, 20, 39, 35, 33, 30, 30, 20, 20, 34, 20, 03, 2C]
[01, 7F, 02, 47, 35, 30, 80, 31, 33, 03, 3E]
[01, 7F, 02, 47, 31, 38, 82, 35, 20, 39, 35, 33, 30, 30, 20, 20, 34, 20, 03, 2C]
[01, 7F, 02, 47, 33, 30, 35, 20, 38, 37, 20, 36, 20, 03, 36]
[01, 7F, 02, 47, 35, 30, 80, 31, 33, 03, 3E]
[01, 7F, 02, 47, 33, 33, 35, 80, 80, 80, 80, 80, 80, 80, 80, 80, 80, 80, 80, 03, 2C]
[01, 7F, 02, 47, 33, 34, 35, 80, 80, 80, 80, 80, 80, 80, 80, 80, 80, 80, 80, 03, 2B]
[01, 7F, 02, 47, 31, 39, 35, 30, 30, 30, 30, 03, 24]
[01, 7F, 02, 47, 35, 30, 80, 31, 32, 03, 3F]
[01, 7F, 02, 47, 31, 38, 82, 35, 20, 39, 35, 33, 30, 30, 20, 20, 34, 20, 03, 2C]
[01, 7F, 02, 47, 35, 30, 82, 31, 32, 03, 3D]
[01, 7F, 02, 47, 31, 38, 82, 35, 20, 39, 35, 33, 30, 30, 20, 20, 34, 20, 03, 2C]
[01, 7F, 02, 47, 35, 30, 82, 31, 32, 03, 3D]
[01, 7F, 02, 47, 31, 38, 82, 35, 20, 39, 35, 33, 30, 30, 20, 20, 34, 20, 03, 2C]
[01, 7F, 02, 47, 35, 30, 8A, 32, 34, 03, 30]
[01, 7F, 02, 47, 31, 38, 82, 35, 20, 39, 35, 33, 30, 30, 20, 20, 34, 20, 03, 2C]
[01, 7F, 02, 47, 35, 30, 82, 32, 34, 03, 38]
[01, 7F, 02, 47, 31, 38, 82, 35, 20, 39, 35, 33, 30, 30, 20, 20, 34, 20, 03, 2C]
[01, 7F, 02, 47, 33, 30, 35, 20, 38, 37, 20, 36, 20, 03, 36]
[01, 7F, 02, 47, 35, 30, 82, 32, 34, 03, 38]
[01, 7F, 02, 47, 33, 33, 35, 80, 80, 80, 80, 80, 80, 80, 80, 80, 80, 80, 80, 03, 2C]
[01, 7F, 02, 47, 33, 34, 35, 80, 80, 80, 80, 80, 80, 80, 80, 80, 80, 80, 80, 03, 2B]
[01, 7F, 02, 47, 31, 39, 35, 30, 30, 30, 30, 03, 24]
[01, 7F, 02, 47, 31, 38, 82, 35, 20, 39, 35, 33, 30, 30, 20, 20, 34, 20, 03, 2C]
[01, 7F, 02, 47, 33, 30, 35, 20, 38, 37, 20, 36, 20, 03, 36]
[01, 7F, 02, 47, 35, 30, 82, 32, 34, 03, 38]
[01, 7F, 02, 47, 33, 33, 35, 80, 80, 80, 80, 80, 80, 80, 80, 80, 80, 80, 80, 03, 2C]
[01, 7F, 02, 47, 33, 34, 35, 80, 80, 80, 80, 80, 80, 80, 80, 80, 80, 80, 80, 03, 2B]
[01, 7F, 02, 47, 31, 39, 35, 30, 30, 30, 30, 03, 24]
[01, 7F, 02, 47, 31, 38, 82, 35, 20, 39, 35, 33, 30, 30, 20, 20, 34, 20, 03, 2C]
[01, 7F, 02, 47, 33, 30, 35, 20, 38, 37, 20, 36, 20, 03, 36]
[01, 7F, 02, 47, 35, 30, 82, 32, 34, 03, 38]
[01, 7F, 02, 47, 33, 33, 35, 80, 80, 80, 80, 80, 80, 80, 80, 80, 80, 80, 80, 03, 2C]
[01, 7F, 02, 47, 33, 34, 35, 80, 80, 80, 80, 80, 80, 80, 80, 80, 80, 80, 80, 03, 2B]
[01, 7F, 02, 47, 31, 39, 35, 30, 30, 30, 30, 03, 24]
[01, 7F, 02, 47, 31, 38, 82, 35, 20, 39, 35, 33, 30, 30, 20, 20, 34, 20, 03, 2C]
[01, 7F, 02, 47, 33, 30, 35, 20, 38, 37, 20, 36, 20, 03, 36]
[01, 7F, 02, 47, 35, 30, 82, 32, 34, 03, 38]
[01, 7F, 02, 47, 33, 33, 35, 80, 80, 80, 80, 80, 80, 80, 80, 80, 80, 80, 80, 03, 2C]
[01, 7F, 02, 47, 33, 34, 35, 80, 80, 80, 80, 80, 80, 80, 80, 80, 80, 80, 80, 03, 2B]
[01, 7F, 02, 47, 31, 39, 35, 30, 30, 30, 30, 03, 24]
[01, 7F, 02, 47, 32, 30, 31, 31, 35, 37, 03, 39]
[01, 7F, 02, 47, 31, 38, 82, 35, 20, 39, 35, 33, 30, 30, 20, 20, 34, 20, 03, 2C]
[01, 7F, 02, 47, 33, 30, 35, 20, 38, 37, 20, 36, 20, 03, 36]
[01, 7F, 02, 47, 35, 30, 82, 32, 34, 03, 38]
[01, 7F, 02, 47, 33, 33, 35, 80, 80, 80, 80, 80, 80, 80, 80, 80, 80, 80, 80, 03, 2C]
[01, 7F, 02, 47, 33, 34, 35, 80, 80, 80, 80, 80, 80, 80, 80, 80, 80, 80, 80, 03, 2B]
[01, 7F, 02, 47, 31, 39, 35, 30, 30, 30, 30, 03, 24]
[01, 7F, 02, 47, 31, 38, 82, 35, 20, 39, 35, 33, 30, 30, 20, 20, 34, 20, 03, 2C]
[01, 7F, 02, 47, 33, 30, 35, 20, 38, 37, 20, 36, 20, 03, 36]
[01, 7F, 02, 47, 35, 30, 82, 32, 34, 03, 38]
[01, 7F, 02, 47, 33, 33, 35, 80, 80, 80, 80, 80, 80, 80, 80, 80, 80, 80, 80, 03, 2C]
[01, 7F, 02, 47, 33, 34, 35, 80, 80, 80, 80, 80, 80, 80, 80, 80, 80, 80, 80, 03, 2B]
[01, 7F, 02, 47, 31, 39, 35, 30, 30, 30, 30, 03, 24]
[01, 7F, 02, 47, 31, 38, 82, 35, 20, 39, 35, 33, 30, 30, 20, 20, 34, 20, 03, 2C]
[01, 7F, 02, 47, 33, 30, 35, 20, 38, 37, 20, 36, 20, 03, 36]
[01, 7F, 02, 47, 35, 30, 82, 32, 34, 03, 38]
[01, 7F, 02, 47, 33, 33, 35, 80, 80, 80, 80, 80, 80, 80, 80, 80, 80, 80, 80, 03, 2C]
[01, 7F, 02, 47, 33, 34, 35, 80, 80, 80, 80, 80, 80, 80, 80, 80, 80, 80, 80, 03, 2B]
[01, 7F, 02, 47, 31, 39, 35, 30, 30, 30, 30, 03, 24]
[01, 7F, 02, 47, 31, 38, 82, 35, 20, 39, 35, 33, 30, 30, 20, 20, 34, 20, 03, 2C]
[01, 7F, 02, 47, 33, 30, 35, 20, 38, 37, 20, 36, 20, 03, 36]
[01, 7F, 02, 47, 35, 30, 82, 32, 34, 03, 38]
[01, 7F, 02, 47, 33, 33, 35, 80, 80, 80, 80, 80, 80, 80, 80, 80, 80, 80, 80, 03, 2C]
[01, 7F, 02, 47, 33, 34, 35, 80, 80, 80, 80, 80, 80, 80, 80, 80, 80, 80, 80, 03, 2B]
[01, 7F, 02, 47, 31, 39, 35, 30, 30, 30, 30, 03, 24]
[01, 7F, 02, 47, 31, 38, 82, 35, 20, 39, 35, 33, 30, 30, 20, 20, 34, 20, 03, 2C]
[01, 7F, 02, 47, 33, 30, 35, 20, 38, 37, 20, 36, 20, 03, 36]
[01, 7F, 02, 47, 35, 30, 82, 32, 34, 03, 38]
[01, 7F, 02, 47, 33, 33, 35, 80, 80, 80, 80, 80, 80, 80, 80, 80, 80, 80, 80, 03, 2C]
[01, 7F, 02, 47, 33, 34, 35, 80, 80, 80, 80, 80, 80, 80, 80, 80, 80, 80, 80, 03, 2B]
[01, 7F, 02, 47, 31, 39, 35, 30, 30, 30, 30, 03, 24]
[01, 7F, 02, 47, 31, 38, 82, 35, 20, 39, 35, 33, 30, 30, 20, 20, 34, 20, 03, 2C]
[01, 7F, 02, 47, 33, 30, 35, 20, 38, 37, 20, 36, 20, 03, 36]
[01, 7F, 02, 47, 35, 30, 82, 32, 34, 03, 38]
[01, 7F, 02, 47, 33, 33, 35, 80, 80, 80, 80, 80, 80, 80, 80, 80, 80, 80, 80, 03, 2C]
[01, 7F, 02, 47, 33, 34, 35, 80, 80, 80, 80, 80, 80, 80, 80, 80, 80, 80, 80, 03, 2B]
[01, 7F, 02, 47, 31, 39, 35, 30, 30, 30, 30, 03, 24]
[01, 7F, 02, 47, 32, 30, 31, 31, 35, 38, 03, 36]
[01, 7F, 02, 47, 31, 38, 80, 35, 20, 39, 35, 32, 30, 30, 20, 20, 34, 20, 03, 2F]
[01, 7F, 02, 47, 31, 38, 80, 35, 20, 39, 35, 32, 30, 30, 20, 20, 34, 20, 03, 2F]
[01, 7F, 02, 47, 31, 38, 80, 35, 20, 39, 35, 32, 30, 30, 20, 20, 34, 20, 03, 2F]
[01, 7F, 02, 47, 31, 38, 80, 35, 20, 39, 35, 32, 30, 30, 20, 20, 34, 20, 03, 2F]
[01, 7F, 02, 47, 35, 30, 82, 32, 34, 03, 38]
[01, 7F, 02, 47, 33, 30, 35, 20, 38, 37, 20, 36, 20, 03, 36]
[01, 7F, 02, 47, 33, 33, 35, 80, 80, 80, 80, 80, 80, 80, 80, 80, 80, 80, 80, 03, 2C]
[01, 7F, 02, 47, 36, 30, 35, 00, 00, 03, 2A]
[01, 7F, 02, 47, 33, 31, 35, 20, 30, 20, 30, 20, 20, 20, 20, 03, 2E]
[01, 7F, 02, 47, 33, 30, 35, 20, 38, 37, 20, 36, 20, 03, 36]
[01, 7F, 02, 47, 33, 34, 35, 80, 80, 80, 80, 80, 80, 80, 80, 80, 80, 80, 80, 03, 2B]
[01, 7F, 02, 47, 36, 30, 35, 00, 00, 03, 2A]
[01, 7F, 02, 47, 33, 31, 35, 20, 30, 20, 30, 20, 20, 20, 20, 03, 2E]
[01, 7F, 02, 47, 31, 38, 80, 35, 20, 39, 35, 31, 30, 30, 20, 20, 34, 20, 03, 2C]
[01, 7F, 02, 47, 31, 38, 82, 35, 20, 39, 35, 31, 30, 30, 20, 20, 34, 20, 03, 2E]
[01, 7F, 02, 47, 31, 38, 82, 35, 20, 39, 35, 31, 30, 30, 20, 20, 34, 20, 03, 2E]
[01, 7F, 02, 47, 31, 38, 82, 35, 20, 39, 35, 31, 30, 30, 20, 20, 34, 20, 03, 2E]
[01, 7F, 02, 47, 31, 38, 82, 35, 20, 39, 35, 31, 30, 30, 20, 20, 34, 20, 03, 2E]
[01, 7F, 02, 47, 35, 30, 82, 32, 34, 03, 38]
[01, 7F, 02, 47, 31, 38, 82, 35, 20, 39, 35, 31, 30, 30, 20, 20, 34, 20, 03, 2E]
[01, 7F, 02, 47, 33, 30, 35, 20, 38, 37, 20, 36, 20, 03, 36]
[01, 7F, 02, 47, 35, 30, 82, 32, 34, 03, 38]
[01, 7F, 02, 47, 33, 33, 35, 80, 80, 80, 80, 80, 80, 80, 80, 80, 80, 80, 80, 03, 2C]
[01, 7F, 02, 47, 33, 34, 35, 80, 80, 80, 80, 80, 80, 80, 80, 80, 80, 80, 80, 03, 2B]
[01, 7F, 02, 47, 31, 39, 35, 30, 30, 30, 30, 03, 24]
[01, 7F, 02, 47, 31, 38, 80, 35, 20, 39, 35, 30, 30, 30, 20, 20, 34, 20, 03, 2D]
[01, 7F, 02, 47, 31, 38, 80, 35, 20, 39, 35, 30, 30, 30, 20, 20, 34, 20, 03, 2D]
[01, 7F, 02, 47, 31, 38, 80, 35, 20, 39, 35, 30, 30, 30, 20, 20, 34, 20, 03, 2D]
[01, 7F, 02, 47, 31, 38, 80, 35, 20, 39, 35, 30, 30, 30, 20, 20, 34, 20, 03, 2D]
[01, 7F, 02, 47, 35, 30, 82, 32, 34, 03, 38]
[01, 7F, 02, 47, 33, 30, 35, 20, 38, 37, 20, 36, 20, 03, 36]
[01, 7F, 02, 47, 33, 33, 35, 80, 80, 80, 80, 80, 80, 80, 80, 80, 80, 80, 80, 03, 2C]
[01, 7F, 02, 47, 33, 31, 35, 20, 30, 20, 30, 20, 20, 20, 20, 03, 2E]
[01, 7F, 02, 47, 36, 30, 35, 00, 00, 03, 2A]
[01, 7F, 02, 47, 33, 30, 35, 20, 38, 37, 20, 36, 20, 03, 36]
[01, 7F, 02, 47, 36, 30, 35, 00, 00, 03, 2A]
[01, 7F, 02, 47, 33, 34, 35, 80, 80, 80, 80, 80, 80, 80, 80, 80, 80, 80, 80, 03, 2B]
[01, 7F, 02, 47, 33, 31, 35, 20, 30, 20, 30, 20, 20, 20, 20, 03, 2E]
[01, 7F, 02, 47, 31, 38, 80, 35, 20, 39, 34, 39, 30, 30, 20, 20, 34, 20, 03, 25]
[01, 7F, 02, 47, 31, 38, 80, 35, 20, 39, 34, 38, 30, 30, 20, 20, 34, 20, 03, 24]
[01, 7F, 02, 47, 31, 38, 80, 35, 20, 39, 34, 37, 30, 30, 20, 20, 34, 20, 03, 2B]
[01, 7F, 02, 47, 31, 38, 82, 35, 20, 39, 34, 37, 30, 30, 20, 20, 34, 20, 03, 29]
[01, 7F, 02, 47, 31, 38, 82, 35, 20, 39, 34, 37, 30, 30, 20, 20, 34, 20, 03, 29]
[01, 7F, 02, 47, 31, 38, 82, 35, 20, 39, 34, 37, 30, 30, 20, 20, 34, 20, 03, 29]
[01, 7F, 02, 47, 31, 38, 82, 35, 20, 39, 34, 37, 30, 30, 20, 20, 34, 20, 03, 29]
[01, 7F, 02, 47, 35, 30, 82, 32, 34, 03, 38]
[01, 7F, 02, 47, 31, 38, 82, 35, 20, 39, 34, 37, 30, 30, 20, 20, 34, 20, 03, 29]
[01, 7F, 02, 47, 33, 30, 35, 20, 38, 37, 20, 36, 20, 03, 36]
[01, 7F, 02, 47, 35, 30, 82, 32, 34, 03, 38]
[01, 7F, 02, 47, 33, 33, 35, 80, 80, 80, 80, 80, 80, 80, 80, 80, 80, 80, 80, 03, 2C]
[01, 7F, 02, 47, 33, 34, 35, 80, 80, 80, 80, 80, 80, 80, 80, 80, 80, 80, 80, 03, 2B]
[01, 7F, 02, 47, 31, 39, 35, 30, 30, 30, 30, 03, 24]
[01, 7F, 02, 47, 31, 38, 82, 35, 20, 39, 34, 37, 30, 30, 20, 20, 34, 20, 03, 29]
[01, 7F, 02, 47, 33, 30, 35, 20, 38, 37, 20, 36, 20, 03, 36]
[01, 7F, 02, 47, 35, 30, 82, 32, 34, 03, 38]
[01, 7F, 02, 47, 33, 33, 35, 80, 80, 80, 80, 80, 80, 80, 80, 80, 80, 80, 80, 03, 2C]
[01, 7F, 02, 47, 33, 34, 35, 80, 80, 80, 80, 80, 80, 80, 80, 80, 80, 80, 80, 03, 2B]
[01, 7F, 02, 47, 31, 39, 35, 30, 30, 30, 30, 03, 24]
[01, 7F, 02, 47, 31, 38, 82, 35, 20, 39, 34, 37, 30, 30, 20, 20, 34, 20, 03, 29]
[01, 7F, 02, 47, 33, 30, 35, 20, 38, 37, 20, 36, 20, 03, 36]
[01, 7F, 02, 47, 35, 30, 82, 32, 34, 03, 38]
[01, 7F, 02, 47, 33, 33, 35, 80, 80, 80, 80, 80, 80, 80, 80, 80, 80, 80, 80, 03, 2C]
[01, 7F, 02, 47, 33, 34, 35, 80, 80, 80, 80, 80, 80, 80, 80, 80, 80, 80, 80, 03, 2B]
[01, 7F, 02, 47, 31, 39, 35, 30, 30, 30, 30, 03, 24]
[01, 7F, 02, 47, 31, 38, 82, 35, 20, 39, 34, 37, 30, 30, 20, 20, 34, 20, 03, 29]
[01, 7F, 02, 47, 33, 30, 35, 20, 38, 37, 20, 36, 20, 03, 36]
[01, 7F, 02, 47, 35, 30, 82, 32, 34, 03, 38]
[01, 7F, 02, 47, 33, 33, 35, 80, 80, 80, 80, 80, 80, 80, 80, 80, 80, 80, 80, 03, 2C]
[01, 7F, 02, 47, 33, 34, 35, 80, 80, 80, 80, 80, 80, 80, 80, 80, 80, 80, 80, 03, 2B]
[01, 7F, 02, 47, 31, 39, 35, 30, 30, 30, 30, 03, 24]
[01, 7F, 02, 47, 31, 38, 82, 35, 20, 39, 34, 37, 30, 30, 20, 20, 34, 20, 03, 29]
[01, 7F, 02, 47, 33, 30, 35, 20, 38, 37, 20, 36, 20, 03, 36]
[01, 7F, 02, 47, 35, 30, 82, 32, 34, 03, 38]
[01, 7F, 02, 47, 33, 33, 35, 80, 80, 80, 80, 80, 80, 80, 80, 80, 80, 80, 80, 03, 2C]
[01, 7F, 02, 47, 33, 34, 35, 80, 80, 80, 80, 80, 80, 80, 80, 80, 80, 80, 80, 03, 2B]
[01, 7F, 02, 47, 31, 39, 35, 30, 30, 30, 30, 03, 24]
[01, 7F, 02, 47, 32, 30, 31, 31, 35, 39, 03, 37]
[01, 7F, 02, 47, 31, 38, 82, 35, 20, 39, 34, 37, 30, 30, 20, 20, 34, 20, 03, 29]
[01, 7F, 02, 47, 33, 30, 35, 20, 38, 37, 20, 36, 20, 03, 36]
[01, 7F, 02, 47, 35, 30, 82, 32, 34, 03, 38]
[01, 7F, 02, 47, 33, 33, 35, 80, 80, 80, 80, 80, 80, 80, 80, 80, 80, 80, 80, 03, 2C]
[01, 7F, 02, 47, 33, 34, 35, 80, 80, 80, 80, 80, 80, 80, 80, 80, 80, 80, 80, 03, 2B]
[01, 7F, 02, 47, 31, 39, 35, 30, 30, 30, 30, 03, 24]
[01, 7F, 02, 47, 31, 38, 82, 35, 20, 39, 34, 37, 30, 30, 20, 20, 34, 20, 03, 29]
[01, 7F, 02, 47, 33, 30, 35, 20, 38, 37, 20, 36, 20, 03, 36]
[01, 7F, 02, 47, 35, 30, 82, 32, 34, 03, 38]
[01, 7F, 02, 47, 33, 33, 35, 80, 80, 80, 80, 80, 80, 80, 80, 80, 80, 80, 80, 03, 2C]
[01, 7F, 02, 47, 33, 34, 35, 80, 80, 80, 80, 80, 80, 80, 80, 80, 80, 80, 80, 03, 2B]
[01, 7F, 02, 47, 31, 39, 35, 30, 30, 30, 30, 03, 24]
[01, 7F, 02, 47, 31, 38, 82, 35, 20, 39, 34, 37, 30, 30, 20, 20, 34, 20, 03, 29]
[01, 7F, 02, 47, 33, 30, 35, 20, 38, 37, 20, 36, 20, 03, 36]
[01, 7F, 02, 47, 35, 30, 82, 32, 34, 03, 38]
[01, 7F, 02, 47, 33, 33, 35, 80, 80, 80, 80, 80, 80, 80, 80, 80, 80, 80, 80, 03, 2C]
[01, 7F, 02, 47, 33, 34, 35, 80, 80, 80, 80, 80, 80, 80, 80, 80, 80, 80, 80, 03, 2B]
[01, 7F, 02, 47, 31, 39, 35, 30, 30, 30, 30, 03, 24]
[01, 7F, 02, 47, 31, 38, 82, 35, 20, 39, 34, 37, 30, 30, 20, 20, 34, 20, 03, 29]
[01, 7F, 02, 47, 35, 30, 82, 32, 34, 03, 38]
[01, 7F, 02, 47, 31, 38, 82, 35, 20, 39, 34, 37, 30, 30, 20, 20, 34, 20, 03, 29]
[01, 7F, 02, 47, 35, 30, 82, 32, 34, 03, 38]
[01, 7F, 02, 47, 31, 38, 82, 35, 20, 39, 34, 37, 30, 30, 20, 20, 34, 20, 03, 29]
[01, 7F, 02, 47, 35, 30, 82, 32, 34, 03, 38]
[01, 7F, 02, 47, 31, 38, 82, 35, 20, 39, 34, 37, 30, 30, 20, 20, 34, 20, 03, 29]
[01, 7F, 02, 47, 35, 30, 82, 32, 34, 03, 38]
[01, 7F, 02, 47, 31, 38, 82, 35, 20, 39, 34, 37, 30, 30, 20, 20, 34, 20, 03, 29]
[01, 7F, 02, 47, 35, 30, 82, 32, 34, 03, 38]
[01, 7F, 02, 47, 31, 38, 82, 35, 20, 39, 34, 37, 30, 30, 20, 20, 34, 20, 03, 29]
[01, 7F, 02, 47, 35, 30, 82, 32, 34, 03, 38]
[01, 7F, 02, 47, 31, 38, 82, 35, 20, 39, 34, 37, 30, 30, 20, 20, 34, 20, 03, 29]
[01, 7F, 02, 47, 35, 30, 82, 32, 34, 03, 38]
[01, 7F, 02, 47, 31, 38, 82, 35, 20, 39, 34, 37, 30, 30, 20, 20, 34, 20, 03, 29]
[01, 7F, 02, 47, 35, 30, 82, 32, 34, 03, 38]
[01, 7F, 02, 47, 31, 38, 82, 35, 20, 39, 34, 37, 30, 30, 20, 20, 34, 20, 03, 29]
[01, 7F, 02, 47, 35, 30, 82, 32, 34, 03, 38]
[01, 7F, 02, 47, 31, 38, 82, 35, 20, 39, 34, 37, 30, 30, 20, 20, 34, 20, 03, 29]
[01, 7F, 02, 47, 35, 30, 82, 32, 34, 03, 38]
[01, 7F, 02, 47, 31, 38, 82, 35, 20, 39, 34, 37, 30, 30, 20, 20, 34, 20, 03, 29]
[01, 7F, 02, 47, 35, 30, 82, 32, 35, 03, 39]
[01, 7F, 02, 47, 31, 38, 82, 35, 20, 39, 34, 37, 30, 30, 20, 20, 34, 20, 03, 29]
[01, 7F, 02, 47, 35, 30, 82, 32, 35, 03, 39]
[01, 7F, 02, 47, 31, 38, 82, 35, 20, 39, 34, 37, 30, 30, 20, 20, 34, 20, 03, 29]
[01, 7F, 02, 47, 35, 30, 82, 32, 34, 03, 38]
[01, 7F, 02, 47, 31, 38, 82, 35, 20, 39, 34, 37, 30, 30, 20, 20, 34, 20, 03, 29]
[01, 7F, 02, 47, 35, 30, 82, 32, 34, 03, 38]
[01, 7F, 02, 47, 31, 38, 82, 35, 20, 39, 34, 37, 30, 30, 20, 20, 34, 20, 03, 29]
[01, 7F, 02, 47, 35, 30, 82, 32, 33, 03, 3F]
[01, 7F, 02, 47, 31, 38, 82, 35, 20, 39, 34, 37, 30, 30, 20, 20, 34, 20, 03, 29]
[01, 7F, 02, 47, 35, 30, 82, 32, 33, 03, 3F]
[01, 7F, 02, 47, 31, 38, 82, 35, 20, 39, 34, 37, 30, 30, 20, 20, 34, 20, 03, 29]
[01, 7F, 02, 47, 35, 30, 82, 32, 32, 03, 3E]
[01, 7F, 02, 47, 31, 38, 82, 35, 20, 39, 34, 37, 30, 30, 20, 20, 34, 20, 03, 29]
[01, 7F, 02, 47, 35, 30, 82, 32, 32, 03, 3E]
[01, 7F, 02, 47, 31, 38, 82, 35, 20, 39, 34, 37, 30, 30, 20, 20, 34, 20, 03, 29]
[01, 7F, 02, 47, 35, 30, 82, 32, 31, 03, 3D]
[01, 7F, 02, 47, 31, 38, 82, 35, 20, 39, 34, 37, 30, 30, 20, 20, 34, 20, 03, 29]
[01, 7F, 02, 47, 35, 30, 82, 32, 30, 03, 3C]
[01, 7F, 02, 47, 31, 38, 82, 35, 20, 39, 34, 37, 30, 30, 20, 20, 34, 20, 03, 29]
[01, 7F, 02, 47, 35, 30, 82, 32, 30, 03, 3C]
[01, 7F, 02, 47, 31, 38, 82, 35, 20, 39, 34, 37, 30, 30, 20, 20, 34, 20, 03, 29]
[01, 7F, 02, 47, 35, 30, 82, 31, 39, 03, 36]
[01, 7F, 02, 47, 31, 38, 82, 35, 20, 39, 34, 37, 30, 30, 20, 20, 34, 20, 03, 29]
[01, 7F, 02, 47, 35, 30, 82, 31, 39, 03, 36]
[01, 7F, 02, 47, 31, 38, 82, 35, 20, 39, 34, 37, 30, 30, 20, 20, 34, 20, 03, 29]
[01, 7F, 02, 47, 35, 30, 82, 31, 39, 03, 36]
[01, 7F, 02, 47, 31, 38, 82, 35, 20, 39, 34, 37, 30, 30, 20, 20, 34, 20, 03, 29]
[01, 7F, 02, 47, 35, 30, 82, 31, 38, 03, 37]
[01, 7F, 02, 47, 31, 38, 82, 35, 20, 39, 34, 37, 30, 30, 20, 20, 34, 20, 03, 29]
[01, 7F, 02, 47, 35, 30, 82, 31, 38, 03, 37]
[01, 7F, 02, 47, 31, 38, 82, 35, 20, 39, 34, 37, 30, 30, 20, 20, 34, 20, 03, 29]
[01, 7F, 02, 47, 35, 30, 82, 31, 37, 03, 38]
[01, 7F, 02, 47, 31, 38, 82, 35, 20, 39, 34, 37, 30, 30, 20, 20, 34, 20, 03, 29]
[01, 7F, 02, 47, 35, 30, 82, 31, 37, 03, 38]
[01, 7F, 02, 47, 31, 38, 82, 35, 20, 39, 34, 37, 30, 30, 20, 20, 34, 20, 03, 29]
[01, 7F, 02, 47, 35, 30, 82, 31, 36, 03, 39]
[01, 7F, 02, 47, 31, 38, 82, 35, 20, 39, 34, 37, 30, 30, 20, 20, 34, 20, 03, 29]
[01, 7F, 02, 47, 35, 30, 82, 31, 36, 03, 39]
[01, 7F, 02, 47, 31, 38, 82, 35, 20, 39, 34, 37, 30, 30, 20, 20, 34, 20, 03, 29]
[01, 7F, 02, 47, 35, 30, 82, 31, 35, 03, 3A]
[01, 7F, 02, 47, 31, 38, 82, 35, 20, 39, 34, 37, 30, 30, 20, 20, 34, 20, 03, 29]
[01, 7F, 02, 47, 35, 30, 82, 31, 35, 03, 3A]
[01, 7F, 02, 47, 31, 38, 82, 35, 20, 39, 34, 37, 30, 30, 20, 20, 34, 20, 03, 29]
[01, 7F, 02, 47, 35, 30, 82, 31, 34, 03, 3B]
[01, 7F, 02, 47, 31, 38, 82, 35, 20, 39, 34, 37, 30, 30, 20, 20, 34, 20, 03, 29]
[01, 7F, 02, 47, 35, 30, 82, 31, 34, 03, 3B]
[01, 7F, 02, 47, 31, 38, 82, 35, 20, 39, 34, 37, 30, 30, 20, 20, 34, 20, 03, 29]
[01, 7F, 02, 47, 35, 30, 82, 31, 33, 03, 3C]
[01, 7F, 02, 47, 31, 38, 82, 35, 20, 39, 34, 37, 30, 30, 20, 20, 34, 20, 03, 29]
[01, 7F, 02, 47, 35, 30, 82, 31, 33, 03, 3C]
[01, 7F, 02, 47, 31, 38, 82, 35, 20, 39, 34, 37, 30, 30, 20, 20, 34, 20, 03, 29]
[01, 7F, 02, 47, 35, 30, 82, 31, 32, 03, 3D]
[01, 7F, 02, 47, 31, 38, 82, 35, 20, 39, 34, 37, 30, 30, 20, 20, 34, 20, 03, 29]
[01, 7F, 02, 47, 35, 30, 82, 31, 32, 03, 3D]
[01, 7F, 02, 47, 31, 38, 82, 35, 20, 39, 34, 37, 30, 30, 20, 20, 34, 20, 03, 29]
[01, 7F, 02, 47, 35, 30, 82, 31, 31, 03, 3E]
[01, 7F, 02, 47, 31, 38, 82, 35, 20, 39, 34, 37, 30, 30, 20, 20, 34, 20, 03, 29]
[01, 7F, 02, 47, 35, 30, 82, 31, 31, 03, 3E]
[01, 7F, 02, 47, 31, 38, 82, 35, 20, 39, 34, 37, 30, 30, 20, 20, 34, 20, 03, 29]
[01, 7F, 02, 47, 35, 30, 82, 31, 30, 03, 3F]
[01, 7F, 02, 47, 31, 38, 82, 35, 20, 39, 34, 37, 30, 30, 20, 20, 34, 20, 03, 29]
[01, 7F, 02, 47, 35, 30, 82, 31, 30, 03, 3F]
[01, 7F, 02, 47, 31, 38, 82, 35, 20, 39, 34, 37, 30, 30, 20, 20, 34, 20, 03, 29]
[01, 7F, 02, 47, 33, 30, 35, 20, 38, 37, 20, 36, 20, 03, 36]
[01, 7F, 02, 47, 35, 30, 82, 31, 30, 03, 3F]
[01, 7F, 02, 47, 33, 33, 35, 80, 80, 80, 80, 80, 80, 80, 80, 80, 80, 80, 80, 03, 2C]
[01, 7F, 02, 47, 31, 38, 82, 35, 20, 39, 34, 37, 30, 30, 20, 20, 34, 20, 03, 29]
[01, 7F, 02, 47, 35, 30, 82, 30, 39, 03, 37]
[01, 7F, 02, 47, 33, 34, 35, 80, 80, 80, 80, 80, 80, 80, 80, 80, 80, 80, 80, 03, 2B]
[01, 7F, 02, 47, 31, 39, 35, 30, 30, 30, 30, 03, 24]
[01, 7F, 02, 47, 31, 38, 82, 35, 20, 39, 34, 37, 30, 30, 20, 20, 34, 20, 03, 29]
[01, 7F, 02, 47, 35, 30, 82, 30, 39, 03, 37]
[01, 7F, 02, 47, 31, 38, 82, 35, 20, 39, 34, 37, 30, 30, 20, 20, 34, 20, 03, 29]
[01, 7F, 02, 47, 35, 30, 82, 30, 39, 03, 37]
[01, 7F, 02, 47, 31, 38, 82, 35, 20, 39, 34, 37, 30, 30, 20, 20, 34, 20, 03, 29]
[01, 7F, 02, 47, 35, 30, 82, 30, 38, 03, 36]
[01, 7F, 02, 47, 31, 38, 82, 35, 20, 39, 34, 37, 30, 30, 20, 20, 34, 20, 03, 29]
[01, 7F, 02, 47, 35, 30, 82, 30, 37, 03, 39]
[01, 7F, 02, 47, 31, 38, 82, 35, 20, 39, 34, 37, 30, 30, 20, 20, 34, 20, 03, 29]
[01, 7F, 02, 47, 35, 30, 82, 30, 36, 03, 38]
[01, 7F, 02, 47, 31, 38, 82, 35, 20, 39, 34, 37, 30, 30, 20, 20, 34, 20, 03, 29]
[01, 7F, 02, 47, 35, 30, 82, 30, 36, 03, 38]
[01, 7F, 02, 47, 31, 38, 82, 35, 20, 39, 34, 37, 30, 30, 20, 20, 34, 20, 03, 29]
[01, 7F, 02, 47, 35, 30, 82, 30, 36, 03, 38]
[01, 7F, 02, 47, 31, 38, 82, 35, 20, 39, 34, 37, 30, 30, 20, 20, 34, 20, 03, 29]
[01, 7F, 02, 47, 35, 30, 82, 30, 36, 03, 38]
[01, 7F, 02, 47, 31, 38, 82, 35, 20, 39, 34, 37, 30, 30, 20, 20, 34, 20, 03, 29]
[01, 7F, 02, 47, 35, 30, 82, 30, 35, 03, 3B]
[01, 7F, 02, 47, 31, 38, 82, 35, 20, 39, 34, 37, 30, 30, 20, 20, 34, 20, 03, 29]
[01, 7F, 02, 47, 35, 30, 82, 30, 35, 03, 3B]
[01, 7F, 02, 47, 31, 38, 82, 35, 20, 39, 34, 37, 30, 30, 20, 20, 34, 20, 03, 29]
[01, 7F, 02, 47, 35, 30, 92, 34, 39, 03, 23]
[01, 7F, 02, 47, 31, 38, 82, 35, 20, 39, 34, 37, 30, 30, 20, 20, 34, 20, 03, 29]
[01, 7F, 02, 47, 35, 30, 92, 34, 39, 03, 23]
[01, 7F, 02, 47, 31, 38, 82, 35, 20, 39, 34, 37, 30, 30, 20, 20, 34, 20, 03, 29]
[01, 7F, 02, 47, 35, 30, 92, 34, 38, 03, 22]
[01, 7F, 02, 47, 31, 38, 82, 35, 20, 39, 34, 37, 30, 30, 20, 20, 34, 20, 03, 29]
[01, 7F, 02, 47, 35, 30, 92, 34, 38, 03, 22]
[01, 7F, 02, 47, 31, 38, 82, 35, 20, 39, 34, 37, 30, 30, 20, 20, 34, 20, 03, 29]
[01, 7F, 02, 47, 35, 30, 92, 34, 37, 03, 2D]
[01, 7F, 02, 47, 31, 38, 82, 35, 20, 39, 34, 37, 30, 30, 20, 20, 34, 20, 03, 29]
[01, 7F, 02, 47, 35, 30, 92, 34, 37, 03, 2D]
[01, 7F, 02, 47, 31, 38, 82, 35, 20, 39, 34, 37, 30, 30, 20, 20, 34, 20, 03, 29]
[01, 7F, 02, 47, 35, 30, 92, 34, 36, 03, 2C]
[01, 7F, 02, 47, 31, 38, 82, 35, 20, 39, 34, 37, 30, 30, 20, 20, 34, 20, 03, 29]
[01, 7F, 02, 47, 35, 30, 92, 34, 36, 03, 2C]
[01, 7F, 02, 47, 31, 38, 82, 35, 20, 39, 34, 37, 30, 30, 20, 20, 34, 20, 03, 29]
[01, 7F, 02, 47, 35, 30, 92, 34, 35, 03, 2F]
[01, 7F, 02, 47, 31, 38, 82, 35, 20, 39, 34, 37, 30, 30, 20, 20, 34, 20, 03, 29]
[01, 7F, 02, 47, 35, 30, 92, 34, 35, 03, 2F]
[01, 7F, 02, 47, 31, 38, 82, 35, 20, 39, 34, 37, 30, 30, 20, 20, 34, 20, 03, 29]
[01, 7F, 02, 47, 35, 30, 92, 34, 36, 03, 2C]
[01, 7F, 02, 47, 31, 38, 82, 35, 20, 39, 34, 37, 30, 30, 20, 20, 34, 20, 03, 29]
[01, 7F, 02, 47, 35, 30, 92, 34, 36, 03, 2C]
[01, 7F, 02, 47, 31, 38, 82, 35, 20, 39, 34, 37, 30, 30, 20, 20, 34, 20, 03, 29]
[01, 7F, 02, 47, 35, 30, 92, 34, 37, 03, 2D]
[01, 7F, 02, 47, 31, 38, 82, 35, 20, 39, 34, 37, 30, 30, 20, 20, 34, 20, 03, 29]
[01, 7F, 02, 47, 35, 30, 92, 34, 37, 03, 2D]
[01, 7F, 02, 47, 31, 38, 82, 35, 20, 39, 34, 37, 30, 30, 20, 20, 34, 20, 03, 29]
[01, 7F, 02, 47, 35, 30, 92, 34, 38, 03, 22]
[01, 7F, 02, 47, 31, 38, 82, 35, 20, 39, 34, 37, 30, 30, 20, 20, 34, 20, 03, 29]
[01, 7F, 02, 47, 35, 30, 92, 34, 38, 03, 22]
[01, 7F, 02, 47, 31, 38, 82, 35, 20, 39, 34, 37, 30, 30, 20, 20, 34, 20, 03, 29]
[01, 7F, 02, 47, 35, 30, 92, 34, 39, 03, 23]
[01, 7F, 02, 47, 31, 38, 82, 35, 20, 39, 34, 37, 30, 30, 20, 20, 34, 20, 03, 29]
[01, 7F, 02, 47, 35, 30, 82, 30, 35, 03, 3B]
[01, 7F, 02, 47, 31, 38, 82, 35, 20, 39, 34, 37, 30, 30, 20, 20, 34, 20, 03, 29]
[01, 7F, 02, 47, 35, 30, 82, 30, 35, 03, 3B]
[01, 7F, 02, 47, 31, 38, 82, 35, 20, 39, 34, 37, 30, 30, 20, 20, 34, 20, 03, 29]
[01, 7F, 02, 47, 35, 30, 82, 30, 36, 03, 38]
[01, 7F, 02, 47, 31, 38, 82, 35, 20, 39, 34, 37, 30, 30, 20, 20, 34, 20, 03, 29]
[01, 7F, 02, 47, 35, 30, 82, 30, 36, 03, 38]
[01, 7F, 02, 47, 31, 38, 82, 35, 20, 39, 34, 37, 30, 30, 20, 20, 34, 20, 03, 29]
[01, 7F, 02, 47, 35, 30, 82, 30, 35, 03, 3B]
[01, 7F, 02, 47, 31, 38, 82, 35, 20, 39, 34, 37, 30, 30, 20, 20, 34, 20, 03, 29]
[01, 7F, 02, 47, 35, 30, 82, 30, 35, 03, 3B]
[01, 7F, 02, 47, 31, 38, 82, 35, 20, 39, 34, 37, 30, 30, 20, 20, 34, 20, 03, 29]
[01, 7F, 02, 47, 35, 30, 92, 34, 39, 03, 23]
[01, 7F, 02, 47, 31, 38, 82, 35, 20, 39, 34, 37, 30, 30, 20, 20, 34, 20, 03, 29]
[01, 7F, 02, 47, 35, 30, 92, 34, 39, 03, 23]
[01, 7F, 02, 47, 31, 38, 82, 35, 20, 39, 34, 37, 30, 30, 20, 20, 34, 20, 03, 29]
[01, 7F, 02, 47, 35, 30, 92, 34, 38, 03, 22]
[01, 7F, 02, 47, 31, 38, 82, 35, 20, 39, 34, 37, 30, 30, 20, 20, 34, 20, 03, 29]
[01, 7F, 02, 47, 35, 30, 92, 34, 38, 03, 22]
[01, 7F, 02, 47, 31, 38, 82, 35, 20, 39, 34, 37, 30, 30, 20, 20, 34, 20, 03, 29]
[01, 7F, 02, 47, 35, 30, 92, 34, 37, 03, 2D]
[01, 7F, 02, 47, 31, 38, 82, 35, 20, 39, 34, 37, 30, 30, 20, 20, 34, 20, 03, 29]
[01, 7F, 02, 47, 35, 30, 92, 34, 37, 03, 2D]
[01, 7F, 02, 47, 31, 38, 82, 35, 20, 39, 34, 37, 30, 30, 20, 20, 34, 20, 03, 29]
[01, 7F, 02, 47, 35, 30, 92, 34, 36, 03, 2C]
[01, 7F, 02, 47, 31, 38, 82, 35, 20, 39, 34, 37, 30, 30, 20, 20, 34, 20, 03, 29]
[01, 7F, 02, 47, 35, 30, 92, 34, 36, 03, 2C]
[01, 7F, 02, 47, 31, 38, 82, 35, 20, 39, 34, 37, 30, 30, 20, 20, 34, 20, 03, 29]
[01, 7F, 02, 47, 35, 30, 92, 34, 35, 03, 2F]
[01, 7F, 02, 47, 31, 38, 82, 35, 20, 39, 34, 37, 30, 30, 20, 20, 34, 20, 03, 29]
[01, 7F, 02, 47, 35, 30, 92, 34, 35, 03, 2F]
[01, 7F, 02, 47, 31, 38, 82, 35, 20, 39, 34, 37, 30, 30, 20, 20, 34, 20, 03, 29]
[01, 7F, 02, 47, 35, 30, 92, 34, 34, 03, 2E]
[01, 7F, 02, 47, 31, 38, 82, 35, 20, 39, 34, 37, 30, 30, 20, 20, 34, 20, 03, 29]
[01, 7F, 02, 47, 35, 30, 92, 34, 34, 03, 2E]
[01, 7F, 02, 47, 31, 38, 82, 35, 20, 39, 34, 37, 30, 30, 20, 20, 34, 20, 03, 29]
[01, 7F, 02, 47, 35, 30, 92, 34, 33, 03, 29]
[01, 7F, 02, 47, 31, 38, 82, 35, 20, 39, 34, 37, 30, 30, 20, 20, 34, 20, 03, 29]
[01, 7F, 02, 47, 35, 30, 92, 34, 33, 03, 29]
[01, 7F, 02, 47, 31, 38, 82, 35, 20, 39, 34, 37, 30, 30, 20, 20, 34, 20, 03, 29]
[01, 7F, 02, 47, 35, 30, 92, 34, 31, 03, 2B]
[01, 7F, 02, 47, 31, 38, 82, 35, 20, 39, 34, 37, 30, 30, 20, 20, 34, 20, 03, 29]
[01, 7F, 02, 47, 35, 30, 92, 34, 30, 03, 2A]
[01, 7F, 02, 47, 31, 38, 82, 35, 20, 39, 34, 37, 30, 30, 20, 20, 34, 20, 03, 29]
[01, 7F, 02, 47, 35, 30, 92, 34, 30, 03, 2A]
[01, 7F, 02, 47, 31, 38, 82, 35, 20, 39, 34, 37, 30, 30, 20, 20, 34, 20, 03, 29]
[01, 7F, 02, 47, 35, 30, 92, 34, 30, 03, 2A]
[01, 7F, 02, 47, 31, 38, 82, 35, 20, 39, 34, 37, 30, 30, 20, 20, 34, 20, 03, 29]
[01, 7F, 02, 47, 35, 30, 92, 34, 30, 03, 2A]
[01, 7F, 02, 47, 31, 38, 82, 35, 20, 39, 34, 37, 30, 30, 20, 20, 34, 20, 03, 29]
[01, 7F, 02, 47, 35, 30, 92, 34, 30, 03, 2A]
[01, 7F, 02, 47, 31, 38, 82, 35, 20, 39, 34, 37, 30, 30, 20, 20, 34, 20, 03, 29]
[01, 7F, 02, 47, 33, 30, 35, 20, 38, 37, 20, 36, 20, 03, 36]
[01, 7F, 02, 47, 35, 30, 92, 34, 30, 03, 2A]
[01, 7F, 02, 47, 33, 33, 35, 80, 80, 80, 80, 80, 80, 80, 80, 80, 80, 80, 80, 03, 2C]
[01, 7F, 02, 47, 33, 34, 35, 80, 80, 80, 80, 80, 80, 80, 80, 80, 80, 80, 80, 03, 2B]
[01, 7F, 02, 47, 31, 39, 35, 30, 30, 30, 30, 03, 24]
[01, 7F, 02, 47, 31, 38, 82, 35, 20, 39, 34, 37, 30, 30, 20, 20, 34, 20, 03, 29]
[01, 7F, 02, 47, 35, 30, 92, 34, 30, 03, 2A]
[01, 7F, 02, 47, 31, 38, 82, 35, 20, 39, 34, 37, 30, 30, 20, 20, 34, 20, 03, 29]
[01, 7F, 02, 47, 35, 30, 92, 34, 30, 03, 2A]
[01, 7F, 02, 47, 31, 38, 82, 35, 20, 39, 34, 37, 30, 30, 20, 20, 34, 20, 03, 29]
[01, 7F, 02, 47, 35, 30, 92, 34, 30, 03, 2A]
[01, 7F, 02, 47, 31, 38, 82, 35, 20, 39, 34, 37, 30, 30, 20, 20, 34, 20, 03, 29]
[01, 7F, 02, 47, 33, 30, 35, 20, 38, 37, 20, 36, 20, 03, 36]
[01, 7F, 02, 47, 35, 30, 92, 34, 30, 03, 2A]
[01, 7F, 02, 47, 33, 33, 35, 80, 80, 80, 80, 80, 80, 80, 80, 80, 80, 80, 80, 03, 2C]
[01, 7F, 02, 47, 33, 34, 35, 80, 80, 80, 80, 80, 80, 80, 80, 80, 80, 80, 80, 03, 2B]
[01, 7F, 02, 47, 31, 39, 35, 30, 30, 30, 30, 03, 24]
[01, 7F, 02, 47, 32, 30, 31, 32, 30, 30, 03, 38]
[01, 7F, 02, 47, 31, 38, 80, 35, 20, 39, 34, 37, 30, 30, 20, 20, 34, 20, 03, 2B]
[01, 7F, 02, 47, 31, 38, 80, 35, 20, 39, 34, 37, 30, 30, 20, 20, 34, 20, 03, 2B]
[01, 7F, 02, 47, 31, 38, 80, 35, 20, 39, 34, 37, 30, 30, 20, 20, 34, 20, 03, 2B]
[01, 7F, 02, 47, 31, 38, 80, 35, 20, 39, 34, 37, 30, 30, 20, 20, 34, 20, 03, 2B]
[01, 7F, 02, 47, 35, 30, 92, 34, 30, 03, 2A]
[01, 7F, 02, 47, 33, 30, 35, 20, 38, 37, 20, 36, 20, 03, 36]
[01, 7F, 02, 47, 33, 33, 35, 80, 80, 80, 80, 80, 80, 80, 80, 80, 80, 80, 80, 03, 2C]
[01, 7F, 02, 47, 36, 30, 35, 00, 00, 03, 2A]
[01, 7F, 02, 47, 33, 31, 35, 20, 30, 20, 30, 20, 20, 20, 20, 03, 2E]
[01, 7F, 02, 47, 33, 30, 35, 20, 38, 37, 20, 36, 20, 03, 36]
[01, 7F, 02, 47, 33, 34, 35, 80, 80, 80, 80, 80, 80, 80, 80, 80, 80, 80, 80, 03, 2B]
[01, 7F, 02, 47, 36, 30, 35, 00, 00, 03, 2A]
[01, 7F, 02, 47, 33, 31, 35, 20, 30, 20, 30, 20, 20, 20, 20, 03, 2E]
[01, 7F, 02, 47, 31, 38, 80, 35, 20, 39, 34, 36, 30, 30, 20, 20, 34, 20, 03, 2A]
[01, 7F, 02, 47, 31, 38, 80, 35, 20, 39, 34, 35, 30, 30, 20, 20, 34, 20, 03, 29]
[01, 7F, 02, 47, 31, 38, 82, 35, 20, 39, 34, 35, 30, 30, 20, 20, 34, 20, 03, 2B]
[01, 7F, 02, 47, 31, 38, 82, 35, 20, 39, 34, 35, 30, 30, 20, 20, 34, 20, 03, 2B]
[01, 7F, 02, 47, 31, 38, 82, 35, 20, 39, 34, 35, 30, 30, 20, 20, 34, 20, 03, 2B]
[01, 7F, 02, 47, 31, 38, 82, 35, 20, 39, 34, 35, 30, 30, 20, 20, 34, 20, 03, 2B]
[01, 7F, 02, 47, 35, 30, 92, 34, 30, 03, 2A]
[01, 7F, 02, 47, 31, 38, 82, 35, 20, 39, 34, 35, 30, 30, 20, 20, 34, 20, 03, 2B]
[01, 7F, 02, 47, 33, 30, 35, 20, 38, 37, 20, 36, 20, 03, 36]
[01, 7F, 02, 47, 35, 30, 92, 34, 30, 03, 2A]
[01, 7F, 02, 47, 33, 33, 35, 80, 80, 80, 80, 80, 80, 80, 80, 80, 80, 80, 80, 03, 2C]
[01, 7F, 02, 47, 33, 34, 35, 80, 80, 80, 80, 80, 80, 80, 80, 80, 80, 80, 80, 03, 2B]
[01, 7F, 02, 47, 31, 39, 35, 30, 30, 30, 30, 03, 24]
[01, 7F, 02, 47, 31, 38, 82, 35, 20, 39, 34, 35, 30, 30, 20, 20, 34, 20, 03, 2B]
[01, 7F, 02, 47, 35, 30, 90, 34, 30, 03, 28]
[01, 7F, 02, 47, 35, 30, 90, 33, 39, 03, 26]
[01, 7F, 02, 47, 35, 30, 90, 33, 38, 03, 27]
[01, 7F, 02, 47, 31, 38, 82, 35, 20, 39, 34, 35, 30, 30, 20, 20, 34, 20, 03, 2B]
[01, 7F, 02, 47, 35, 30, 90, 33, 38, 03, 27]
[01, 7F, 02, 47, 35, 30, 90, 33, 37, 03, 28]
[01, 7F, 02, 47, 35, 30, 90, 33, 36, 03, 29]
[01, 7F, 02, 47, 35, 30, 90, 33, 35, 03, 2A]
[01, 7F, 02, 47, 35, 30, 90, 33, 34, 03, 2B]
[01, 7F, 02, 47, 35, 30, 90, 33, 33, 03, 2C]
[01, 7F, 02, 47, 35, 30, 90, 33, 32, 03, 2D]
[01, 7F, 02, 47, 35, 30, 90, 33, 31, 03, 2E]
[01, 7F, 02, 47, 35, 30, 90, 33, 30, 03, 2F]
[01, 7F, 02, 47, 35, 30, 90, 32, 39, 03, 27]
[01, 7F, 02, 47, 35, 30, 90, 32, 38, 03, 26]
[01, 7F, 02, 47, 35, 30, 90, 32, 37, 03, 29]
[01, 7F, 02, 47, 31, 38, 82, 35, 20, 39, 34, 35, 30, 30, 20, 20, 34, 20, 03, 2B]
[01, 7F, 02, 47, 35, 30, 92, 32, 37, 03, 2B]
[01, 7F, 02, 47, 31, 38, 82, 35, 20, 39, 34, 35, 30, 30, 20, 20, 34, 20, 03, 2B]
[01, 7F, 02, 47, 35, 30, 92, 32, 37, 03, 2B]
[01, 7F, 02, 47, 31, 38, 82, 35, 20, 39, 34, 35, 30, 30, 20, 20, 34, 20, 03, 2B]
[01, 7F, 02, 47, 33, 30, 35, 20, 38, 37, 20, 36, 20, 03, 36]
[01, 7F, 02, 47, 35, 30, 92, 32, 37, 03, 2B]
[01, 7F, 02, 47, 33, 33, 35, 80, 80, 80, 80, 80, 80, 80, 80, 80, 80, 80, 80, 03, 2C]
[01, 7F, 02, 47, 33, 34, 35, 80, 80, 80, 80, 80, 80, 80, 80, 80, 80, 80, 80, 03, 2B]
[01, 7F, 02, 47, 31, 39, 35, 30, 30, 30, 30, 03, 24]
[01, 7F, 02, 47, 31, 38, 82, 35, 20, 39, 34, 35, 30, 30, 20, 20, 34, 20, 03, 2B]
[01, 7F, 02, 47, 33, 30, 35, 20, 38, 37, 20, 36, 20, 03, 36]
[01, 7F, 02, 47, 35, 30, 92, 32, 37, 03, 2B]
[01, 7F, 02, 47, 33, 33, 35, 80, 80, 80, 80, 80, 80, 80, 80, 80, 80, 80, 80, 03, 2C]
[01, 7F, 02, 47, 33, 34, 35, 80, 80, 80, 80, 80, 80, 80, 80, 80, 80, 80, 80, 03, 2B]
[01, 7F, 02, 47, 31, 39, 35, 30, 30, 30, 30, 03, 24]
[01, 7F, 02, 47, 31, 38, 82, 35, 20, 39, 34, 35, 30, 30, 20, 20, 34, 20, 03, 2B]
[01, 7F, 02, 47, 33, 30, 35, 20, 38, 37, 20, 36, 20, 03, 36]
[01, 7F, 02, 47, 35, 30, 92, 32, 37, 03, 2B]
[01, 7F, 02, 47, 33, 33, 35, 80, 80, 80, 80, 80, 80, 80, 80, 80, 80, 80, 80, 03, 2C]
[01, 7F, 02, 47, 33, 34, 35, 80, 80, 80, 80, 80, 80, 80, 80, 80, 80, 80, 80, 03, 2B]
[01, 7F, 02, 47, 31, 39, 35, 30, 30, 30, 30, 03, 24]
[01, 7F, 02, 47, 31, 38, 82, 35, 20, 39, 34, 35, 30, 30, 20, 20, 34, 20, 03, 2B]
[01, 7F, 02, 47, 33, 30, 35, 20, 38, 37, 20, 36, 20, 03, 36]
[01, 7F, 02, 47, 35, 30, 92, 32, 37, 03, 2B]
[01, 7F, 02, 47, 33, 33, 35, 80, 80, 80, 80, 80, 80, 80, 80, 80, 80, 80, 80, 03, 2C]
[01, 7F, 02, 47, 33, 34, 35, 80, 80, 80, 80, 80, 80, 80, 80, 80, 80, 80, 80, 03, 2B]
[01, 7F, 02, 47, 31, 39, 35, 30, 30, 30, 30, 03, 24]
[01, 7F, 02, 47, 31, 38, 82, 35, 20, 39, 34, 35, 30, 30, 20, 20, 34, 20, 03, 2B]
[01, 7F, 02, 47, 33, 30, 35, 20, 38, 37, 20, 36, 20, 03, 36]
[01, 7F, 02, 47, 35, 30, 92, 32, 37, 03, 2B]
[01, 7F, 02, 47, 33, 33, 35, 80, 80, 80, 80, 80, 80, 80, 80, 80, 80, 80, 80, 03, 2C]
[01, 7F, 02, 47, 33, 34, 35, 80, 80, 80, 80, 80, 80, 80, 80, 80, 80, 80, 80, 03, 2B]
[01, 7F, 02, 47, 31, 39, 35, 30, 30, 30, 30, 03, 24]
[01, 7F, 02, 47, 32, 30, 31, 32, 30, 31, 03, 39]
[01, 7F, 02, 47, 31, 38, 82, 35, 20, 39, 34, 35, 30, 30, 20, 20, 34, 20, 03, 2B]
[01, 7F, 02, 47, 33, 30, 35, 20, 38, 37, 20, 36, 20, 03, 36]
[01, 7F, 02, 47, 35, 30, 92, 32, 37, 03, 2B]
[01, 7F, 02, 47, 33, 33, 35, 80, 80, 80, 80, 80, 80, 80, 80, 80, 80, 80, 80, 03, 2C]
[01, 7F, 02, 47, 33, 34, 35, 80, 80, 80, 80, 80, 80, 80, 80, 80, 80, 80, 80, 03, 2B]
[01, 7F, 02, 47, 31, 39, 35, 30, 30, 30, 30, 03, 24]
[01, 7F, 02, 47, 31, 38, 82, 35, 20, 39, 34, 35, 30, 30, 20, 20, 34, 20, 03, 2B]
[01, 7F, 02, 47, 35, 30, 92, 32, 37, 03, 2B]
[01, 7F, 02, 47, 31, 38, 82, 35, 20, 39, 34, 35, 30, 30, 20, 20, 34, 20, 03, 2B]
[01, 7F, 02, 47, 35, 30, 92, 32, 37, 03, 2B]
[01, 7F, 02, 47, 31, 38, 82, 35, 20, 39, 34, 35, 30, 30, 20, 20, 34, 20, 03, 2B]
[01, 7F, 02, 47, 35, 30, 90, 32, 37, 03, 29]
[01, 7F, 02, 47, 35, 30, 90, 32, 36, 03, 28]
[01, 7F, 02, 47, 31, 38, 82, 35, 20, 39, 34, 35, 30, 30, 20, 20, 34, 20, 03, 2B]
[01, 7F, 02, 47, 35, 30, 90, 32, 35, 03, 2B]
[01, 7F, 02, 47, 35, 30, 90, 32, 34, 03, 2A]
[01, 7F, 02, 47, 35, 30, 90, 32, 33, 03, 2D]
[01, 7F, 02, 47, 35, 30, 90, 32, 32, 03, 2C]
[01, 7F, 02, 47, 35, 30, 90, 32, 31, 03, 2F]
[01, 7F, 02, 47, 35, 30, 90, 32, 30, 03, 2E]
[01, 7F, 02, 47, 35, 30, 90, 31, 39, 03, 24]
[01, 7F, 02, 47, 35, 30, 90, 31, 38, 03, 25]
[01, 7F, 02, 47, 35, 30, 90, 31, 37, 03, 2A]
[01, 7F, 02, 47, 35, 30, 90, 31, 36, 03, 2B]
[01, 7F, 02, 47, 35, 30, 90, 31, 35, 03, 28]
[01, 7F, 02, 47, 31, 38, 82, 35, 20, 39, 34, 35, 30, 30, 20, 20, 34, 20, 03, 2B]
[01, 7F, 02, 47, 35, 30, 92, 31, 36, 03, 29]
[01, 7F, 02, 47, 31, 38, 82, 35, 20, 39, 34, 35, 30, 30, 20, 20, 34, 20, 03, 2B]
[01, 7F, 02, 47, 35, 30, 92, 31, 36, 03, 29]
[01, 7F, 02, 47, 31, 38, 80, 35, 20, 39, 34, 35, 30, 30, 20, 20, 34, 20, 03, 29]
[01, 7F, 02, 47, 31, 38, 80, 35, 20, 39, 34, 35, 30, 30, 20, 20, 34, 20, 03, 29]
[01, 7F, 02, 47, 31, 38, 80, 35, 20, 39, 34, 35, 30, 30, 20, 20, 34, 20, 03, 29]
[01, 7F, 02, 47, 31, 38, 80, 35, 20, 39, 34, 35, 30, 30, 20, 20, 34, 20, 03, 29]
[01, 7F, 02, 47, 35, 30, 92, 31, 36, 03, 29]
[01, 7F, 02, 47, 33, 30, 35, 20, 38, 37, 20, 36, 20, 03, 36]
[01, 7F, 02, 47, 36, 30, 35, 00, 00, 03, 2A]
[01, 7F, 02, 47, 33, 33, 35, 80, 80, 80, 80, 80, 80, 80, 80, 80, 80, 80, 80, 03, 2C]
[01, 7F, 02, 47, 33, 31, 35, 20, 30, 20, 30, 20, 20, 20, 20, 03, 2E]
[01, 7F, 02, 47, 33, 30, 35, 20, 38, 37, 20, 36, 20, 03, 36]
[01, 7F, 02, 47, 33, 34, 35, 80, 80, 80, 80, 80, 80, 80, 80, 80, 80, 80, 80, 03, 2B]
[01, 7F, 02, 47, 36, 30, 35, 00, 00, 03, 2A]
[01, 7F, 02, 47, 33, 31, 35, 20, 30, 20, 30, 20, 20, 20, 20, 03, 2E]
[01, 7F, 02, 47, 31, 38, 80, 35, 20, 39, 34, 34, 30, 30, 20, 20, 34, 20, 03, 28]
[01, 7F, 02, 47, 31, 38, 80, 35, 20, 39, 34, 33, 30, 30, 20, 20, 34, 20, 03, 2F]
[01, 7F, 02, 47, 31, 38, 80, 35, 20, 39, 34, 33, 30, 30, 20, 20, 34, 20, 03, 2F]
[01, 7F, 02, 47, 33, 30, 35, 20, 38, 37, 20, 36, 20, 03, 36]
[01, 7F, 02, 47, 35, 30, 92, 31, 36, 03, 29]
[01, 7F, 02, 47, 33, 33, 35, 80, 80, 80, 80, 80, 80, 80, 80, 80, 80, 80, 80, 03, 2C]
[01, 7F, 02, 47, 33, 34, 35, 80, 80, 80, 80, 80, 80, 80, 80, 80, 80, 80, 80, 03, 2B]
[01, 7F, 02, 47, 31, 39, 35, 30, 30, 30, 30, 03, 24]
[01, 7F, 02, 47, 31, 38, 80, 35, 20, 39, 34, 32, 30, 30, 20, 20, 34, 20, 03, 2E]
[01, 7F, 02, 47, 31, 38, 82, 35, 20, 39, 34, 32, 30, 30, 20, 20, 34, 20, 03, 2C]
[01, 7F, 02, 47, 31, 38, 82, 35, 20, 39, 34, 32, 30, 30, 20, 20, 34, 20, 03, 2C]
[01, 7F, 02, 47, 31, 38, 82, 35, 20, 39, 34, 32, 30, 30, 20, 20, 34, 20, 03, 2C]
[01, 7F, 02, 47, 31, 38, 82, 35, 20, 39, 34, 32, 30, 30, 20, 20, 34, 20, 03, 2C]
[01, 7F, 02, 47, 35, 30, 92, 31, 36, 03, 29]
[01, 7F, 02, 47, 33, 30, 35, 20, 38, 37, 20, 36, 20, 03, 36]
[01, 7F, 02, 47, 33, 33, 35, 80, 80, 80, 80, 80, 80, 80, 80, 80, 80, 80, 80, 03, 2C]
[01, 7F, 02, 47, 33, 31, 35, 20, 32, 20, 30, 20, 20, 20, 20, 03, 2C]
[01, 7F, 02, 47, 33, 30, 35, 20, 38, 39, 20, 36, 20, 03, 38]
[01, 7F, 02, 47, 33, 33, 35, 80, 80, 80, 80, 80, 80, 80, 80, 80, 80, 80, 80, 03, 2C]
[01, 7F, 02, 47, 33, 31, 35, 20, 32, 20, 30, 20, 20, 20, 20, 03, 2C]
[01, 7F, 02, 47, 31, 38, 82, 35, 20, 39, 34, 32, 30, 30, 20, 20, 34, 20, 03, 2C]
[01, 7F, 02, 47, 33, 30, 35, 20, 38, 39, 20, 36, 20, 03, 38]
[01, 7F, 02, 47, 35, 30, 92, 31, 36, 03, 29]
[01, 7F, 02, 47, 33, 33, 35, 80, 80, 80, 80, 80, 80, 80, 80, 80, 80, 80, 80, 03, 2C]
[01, 7F, 02, 47, 33, 34, 35, 80, 80, 80, 80, 80, 80, 80, 80, 80, 80, 80, 80, 03, 2B]
[01, 7F, 02, 47, 31, 39, 35, 30, 30, 30, 30, 03, 24]
[01, 7F, 02, 47, 31, 38, 82, 35, 20, 39, 34, 32, 30, 30, 20, 20, 34, 20, 03, 2C]
[01, 7F, 02, 47, 33, 30, 35, 20, 38, 39, 20, 36, 20, 03, 38]
[01, 7F, 02, 47, 35, 30, 92, 31, 36, 03, 29]
[01, 7F, 02, 47, 33, 33, 35, 80, 80, 80, 80, 80, 80, 80, 80, 80, 80, 80, 80, 03, 2C]
[01, 7F, 02, 47, 33, 34, 35, 80, 80, 80, 80, 80, 80, 80, 80, 80, 80, 80, 80, 03, 2B]
[01, 7F, 02, 47, 31, 39, 35, 30, 30, 30, 30, 03, 24]
[01, 7F, 02, 47, 31, 38, 82, 35, 20, 39, 34, 32, 30, 30, 20, 20, 34, 20, 03, 2C]
[01, 7F, 02, 47, 33, 30, 35, 20, 38, 39, 20, 36, 20, 03, 38]
[01, 7F, 02, 47, 35, 30, 92, 31, 36, 03, 29]
[01, 7F, 02, 47, 33, 33, 35, 80, 80, 80, 80, 80, 80, 80, 80, 80, 80, 80, 80, 03, 2C]
[01, 7F, 02, 47, 33, 34, 35, 80, 80, 80, 80, 80, 80, 80, 80, 80, 80, 80, 80, 03, 2B]
[01, 7F, 02, 47, 31, 39, 35, 30, 30, 30, 30, 03, 24]
[01, 7F, 02, 47, 31, 38, 82, 35, 20, 39, 34, 32, 30, 30, 20, 20, 34, 20, 03, 2C]
[01, 7F, 02, 47, 33, 30, 35, 20, 38, 39, 20, 36, 20, 03, 38]
[01, 7F, 02, 47, 35, 30, 92, 31, 36, 03, 29]
[01, 7F, 02, 47, 33, 33, 35, 80, 80, 80, 80, 80, 80, 80, 80, 80, 80, 80, 80, 03, 2C]
[01, 7F, 02, 47, 33, 34, 35, 80, 80, 80, 80, 80, 80, 80, 80, 80, 80, 80, 80, 03, 2B]
[01, 7F, 02, 47, 31, 39, 35, 30, 30, 30, 30, 03, 24]
[01, 7F, 02, 47, 32, 30, 31, 32, 30, 32, 03, 3A]
[01, 7F, 02, 47, 31, 38, 82, 35, 20, 39, 34, 32, 30, 30, 20, 20, 34, 20, 03, 2C]
[01, 7F, 02, 47, 35, 30, 8A, 32, 34, 03, 30]
[01, 7F, 02, 47, 31, 38, 82, 35, 20, 39, 34, 32, 30, 30, 20, 20, 34, 20, 03, 2C]
[01, 7F, 02, 47, 35, 30, 82, 32, 34, 03, 38]
[01, 7F, 02, 47, 31, 38, 82, 35, 20, 39, 34, 32, 30, 30, 20, 20, 34, 20, 03, 2C]
[01, 7F, 02, 47, 33, 30, 35, 20, 38, 39, 20, 36, 20, 03, 38]
[01, 7F, 02, 47, 35, 30, 82, 32, 34, 03, 38]
[01, 7F, 02, 47, 33, 33, 35, 80, 80, 80, 80, 80, 80, 80, 80, 80, 80, 80, 80, 03, 2C]
[01, 7F, 02, 47, 33, 34, 35, 80, 80, 80, 80, 80, 80, 80, 80, 80, 80, 80, 80, 03, 2B]
[01, 7F, 02, 47, 31, 39, 35, 30, 30, 30, 30, 03, 24]
[01, 7F, 02, 47, 31, 38, 82, 35, 20, 39, 34, 32, 30, 30, 20, 20, 34, 20, 03, 2C]
[01, 7F, 02, 47, 35, 30, 80, 32, 34, 03, 3A]
[01, 7F, 02, 47, 35, 30, 80, 32, 33, 03, 3D]
[01, 7F, 02, 47, 31, 38, 82, 35, 20, 39, 34, 32, 30, 30, 20, 20, 34, 20, 03, 2C]
[01, 7F, 02, 47, 35, 30, 80, 32, 33, 03, 3D]
[01, 7F, 02, 47, 35, 30, 80, 32, 32, 03, 3C]
[01, 7F, 02, 47, 31, 38, 82, 35, 20, 39, 34, 32, 30, 30, 20, 20, 34, 20, 03, 2C]
[01, 7F, 02, 47, 35, 30, 82, 32, 32, 03, 3E]
[01, 7F, 02, 47, 31, 38, 82, 35, 20, 39, 34, 32, 30, 30, 20, 20, 34, 20, 03, 2C]
[01, 7F, 02, 47, 35, 30, 82, 32, 32, 03, 3E]
[01, 7F, 02, 47, 31, 38, 82, 35, 20, 39, 34, 32, 30, 30, 20, 20, 34, 20, 03, 2C]
[01, 7F, 02, 47, 35, 30, 82, 32, 34, 03, 38]
[01, 7F, 02, 47, 31, 38, 82, 35, 20, 39, 34, 32, 30, 30, 20, 20, 34, 20, 03, 2C]
[01, 7F, 02, 47, 35, 30, 82, 32, 34, 03, 38]
[01, 7F, 02, 47, 31, 38, 82, 35, 20, 39, 34, 32, 30, 30, 20, 20, 34, 20, 03, 2C]
[01, 7F, 02, 47, 33, 30, 35, 20, 38, 39, 20, 36, 20, 03, 38]
[01, 7F, 02, 47, 35, 30, 82, 32, 34, 03, 38]
[01, 7F, 02, 47, 33, 33, 35, 80, 80, 80, 80, 80, 80, 80, 80, 80, 80, 80, 80, 03, 2C]
[01, 7F, 02, 47, 33, 34, 35, 80, 80, 80, 80, 80, 80, 80, 80, 80, 80, 80, 80, 03, 2B]
[01, 7F, 02, 47, 31, 39, 35, 30, 30, 30, 30, 03, 24]
[01, 7F, 02, 47, 31, 38, 82, 35, 20, 39, 34, 32, 30, 30, 20, 20, 34, 20, 03, 2C]
[01, 7F, 02, 47, 33, 30, 35, 20, 38, 39, 20, 36, 20, 03, 38]
[01, 7F, 02, 47, 35, 30, 82, 32, 34, 03, 38]
[01, 7F, 02, 47, 33, 33, 35, 80, 80, 80, 80, 80, 80, 80, 80, 80, 80, 80, 80, 03, 2C]
[01, 7F, 02, 47, 33, 34, 35, 80, 80, 80, 80, 80, 80, 80, 80, 80, 80, 80, 80, 03, 2B]
[01, 7F, 02, 47, 31, 39, 35, 30, 30, 30, 30, 03, 24]
[01, 7F, 02, 47, 31, 38, 82, 35, 20, 39, 34, 32, 30, 30, 20, 20, 34, 20, 03, 2C]
[01, 7F, 02, 47, 33, 30, 35, 20, 38, 39, 20, 36, 20, 03, 38]
[01, 7F, 02, 47, 35, 30, 82, 32, 34, 03, 38]
[01, 7F, 02, 47, 33, 33, 35, 80, 80, 80, 80, 80, 80, 80, 80, 80, 80, 80, 80, 03, 2C]
[01, 7F, 02, 47, 33, 34, 35, 80, 80, 80, 80, 80, 80, 80, 80, 80, 80, 80, 80, 03, 2B]
[01, 7F, 02, 47, 31, 39, 35, 30, 30, 30, 30, 03, 24]
[01, 7F, 02, 47, 31, 38, 82, 35, 20, 39, 34, 32, 30, 30, 20, 20, 34, 20, 03, 2C]
[01, 7F, 02, 47, 33, 30, 35, 20, 38, 39, 20, 36, 20, 03, 38]
[01, 7F, 02, 47, 35, 30, 82, 32, 34, 03, 38]
[01, 7F, 02, 47, 33, 33, 35, 80, 80, 80, 80, 80, 80, 80, 80, 80, 80, 80, 80, 03, 2C]
[01, 7F, 02, 47, 33, 34, 35, 80, 80, 80, 80, 80, 80, 80, 80, 80, 80, 80, 80, 03, 2B]
[01, 7F, 02, 47, 31, 39, 35, 30, 30, 30, 30, 03, 24]
[01, 7F, 02, 47, 31, 38, 82, 35, 20, 39, 34, 32, 30, 30, 20, 20, 34, 20, 03, 2C]
[01, 7F, 02, 47, 33, 30, 35, 20, 38, 39, 20, 36, 20, 03, 38]
[01, 7F, 02, 47, 35, 30, 82, 32, 34, 03, 38]
[01, 7F, 02, 47, 33, 33, 35, 80, 80, 80, 80, 80, 80, 80, 80, 80, 80, 80, 80, 03, 2C]
[01, 7F, 02, 47, 33, 34, 35, 80, 80, 80, 80, 80, 80, 80, 80, 80, 80, 80, 80, 03, 2B]
[01, 7F, 02, 47, 31, 39, 35, 30, 30, 30, 30, 03, 24]
[01, 7F, 02, 47, 32, 30, 31, 32, 30, 33, 03, 3B]
[01, 7F, 02, 47, 31, 38, 82, 35, 20, 39, 34, 32, 30, 30, 20, 20, 34, 20, 03, 2C]
[01, 7F, 02, 47, 33, 30, 35, 20, 38, 39, 20, 36, 20, 03, 38]
[01, 7F, 02, 47, 35, 30, 82, 32, 34, 03, 38]
[01, 7F, 02, 47, 33, 33, 35, 80, 80, 80, 80, 80, 80, 80, 80, 80, 80, 80, 80, 03, 2C]
[01, 7F, 02, 47, 33, 34, 35, 80, 80, 80, 80, 80, 80, 80, 80, 80, 80, 80, 80, 03, 2B]
[01, 7F, 02, 47, 31, 39, 35, 30, 30, 30, 30, 03, 24]
[01, 7F, 02, 47, 31, 38, 82, 35, 20, 39, 34, 32, 30, 30, 20, 20, 34, 20, 03, 2C]
[01, 7F, 02, 47, 33, 30, 35, 20, 38, 39, 20, 36, 20, 03, 38]
[01, 7F, 02, 47, 35, 30, 82, 32, 34, 03, 38]
[01, 7F, 02, 47, 33, 33, 35, 80, 80, 80, 80, 80, 80, 80, 80, 80, 80, 80, 80, 03, 2C]
[01, 7F, 02, 47, 33, 34, 35, 80, 80, 80, 80, 80, 80, 80, 80, 80, 80, 80, 80, 03, 2B]
[01, 7F, 02, 47, 31, 39, 35, 30, 30, 30, 30, 03, 24]
[01, 7F, 02, 47, 31, 38, 82, 35, 20, 39, 34, 32, 30, 30, 20, 20, 34, 20, 03, 2C]
[01, 7F, 02, 47, 33, 30, 35, 20, 38, 39, 20, 36, 20, 03, 38]
[01, 7F, 02, 47, 35, 30, 82, 32, 34, 03, 38]
[01, 7F, 02, 47, 33, 33, 35, 80, 80, 80, 80, 80, 80, 80, 80, 80, 80, 80, 80, 03, 2C]
[01, 7F, 02, 47, 33, 34, 35, 80, 80, 80, 80, 80, 80, 80, 80, 80, 80, 80, 80, 03, 2B]
[01, 7F, 02, 47, 31, 39, 35, 30, 30, 30, 30, 03, 24]
[01, 7F, 02, 47, 31, 38, 82, 35, 20, 39, 34, 32, 30, 30, 20, 20, 34, 20, 03, 2C]
[01, 7F, 02, 47, 33, 30, 35, 20, 38, 39, 20, 36, 20, 03, 38]
[01, 7F, 02, 47, 35, 30, 82, 32, 34, 03, 38]
[01, 7F, 02, 47, 33, 33, 35, 80, 80, 80, 80, 80, 80, 80, 80, 80, 80, 80, 80, 03, 2C]
[01, 7F, 02, 47, 33, 34, 35, 80, 80, 80, 80, 80, 80, 80, 80, 80, 80, 80, 80, 03, 2B]
[01, 7F, 02, 47, 31, 39, 35, 30, 30, 30, 30, 03, 24]
[01, 7F, 02, 47, 31, 38, 82, 35, 20, 39, 34, 32, 30, 30, 20, 20, 34, 20, 03, 2C]
[01, 7F, 02, 47, 33, 30, 35, 20, 38, 39, 20, 36, 20, 03, 38]
[01, 7F, 02, 47, 35, 30, 82, 32, 34, 03, 38]
[01, 7F, 02, 47, 33, 33, 35, 80, 80, 80, 80, 80, 80, 80, 80, 80, 80, 80, 80, 03, 2C]
[01, 7F, 02, 47, 33, 34, 35, 80, 80, 80, 80, 80, 80, 80, 80, 80, 80, 80, 80, 03, 2B]
[01, 7F, 02, 47, 31, 39, 35, 30, 30, 30, 30, 03, 24]
[01, 7F, 02, 47, 31, 38, 82, 35, 20, 39, 34, 32, 30, 30, 20, 20, 34, 20, 03, 2C]
[01, 7F, 02, 47, 33, 30, 35, 20, 38, 39, 20, 36, 20, 03, 38]
[01, 7F, 02, 47, 35, 30, 82, 32, 34, 03, 38]
[01, 7F, 02, 47, 33, 33, 35, 80, 80, 80, 80, 80, 80, 80, 80, 80, 80, 80, 80, 03, 2C]
[01, 7F, 02, 47, 33, 34, 35, 80, 80, 80, 80, 80, 80, 80, 80, 80, 80, 80, 80, 03, 2B]
[01, 7F, 02, 47, 31, 39, 35, 30, 30, 30, 30, 03, 24]
[01, 7F, 02, 47, 32, 30, 31, 32, 30, 34, 03, 3C]
[01, 7F, 02, 47, 31, 38, 82, 35, 20, 39, 34, 32, 30, 30, 20, 20, 34, 20, 03, 2C]
[01, 7F, 02, 47, 33, 30, 35, 20, 38, 39, 20, 36, 20, 03, 38]
[01, 7F, 02, 47, 35, 30, 82, 32, 34, 03, 38]
[01, 7F, 02, 47, 33, 33, 35, 80, 80, 80, 80, 80, 80, 80, 80, 80, 80, 80, 80, 03, 2C]
[01, 7F, 02, 47, 33, 34, 35, 80, 80, 80, 80, 80, 80, 80, 80, 80, 80, 80, 80, 03, 2B]
[01, 7F, 02, 47, 31, 39, 35, 30, 30, 30, 30, 03, 24]
[01, 7F, 02, 47, 31, 38, 82, 35, 20, 39, 34, 32, 30, 30, 20, 20, 34, 20, 03, 2C]
[01, 7F, 02, 47, 33, 30, 35, 20, 38, 39, 20, 36, 20, 03, 38]
[01, 7F, 02, 47, 35, 30, 82, 32, 34, 03, 38]
[01, 7F, 02, 47, 33, 33, 35, 80, 80, 80, 80, 80, 80, 80, 80, 80, 80, 80, 80, 03, 2C]
[01, 7F, 02, 47, 33, 34, 35, 80, 80, 80, 80, 80, 80, 80, 80, 80, 80, 80, 80, 03, 2B]
[01, 7F, 02, 47, 31, 39, 35, 30, 30, 30, 30, 03, 24]
[01, 7F, 02, 47, 31, 38, 82, 35, 20, 39, 34, 32, 30, 30, 20, 20, 34, 20, 03, 2C]
[01, 7F, 02, 47, 33, 30, 35, 20, 38, 39, 20, 36, 20, 03, 38]
[01, 7F, 02, 47, 35, 30, 82, 32, 34, 03, 38]
[01, 7F, 02, 47, 33, 33, 35, 80, 80, 80, 80, 80, 80, 80, 80, 80, 80, 80, 80, 03, 2C]
[01, 7F, 02, 47, 33, 34, 35, 80, 80, 80, 80, 80, 80, 80, 80, 80, 80, 80, 80, 03, 2B]
[01, 7F, 02, 47, 31, 39, 35, 30, 30, 30, 30, 03, 24]
[01, 7F, 02, 47, 31, 38, 82, 35, 20, 39, 34, 32, 30, 30, 20, 20, 34, 20, 03, 2C]
[01, 7F, 02, 47, 33, 30, 35, 20, 38, 39, 20, 36, 20, 03, 38]
[01, 7F, 02, 47, 35, 30, 82, 32, 34, 03, 38]
[01, 7F, 02, 47, 33, 33, 35, 80, 80, 80, 80, 80, 80, 80, 80, 80, 80, 80, 80, 03, 2C]
[01, 7F, 02, 47, 33, 34, 35, 80, 80, 80, 80, 80, 80, 80, 80, 80, 80, 80, 80, 03, 2B]
[01, 7F, 02, 47, 31, 39, 35, 30, 30, 30, 30, 03, 24]
