[01, 7F, 02, 47, 31, 38, 92, 35, 34, 39, 44, 35, 30, 30, 20, 20, 33, 20, 03, 78]
[01, 7F, 02, 47, 35, 30, 80, 31, 35, 03, 38]
[01, 7F, 02, 47, 35, 30, 80, 31, 34, 03, 39]
[01, 7F, 02, 47, 35, 30, 80, 31, 33, 03, 3E]
[01, 7F, 02, 47, 35, 30, 80, 31, 32, 03, 3F]
[01, 7F, 02, 47, 31, 38, 92, 35, 34, 39, 44, 35, 30, 30, 20, 20, 33, 20, 03, 78]
[01, 7F, 02, 47, 33, 30, 35, 31, 30, 32, 20, 36, 20, 03, 2A]
[01, 7F, 02, 47, 35, 30, 80, 31, 32, 03, 3F]
[01, 7F, 02, 47, 33, 33, 35, 80, 80, 80, 80, 80, 80, 80, 80, 80, 80, 80, 80, 03, 2C]
[01, 7F, 02, 47, 33, 34, 35, 80, 80, 80, 80, 80, 80, 80, 80, 80, 80, 80, 80, 03, 2B]
[01, 7F, 02, 47, 31, 39, 35, 30, 30, 30, 30, 03, 24]
[01, 7F, 02, 47, 35, 30, 80, 31, 31, 03, 3C]
[01, 7F, 02, 47, 35, 30, 80, 31, 30, 03, 3D]
[01, 7F, 02, 47, 35, 30, 80, 30, 39, 03, 35]
[01, 7F, 02, 47, 35, 30, 80, 30, 38, 03, 34]
[01, 7F, 02, 47, 35, 30, 80, 30, 37, 03, 3B]
[01, 7F, 02, 47, 35, 30, 80, 30, 36, 03, 3A]
[01, 7F, 02, 47, 35, 30, 80, 30, 35, 03, 39]
[01, 7F, 02, 47, 31, 38, 92, 35, 34, 39, 44, 35, 30, 30, 20, 20, 33, 20, 03, 78]
[01, 7F, 02, 47, 35, 30, 82, 30, 35, 03, 3B]
[01, 7F, 02, 47, 31, 38, 92, 35, 34, 39, 44, 35, 30, 30, 20, 20, 33, 20, 03, 78]
[01, 7F, 02, 47, 35, 30, 82, 30, 35, 03, 3B]
[01, 7F, 02, 47, 31, 38, 92, 35, 34, 39, 44, 35, 30, 30, 20, 20, 33, 20, 03, 78]
[01, 7F, 02, 47, 33, 30, 35, 31, 30, 32, 20, 36, 20, 03, 2A]
[01, 7F, 02, 47, 35, 30, 82, 30, 35, 03, 3B]
[01, 7F, 02, 47, 33, 33, 35, 80, 80, 80, 80, 80, 80, 80, 80, 80, 80, 80, 80, 03, 2C]
[01, 7F, 02, 47, 33, 34, 35, 80, 80, 80, 80, 80, 80, 80, 80, 80, 80, 80, 80, 03, 2B]
[01, 7F, 02, 47, 31, 39, 35, 30, 30, 30, 30, 03, 24]
[01, 7F, 02, 47, 32, 30, 31, 31, 34, 33, 03, 3C]
[01, 7F, 02, 47, 31, 38, 92, 35, 34, 39, 44, 35, 30, 30, 20, 20, 33, 20, 03, 78]
[01, 7F, 02, 47, 33, 30, 35, 31, 30, 32, 20, 36, 20, 03, 2A]
[01, 7F, 02, 47, 35, 30, 82, 30, 35, 03, 3B]
[01, 7F, 02, 47, 33, 33, 35, 80, 80, 80, 80, 80, 80, 80, 80, 80, 80, 80, 80, 03, 2C]
[01, 7F, 02, 47, 33, 34, 35, 80, 80, 80, 80, 80, 80, 80, 80, 80, 80, 80, 80, 03, 2B]
[01, 7F, 02, 47, 31, 39, 35, 30, 30, 30, 30, 03, 24]
[01, 7F, 02, 47, 31, 38, 92, 35, 34, 39, 44, 35, 30, 30, 20, 20, 33, 20, 03, 78]
[01, 7F, 02, 47, 35, 30, 8A, 32, 34, 03, 30]
[01, 7F, 02, 47, 31, 38, 92, 35, 34, 39, 44, 35, 30, 30, 20, 20, 33, 20, 03, 78]
[01, 7F, 02, 47, 35, 30, 82, 32, 34, 03, 38]
[01, 7F, 02, 47, 31, 38, 92, 35, 34, 39, 44, 35, 30, 30, 20, 20, 33, 20, 03, 78]
[01, 7F, 02, 47, 33, 30, 35, 31, 30, 32, 20, 36, 20, 03, 2A]
[01, 7F, 02, 47, 35, 30, 82, 32, 34, 03, 38]
[01, 7F, 02, 47, 33, 33, 35, 80, 80, 80, 80, 80, 80, 80, 80, 80, 80, 80, 80, 03, 2C]
[01, 7F, 02, 47, 33, 34, 35, 80, 80, 80, 80, 80, 80, 80, 80, 80, 80, 80, 80, 03, 2B]
[01, 7F, 02, 47, 31, 39, 35, 30, 30, 30, 30, 03, 24]
[01, 7F, 02, 47, 31, 38, 92, 35, 34, 39, 44, 35, 30, 30, 20, 20, 33, 20, 03, 78]
[01, 7F, 02, 47, 33, 30, 35, 31, 30, 32, 20, 36, 20, 03, 2A]
[01, 7F, 02, 47, 35, 30, 82, 32, 34, 03, 38]
[01, 7F, 02, 47, 33, 33, 35, 80, 80, 80, 80, 80, 80, 80, 80, 80, 80, 80, 80, 03, 2C]
[01, 7F, 02, 47, 33, 34, 35, 80, 80, 80, 80, 80, 80, 80, 80, 80, 80, 80, 80, 03, 2B]
[01, 7F, 02, 47, 31, 39, 35, 30, 30, 30, 30, 03, 24]
[01, 7F, 02, 47, 31, 38, 92, 35, 34, 39, 44, 35, 30, 30, 20, 20, 33, 20, 03, 78]
[01, 7F, 02, 47, 33, 30, 35, 31, 30, 32, 20, 36, 20, 03, 2A]
[01, 7F, 02, 47, 35, 30, 82, 32, 34, 03, 38]
[01, 7F, 02, 47, 33, 33, 35, 80, 80, 80, 80, 80, 80, 80, 80, 80, 80, 80, 80, 03, 2C]
[01, 7F, 02, 47, 33, 34, 35, 80, 80, 80, 80, 80, 80, 80, 80, 80, 80, 80, 80, 03, 2B]
[01, 7F, 02, 47, 31, 39, 35, 30, 30, 30, 30, 03, 24]
[01, 7F, 02, 47, 31, 38, 92, 35, 34, 39, 44, 35, 30, 30, 20, 20, 33, 20, 03, 78]
[01, 7F, 02, 47, 33, 30, 35, 31, 30, 32, 20, 36, 20, 03, 2A]
[01, 7F, 02, 47, 35, 30, 82, 32, 34, 03, 38]
[01, 7F, 02, 47, 33, 33, 35, 80, 80, 80, 80, 80, 80, 80, 80, 80, 80, 80, 80, 03, 2C]
[01, 7F, 02, 47, 33, 34, 35, 80, 80, 80, 80, 80, 80, 80, 80, 80, 80, 80, 80, 03, 2B]
[01, 7F, 02, 47, 31, 39, 35, 30, 30, 30, 30, 03, 24]
[01, 7F, 02, 47, 31, 38, 92, 35, 34, 39, 44, 35, 30, 30, 20, 20, 33, 20, 03, 78]
[01, 7F, 02, 47, 33, 30, 35, 31, 30, 32, 20, 36, 20, 03, 2A]
[01, 7F, 02, 47, 35, 30, 82, 32, 34, 03, 38]
[01, 7F, 02, 47, 33, 33, 35, 80, 80, 80, 80, 80, 80, 80, 80, 80, 80, 80, 80, 03, 2C]
[01, 7F, 02, 47, 33, 34, 35, 80, 80, 80, 80, 80, 80, 80, 80, 80, 80, 80, 80, 03, 2B]
[01, 7F, 02, 47, 31, 39, 35, 30, 30, 30, 30, 03, 24]
[01, 7F, 02, 47, 32, 30, 31, 31, 34, 34, 03, 3B]
[01, 7F, 02, 47, 31, 38, 92, 35, 34, 39, 44, 35, 30, 30, 20, 20, 33, 20, 03, 78]
[01, 7F, 02, 47, 33, 30, 35, 31, 30, 32, 20, 36, 20, 03, 2A]
[01, 7F, 02, 47, 35, 30, 82, 32, 34, 03, 38]
[01, 7F, 02, 47, 33, 33, 35, 80, 80, 80, 80, 80, 80, 80, 80, 80, 80, 80, 80, 03, 2C]
[01, 7F, 02, 47, 33, 34, 35, 80, 80, 80, 80, 80, 80, 80, 80, 80, 80, 80, 80, 03, 2B]
[01, 7F, 02, 47, 31, 39, 35, 30, 30, 30, 30, 03, 24]
[01, 7F, 02, 47, 31, 38, 92, 35, 34, 39, 44, 35, 30, 30, 20, 20, 33, 20, 03, 78]
[01, 7F, 02, 47, 33, 30, 35, 31, 30, 32, 20, 36, 20, 03, 2A]
[01, 7F, 02, 47, 35, 30, 82, 32, 34, 03, 38]
[01, 7F, 02, 47, 33, 33, 35, 80, 80, 80, 80, 80, 80, 80, 80, 80, 80, 80, 80, 03, 2C]
[01, 7F, 02, 47, 33, 34, 35, 80, 80, 80, 80, 80, 80, 80, 80, 80, 80, 80, 80, 03, 2B]
[01, 7F, 02, 47, 31, 39, 35, 30, 30, 30, 30, 03, 24]
[01, 7F, 02, 47, 31, 38, 92, 35, 34, 39, 44, 35, 30, 30, 20, 20, 33, 20, 03, 78]
[01, 7F, 02, 47, 33, 30, 35, 31, 30, 32, 20, 36, 20, 03, 2A]
[01, 7F, 02, 47, 35, 30, 82, 32, 34, 03, 38]
[01, 7F, 02, 47, 33, 33, 35, 80, 80, 80, 80, 80, 80, 80, 80, 80, 80, 80, 80, 03, 2C]
[01, 7F, 02, 47, 33, 34, 35, 80, 80, 80, 80, 80, 80, 80, 80, 80, 80, 80, 80, 03, 2B]
[01, 7F, 02, 47, 31, 39, 35, 30, 30, 30, 30, 03, 24]
[01, 7F, 02, 47, 31, 38, 92, 35, 34, 39, 44, 35, 30, 30, 20, 20, 33, 20, 03, 78]
[01, 7F, 02, 47, 33, 30, 35, 31, 30, 32, 20, 36, 20, 03, 2A]
[01, 7F, 02, 47, 35, 30, 82, 32, 34, 03, 38]
[01, 7F, 02, 47, 33, 33, 35, 80, 80, 80, 80, 80, 80, 80, 80, 80, 80, 80, 80, 03, 2C]
[01, 7F, 02, 47, 33, 34, 35, 80, 80, 80, 80, 80, 80, 80, 80, 80, 80, 80, 80, 03, 2B]
[01, 7F, 02, 47, 31, 39, 35, 30, 30, 30, 30, 03, 24]
[01, 7F, 02, 47, 31, 38, 92, 35, 34, 39, 44, 35, 30, 30, 20, 20, 33, 20, 03, 78]
[01, 7F, 02, 47, 33, 30, 35, 31, 30, 32, 20, 36, 20, 03, 2A]
[01, 7F, 02, 47, 35, 30, 82, 32, 34, 03, 38]
[01, 7F, 02, 47, 33, 33, 35, 80, 80, 80, 80, 80, 80, 80, 80, 80, 80, 80, 80, 03, 2C]
[01, 7F, 02, 47, 33, 34, 35, 80, 80, 80, 80, 80, 80, 80, 80, 80, 80, 80, 80, 03, 2B]
[01, 7F, 02, 47, 31, 39, 35, 30, 30, 30, 30, 03, 24]
[01, 7F, 02, 47, 31, 38, 92, 35, 34, 39, 44, 35, 30, 30, 20, 20, 33, 20, 03, 78]
[01, 7F, 02, 47, 33, 30, 35, 31, 30, 32, 20, 36, 20, 03, 2A]
[01, 7F, 02, 47, 35, 30, 82, 32, 34, 03, 38]
[01, 7F, 02, 47, 33, 33, 35, 80, 80, 80, 80, 80, 80, 80, 80, 80, 80, 80, 80, 03, 2C]
[01, 7F, 02, 47, 33, 34, 35, 80, 80, 80, 80, 80, 80, 80, 80, 80, 80, 80, 80, 03, 2B]
[01, 7F, 02, 47, 31, 39, 35, 30, 30, 30, 30, 03, 24]
[01, 7F, 02, 47, 32, 30, 31, 31, 34, 35, 03, 3A]
[01, 7F, 02, 47, 31, 38, 92, 35, 34, 39, 44, 35, 30, 30, 20, 20, 33, 20, 03, 78]
[01, 7F, 02, 47, 33, 30, 35, 31, 30, 32, 20, 36, 20, 03, 2A]
[01, 7F, 02, 47, 35, 30, 82, 32, 34, 03, 38]
[01, 7F, 02, 47, 33, 33, 35, 80, 80, 80, 80, 80, 80, 80, 80, 80, 80, 80, 80, 03, 2C]
[01, 7F, 02, 47, 33, 34, 35, 80, 80, 80, 80, 80, 80, 80, 80, 80, 80, 80, 80, 03, 2B]
[01, 7F, 02, 47, 31, 39, 35, 30, 30, 30, 30, 03, 24]
[01, 7F, 02, 47, 31, 38, 92, 35, 34, 39, 44, 35, 30, 30, 20, 20, 33, 20, 03, 78]
[01, 7F, 02, 47, 33, 30, 35, 31, 30, 32, 20, 36, 20, 03, 2A]
[01, 7F, 02, 47, 35, 30, 82, 32, 34, 03, 38]
[01, 7F, 02, 47, 33, 33, 35, 80, 80, 80, 80, 80, 80, 80, 80, 80, 80, 80, 80, 03, 2C]
[01, 7F, 02, 47, 33, 34, 35, 80, 80, 80, 80, 80, 80, 80, 80, 80, 80, 80, 80, 03, 2B]
[01, 7F, 02, 47, 31, 39, 35, 30, 30, 30, 30, 03, 24]
[01, 7F, 02, 47, 31, 38, 92, 35, 34, 39, 44, 35, 30, 30, 20, 20, 33, 20, 03, 78]
[01, 7F, 02, 47, 33, 30, 35, 31, 30, 32, 20, 36, 20, 03, 2A]
[01, 7F, 02, 47, 35, 30, 82, 32, 34, 03, 38]
[01, 7F, 02, 47, 33, 33, 35, 80, 80, 80, 80, 80, 80, 80, 80, 80, 80, 80, 80, 03, 2C]
[01, 7F, 02, 47, 33, 34, 35, 80, 80, 80, 80, 80, 80, 80, 80, 80, 80, 80, 80, 03, 2B]
[01, 7F, 02, 47, 31, 39, 35, 30, 30, 30, 30, 03, 24]
[01, 7F, 02, 47, 31, 38, 92, 35, 34, 39, 44, 35, 30, 30, 20, 20, 33, 20, 03, 78]
[01, 7F, 02, 47, 33, 30, 35, 31, 30, 32, 20, 36, 20, 03, 2A]
[01, 7F, 02, 47, 35, 30, 82, 32, 34, 03, 38]
[01, 7F, 02, 47, 33, 33, 35, 80, 80, 80, 80, 80, 80, 80, 80, 80, 80, 80, 80, 03, 2C]
[01, 7F, 02, 47, 33, 34, 35, 80, 80, 80, 80, 80, 80, 80, 80, 80, 80, 80, 80, 03, 2B]
[01, 7F, 02, 47, 31, 39, 35, 30, 30, 30, 30, 03, 24]
[01, 7F, 02, 47, 31, 38, 92, 35, 34, 39, 44, 35, 30, 30, 20, 20, 33, 20, 03, 78]
[01, 7F, 02, 47, 33, 30, 35, 31, 30, 32, 20, 36, 20, 03, 2A]
[01, 7F, 02, 47, 35, 30, 82, 32, 34, 03, 38]
[01, 7F, 02, 47, 33, 33, 35, 80, 80, 80, 80, 80, 80, 80, 80, 80, 80, 80, 80, 03, 2C]
[01, 7F, 02, 47, 33, 34, 35, 80, 80, 80, 80, 80, 80, 80, 80, 80, 80, 80, 80, 03, 2B]
[01, 7F, 02, 47, 31, 39, 35, 30, 30, 30, 30, 03, 24]
[01, 7F, 02, 47, 31, 38, 92, 35, 34, 39, 44, 35, 30, 30, 20, 20, 33, 20, 03, 78]
[01, 7F, 02, 47, 33, 30, 35, 31, 30, 32, 20, 36, 20, 03, 2A]
[01, 7F, 02, 47, 35, 30, 82, 32, 34, 03, 38]
[01, 7F, 02, 47, 33, 33, 35, 80, 80, 80, 80, 80, 80, 80, 80, 80, 80, 80, 80, 03, 2C]
[01, 7F, 02, 47, 33, 34, 35, 80, 80, 80, 80, 80, 80, 80, 80, 80, 80, 80, 80, 03, 2B]
[01, 7F, 02, 47, 31, 39, 35, 30, 30, 30, 30, 03, 24]
[01, 7F, 02, 47, 32, 30, 31, 31, 34, 36, 03, 39]
[01, 7F, 02, 47, 31, 38, 92, 35, 34, 39, 44, 35, 30, 30, 20, 20, 33, 20, 03, 78]
[01, 7F, 02, 47, 33, 30, 35, 31, 30, 32, 20, 36, 20, 03, 2A]
[01, 7F, 02, 47, 35, 30, 82, 32, 34, 03, 38]
[01, 7F, 02, 47, 33, 33, 35, 80, 80, 80, 80, 80, 80, 80, 80, 80, 80, 80, 80, 03, 2C]
[01, 7F, 02, 47, 33, 34, 35, 80, 80, 80, 80, 80, 80, 80, 80, 80, 80, 80, 80, 03, 2B]
[01, 7F, 02, 47, 31, 39, 35, 30, 30, 30, 30, 03, 24]
[01, 7F, 02, 47, 31, 38, 92, 35, 34, 39, 44, 35, 30, 30, 20, 20, 33, 20, 03, 78]
[01, 7F, 02, 47, 33, 30, 35, 31, 30, 32, 20, 36, 20, 03, 2A]
[01, 7F, 02, 47, 35, 30, 82, 32, 34, 03, 38]
[01, 7F, 02, 47, 33, 33, 35, 80, 80, 80, 80, 80, 80, 80, 80, 80, 80, 80, 80, 03, 2C]
[01, 7F, 02, 47, 33, 34, 35, 80, 80, 80, 80, 80, 80, 80, 80, 80, 80, 80, 80, 03, 2B]
[01, 7F, 02, 47, 31, 39, 35, 30, 30, 30, 30, 03, 24]
[01, 7F, 02, 47, 31, 38, 92, 35, 34, 39, 44, 35, 30, 30, 20, 20, 33, 20, 03, 78]
[01, 7F, 02, 47, 33, 30, 35, 31, 30, 32, 20, 36, 20, 03, 2A]
[01, 7F, 02, 47, 35, 30, 82, 32, 34, 03, 38]
[01, 7F, 02, 47, 33, 33, 35, 80, 80, 80, 80, 80, 80, 80, 80, 80, 80, 80, 80, 03, 2C]
[01, 7F, 02, 47, 33, 34, 35, 80, 80, 80, 80, 80, 80, 80, 80, 80, 80, 80, 80, 03, 2B]
[01, 7F, 02, 47, 31, 39, 35, 30, 30, 30, 30, 03, 24]
[01, 7F, 02, 47, 31, 38, 92, 35, 34, 39, 44, 35, 30, 30, 20, 20, 33, 20, 03, 78]
[01, 7F, 02, 47, 33, 30, 35, 31, 30, 32, 20, 36, 20, 03, 2A]
[01, 7F, 02, 47, 35, 30, 82, 32, 34, 03, 38]
[01, 7F, 02, 47, 33, 33, 35, 80, 80, 80, 80, 80, 80, 80, 80, 80, 80, 80, 80, 03, 2C]
[01, 7F, 02, 47, 33, 34, 35, 80, 80, 80, 80, 80, 80, 80, 80, 80, 80, 80, 80, 03, 2B]
[01, 7F, 02, 47, 31, 39, 35, 30, 30, 30, 30, 03, 24]
[01, 7F, 02, 47, 31, 38, 92, 35, 34, 39, 44, 35, 30, 30, 20, 20, 33, 20, 03, 78]
[01, 7F, 02, 47, 33, 30, 35, 31, 30, 32, 20, 36, 20, 03, 2A]
[01, 7F, 02, 47, 35, 30, 82, 32, 34, 03, 38]
[01, 7F, 02, 47, 33, 33, 35, 80, 80, 80, 80, 80, 80, 80, 80, 80, 80, 80, 80, 03, 2C]
[01, 7F, 02, 47, 33, 34, 35, 80, 80, 80, 80, 80, 80, 80, 80, 80, 80, 80, 80, 03, 2B]
[01, 7F, 02, 47, 31, 39, 35, 30, 30, 30, 30, 03, 24]
[01, 7F, 02, 47, 31, 38, 92, 35, 34, 39, 44, 35, 30, 30, 20, 20, 33, 20, 03, 78]
[01, 7F, 02, 47, 33, 30, 35, 31, 30, 32, 20, 36, 20, 03, 2A]
[01, 7F, 02, 47, 35, 30, 82, 32, 34, 03, 38]
[01, 7F, 02, 47, 33, 33, 35, 80, 80, 80, 80, 80, 80, 80, 80, 80, 80, 80, 80, 03, 2C]
[01, 7F, 02, 47, 33, 34, 35, 80, 80, 80, 80, 80, 80, 80, 80, 80, 80, 80, 80, 03, 2B]
[01, 7F, 02, 47, 31, 39, 35, 30, 30, 30, 30, 03, 24]
[01, 7F, 02, 47, 32, 30, 31, 31, 34, 37, 03, 38]
[01, 7F, 02, 47, 31, 38, 92, 35, 34, 39, 44, 35, 30, 30, 20, 20, 33, 20, 03, 78]
[01, 7F, 02, 47, 33, 30, 35, 31, 30, 32, 20, 36, 20, 03, 2A]
[01, 7F, 02, 47, 35, 30, 82, 32, 34, 03, 38]
[01, 7F, 02, 47, 33, 33, 35, 80, 80, 80, 80, 80, 80, 80, 80, 80, 80, 80, 80, 03, 2C]
[01, 7F, 02, 47, 33, 34, 35, 80, 80, 80, 80, 80, 80, 80, 80, 80, 80, 80, 80, 03, 2B]
[01, 7F, 02, 47, 31, 39, 35, 30, 30, 30, 30, 03, 24]
[01, 7F, 02, 47, 31, 38, 92, 35, 34, 39, 44, 35, 30, 30, 20, 20, 33, 20, 03, 78]
[01, 7F, 02, 47, 33, 30, 35, 31, 30, 32, 20, 36, 20, 03, 2A]
[01, 7F, 02, 47, 35, 30, 82, 32, 34, 03, 38]
[01, 7F, 02, 47, 33, 33, 35, 80, 80, 80, 80, 80, 80, 80, 80, 80, 80, 80, 80, 03, 2C]
[01, 7F, 02, 47, 33, 34, 35, 80, 80, 80, 80, 80, 80, 80, 80, 80, 80, 80, 80, 03, 2B]
[01, 7F, 02, 47, 31, 39, 35, 30, 30, 30, 30, 03, 24]
[01, 7F, 02, 47, 31, 38, 92, 35, 34, 39, 44, 35, 30, 30, 20, 20, 33, 20, 03, 78]
[01, 7F, 02, 47, 33, 30, 35, 31, 30, 32, 20, 36, 20, 03, 2A]
[01, 7F, 02, 47, 35, 30, 82, 32, 34, 03, 38]
[01, 7F, 02, 47, 33, 33, 35, 80, 80, 80, 80, 80, 80, 80, 80, 80, 80, 80, 80, 03, 2C]
[01, 7F, 02, 47, 33, 34, 35, 80, 80, 80, 80, 80, 80, 80, 80, 80, 80, 80, 80, 03, 2B]
[01, 7F, 02, 47, 31, 39, 35, 30, 30, 30, 30, 03, 24]
[01, 7F, 02, 47, 31, 38, 92, 35, 34, 39, 44, 35, 30, 30, 20, 20, 33, 20, 03, 78]
[01, 7F, 02, 47, 33, 30, 35, 31, 30, 32, 20, 36, 20, 03, 2A]
[01, 7F, 02, 47, 35, 30, 82, 32, 34, 03, 38]
[01, 7F, 02, 47, 33, 33, 35, 80, 80, 80, 80, 80, 80, 80, 80, 80, 80, 80, 80, 03, 2C]
[01, 7F, 02, 47, 33, 34, 35, 80, 80, 80, 80, 80, 80, 80, 80, 80, 80, 80, 80, 03, 2B]
[01, 7F, 02, 47, 31, 39, 35, 30, 30, 30, 30, 03, 24]
[01, 7F, 02, 47, 31, 38, 92, 35, 34, 39, 44, 35, 30, 30, 20, 20, 33, 20, 03, 78]
[01, 7F, 02, 47, 33, 30, 35, 31, 30, 32, 20, 36, 20, 03, 2A]
[01, 7F, 02, 47, 35, 30, 82, 32, 34, 03, 38]
[01, 7F, 02, 47, 33, 33, 35, 80, 80, 80, 80, 80, 80, 80, 80, 80, 80, 80, 80, 03, 2C]
[01, 7F, 02, 47, 33, 34, 35, 80, 80, 80, 80, 80, 80, 80, 80, 80, 80, 80, 80, 03, 2B]
[01, 7F, 02, 47, 31, 39, 35, 30, 30, 30, 30, 03, 24]
[01, 7F, 02, 47, 31, 38, 92, 35, 34, 39, 44, 35, 30, 30, 20, 20, 33, 20, 03, 78]
[01, 7F, 02, 47, 33, 30, 35, 31, 30, 32, 20, 36, 20, 03, 2A]
[01, 7F, 02, 47, 35, 30, 82, 32, 34, 03, 38]
[01, 7F, 02, 47, 33, 33, 35, 80, 80, 80, 80, 80, 80, 80, 80, 80, 80, 80, 80, 03, 2C]
[01, 7F, 02, 47, 33, 34, 35, 80, 80, 80, 80, 80, 80, 80, 80, 80, 80, 80, 80, 03, 2B]
[01, 7F, 02, 47, 31, 39, 35, 30, 30, 30, 30, 03, 24]
[01, 7F, 02, 47, 32, 30, 31, 31, 34, 38, 03, 37]
[01, 7F, 02, 47, 31, 38, 92, 35, 34, 39, 44, 35, 30, 30, 20, 20, 33, 20, 03, 78]
[01, 7F, 02, 47, 33, 30, 35, 31, 30, 32, 20, 36, 20, 03, 2A]
[01, 7F, 02, 47, 35, 30, 82, 32, 34, 03, 38]
[01, 7F, 02, 47, 33, 33, 35, 80, 80, 80, 80, 80, 80, 80, 80, 80, 80, 80, 80, 03, 2C]
[01, 7F, 02, 47, 33, 34, 35, 80, 80, 80, 80, 80, 80, 80, 80, 80, 80, 80, 80, 03, 2B]
[01, 7F, 02, 47, 31, 39, 35, 30, 30, 30, 30, 03, 24]
[01, 7F, 02, 47, 31, 38, 92, 35, 34, 39, 44, 35, 30, 30, 20, 20, 33, 20, 03, 78]
[01, 7F, 02, 47, 33, 30, 35, 31, 30, 32, 20, 36, 20, 03, 2A]
[01, 7F, 02, 47, 35, 30, 82, 32, 34, 03, 38]
[01, 7F, 02, 47, 33, 33, 35, 80, 80, 80, 80, 80, 80, 80, 80, 80, 80, 80, 80, 03, 2C]
[01, 7F, 02, 47, 33, 34, 35, 80, 80, 80, 80, 80, 80, 80, 80, 80, 80, 80, 80, 03, 2B]
[01, 7F, 02, 47, 31, 39, 35, 30, 30, 30, 30, 03, 24]
[01, 7F, 02, 47, 31, 38, 92, 35, 34, 39, 44, 35, 30, 30, 20, 20, 33, 20, 03, 78]
[01, 7F, 02, 47, 33, 30, 35, 31, 30, 32, 20, 36, 20, 03, 2A]
[01, 7F, 02, 47, 35, 30, 82, 32, 34, 03, 38]
[01, 7F, 02, 47, 33, 33, 35, 80, 80, 80, 80, 80, 80, 80, 80, 80, 80, 80, 80, 03, 2C]
[01, 7F, 02, 47, 33, 34, 35, 80, 80, 80, 80, 80, 80, 80, 80, 80, 80, 80, 80, 03, 2B]
[01, 7F, 02, 47, 31, 39, 35, 30, 30, 30, 30, 03, 24]
[01, 7F, 02, 47, 31, 38, 92, 35, 34, 39, 44, 35, 30, 30, 20, 20, 33, 20, 03, 78]
[01, 7F, 02, 47, 33, 30, 35, 31, 30, 32, 20, 36, 20, 03, 2A]
[01, 7F, 02, 47, 35, 30, 82, 32, 34, 03, 38]
[01, 7F, 02, 47, 33, 33, 35, 80, 80, 80, 80, 80, 80, 80, 80, 80, 80, 80, 80, 03, 2C]
[01, 7F, 02, 47, 33, 34, 35, 80, 80, 80, 80, 80, 80, 80, 80, 80, 80, 80, 80, 03, 2B]
[01, 7F, 02, 47, 31, 39, 35, 30, 30, 30, 30, 03, 24]
