[01, 7F, 02, 47, 33, 36, 33, 36, 32, 03, 2B]
[01, 7F, 02, 47, 33, 36, 33, 36, 31, 03, 28]
[01, 7F, 02, 47, 33, 36, 33, 36, 30, 03, 29]
[01, 7F, 02, 47, 33, 36, 33, 35, 39, 03, 23]
[01, 7F, 02, 47, 33, 36, 33, 35, 38, 03, 22]
[01, 7F, 02, 47, 33, 36, 33, 35, 37, 03, 2D]
[01, 7F, 02, 47, 33, 36, 33, 35, 36, 03, 2C]
[01, 7F, 02, 47, 33, 36, 33, 35, 35, 03, 2F]
[01, 7F, 02, 47, 31, 38, 90, 35, 33, 35, 44, 35, 30, 30, 20, 20, 32, 20, 03, 70]
[01, 7F, 02, 47, 33, 30, 35, 20, 30, 20, 20, 30, 20, 03, 2F]
[01, 7F, 02, 47, 33, 33, 35, 80, 80, 80, 80, 80, 80, 80, 80, 80, 80, 80, 80, 03, 2C]
[01, 7F, 02, 47, 33, 34, 35, 80, 80, 80, 80, 80, 80, 80, 80, 80, 80, 80, 80, 03, 2B]
[01, 7F, 02, 47, 31, 39, 35, 30, 30, 30, 30, 03, 24]
[01, 7F, 02, 47, 33, 36, 33, 35, 34, 03, 2E]
[01, 7F, 02, 47, 33, 36, 33, 35, 33, 03, 29]
[01, 7F, 02, 47, 33, 36, 33, 35, 32, 03, 28]
[01, 7F, 02, 47, 33, 36, 33, 35, 31, 03, 2B]
[01, 7F, 02, 47, 33, 36, 33, 35, 30, 03, 2A]
[01, 7F, 02, 47, 33, 36, 33, 34, 39, 03, 22]
[01, 7F, 02, 47, 33, 36, 33, 34, 38, 03, 23]
[01, 7F, 02, 47, 33, 36, 33, 34, 37, 03, 2C]
[01, 7F, 02, 47, 33, 36, 33, 34, 36, 03, 2D]
[01, 7F, 02, 47, 33, 36, 33, 34, 35, 03, 2E]
[01, 7F, 02, 47, 33, 36, 33, 34, 34, 03, 2F]
[01, 7F, 02, 47, 33, 36, 33, 34, 33, 03, 28]
[01, 7F, 02, 47, 33, 36, 33, 34, 32, 03, 29]
[01, 7F, 02, 47, 33, 36, 33, 34, 31, 03, 2A]
[01, 7F, 02, 47, 33, 36, 33, 34, 30, 03, 2B]
[01, 7F, 02, 47, 33, 36, 33, 33, 39, 03, 25]
[01, 7F, 02, 47, 33, 36, 33, 33, 38, 03, 24]
[01, 7F, 02, 47, 33, 36, 33, 33, 37, 03, 2B]
[01, 7F, 02, 47, 33, 36, 33, 33, 36, 03, 2A]
[01, 7F, 02, 47, 33, 36, 33, 33, 35, 03, 29]
[01, 7F, 02, 47, 33, 36, 33, 33, 34, 03, 28]
[01, 7F, 02, 47, 33, 36, 33, 33, 33, 03, 2F]
[01, 7F, 02, 47, 33, 36, 33, 33, 32, 03, 2E]
[01, 7F, 02, 47, 33, 36, 33, 33, 31, 03, 2D]
[01, 7F, 02, 47, 33, 36, 33, 33, 30, 03, 2C]
[01, 7F, 02, 47, 33, 36, 33, 32, 39, 03, 24]
[01, 7F, 02, 47, 33, 36, 33, 32, 38, 03, 25]
[01, 7F, 02, 47, 33, 36, 33, 32, 37, 03, 2A]
[01, 7F, 02, 47, 33, 36, 33, 32, 36, 03, 2B]
[01, 7F, 02, 47, 33, 36, 33, 32, 35, 03, 28]
[01, 7F, 02, 47, 33, 36, 33, 32, 34, 03, 29]
[01, 7F, 02, 47, 33, 36, 33, 32, 33, 03, 2E]
[01, 7F, 02, 47, 33, 36, 33, 32, 32, 03, 2F]
[01, 7F, 02, 47, 33, 36, 33, 32, 31, 03, 2C]
[01, 7F, 02, 47, 31, 38, 92, 35, 33, 32, 44, 31, 30, 30, 20, 20, 32, 20, 03, 71]
[01, 7F, 02, 47, 31, 38, 92, 35, 33, 32, 44, 31, 30, 30, 20, 20, 32, 20, 03, 71]
[01, 7F, 02, 47, 31, 38, 92, 35, 33, 32, 44, 31, 30, 30, 20, 20, 32, 20, 03, 71]
[01, 7F, 02, 47, 31, 38, 92, 35, 33, 32, 44, 31, 30, 30, 20, 20, 32, 20, 03, 71]
[01, 7F, 02, 47, 33, 30, 35, 20, 30, 20, 20, 30, 20, 03, 2F]
[01, 7F, 02, 47, 33, 33, 35, 80, 80, 80, 80, 80, 80, 80, 80, 80, 80, 80, 80, 03, 2C]
[01, 7F, 02, 47, 33, 34, 35, 80, 80, 80, 80, 80, 80, 80, 80, 80, 80, 80, 80, 03, 2B]
[01, 7F, 02, 47, 31, 39, 35, 30, 30, 30, 30, 03, 24]
[01, 7F, 02, 47, 31, 38, 92, 35, 33, 32, 44, 31, 30, 30, 20, 20, 32, 20, 03, 71]
[01, 7F, 02, 47, 33, 30, 35, 20, 30, 20, 20, 30, 20, 03, 2F]
[01, 7F, 02, 47, 33, 33, 35, 80, 80, 80, 80, 80, 80, 80, 80, 80, 80, 80, 80, 03, 2C]
[01, 7F, 02, 47, 33, 34, 35, 80, 80, 80, 80, 80, 80, 80, 80, 80, 80, 80, 80, 03, 2B]
[01, 7F, 02, 47, 31, 39, 35, 30, 30, 30, 30, 03, 24]
[01, 7F, 02, 47, 31, 38, 92, 35, 33, 32, 44, 31, 30, 30, 20, 20, 32, 20, 03, 71]
[01, 7F, 02, 47, 33, 30, 35, 20, 30, 20, 20, 30, 20, 03, 2F]
[01, 7F, 02, 47, 33, 33, 35, 80, 80, 80, 80, 80, 80, 80, 80, 80, 80, 80, 80, 03, 2C]
[01, 7F, 02, 47, 33, 34, 35, 80, 80, 80, 80, 80, 80, 80, 80, 80, 80, 80, 80, 03, 2B]
[01, 7F, 02, 47, 31, 39, 35, 30, 30, 30, 30, 03, 24]
[01, 7F, 02, 47, 32, 30, 31, 31, 30, 37, 03, 3C]
[01, 7F, 02, 47, 31, 38, 92, 35, 33, 32, 44, 31, 30, 30, 20, 20, 32, 20, 03, 71]
[01, 7F, 02, 47, 33, 30, 35, 20, 30, 20, 20, 30, 20, 03, 2F]
[01, 7F, 02, 47, 33, 33, 35, 80, 80, 80, 80, 80, 80, 80, 80, 80, 80, 80, 80, 03, 2C]
[01, 7F, 02, 47, 33, 34, 35, 80, 80, 80, 80, 80, 80, 80, 80, 80, 80, 80, 80, 03, 2B]
[01, 7F, 02, 47, 31, 39, 35, 30, 30, 30, 30, 03, 24]
[01, 7F, 02, 47, 31, 38, 92, 35, 33, 32, 44, 31, 30, 30, 20, 20, 32, 20, 03, 71]
[01, 7F, 02, 47, 33, 30, 35, 20, 30, 20, 20, 30, 20, 03, 2F]
[01, 7F, 02, 47, 33, 33, 35, 80, 80, 80, 80, 80, 80, 80, 80, 80, 80, 80, 80, 03, 2C]
[01, 7F, 02, 47, 33, 34, 35, 80, 80, 80, 80, 80, 80, 80, 80, 80, 80, 80, 80, 03, 2B]
[01, 7F, 02, 47, 31, 39, 35, 30, 30, 30, 30, 03, 24]
[01, 7F, 02, 47, 31, 38, 92, 35, 33, 32, 44, 31, 30, 30, 20, 20, 32, 20, 03, 71]
[01, 7F, 02, 47, 33, 30, 35, 20, 30, 20, 20, 30, 20, 03, 2F]
[01, 7F, 02, 47, 33, 33, 35, 80, 80, 80, 80, 80, 80, 80, 80, 80, 80, 80, 80, 03, 2C]
[01, 7F, 02, 47, 33, 34, 35, 80, 80, 80, 80, 80, 80, 80, 80, 80, 80, 80, 80, 03, 2B]
[01, 7F, 02, 47, 31, 39, 35, 30, 30, 30, 30, 03, 24]
