[01, 7F, 02, 47, 31, 38, 82, 35, 20, 39, 31, 36, 30, 30, 20, 20, 34, 20, 03, 2D]
[01, 7F, 02, 47, 33, 30, 35, 20, 38, 39, 31, 32, 20, 03, 2D]
[01, 7F, 02, 47, 35, 30, 82, 32, 34, 03, 38]
[01, 7F, 02, 47, 33, 33, 35, 80, 80, 80, 80, 80, 80, 80, 80, 80, 80, 80, 80, 03, 2C]
[01, 7F, 02, 47, 33, 34, 35, 80, 80, 80, 80, 80, 80, 80, 80, 80, 80, 80, 80, 03, 2B]
[01, 7F, 02, 47, 31, 39, 35, 30, 30, 30, 30, 03, 24]
[01, 7F, 02, 47, 31, 38, 82, 35, 20, 39, 31, 36, 30, 30, 20, 20, 34, 20, 03, 2D]
[01, 7F, 02, 47, 33, 30, 35, 20, 38, 39, 31, 32, 20, 03, 2D]
[01, 7F, 02, 47, 35, 30, 82, 32, 34, 03, 38]
[01, 7F, 02, 47, 33, 33, 35, 80, 80, 80, 80, 80, 80, 80, 80, 80, 80, 80, 80, 03, 2C]
[01, 7F, 02, 47, 33, 34, 35, 80, 80, 80, 80, 80, 80, 80, 80, 80, 80, 80, 80, 03, 2B]
[01, 7F, 02, 47, 31, 39, 35, 30, 30, 30, 30, 03, 24]
[01, 7F, 02, 47, 32, 30, 31, 32, 31, 33, 03, 3A]
[01, 7F, 02, 47, 31, 38, 82, 35, 20, 39, 31, 36, 30, 30, 20, 20, 34, 20, 03, 2D]
[01, 7F, 02, 47, 33, 30, 35, 20, 38, 39, 31, 32, 20, 03, 2D]
[01, 7F, 02, 47, 35, 30, 82, 32, 34, 03, 38]
[01, 7F, 02, 47, 33, 33, 35, 80, 80, 80, 80, 80, 80, 80, 80, 80, 80, 80, 80, 03, 2C]
[01, 7F, 02, 47, 33, 34, 35, 80, 80, 80, 80, 80, 80, 80, 80, 80, 80, 80, 80, 03, 2B]
[01, 7F, 02, 47, 31, 39, 35, 30, 30, 30, 30, 03, 24]
[01, 7F, 02, 47, 31, 38, 82, 35, 20, 39, 31, 36, 30, 30, 20, 20, 34, 20, 03, 2D]
[01, 7F, 02, 47, 33, 30, 35, 20, 38, 39, 31, 32, 20, 03, 2D]
[01, 7F, 02, 47, 35, 30, 82, 32, 34, 03, 38]
[01, 7F, 02, 47, 33, 33, 35, 80, 80, 80, 80, 80, 80, 80, 80, 80, 80, 80, 80, 03, 2C]
[01, 7F, 02, 47, 33, 34, 35, 80, 80, 80, 80, 80, 80, 80, 80, 80, 80, 80, 80, 03, 2B]
[01, 7F, 02, 47, 31, 39, 35, 30, 30, 30, 30, 03, 24]
[01, 7F, 02, 47, 31, 38, 82, 35, 20, 39, 31, 36, 30, 30, 20, 20, 34, 20, 03, 2D]
[01, 7F, 02, 47, 33, 30, 35, 20, 38, 39, 31, 32, 20, 03, 2D]
[01, 7F, 02, 47, 35, 30, 82, 32, 34, 03, 38]
[01, 7F, 02, 47, 33, 33, 35, 80, 80, 80, 80, 80, 80, 80, 80, 80, 80, 80, 80, 03, 2C]
[01, 7F, 02, 47, 33, 34, 35, 80, 80, 80, 80, 80, 80, 80, 80, 80, 80, 80, 80, 03, 2B]
[01, 7F, 02, 47, 31, 39, 35, 30, 30, 30, 30, 03, 24]
[01, 7F, 02, 47, 31, 38, 82, 35, 20, 39, 31, 36, 30, 30, 20, 20, 34, 20, 03, 2D]
[01, 7F, 02, 47, 33, 30, 35, 20, 38, 39, 31, 32, 20, 03, 2D]
[01, 7F, 02, 47, 35, 30, 82, 32, 34, 03, 38]
[01, 7F, 02, 47, 33, 33, 35, 80, 80, 80, 80, 80, 80, 80, 80, 80, 80, 80, 80, 03, 2C]
[01, 7F, 02, 47, 33, 34, 35, 80, 80, 80, 80, 80, 80, 80, 80, 80, 80, 80, 80, 03, 2B]
[01, 7F, 02, 47, 31, 39, 35, 30, 30, 30, 30, 03, 24]
[01, 7F, 02, 47, 31, 38, 82, 35, 20, 39, 31, 36, 30, 30, 20, 20, 34, 20, 03, 2D]
[01, 7F, 02, 47, 33, 30, 35, 20, 38, 39, 31, 32, 20, 03, 2D]
[01, 7F, 02, 47, 35, 30, 82, 32, 34, 03, 38]
[01, 7F, 02, 47, 33, 33, 35, 80, 80, 80, 80, 80, 80, 80, 80, 80, 80, 80, 80, 03, 2C]
[01, 7F, 02, 47, 33, 34, 35, 80, 80, 80, 80, 80, 80, 80, 80, 80, 80, 80, 80, 03, 2B]
[01, 7F, 02, 47, 31, 39, 35, 30, 30, 30, 30, 03, 24]
[01, 7F, 02, 47, 31, 38, 82, 35, 20, 39, 31, 36, 30, 30, 20, 20, 34, 20, 03, 2D]
[01, 7F, 02, 47, 33, 30, 35, 20, 38, 39, 31, 32, 20, 03, 2D]
[01, 7F, 02, 47, 35, 30, 82, 32, 34, 03, 38]
[01, 7F, 02, 47, 33, 33, 35, 80, 80, 80, 80, 80, 80, 80, 80, 80, 80, 80, 80, 03, 2C]
[01, 7F, 02, 47, 33, 34, 35, 80, 80, 80, 80, 80, 80, 80, 80, 80, 80, 80, 80, 03, 2B]
[01, 7F, 02, 47, 31, 39, 35, 30, 30, 30, 30, 03, 24]
[01, 7F, 02, 47, 32, 30, 31, 32, 31, 34, 03, 3D]
[01, 7F, 02, 47, 31, 38, 82, 35, 20, 39, 31, 36, 30, 30, 20, 20, 34, 20, 03, 2D]
[01, 7F, 02, 47, 33, 30, 35, 20, 38, 39, 31, 32, 20, 03, 2D]
[01, 7F, 02, 47, 35, 30, 82, 32, 34, 03, 38]
[01, 7F, 02, 47, 33, 33, 35, 80, 80, 80, 80, 80, 80, 80, 80, 80, 80, 80, 80, 03, 2C]
[01, 7F, 02, 47, 33, 34, 35, 80, 80, 80, 80, 80, 80, 80, 80, 80, 80, 80, 80, 03, 2B]
[01, 7F, 02, 47, 31, 39, 35, 30, 30, 30, 30, 03, 24]
[01, 7F, 02, 47, 31, 38, 82, 35, 20, 39, 31, 36, 30, 30, 20, 20, 34, 20, 03, 2D]
[01, 7F, 02, 47, 33, 30, 35, 20, 38, 39, 31, 32, 20, 03, 2D]
[01, 7F, 02, 47, 35, 30, 82, 32, 34, 03, 38]
[01, 7F, 02, 47, 33, 33, 35, 80, 80, 80, 80, 80, 80, 80, 80, 80, 80, 80, 80, 03, 2C]
[01, 7F, 02, 47, 33, 34, 35, 80, 80, 80, 80, 80, 80, 80, 80, 80, 80, 80, 80, 03, 2B]
[01, 7F, 02, 47, 31, 39, 35, 30, 30, 30, 30, 03, 24]
[01, 7F, 02, 47, 31, 38, 82, 35, 20, 39, 31, 36, 30, 30, 20, 20, 34, 20, 03, 2D]
[01, 7F, 02, 47, 33, 30, 35, 20, 38, 39, 31, 32, 20, 03, 2D]
[01, 7F, 02, 47, 35, 30, 82, 32, 34, 03, 38]
[01, 7F, 02, 47, 33, 33, 35, 80, 80, 80, 80, 80, 80, 80, 80, 80, 80, 80, 80, 03, 2C]
[01, 7F, 02, 47, 33, 34, 35, 80, 80, 80, 80, 80, 80, 80, 80, 80, 80, 80, 80, 03, 2B]
[01, 7F, 02, 47, 31, 39, 35, 30, 30, 30, 30, 03, 24]
[01, 7F, 02, 47, 31, 38, 82, 35, 20, 39, 31, 36, 30, 30, 20, 20, 34, 20, 03, 2D]
[01, 7F, 02, 47, 33, 30, 35, 20, 38, 39, 31, 32, 20, 03, 2D]
[01, 7F, 02, 47, 35, 30, 82, 32, 34, 03, 38]
[01, 7F, 02, 47, 33, 33, 35, 80, 80, 80, 80, 80, 80, 80, 80, 80, 80, 80, 80, 03, 2C]
[01, 7F, 02, 47, 33, 34, 35, 80, 80, 80, 80, 80, 80, 80, 80, 80, 80, 80, 80, 03, 2B]
[01, 7F, 02, 47, 31, 39, 35, 30, 30, 30, 30, 03, 24]
[01, 7F, 02, 47, 31, 38, 82, 35, 20, 39, 31, 36, 30, 30, 20, 20, 34, 20, 03, 2D]
[01, 7F, 02, 47, 33, 30, 35, 20, 38, 39, 31, 32, 20, 03, 2D]
[01, 7F, 02, 47, 35, 30, 82, 32, 34, 03, 38]
[01, 7F, 02, 47, 33, 33, 35, 80, 80, 80, 80, 80, 80, 80, 80, 80, 80, 80, 80, 03, 2C]
[01, 7F, 02, 47, 33, 34, 35, 80, 80, 80, 80, 80, 80, 80, 80, 80, 80, 80, 80, 03, 2B]
[01, 7F, 02, 47, 31, 39, 35, 30, 30, 30, 30, 03, 24]
[01, 7F, 02, 47, 31, 38, 82, 35, 20, 39, 31, 36, 30, 30, 20, 20, 34, 20, 03, 2D]
[01, 7F, 02, 47, 33, 30, 35, 20, 38, 39, 31, 32, 20, 03, 2D]
[01, 7F, 02, 47, 35, 30, 82, 32, 34, 03, 38]
[01, 7F, 02, 47, 33, 33, 35, 80, 80, 80, 80, 80, 80, 80, 80, 80, 80, 80, 80, 03, 2C]
[01, 7F, 02, 47, 33, 34, 35, 80, 80, 80, 80, 80, 80, 80, 80, 80, 80, 80, 80, 03, 2B]
[01, 7F, 02, 47, 31, 39, 35, 30, 30, 30, 30, 03, 24]
[01, 7F, 02, 47, 32, 30, 31, 32, 31, 35, 03, 3C]
[01, 7F, 02, 47, 31, 38, 82, 35, 20, 39, 31, 36, 30, 30, 20, 20, 34, 20, 03, 2D]
[01, 7F, 02, 47, 35, 30, 80, 32, 34, 03, 3A]
[01, 7F, 02, 47, 35, 30, 80, 32, 33, 03, 3D]
[01, 7F, 02, 47, 31, 38, 82, 35, 20, 39, 31, 36, 30, 30, 20, 20, 34, 20, 03, 2D]
[01, 7F, 02, 47, 35, 30, 80, 32, 33, 03, 3D]
[01, 7F, 02, 47, 35, 30, 80, 32, 32, 03, 3C]
[01, 7F, 02, 47, 35, 30, 80, 32, 31, 03, 3F]
[01, 7F, 02, 47, 31, 38, 82, 35, 20, 39, 31, 36, 30, 30, 20, 20, 34, 20, 03, 2D]
[01, 7F, 02, 47, 33, 30, 35, 20, 38, 39, 31, 32, 20, 03, 2D]
[01, 7F, 02, 47, 35, 30, 80, 32, 31, 03, 3F]
[01, 7F, 02, 47, 33, 33, 35, 80, 80, 80, 80, 80, 80, 80, 80, 80, 80, 80, 80, 03, 2C]
[01, 7F, 02, 47, 33, 34, 35, 80, 80, 80, 80, 80, 80, 80, 80, 80, 80, 80, 80, 03, 2B]
[01, 7F, 02, 47, 31, 39, 35, 30, 30, 30, 30, 03, 24]
[01, 7F, 02, 47, 35, 30, 80, 32, 30, 03, 3E]
[01, 7F, 02, 47, 31, 38, 82, 35, 20, 39, 31, 36, 30, 30, 20, 20, 34, 20, 03, 2D]
[01, 7F, 02, 47, 35, 30, 82, 32, 30, 03, 3C]
[01, 7F, 02, 47, 31, 38, 82, 35, 20, 39, 31, 36, 30, 30, 20, 20, 34, 20, 03, 2D]
[01, 7F, 02, 47, 35, 30, 82, 32, 30, 03, 3C]
[01, 7F, 02, 47, 31, 38, 82, 35, 20, 39, 31, 36, 30, 30, 20, 20, 34, 20, 03, 2D]
[01, 7F, 02, 47, 33, 30, 35, 20, 38, 39, 31, 32, 20, 03, 2D]
[01, 7F, 02, 47, 35, 30, 82, 32, 30, 03, 3C]
[01, 7F, 02, 47, 33, 33, 35, 80, 80, 80, 80, 80, 80, 80, 80, 80, 80, 80, 80, 03, 2C]
[01, 7F, 02, 47, 33, 34, 35, 80, 80, 80, 80, 80, 80, 80, 80, 80, 80, 80, 80, 03, 2B]
[01, 7F, 02, 47, 31, 39, 35, 30, 30, 30, 30, 03, 24]
[01, 7F, 02, 47, 31, 38, 82, 35, 20, 39, 31, 36, 30, 30, 20, 20, 34, 20, 03, 2D]
[01, 7F, 02, 47, 33, 30, 35, 20, 38, 39, 31, 32, 20, 03, 2D]
[01, 7F, 02, 47, 35, 30, 82, 32, 30, 03, 3C]
[01, 7F, 02, 47, 33, 33, 35, 80, 80, 80, 80, 80, 80, 80, 80, 80, 80, 80, 80, 03, 2C]
[01, 7F, 02, 47, 33, 34, 35, 80, 80, 80, 80, 80, 80, 80, 80, 80, 80, 80, 80, 03, 2B]
[01, 7F, 02, 47, 31, 39, 35, 30, 30, 30, 30, 03, 24]
[01, 7F, 02, 47, 31, 38, 82, 35, 20, 39, 31, 36, 30, 30, 20, 20, 34, 20, 03, 2D]
[01, 7F, 02, 47, 33, 30, 35, 20, 38, 39, 31, 32, 20, 03, 2D]
[01, 7F, 02, 47, 35, 30, 82, 32, 30, 03, 3C]
[01, 7F, 02, 47, 33, 33, 35, 80, 80, 80, 80, 80, 80, 80, 80, 80, 80, 80, 80, 03, 2C]
[01, 7F, 02, 47, 33, 34, 35, 80, 80, 80, 80, 80, 80, 80, 80, 80, 80, 80, 80, 03, 2B]
[01, 7F, 02, 47, 31, 39, 35, 30, 30, 30, 30, 03, 24]
[01, 7F, 02, 47, 31, 38, 82, 35, 20, 39, 31, 36, 30, 30, 20, 20, 34, 20, 03, 2D]
[01, 7F, 02, 47, 33, 30, 35, 20, 38, 39, 31, 32, 20, 03, 2D]
[01, 7F, 02, 47, 35, 30, 82, 32, 30, 03, 3C]
[01, 7F, 02, 47, 33, 33, 35, 80, 80, 80, 80, 80, 80, 80, 80, 80, 80, 80, 80, 03, 2C]
[01, 7F, 02, 47, 33, 34, 35, 80, 80, 80, 80, 80, 80, 80, 80, 80, 80, 80, 80, 03, 2B]
[01, 7F, 02, 47, 31, 39, 35, 30, 30, 30, 30, 03, 24]
[01, 7F, 02, 47, 31, 38, 82, 35, 20, 39, 31, 36, 30, 30, 20, 20, 34, 20, 03, 2D]
[01, 7F, 02, 47, 33, 30, 35, 20, 38, 39, 31, 32, 20, 03, 2D]
[01, 7F, 02, 47, 35, 30, 82, 32, 30, 03, 3C]
[01, 7F, 02, 47, 33, 33, 35, 80, 80, 80, 80, 80, 80, 80, 80, 80, 80, 80, 80, 03, 2C]
[01, 7F, 02, 47, 33, 34, 35, 80, 80, 80, 80, 80, 80, 80, 80, 80, 80, 80, 80, 03, 2B]
[01, 7F, 02, 47, 31, 39, 35, 30, 30, 30, 30, 03, 24]
[01, 7F, 02, 47, 32, 30, 31, 32, 31, 36, 03, 3F]
[01, 7F, 02, 47, 31, 38, 82, 35, 20, 39, 31, 36, 30, 30, 20, 20, 34, 20, 03, 2D]
[01, 7F, 02, 47, 33, 30, 35, 20, 38, 39, 31, 32, 20, 03, 2D]
[01, 7F, 02, 47, 35, 30, 82, 32, 30, 03, 3C]
[01, 7F, 02, 47, 33, 33, 35, 80, 80, 80, 80, 80, 80, 80, 80, 80, 80, 80, 80, 03, 2C]
[01, 7F, 02, 47, 33, 34, 35, 80, 80, 80, 80, 80, 80, 80, 80, 80, 80, 80, 80, 03, 2B]
[01, 7F, 02, 47, 31, 39, 35, 30, 30, 30, 30, 03, 24]
[01, 7F, 02, 47, 31, 38, 82, 35, 20, 39, 31, 36, 30, 30, 20, 20, 34, 20, 03, 2D]
[01, 7F, 02, 47, 33, 30, 35, 20, 38, 39, 31, 32, 20, 03, 2D]
[01, 7F, 02, 47, 35, 30, 82, 32, 30, 03, 3C]
[01, 7F, 02, 47, 33, 33, 35, 80, 80, 80, 80, 80, 80, 80, 80, 80, 80, 80, 80, 03, 2C]
[01, 7F, 02, 47, 33, 34, 35, 80, 80, 80, 80, 80, 80, 80, 80, 80, 80, 80, 80, 03, 2B]
[01, 7F, 02, 47, 31, 39, 35, 30, 30, 30, 30, 03, 24]
[01, 7F, 02, 47, 31, 38, 82, 35, 20, 39, 31, 36, 30, 30, 20, 20, 34, 20, 03, 2D]
[01, 7F, 02, 47, 33, 30, 35, 20, 38, 39, 31, 32, 20, 03, 2D]
[01, 7F, 02, 47, 35, 30, 82, 32, 30, 03, 3C]
[01, 7F, 02, 47, 33, 33, 35, 80, 80, 80, 80, 80, 80, 80, 80, 80, 80, 80, 80, 03, 2C]
[01, 7F, 02, 47, 33, 34, 35, 80, 80, 80, 80, 80, 80, 80, 80, 80, 80, 80, 80, 03, 2B]
[01, 7F, 02, 47, 31, 39, 35, 30, 30, 30, 30, 03, 24]
[01, 7F, 02, 47, 31, 38, 82, 35, 20, 39, 31, 36, 30, 30, 20, 20, 34, 20, 03, 2D]
[01, 7F, 02, 47, 33, 30, 35, 20, 38, 39, 31, 32, 20, 03, 2D]
[01, 7F, 02, 47, 35, 30, 82, 32, 30, 03, 3C]
[01, 7F, 02, 47, 33, 33, 35, 80, 80, 80, 80, 80, 80, 80, 80, 80, 80, 80, 80, 03, 2C]
[01, 7F, 02, 47, 33, 34, 35, 80, 80, 80, 80, 80, 80, 80, 80, 80, 80, 80, 80, 03, 2B]
[01, 7F, 02, 47, 31, 39, 35, 30, 30, 30, 30, 03, 24]
[01, 7F, 02, 47, 31, 38, 82, 35, 20, 39, 31, 36, 30, 30, 20, 20, 34, 20, 03, 2D]
[01, 7F, 02, 47, 33, 30, 35, 20, 38, 39, 31, 32, 20, 03, 2D]
[01, 7F, 02, 47, 35, 30, 82, 32, 30, 03, 3C]
[01, 7F, 02, 47, 33, 33, 35, 80, 80, 80, 80, 80, 80, 80, 80, 80, 80, 80, 80, 03, 2C]
[01, 7F, 02, 47, 33, 34, 35, 80, 80, 80, 80, 80, 80, 80, 80, 80, 80, 80, 80, 03, 2B]
[01, 7F, 02, 47, 31, 39, 35, 30, 30, 30, 30, 03, 24]
[01, 7F, 02, 47, 31, 38, 82, 35, 20, 39, 31, 36, 30, 30, 20, 20, 34, 20, 03, 2D]
[01, 7F, 02, 47, 33, 30, 35, 20, 38, 39, 31, 32, 20, 03, 2D]
[01, 7F, 02, 47, 35, 30, 82, 32, 30, 03, 3C]
[01, 7F, 02, 47, 33, 33, 35, 80, 80, 80, 80, 80, 80, 80, 80, 80, 80, 80, 80, 03, 2C]
[01, 7F, 02, 47, 33, 34, 35, 80, 80, 80, 80, 80, 80, 80, 80, 80, 80, 80, 80, 03, 2B]
[01, 7F, 02, 47, 31, 39, 35, 30, 30, 30, 30, 03, 24]
[01, 7F, 02, 47, 32, 30, 31, 32, 31, 37, 03, 3E]
[01, 7F, 02, 47, 31, 38, 82, 35, 20, 39, 31, 36, 30, 30, 20, 20, 34, 20, 03, 2D]
[01, 7F, 02, 47, 33, 30, 35, 20, 38, 39, 31, 32, 20, 03, 2D]
[01, 7F, 02, 47, 35, 30, 82, 32, 30, 03, 3C]
[01, 7F, 02, 47, 33, 33, 35, 80, 80, 80, 80, 80, 80, 80, 80, 80, 80, 80, 80, 03, 2C]
[01, 7F, 02, 47, 33, 34, 35, 80, 80, 80, 80, 80, 80, 80, 80, 80, 80, 80, 80, 03, 2B]
[01, 7F, 02, 47, 31, 39, 35, 30, 30, 30, 30, 03, 24]
[01, 7F, 02, 47, 31, 38, 80, 35, 20, 39, 31, 36, 30, 30, 20, 20, 34, 20, 03, 2F]
[01, 7F, 02, 47, 31, 38, 80, 35, 20, 39, 31, 36, 30, 30, 20, 20, 34, 20, 03, 2F]
[01, 7F, 02, 47, 31, 38, 80, 35, 20, 39, 31, 36, 30, 30, 20, 20, 34, 20, 03, 2F]
[01, 7F, 02, 47, 31, 38, 80, 35, 20, 39, 31, 36, 30, 30, 20, 20, 34, 20, 03, 2F]
[01, 7F, 02, 47, 35, 30, 82, 32, 30, 03, 3C]
[01, 7F, 02, 47, 33, 30, 35, 20, 38, 39, 31, 32, 20, 03, 2D]
[01, 7F, 02, 47, 33, 33, 35, 80, 80, 80, 80, 80, 80, 80, 80, 80, 80, 80, 80, 03, 2C]
[01, 7F, 02, 47, 36, 30, 35, 00, 00, 03, 2A]
[01, 7F, 02, 47, 33, 31, 35, 20, 32, 20, 30, 20, 20, 20, 20, 03, 2C]
[01, 7F, 02, 47, 33, 30, 35, 20, 38, 39, 31, 32, 20, 03, 2D]
[01, 7F, 02, 47, 33, 34, 35, 80, 80, 80, 80, 80, 80, 80, 80, 80, 80, 80, 80, 03, 2B]
[01, 7F, 02, 47, 36, 30, 35, 00, 00, 03, 2A]
[01, 7F, 02, 47, 33, 31, 35, 20, 32, 20, 30, 20, 20, 20, 20, 03, 2C]
[01, 7F, 02, 47, 31, 38, 80, 35, 20, 39, 31, 35, 30, 30, 20, 20, 34, 20, 03, 2C]
[01, 7F, 02, 47, 31, 38, 80, 35, 20, 39, 31, 35, 30, 30, 20, 20, 34, 20, 03, 2C]
[01, 7F, 02, 47, 33, 30, 35, 20, 38, 39, 31, 32, 20, 03, 2D]
[01, 7F, 02, 47, 35, 30, 82, 32, 30, 03, 3C]
[01, 7F, 02, 47, 33, 33, 35, 80, 80, 80, 80, 80, 80, 80, 80, 80, 80, 80, 80, 03, 2C]
[01, 7F, 02, 47, 33, 34, 35, 80, 80, 80, 80, 80, 80, 80, 80, 80, 80, 80, 80, 03, 2B]
[01, 7F, 02, 47, 31, 39, 35, 30, 30, 30, 30, 03, 24]
[01, 7F, 02, 47, 31, 38, 80, 35, 20, 39, 31, 34, 30, 30, 20, 20, 34, 20, 03, 2D]
[01, 7F, 02, 47, 31, 38, 80, 35, 20, 39, 31, 33, 30, 30, 20, 20, 34, 20, 03, 2A]
[01, 7F, 02, 47, 31, 38, 80, 35, 20, 39, 31, 32, 30, 30, 20, 20, 34, 20, 03, 2B]
[01, 7F, 02, 47, 31, 38, 80, 35, 20, 39, 31, 31, 30, 30, 20, 20, 34, 20, 03, 28]
[01, 7F, 02, 47, 31, 38, 80, 35, 20, 39, 31, 30, 30, 30, 20, 20, 34, 20, 03, 29]
[01, 7F, 02, 47, 31, 38, 80, 35, 20, 39, 30, 39, 30, 30, 20, 20, 34, 20, 03, 21]
[01, 7F, 02, 47, 31, 38, 80, 35, 20, 39, 30, 38, 30, 30, 20, 20, 34, 20, 03, 20]
[01, 7F, 02, 47, 31, 38, 80, 35, 20, 39, 30, 37, 30, 30, 20, 20, 34, 20, 03, 2F]
[01, 7F, 02, 47, 31, 38, 80, 35, 20, 39, 30, 36, 30, 30, 20, 20, 34, 20, 03, 2E]
[01, 7F, 02, 47, 31, 38, 80, 35, 20, 39, 30, 35, 30, 30, 20, 20, 34, 20, 03, 2D]
[01, 7F, 02, 47, 31, 38, 82, 35, 20, 39, 30, 35, 30, 30, 20, 20, 34, 20, 03, 2F]
[01, 7F, 02, 47, 31, 38, 82, 35, 20, 39, 30, 35, 30, 30, 20, 20, 34, 20, 03, 2F]
[01, 7F, 02, 47, 31, 38, 82, 35, 20, 39, 30, 35, 30, 30, 20, 20, 34, 20, 03, 2F]
[01, 7F, 02, 47, 31, 38, 82, 35, 20, 39, 30, 35, 30, 30, 20, 20, 34, 20, 03, 2F]
[01, 7F, 02, 47, 35, 30, 82, 32, 30, 03, 3C]
[01, 7F, 02, 47, 31, 38, 82, 35, 20, 39, 30, 35, 30, 30, 20, 20, 34, 20, 03, 2F]
[01, 7F, 02, 47, 33, 30, 35, 20, 38, 39, 31, 32, 20, 03, 2D]
[01, 7F, 02, 47, 35, 30, 82, 32, 30, 03, 3C]
[01, 7F, 02, 47, 33, 33, 35, 80, 80, 80, 80, 80, 80, 80, 80, 80, 80, 80, 80, 03, 2C]
[01, 7F, 02, 47, 33, 34, 35, 80, 80, 80, 80, 80, 80, 80, 80, 80, 80, 80, 80, 03, 2B]
[01, 7F, 02, 47, 31, 39, 35, 30, 30, 30, 30, 03, 24]
[01, 7F, 02, 47, 31, 38, 82, 35, 20, 39, 30, 35, 30, 30, 20, 20, 34, 20, 03, 2F]
[01, 7F, 02, 47, 35, 30, 80, 32, 30, 03, 3E]
[01, 7F, 02, 47, 31, 38, 82, 35, 20, 39, 30, 35, 30, 30, 20, 20, 34, 20, 03, 2F]
[01, 7F, 02, 47, 35, 30, 80, 32, 30, 03, 3E]
[01, 7F, 02, 47, 35, 30, 80, 31, 39, 03, 34]
[01, 7F, 02, 47, 35, 30, 80, 31, 38, 03, 35]
[01, 7F, 02, 47, 35, 30, 80, 31, 37, 03, 3A]
[01, 7F, 02, 47, 31, 38, 82, 35, 20, 39, 30, 35, 30, 30, 20, 20, 34, 20, 03, 2F]
[01, 7F, 02, 47, 35, 30, 82, 31, 37, 03, 38]
[01, 7F, 02, 47, 31, 38, 82, 35, 20, 39, 30, 35, 30, 30, 20, 20, 34, 20, 03, 2F]
[01, 7F, 02, 47, 35, 30, 82, 31, 37, 03, 38]
[01, 7F, 02, 47, 31, 38, 82, 35, 20, 39, 30, 35, 30, 30, 20, 20, 34, 20, 03, 2F]
[01, 7F, 02, 47, 33, 30, 35, 20, 38, 39, 31, 32, 20, 03, 2D]
[01, 7F, 02, 47, 35, 30, 82, 31, 37, 03, 38]
[01, 7F, 02, 47, 33, 33, 35, 80, 80, 80, 80, 80, 80, 80, 80, 80, 80, 80, 80, 03, 2C]
[01, 7F, 02, 47, 33, 34, 35, 80, 80, 80, 80, 80, 80, 80, 80, 80, 80, 80, 80, 03, 2B]
[01, 7F, 02, 47, 31, 39, 35, 30, 30, 30, 30, 03, 24]
[01, 7F, 02, 47, 31, 38, 82, 35, 20, 39, 30, 35, 30, 30, 20, 20, 34, 20, 03, 2F]
[01, 7F, 02, 47, 33, 30, 35, 20, 38, 39, 31, 32, 20, 03, 2D]
[01, 7F, 02, 47, 35, 30, 82, 31, 37, 03, 38]
[01, 7F, 02, 47, 33, 33, 35, 80, 80, 80, 80, 80, 80, 80, 80, 80, 80, 80, 80, 03, 2C]
[01, 7F, 02, 47, 33, 34, 35, 80, 80, 80, 80, 80, 80, 80, 80, 80, 80, 80, 80, 03, 2B]
[01, 7F, 02, 47, 31, 39, 35, 30, 30, 30, 30, 03, 24]
[01, 7F, 02, 47, 31, 38, 82, 35, 20, 39, 30, 35, 30, 30, 20, 20, 34, 20, 03, 2F]
[01, 7F, 02, 47, 33, 30, 35, 20, 38, 39, 31, 32, 20, 03, 2D]
[01, 7F, 02, 47, 35, 30, 82, 31, 37, 03, 38]
[01, 7F, 02, 47, 33, 33, 35, 80, 80, 80, 80, 80, 80, 80, 80, 80, 80, 80, 80, 03, 2C]
[01, 7F, 02, 47, 33, 34, 35, 80, 80, 80, 80, 80, 80, 80, 80, 80, 80, 80, 80, 03, 2B]
[01, 7F, 02, 47, 31, 39, 35, 30, 30, 30, 30, 03, 24]
[01, 7F, 02, 47, 32, 30, 31, 32, 31, 38, 03, 31]
[01, 7F, 02, 47, 31, 38, 82, 35, 20, 39, 30, 35, 30, 30, 20, 20, 34, 20, 03, 2F]
[01, 7F, 02, 47, 33, 30, 35, 20, 38, 39, 31, 32, 20, 03, 2D]
[01, 7F, 02, 47, 35, 30, 82, 31, 37, 03, 38]
[01, 7F, 02, 47, 33, 33, 35, 80, 80, 80, 80, 80, 80, 80, 80, 80, 80, 80, 80, 03, 2C]
[01, 7F, 02, 47, 33, 34, 35, 80, 80, 80, 80, 80, 80, 80, 80, 80, 80, 80, 80, 03, 2B]
[01, 7F, 02, 47, 31, 39, 35, 30, 30, 30, 30, 03, 24]
[01, 7F, 02, 47, 31, 38, 82, 35, 20, 39, 30, 35, 30, 30, 20, 20, 34, 20, 03, 2F]
[01, 7F, 02, 47, 33, 30, 35, 20, 38, 39, 31, 32, 20, 03, 2D]
[01, 7F, 02, 47, 35, 30, 82, 31, 37, 03, 38]
[01, 7F, 02, 47, 33, 33, 35, 80, 80, 80, 80, 80, 80, 80, 80, 80, 80, 80, 80, 03, 2C]
[01, 7F, 02, 47, 33, 34, 35, 80, 80, 80, 80, 80, 80, 80, 80, 80, 80, 80, 80, 03, 2B]
[01, 7F, 02, 47, 31, 39, 35, 30, 30, 30, 30, 03, 24]
[01, 7F, 02, 47, 31, 38, 82, 35, 20, 39, 30, 35, 30, 30, 20, 20, 34, 20, 03, 2F]
[01, 7F, 02, 47, 33, 30, 35, 20, 38, 39, 31, 32, 20, 03, 2D]
[01, 7F, 02, 47, 35, 30, 82, 31, 37, 03, 38]
[01, 7F, 02, 47, 33, 33, 35, 80, 80, 80, 80, 80, 80, 80, 80, 80, 80, 80, 80, 03, 2C]
[01, 7F, 02, 47, 33, 34, 35, 80, 80, 80, 80, 80, 80, 80, 80, 80, 80, 80, 80, 03, 2B]
[01, 7F, 02, 47, 31, 39, 35, 30, 30, 30, 30, 03, 24]
[01, 7F, 02, 47, 31, 38, 82, 35, 20, 39, 30, 35, 30, 30, 20, 20, 34, 20, 03, 2F]
[01, 7F, 02, 47, 33, 30, 35, 20, 38, 39, 31, 32, 20, 03, 2D]
[01, 7F, 02, 47, 35, 30, 82, 31, 37, 03, 38]
[01, 7F, 02, 47, 33, 33, 35, 80, 80, 80, 80, 80, 80, 80, 80, 80, 80, 80, 80, 03, 2C]
[01, 7F, 02, 47, 33, 34, 35, 80, 80, 80, 80, 80, 80, 80, 80, 80, 80, 80, 80, 03, 2B]
[01, 7F, 02, 47, 31, 39, 35, 30, 30, 30, 30, 03, 24]
[01, 7F, 02, 47, 31, 38, 82, 35, 20, 39, 30, 35, 30, 30, 20, 20, 34, 20, 03, 2F]
[01, 7F, 02, 47, 33, 30, 35, 20, 38, 39, 31, 32, 20, 03, 2D]
[01, 7F, 02, 47, 35, 30, 82, 31, 37, 03, 38]
[01, 7F, 02, 47, 33, 33, 35, 80, 80, 80, 80, 80, 80, 80, 80, 80, 80, 80, 80, 03, 2C]
[01, 7F, 02, 47, 33, 34, 35, 80, 80, 80, 80, 80, 80, 80, 80, 80, 80, 80, 80, 03, 2B]
[01, 7F, 02, 47, 31, 39, 35, 30, 30, 30, 30, 03, 24]
[01, 7F, 02, 47, 31, 38, 82, 35, 20, 39, 30, 35, 30, 30, 20, 20, 34, 20, 03, 2F]
[01, 7F, 02, 47, 33, 30, 35, 20, 38, 39, 31, 32, 20, 03, 2D]
[01, 7F, 02, 47, 35, 30, 82, 31, 37, 03, 38]
[01, 7F, 02, 47, 33, 33, 35, 80, 80, 80, 80, 80, 80, 80, 80, 80, 80, 80, 80, 03, 2C]
[01, 7F, 02, 47, 33, 34, 35, 80, 80, 80, 80, 80, 80, 80, 80, 80, 80, 80, 80, 03, 2B]
[01, 7F, 02, 47, 31, 39, 35, 30, 30, 30, 30, 03, 24]
[01, 7F, 02, 47, 31, 38, 82, 35, 20, 39, 30, 35, 30, 30, 20, 20, 34, 20, 03, 2F]
[01, 7F, 02, 47, 33, 30, 35, 20, 38, 39, 31, 32, 20, 03, 2D]
[01, 7F, 02, 47, 35, 30, 82, 31, 37, 03, 38]
[01, 7F, 02, 47, 33, 33, 35, 80, 80, 80, 80, 80, 80, 80, 80, 80, 80, 80, 80, 03, 2C]
[01, 7F, 02, 47, 33, 34, 35, 80, 80, 80, 80, 80, 80, 80, 80, 80, 80, 80, 80, 03, 2B]
[01, 7F, 02, 47, 31, 39, 35, 30, 30, 30, 30, 03, 24]
[01, 7F, 02, 47, 31, 38, 82, 35, 20, 39, 30, 35, 30, 30, 20, 20, 34, 20, 03, 2F]
[01, 7F, 02, 47, 33, 30, 35, 20, 38, 39, 31, 32, 20, 03, 2D]
[01, 7F, 02, 47, 35, 30, 82, 31, 37, 03, 38]
[01, 7F, 02, 47, 33, 33, 35, 80, 80, 80, 80, 80, 80, 80, 80, 80, 80, 80, 80, 03, 2C]
[01, 7F, 02, 47, 33, 34, 35, 80, 80, 80, 80, 80, 80, 80, 80, 80, 80, 80, 80, 03, 2B]
[01, 7F, 02, 47, 31, 39, 35, 30, 30, 30, 30, 03, 24]
[01, 7F, 02, 47, 31, 38, 82, 35, 20, 39, 30, 35, 30, 30, 20, 20, 34, 20, 03, 2F]
[01, 7F, 02, 47, 33, 30, 35, 20, 38, 39, 31, 32, 20, 03, 2D]
[01, 7F, 02, 47, 35, 30, 82, 31, 37, 03, 38]
[01, 7F, 02, 47, 33, 33, 35, 80, 80, 80, 80, 80, 80, 80, 80, 80, 80, 80, 80, 03, 2C]
[01, 7F, 02, 47, 33, 34, 35, 80, 80, 80, 80, 80, 80, 80, 80, 80, 80, 80, 80, 03, 2B]
[01, 7F, 02, 47, 31, 39, 35, 30, 30, 30, 30, 03, 24]
[01, 7F, 02, 47, 31, 38, 82, 35, 20, 39, 30, 35, 30, 30, 20, 20, 34, 20, 03, 2F]
[01, 7F, 02, 47, 33, 30, 35, 20, 38, 39, 31, 32, 20, 03, 2D]
[01, 7F, 02, 47, 35, 30, 82, 31, 37, 03, 38]
[01, 7F, 02, 47, 33, 33, 35, 80, 80, 80, 80, 80, 80, 80, 80, 80, 80, 80, 80, 03, 2C]
[01, 7F, 02, 47, 33, 34, 35, 80, 80, 80, 80, 80, 80, 80, 80, 80, 80, 80, 80, 03, 2B]
[01, 7F, 02, 47, 31, 39, 35, 30, 30, 30, 30, 03, 24]
[01, 7F, 02, 47, 31, 38, 82, 35, 20, 39, 30, 35, 30, 30, 20, 20, 34, 20, 03, 2F]
[01, 7F, 02, 47, 33, 30, 35, 20, 38, 39, 31, 32, 20, 03, 2D]
[01, 7F, 02, 47, 35, 30, 82, 31, 37, 03, 38]
[01, 7F, 02, 47, 33, 33, 35, 80, 80, 80, 80, 80, 80, 80, 80, 80, 80, 80, 80, 03, 2C]
[01, 7F, 02, 47, 33, 34, 35, 80, 80, 80, 80, 80, 80, 80, 80, 80, 80, 80, 80, 03, 2B]
[01, 7F, 02, 47, 31, 39, 35, 30, 30, 30, 30, 03, 24]
[01, 7F, 02, 47, 31, 38, 82, 35, 20, 39, 30, 35, 30, 30, 20, 20, 34, 20, 03, 2F]
[01, 7F, 02, 47, 33, 30, 35, 20, 38, 39, 31, 32, 20, 03, 2D]
[01, 7F, 02, 47, 35, 30, 82, 31, 37, 03, 38]
[01, 7F, 02, 47, 33, 33, 35, 80, 80, 80, 80, 80, 80, 80, 80, 80, 80, 80, 80, 03, 2C]
[01, 7F, 02, 47, 33, 34, 35, 80, 80, 80, 80, 80, 80, 80, 80, 80, 80, 80, 80, 03, 2B]
[01, 7F, 02, 47, 31, 39, 35, 30, 30, 30, 30, 03, 24]
[01, 7F, 02, 47, 32, 30, 31, 32, 32, 30, 03, 3A]
[01, 7F, 02, 47, 31, 38, 82, 35, 20, 39, 30, 35, 30, 30, 20, 20, 34, 20, 03, 2F]
[01, 7F, 02, 47, 33, 30, 35, 20, 38, 39, 31, 32, 20, 03, 2D]
[01, 7F, 02, 47, 35, 30, 82, 31, 37, 03, 38, 01, 7F, 02, 47, 33, 33, 35, 80, 80, 80, 80, 80, 80, 80, 80, 80, 80, 80, 80, 03, 2C]
[01, 7F, 02, 47, 33, 34, 35, 80, 80, 80, 80, 80, 80, 80, 80, 80, 80, 80, 80, 03, 2B]
[01, 7F, 02, 47, 31, 39, 35, 30, 30, 30, 30, 03, 24]
[01, 7F, 02, 47, 31, 38, 82, 35, 20, 39, 30, 35, 30, 30, 20, 20, 34, 20, 03, 2F]
[01, 7F, 02, 47, 33, 30, 35, 20, 38, 39, 31, 32, 20, 03, 2D]
[01, 7F, 02, 47, 35, 30, 82, 31, 37, 03, 38]
[01, 7F, 02, 47, 33, 33, 35, 80, 80, 80, 80, 80, 80, 80, 80, 80, 80, 80, 80, 03, 2C]
[01, 7F, 02, 47, 33, 34, 35, 80, 80, 80, 80, 80, 80, 80, 80, 80, 80, 80, 80, 03, 2B]
[01, 7F, 02, 47, 31, 39, 35, 30, 30, 30, 30, 03, 24]
[01, 7F, 02, 47, 31, 38, 82, 35, 20, 39, 30, 35, 30, 30, 20, 20, 34, 20, 03, 2F]
[01, 7F, 02, 47, 33, 30, 35, 20, 38, 39, 31, 32, 20, 03, 2D]
[01, 7F, 02, 47, 35, 30, 82, 31, 37, 03, 38]
[01, 7F, 02, 47, 33, 33, 35, 80, 80, 80, 80, 80, 80, 80, 80, 80, 80, 80, 80, 03, 2C]
[01, 7F, 02, 47, 33, 34, 35, 80, 80, 80, 80, 80, 80, 80, 80, 80, 80, 80, 80, 03, 2B]
[01, 7F, 02, 47, 31, 39, 35, 30, 30, 30, 30, 03, 24]
[01, 7F, 02, 47, 31, 38, 82, 35, 20, 39, 30, 35, 30, 30, 20, 20, 34, 20, 03, 2F]
[01, 7F, 02, 47, 33, 30, 35, 20, 38, 39, 31, 32, 20, 03, 2D]
[01, 7F, 02, 47, 35, 30, 82, 31, 37, 03, 38]
[01, 7F, 02, 47, 33, 33, 35, 80, 80, 80, 80, 80, 80, 80, 80, 80, 80, 80, 80, 03, 2C]
[01, 7F, 02, 47, 33, 34, 35, 80, 80, 80, 80, 80, 80, 80, 80, 80, 80, 80, 80, 03, 2B]
[01, 7F, 02, 47, 31, 39, 35, 30, 30, 30, 30, 03, 24]
[01, 7F, 02, 47, 31, 38, 82, 35, 20, 39, 30, 35, 30, 30, 20, 20, 34, 20, 03, 2F]
[01, 7F, 02, 47, 33, 30, 35, 20, 38, 39, 31, 32, 20, 03, 2D]
[01, 7F, 02, 47, 35, 30, 82, 31, 37, 03, 38]
[01, 7F, 02, 47, 33, 33, 35, 80, 80, 80, 80, 80, 80, 80, 80, 80, 80, 80, 80, 03, 2C]
[01, 7F, 02, 47, 33, 34, 35, 80, 80, 80, 80, 80, 80, 80, 80, 80, 80, 80, 80, 03, 2B]
[01, 7F, 02, 47, 31, 39, 35, 30, 30, 30, 30, 03, 24]
