[01, 7F, 02, 47, 31, 38, 80, 35, 20, 31, 32, 37, 31, 30, 20, 20, 31, 20, 03, 21]
[01, 7F, 02, 47, 31, 38, 80, 35, 20, 31, 32, 37, 31, 30, 20, 20, 31, 20, 03, 21]
[01, 7F, 02, 47, 33, 30, 35, 20, 35, 20, 20, 35, 20, 03, 2F]
[01, 7F, 02, 47, 33, 33, 35, 80, 80, 80, 80, 80, 80, 80, 80, 80, 80, 80, 80, 03, 2C]
[01, 7F, 02, 47, 33, 34, 35, 80, 80, 80, 80, 80, 80, 80, 80, 80, 80, 80, 80, 03, 2B]
[01, 7F, 02, 47, 31, 39, 35, 31, 30, 30, 30, 03, 25]
[01, 7F, 02, 47, 31, 38, 80, 35, 20, 31, 32, 36, 31, 30, 20, 20, 31, 20, 03, 20]
[01, 7F, 02, 47, 31, 38, 80, 35, 20, 31, 32, 35, 31, 30, 20, 20, 31, 20, 03, 23]
[01, 7F, 02, 47, 31, 38, 80, 35, 20, 31, 32, 34, 31, 30, 20, 20, 31, 20, 03, 22]
[01, 7F, 02, 47, 31, 38, 80, 35, 20, 31, 32, 33, 31, 30, 20, 20, 31, 20, 03, 25]
[01, 7F, 02, 47, 31, 38, 80, 35, 20, 31, 32, 32, 31, 30, 20, 20, 31, 20, 03, 24]
[01, 7F, 02, 47, 31, 38, 80, 35, 20, 31, 32, 31, 31, 30, 20, 20, 31, 20, 03, 27]
[01, 7F, 02, 47, 31, 38, 80, 35, 20, 31, 32, 30, 31, 30, 20, 20, 31, 20, 03, 26]
[01, 7F, 02, 47, 31, 38, 80, 35, 20, 31, 31, 39, 31, 30, 20, 20, 31, 20, 03, 2C]
[01, 7F, 02, 47, 31, 38, 80, 35, 20, 31, 31, 38, 31, 30, 20, 20, 31, 20, 03, 2D]
[01, 7F, 02, 47, 31, 38, 80, 35, 20, 31, 31, 37, 31, 30, 20, 20, 31, 20, 03, 22]
[01, 7F, 02, 47, 31, 38, 80, 35, 20, 31, 31, 37, 31, 30, 20, 20, 31, 20, 03, 22]
[01, 7F, 02, 47, 33, 30, 35, 20, 35, 20, 20, 35, 20, 03, 2F]
[01, 7F, 02, 47, 33, 33, 35, 80, 80, 80, 80, 80, 80, 80, 80, 80, 80, 80, 80, 03, 2C]
[01, 7F, 02, 47, 33, 34, 35, 80, 80, 80, 80, 80, 80, 80, 80, 80, 80, 80, 80, 03, 2B]
[01, 7F, 02, 47, 31, 39, 35, 31, 30, 30, 30, 03, 25]
[01, 7F, 02, 47, 31, 38, 80, 35, 20, 31, 31, 36, 31, 30, 20, 20, 31, 20, 03, 23]
[01, 7F, 02, 47, 31, 38, 82, 35, 20, 31, 31, 36, 31, 30, 20, 20, 31, 20, 03, 21]
[01, 7F, 02, 47, 31, 38, 82, 35, 20, 31, 31, 36, 31, 30, 20, 20, 31, 20, 03, 21]
[01, 7F, 02, 47, 31, 38, 82, 35, 20, 31, 31, 36, 31, 30, 20, 20, 31, 20, 03, 21]
[01, 7F, 02, 47, 32, 30, 31, 31, 33, 33, 03, 3B]
[01, 7F, 02, 47, 31, 38, 82, 35, 20, 31, 31, 36, 31, 30, 20, 20, 31, 20, 03, 21]
[01, 7F, 02, 47, 33, 30, 35, 20, 35, 20, 20, 35, 20, 03, 2F]
[01, 7F, 02, 47, 33, 33, 35, 80, 80, 80, 80, 80, 80, 80, 80, 80, 80, 80, 80, 03, 2C]
[01, 7F, 02, 47, 33, 34, 35, 80, 80, 80, 80, 80, 80, 80, 80, 80, 80, 80, 80, 03, 2B]
[01, 7F, 02, 47, 31, 39, 35, 31, 30, 30, 30, 03, 25]
[01, 7F, 02, 47, 31, 38, 82, 35, 20, 31, 31, 36, 31, 30, 20, 20, 31, 20, 03, 21]
[01, 7F, 02, 47, 33, 30, 35, 20, 35, 20, 20, 35, 20, 03, 2F]
[01, 7F, 02, 47, 33, 33, 35, 80, 80, 80, 80, 80, 80, 80, 80, 80, 80, 80, 80, 03, 2C]
[01, 7F, 02, 47, 33, 34, 35, 80, 80, 80, 80, 80, 80, 80, 80, 80, 80, 80, 80, 03, 2B]
[01, 7F, 02, 47, 31, 39, 35, 31, 30, 30, 30, 03, 25]
[01, 7F, 02, 47, 31, 38, 82, 35, 20, 31, 31, 36, 31, 30, 20, 20, 31, 20, 03, 21]
[01, 7F, 02, 47, 33, 30, 35, 20, 35, 20, 20, 35, 20, 03, 2F]
[01, 7F, 02, 47, 33, 33, 35, 80, 80, 80, 80, 80, 80, 80, 80, 80, 80, 80, 80, 03, 2C]
[01, 7F, 02, 47, 33, 34, 35, 80, 80, 80, 80, 80, 80, 80, 80, 80, 80, 80, 80, 03, 2B]
[01, 7F, 02, 47, 31, 39, 35, 31, 30, 30, 30, 03, 25]
[01, 7F, 02, 47, 31, 38, 82, 35, 20, 31, 31, 36, 31, 30, 20, 20, 31, 20, 03, 21]
[01, 7F, 02, 47, 33, 30, 35, 20, 35, 20, 20, 35, 20, 03, 2F]
[01, 7F, 02, 47, 33, 33, 35, 80, 80, 80, 80, 80, 80, 80, 80, 80, 80, 80, 80, 03, 2C]
[01, 7F, 02, 47, 33, 34, 35, 80, 80, 80, 80, 80, 80, 80, 80, 80, 80, 80, 80, 03, 2B]
[01, 7F, 02, 47, 31, 39, 35, 31, 30, 30, 30, 03, 25]
[01, 7F, 02, 47, 31, 38, 82, 35, 20, 31, 31, 36, 31, 30, 20, 20, 31, 20, 03, 21]
[01, 7F, 02, 47, 33, 30, 35, 20, 35, 20, 20, 35, 20, 03, 2F]
[01, 7F, 02, 47, 33, 33, 35, 80, 80, 80, 80, 80, 80, 80, 80, 80, 80, 80, 80, 03, 2C]
[01, 7F, 02, 47, 33, 34, 35, 80, 80, 80, 80, 80, 80, 80, 80, 80, 80, 80, 80, 03, 2B]
[01, 7F, 02, 47, 31, 39, 35, 31, 30, 30, 30, 03, 25]
[01, 7F, 02, 47, 31, 38, 82, 35, 20, 31, 31, 36, 31, 30, 20, 20, 31, 20, 03, 21]
[01, 7F, 02, 47, 33, 30, 35, 20, 35, 20, 20, 35, 20, 03, 2F]
[01, 7F, 02, 47, 33, 33, 35, 80, 80, 80, 80, 80, 80, 80, 80, 80, 80, 80, 80, 03, 2C]
[01, 7F, 02, 47, 33, 34, 35, 80, 80, 80, 80, 80, 80, 80, 80, 80, 80, 80, 80, 03, 2B]
[01, 7F, 02, 47, 31, 39, 35, 31, 30, 30, 30, 03, 25]
[01, 7F, 02, 47, 32, 30, 31, 31, 33, 34, 03, 3C]
[01, 7F, 02, 47, 31, 38, 82, 35, 20, 31, 31, 36, 31, 30, 20, 20, 31, 20, 03, 21]
[01, 7F, 02, 47, 33, 30, 35, 20, 35, 20, 20, 35, 20, 03, 2F]
[01, 7F, 02, 47, 33, 33, 35, 80, 80, 80, 80, 80, 80, 80, 80, 80, 80, 80, 80, 03, 2C]
[01, 7F, 02, 47, 33, 34, 35, 80, 80, 80, 80, 80, 80, 80, 80, 80, 80, 80, 80, 03, 2B]
[01, 7F, 02, 47, 31, 39, 35, 31, 30, 30, 30, 03, 25]
[01, 7F, 02, 47, 31, 38, 82, 35, 20, 31, 31, 36, 31, 30, 20, 20, 31, 20, 03, 21]
[01, 7F, 02, 47, 33, 30, 35, 20, 35, 20, 20, 35, 20, 03, 2F]
[01, 7F, 02, 47, 33, 33, 35, 80, 80, 80, 80, 80, 80, 80, 80, 80, 80, 80, 80, 03, 2C]
[01, 7F, 02, 47, 33, 34, 35, 80, 80, 80, 80, 80, 80, 80, 80, 80, 80, 80, 80, 03, 2B]
[01, 7F, 02, 47, 31, 39, 35, 31, 30, 30, 30, 03, 25]
[01, 7F, 02, 47, 31, 38, 82, 35, 20, 31, 31, 36, 31, 30, 20, 20, 31, 20, 03, 21]
[01, 7F, 02, 47, 33, 30, 35, 20, 35, 20, 20, 35, 20, 03, 2F]
[01, 7F, 02, 47, 33, 33, 35, 80, 80, 80, 80, 80, 80, 80, 80, 80, 80, 80, 80, 03, 2C]
[01, 7F, 02, 47, 33, 34, 35, 80, 80, 80, 80, 80, 80, 80, 80, 80, 80, 80, 80, 03, 2B]
[01, 7F, 02, 47, 31, 39, 35, 31, 30, 30, 30, 03, 25]
[01, 7F, 02, 47, 31, 38, 82, 35, 20, 31, 31, 36, 31, 30, 20, 20, 31, 20, 03, 21]
[01, 7F, 02, 47, 33, 30, 35, 20, 35, 20, 20, 35, 20, 03, 2F]
[01, 7F, 02, 47, 33, 33, 35, 80, 80, 80, 80, 80, 80, 80, 80, 80, 80, 80, 80, 03, 2C]
[01, 7F, 02, 47, 33, 34, 35, 80, 80, 80, 80, 80, 80, 80, 80, 80, 80, 80, 80, 03, 2B]
[01, 7F, 02, 47, 31, 39, 35, 31, 30, 30, 30, 03, 25]
[01, 7F, 02, 47, 31, 38, 82, 35, 20, 31, 31, 36, 31, 30, 20, 20, 31, 20, 03, 21]
[01, 7F, 02, 47, 33, 30, 35, 20, 35, 20, 20, 35, 20, 03, 2F]
[01, 7F, 02, 47, 33, 33, 35, 80, 80, 80, 80, 80, 80, 80, 80, 80, 80, 80, 80, 03, 2C]
[01, 7F, 02, 47, 33, 34, 35, 80, 80, 80, 80, 80, 80, 80, 80, 80, 80, 80, 80, 03, 2B]
[01, 7F, 02, 47, 31, 39, 35, 31, 30, 30, 30, 03, 25]
[01, 7F, 02, 47, 31, 38, 82, 35, 20, 31, 31, 36, 31, 30, 20, 20, 31, 20, 03, 21]
[01, 7F, 02, 47, 33, 30, 35, 20, 35, 20, 20, 35, 20, 03, 2F]
[01, 7F, 02, 47, 33, 33, 35, 80, 80, 80, 80, 80, 80, 80, 80, 80, 80, 80, 80, 03, 2C]
[01, 7F, 02, 47, 33, 34, 35, 80, 80, 80, 80, 80, 80, 80, 80, 80, 80, 80, 80, 03, 2B]
[01, 7F, 02, 47, 31, 39, 35, 31, 30, 30, 30, 03, 25]
[01, 7F, 02, 47, 32, 30, 31, 31, 33, 35, 03, 3D]
[01, 7F, 02, 47, 31, 38, 82, 35, 20, 31, 31, 36, 31, 30, 20, 20, 31, 20, 03, 21]
[01, 7F, 02, 47, 33, 30, 35, 20, 35, 20, 20, 35, 20, 03, 2F]
[01, 7F, 02, 47, 33, 33, 35, 80, 80, 80, 80, 80, 80, 80, 80, 80, 80, 80, 80, 03, 2C]
[01, 7F, 02, 47, 33, 34, 35, 80, 80, 80, 80, 80, 80, 80, 80, 80, 80, 80, 80, 03, 2B]
[01, 7F, 02, 47, 31, 39, 35, 31, 30, 30, 30, 03, 25]
[01, 7F, 02, 47, 31, 38, 82, 35, 20, 31, 31, 36, 31, 30, 20, 20, 31, 20, 03, 21]
[01, 7F, 02, 47, 33, 30, 35, 20, 35, 20, 20, 35, 20, 03, 2F]
[01, 7F, 02, 47, 33, 33, 35, 80, 80, 80, 80, 80, 80, 80, 80, 80, 80, 80, 80, 03, 2C]
[01, 7F, 02, 47, 33, 34, 35, 80, 80, 80, 80, 80, 80, 80, 80, 80, 80, 80, 80, 03, 2B]
[01, 7F, 02, 47, 31, 39, 35, 31, 30, 30, 30, 03, 25]
[01, 7F, 02, 47, 31, 38, 82, 35, 20, 31, 31, 36, 31, 30, 20, 20, 31, 20, 03, 21]
[01, 7F, 02, 47, 33, 30, 35, 20, 35, 20, 20, 35, 20, 03, 2F]
[01, 7F, 02, 47, 33, 33, 35, 80, 80, 80, 80, 80, 80, 80, 80, 80, 80, 80, 80, 03, 2C]
[01, 7F, 02, 47, 33, 34, 35, 80, 80, 80, 80, 80, 80, 80, 80, 80, 80, 80, 80, 03, 2B]
[01, 7F, 02, 47, 31, 39, 35, 31, 30, 30, 30, 03, 25]
[01, 7F, 02, 47, 31, 38, 82, 35, 20, 31, 31, 36, 31, 30, 20, 20, 31, 20, 03, 21]
[01, 7F, 02, 47, 33, 30, 35, 20, 35, 20, 20, 35, 20, 03, 2F]
[01, 7F, 02, 47, 33, 33, 35, 80, 80, 80, 80, 80, 80, 80, 80, 80, 80, 80, 80, 03, 2C]
[01, 7F, 02, 47, 33, 34, 35, 80, 80, 80, 80, 80, 80, 80, 80, 80, 80, 80, 80, 03, 2B]
[01, 7F, 02, 47, 31, 39, 35, 31, 30, 30, 30, 03, 25]
[01, 7F, 02, 47, 31, 38, 82, 35, 20, 31, 31, 36, 31, 30, 20, 20, 31, 20, 03, 21]
[01, 7F, 02, 47, 33, 30, 35, 20, 35, 20, 20, 35, 20, 03, 2F]
[01, 7F, 02, 47, 33, 33, 35, 80, 80, 80, 80, 80, 80, 80, 80, 80, 80, 80, 80, 03, 2C]
[01, 7F, 02, 47, 33, 34, 35, 80, 80, 80, 80, 80, 80, 80, 80, 80, 80, 80, 80, 03, 2B]
[01, 7F, 02, 47, 31, 39, 35, 31, 30, 30, 30, 03, 25]
[01, 7F, 02, 47, 31, 38, 82, 35, 20, 31, 31, 36, 31, 30, 20, 20, 31, 20, 03, 21]
[01, 7F, 02, 47, 33, 30, 35, 20, 35, 20, 20, 35, 20, 03, 2F]
[01, 7F, 02, 47, 33, 33, 35, 80, 80, 80, 80, 80, 80, 80, 80, 80, 80, 80, 80, 03, 2C]
[01, 7F, 02, 47, 33, 34, 35, 80, 80, 80, 80, 80, 80, 80, 80, 80, 80, 80, 80, 03, 2B]
[01, 7F, 02, 47, 31, 39, 35, 31, 30, 30, 30, 03, 25]
[01, 7F, 02, 47, 32, 30, 31, 31, 33, 36, 03, 3E]
[01, 7F, 02, 47, 31, 38, 82, 35, 20, 31, 31, 36, 31, 30, 20, 20, 31, 20, 03, 21]
[01, 7F, 02, 47, 33, 30, 35, 20, 35, 20, 20, 35, 20, 03, 2F]
[01, 7F, 02, 47, 33, 33, 35, 80, 80, 80, 80, 80, 80, 80, 80, 80, 80, 80, 80, 03, 2C]
[01, 7F, 02, 47, 33, 34, 35, 80, 80, 80, 80, 80, 80, 80, 80, 80, 80, 80, 80, 03, 2B]
[01, 7F, 02, 47, 31, 39, 35, 31, 30, 30, 30, 03, 25]
[01, 7F, 02, 47, 31, 38, 82, 35, 20, 31, 31, 36, 31, 30, 20, 20, 31, 20, 03, 21]
[01, 7F, 02, 47, 33, 30, 35, 20, 35, 20, 20, 35, 20, 03, 2F]
[01, 7F, 02, 47, 33, 33, 35, 80, 80, 80, 80, 80, 80, 80, 80, 80, 80, 80, 80, 03, 2C]
[01, 7F, 02, 47, 33, 34, 35, 80, 80, 80, 80, 80, 80, 80, 80, 80, 80, 80, 80, 03, 2B]
[01, 7F, 02, 47, 31, 39, 35, 31, 30, 30, 30, 03, 25]
[01, 7F, 02, 47, 31, 38, 82, 35, 20, 31, 31, 36, 31, 30, 20, 20, 31, 20, 03, 21]
[01, 7F, 02, 47, 33, 30, 35, 20, 35, 20, 20, 35, 20, 03, 2F]
[01, 7F, 02, 47, 33, 33, 35, 80, 80, 80, 80, 80, 80, 80, 80, 80, 80, 80, 80, 03, 2C]
[01, 7F, 02, 47, 33, 34, 35, 80, 80, 80, 80, 80, 80, 80, 80, 80, 80, 80, 80, 03, 2B]
[01, 7F, 02, 47, 31, 39, 35, 31, 30, 30, 30, 03, 25]
[01, 7F, 02, 47, 31, 38, 82, 35, 20, 31, 31, 36, 31, 30, 20, 20, 31, 20, 03, 21]
[01, 7F, 02, 47, 33, 30, 35, 20, 35, 20, 20, 35, 20, 03, 2F]
[01, 7F, 02, 47, 33, 33, 35, 80, 80, 80, 80, 80, 80, 80, 80, 80, 80, 80, 80, 03, 2C]
[01, 7F, 02, 47, 33, 34, 35, 80, 80, 80, 80, 80, 80, 80, 80, 80, 80, 80, 80, 03, 2B]
[01, 7F, 02, 47, 31, 39, 35, 31, 30, 30, 30, 03, 25]
[01, 7F, 02, 47, 31, 38, 82, 35, 20, 31, 31, 36, 31, 30, 20, 20, 31, 20, 03, 21]
[01, 7F, 02, 47, 33, 30, 35, 20, 35, 20, 20, 35, 20, 03, 2F]
[01, 7F, 02, 47, 33, 33, 35, 80, 80, 80, 80, 80, 80, 80, 80, 80, 80, 80, 80, 03, 2C]
[01, 7F, 02, 47, 33, 34, 35, 80, 80, 80, 80, 80, 80, 80, 80, 80, 80, 80, 80, 03, 2B]
[01, 7F, 02, 47, 31, 39, 35, 31, 30, 30, 30, 03, 25]
[01, 7F, 02, 47, 31, 38, 82, 35, 20, 31, 31, 36, 31, 30, 20, 20, 31, 20, 03, 21]
[01, 7F, 02, 47, 33, 30, 35, 20, 35, 20, 20, 35, 20, 03, 2F]
[01, 7F, 02, 47, 33, 33, 35, 80, 80, 80, 80, 80, 80, 80, 80, 80, 80, 80, 80, 03, 2C]
[01, 7F, 02, 47, 33, 34, 35, 80, 80, 80, 80, 80, 80, 80, 80, 80, 80, 80, 80, 03, 2B]
[01, 7F, 02, 47, 31, 39, 35, 31, 30, 30, 30, 03, 25]
[01, 7F, 02, 47, 32, 30, 31, 31, 33, 37, 03, 3F]
[01, 7F, 02, 47, 31, 38, 82, 35, 20, 31, 31, 36, 31, 30, 20, 20, 31, 20, 03, 21]
[01, 7F, 02, 47, 33, 30, 35, 20, 35, 20, 20, 35, 20, 03, 2F]
[01, 7F, 02, 47, 33, 33, 35, 80, 80, 80, 80, 80, 80, 80, 80, 80, 80, 80, 80, 03, 2C]
[01, 7F, 02, 47, 33, 34, 35, 80, 80, 80, 80, 80, 80, 80, 80, 80, 80, 80, 80, 03, 2B]
[01, 7F, 02, 47, 31, 39, 35, 31, 30, 30, 30, 03, 25]
[01, 7F, 02, 47, 31, 38, 82, 35, 20, 31, 31, 36, 31, 30, 20, 20, 31, 20, 03, 21]
[01, 7F, 02, 47, 33, 30, 35, 20, 35, 20, 20, 35, 20, 03, 2F]
[01, 7F, 02, 47, 33, 33, 35, 80, 80, 80, 80, 80, 80, 80, 80, 80, 80, 80, 80, 03, 2C]
[01, 7F, 02, 47, 33, 34, 35, 80, 80, 80, 80, 80, 80, 80, 80, 80, 80, 80, 80, 03, 2B]
[01, 7F, 02, 47, 31, 39, 35, 31, 30, 30, 30, 03, 25]
[01, 7F, 02, 47, 31, 38, 82, 35, 20, 31, 31, 36, 31, 30, 20, 20, 31, 20, 03, 21]
[01, 7F, 02, 47, 33, 30, 35, 20, 35, 20, 20, 35, 20, 03, 2F]
[01, 7F, 02, 47, 33, 33, 35, 80, 80, 80, 80, 80, 80, 80, 80, 80, 80, 80, 80, 03, 2C]
[01, 7F, 02, 47, 33, 34, 35, 80, 80, 80, 80, 80, 80, 80, 80, 80, 80, 80, 80, 03, 2B]
[01, 7F, 02, 47, 31, 39, 35, 31, 30, 30, 30, 03, 25]
[01, 7F, 02, 47, 31, 38, 82, 35, 20, 31, 31, 36, 31, 30, 20, 20, 31, 20, 03, 21]
[01, 7F, 02, 47, 33, 30, 35, 20, 35, 20, 20, 35, 20, 03, 2F]
[01, 7F, 02, 47, 33, 33, 35, 80, 80, 80, 80, 80, 80, 80, 80, 80, 80, 80, 80, 03, 2C]
[01, 7F, 02, 47, 33, 34, 35, 80, 80, 80, 80, 80, 80, 80, 80, 80, 80, 80, 80, 03, 2B]
[01, 7F, 02, 47, 31, 39, 35, 31, 30, 30, 30, 03, 25]
[01, 7F, 02, 47, 31, 38, 82, 35, 20, 31, 31, 36, 31, 30, 20, 20, 31, 20, 03, 21]
[01, 7F, 02, 47, 33, 30, 35, 20, 35, 20, 20, 35, 20, 03, 2F]
[01, 7F, 02, 47, 33, 33, 35, 80, 80, 80, 80, 80, 80, 80, 80, 80, 80, 80, 80, 03, 2C]
[01, 7F, 02, 47, 33, 34, 35, 80, 80, 80, 80, 80, 80, 80, 80, 80, 80, 80, 80, 03, 2B]
[01, 7F, 02, 47, 31, 39, 35, 31, 30, 30, 30, 03, 25]
[01, 7F, 02, 47, 31, 38, 82, 35, 20, 31, 31, 36, 31, 30, 20, 20, 31, 20, 03, 21]
[01, 7F, 02, 47, 33, 30, 35, 20, 35, 20, 20, 35, 20, 03, 2F]
[01, 7F, 02, 47, 33, 33, 35, 80, 80, 80, 80, 80, 80, 80, 80, 80, 80, 80, 80, 03, 2C]
[01, 7F, 02, 47, 33, 34, 35, 80, 80, 80, 80, 80, 80, 80, 80, 80, 80, 80, 80, 03, 2B]
[01, 7F, 02, 47, 31, 39, 35, 31, 30, 30, 30, 03, 25]
[01, 7F, 02, 47, 32, 30, 31, 31, 33, 38, 03, 30]
[01, 7F, 02, 47, 31, 38, 82, 35, 20, 31, 31, 36, 31, 30, 20, 20, 31, 20, 03, 21]
[01, 7F, 02, 47, 33, 30, 35, 20, 35, 20, 20, 35, 20, 03, 2F]
[01, 7F, 02, 47, 33, 33, 35, 80, 80, 80, 80, 80, 80, 80, 80, 80, 80, 80, 80, 03, 2C]
[01, 7F, 02, 47, 33, 34, 35, 80, 80, 80, 80, 80, 80, 80, 80, 80, 80, 80, 80, 03, 2B]
[01, 7F, 02, 47, 31, 39, 35, 31, 30, 30, 30, 03, 25]
[01, 7F, 02, 47, 31, 38, 82, 35, 20, 31, 31, 36, 31, 30, 20, 20, 31, 20, 03, 21]
[01, 7F, 02, 47, 33, 30, 35, 20, 35, 20, 20, 35, 20, 03, 2F]
[01, 7F, 02, 47, 33, 33, 35, 80, 80, 80, 80, 80, 80, 80, 80, 80, 80, 80, 80, 03, 2C]
[01, 7F, 02, 47, 33, 34, 35, 80, 80, 80, 80, 80, 80, 80, 80, 80, 80, 80, 80, 03, 2B]
[01, 7F, 02, 47, 31, 39, 35, 31, 30, 30, 30, 03, 25]
[01, 7F, 02, 47, 31, 38, 82, 35, 20, 31, 31, 36, 31, 30, 20, 20, 31, 20, 03, 21]
[01, 7F, 02, 47, 33, 30, 35, 20, 35, 20, 20, 35, 20, 03, 2F]
[01, 7F, 02, 47, 33, 33, 35, 80, 80, 80, 80, 80, 80, 80, 80, 80, 80, 80, 80, 03, 2C]
[01, 7F, 02, 47, 33, 34, 35, 80, 80, 80, 80, 80, 80, 80, 80, 80, 80, 80, 80, 03, 2B]
[01, 7F, 02, 47, 31, 39, 35, 31, 30, 30, 30, 03, 25]
[01, 7F, 02, 47, 31, 38, 82, 35, 20, 31, 31, 36, 31, 30, 20, 20, 31, 20, 03, 21]
[01, 7F, 02, 47, 33, 30, 35, 20, 35, 20, 20, 35, 20, 03, 2F]
[01, 7F, 02, 47, 33, 33, 35, 80, 80, 80, 80, 80, 80, 80, 80, 80, 80, 80, 80, 03, 2C]
[01, 7F, 02, 47, 33, 34, 35, 80, 80, 80, 80, 80, 80, 80, 80, 80, 80, 80, 80, 03, 2B]
[01, 7F, 02, 47, 31, 39, 35, 31, 30, 30, 30, 03, 25]
[01, 7F, 02, 47, 31, 38, 82, 35, 20, 31, 31, 36, 31, 30, 20, 20, 31, 20, 03, 21]
[01, 7F, 02, 47, 33, 30, 35, 20, 35, 20, 20, 35, 20, 03, 2F]
[01, 7F, 02, 47, 33, 33, 35, 80, 80, 80, 80, 80, 80, 80, 80, 80, 80, 80, 80, 03, 2C]
[01, 7F, 02, 47, 33, 34, 35, 80, 80, 80, 80, 80, 80, 80, 80, 80, 80, 80, 80, 03, 2B]
[01, 7F, 02, 47, 31, 39, 35, 31, 30, 30, 30, 03, 25]
[01, 7F, 02, 47, 31, 38, 82, 35, 20, 31, 31, 36, 31, 30, 20, 20, 31, 20, 03, 21]
[01, 7F, 02, 47, 33, 30, 35, 20, 35, 20, 20, 35, 20, 03, 2F]
[01, 7F, 02, 47, 33, 33, 35, 80, 80, 80, 80, 80, 80, 80, 80, 80, 80, 80, 80, 03, 2C]
[01, 7F, 02, 47, 33, 34, 35, 80, 80, 80, 80, 80, 80, 80, 80, 80, 80, 80, 80, 03, 2B]
[01, 7F, 02, 47, 31, 39, 35, 31, 30, 30, 30, 03, 25]
[01, 7F, 02, 47, 32, 30, 31, 31, 33, 39, 03, 31]
[01, 7F, 02, 47, 31, 38, 82, 35, 20, 31, 31, 36, 31, 30, 20, 20, 31, 20, 03, 21]
[01, 7F, 02, 47, 33, 30, 35, 20, 35, 20, 20, 35, 20, 03, 2F]
[01, 7F, 02, 47, 33, 33, 35, 80, 80, 80, 80, 80, 80, 80, 80, 80, 80, 80, 80, 03, 2C]
[01, 7F, 02, 47, 33, 34, 35, 80, 80, 80, 80, 80, 80, 80, 80, 80, 80, 80, 80, 03, 2B]
[01, 7F, 02, 47, 31, 39, 35, 31, 30, 30, 30, 03, 25]
[01, 7F, 02, 47, 31, 38, 82, 35, 20, 31, 31, 36, 31, 30, 20, 20, 31, 20, 03, 21]
[01, 7F, 02, 47, 33, 30, 35, 20, 35, 20, 20, 35, 20, 03, 2F]
[01, 7F, 02, 47, 33, 33, 35, 80, 80, 80, 80, 80, 80, 80, 80, 80, 80, 80, 80, 03, 2C]
[01, 7F, 02, 47, 33, 34, 35, 80, 80, 80, 80, 80, 80, 80, 80, 80, 80, 80, 80, 03, 2B]
[01, 7F, 02, 47, 31, 39, 35, 31, 30, 30, 30, 03, 25]
[01, 7F, 02, 47, 31, 38, 82, 35, 20, 31, 31, 36, 31, 30, 20, 20, 31, 20, 03, 21]
[01, 7F, 02, 47, 33, 30, 35, 20, 35, 20, 20, 35, 20, 03, 2F]
[01, 7F, 02, 47, 33, 33, 35, 80, 80, 80, 80, 80, 80, 80, 80, 80, 80, 80, 80, 03, 2C]
[01, 7F, 02, 47, 33, 34, 35, 80, 80, 80, 80, 80, 80, 80, 80, 80, 80, 80, 80, 03, 2B]
[01, 7F, 02, 47, 31, 39, 35, 31, 30, 30, 30, 03, 25]
[01, 7F, 02, 47, 31, 38, 82, 35, 20, 31, 31, 36, 31, 30, 20, 20, 31, 20, 03, 21]
[01, 7F, 02, 47, 33, 30, 35, 20, 35, 20, 20, 35, 20, 03, 2F]
[01, 7F, 02, 47, 33, 33, 35, 80, 80, 80, 80, 80, 80, 80, 80, 80, 80, 80, 80, 03, 2C]
[01, 7F, 02, 47, 33, 34, 35, 80, 80, 80, 80, 80, 80, 80, 80, 80, 80, 80, 80, 03, 2B]
[01, 7F, 02, 47, 31, 39, 35, 31, 30, 30, 30, 03, 25]
[01, 7F, 02, 47, 31, 38, 82, 35, 20, 31, 31, 36, 31, 30, 20, 20, 31, 20, 03, 21]
[01, 7F, 02, 47, 33, 30, 35, 20, 35, 20, 20, 35, 20, 03, 2F]
[01, 7F, 02, 47, 33, 33, 35, 80, 80, 80, 80, 80, 80, 80, 80, 80, 80, 80, 80, 03, 2C]
[01, 7F, 02, 47, 33, 34, 35, 80, 80, 80, 80, 80, 80, 80, 80, 80, 80, 80, 80, 03, 2B]
[01, 7F, 02, 47, 31, 39, 35, 31, 30, 30, 30, 03, 25]
[01, 7F, 02, 47, 31, 38, 82, 35, 20, 31, 31, 36, 31, 30, 20, 20, 31, 20, 03, 21]
[01, 7F, 02, 47, 33, 30, 35, 20, 35, 20, 20, 35, 20, 03, 2F]
[01, 7F, 02, 47, 33, 33, 35, 80, 80, 80, 80, 80, 80, 80, 80, 80, 80, 80, 80, 03, 2C]
[01, 7F, 02, 47, 33, 34, 35, 80, 80, 80, 80, 80, 80, 80, 80, 80, 80, 80, 80, 03, 2B]
[01, 7F, 02, 47, 31, 39, 35, 31, 30, 30, 30, 03, 25]
[01, 7F, 02, 47, 32, 30, 31, 31, 34, 30, 03, 3F]
[01, 7F, 02, 47, 31, 38, 82, 35, 20, 31, 31, 36, 31, 30, 20, 20, 31, 20, 03, 21]
[01, 7F, 02, 47, 33, 30, 35, 20, 35, 20, 20, 35, 20, 03, 2F]
[01, 7F, 02, 47, 33, 33, 35, 80, 80, 80, 80, 80, 80, 80, 80, 80, 80, 80, 80, 03, 2C]
[01, 7F, 02, 47, 33, 34, 35, 80, 80, 80, 80, 80, 80, 80, 80, 80, 80, 80, 80, 03, 2B]
[01, 7F, 02, 47, 31, 39, 35, 31, 30, 30, 30, 03, 25]
[01, 7F, 02, 47, 33, 30, 35, 20, 35, 20, 20, 38, 20, 03, 22]
[01, 7F, 02, 47, 33, 34, 35, 80, 80, 80, 80, 80, 80, 80, 80, 80, 80, 80, 80, 03, 2B]
[01, 7F, 02, 47, 33, 31, 35, 20, 30, 20, 30, 20, 20, 20, 20, 03, 2E]
[01, 7F, 02, 47, 33, 38, 20, 34, 20, 36, 20, 37, 20, 38, 31, 31, 31, 34, 31, 36, 31, 37, 32, 31, 32, 37, 32, 38, 20, 20, 20, 20, 20, 20, 20, 20, 03, 37]
[01, 7F, 02, 47, 35, 36, 35, 32, 31, 34, 20, 33, 03, 2B]
[01, 7F, 02, 47, 33, 32, 35, 32, 20, 36, 80, 03, 29]
[01, 7F, 02, 47, 31, 38, 82, 35, 20, 31, 31, 36, 31, 30, 20, 20, 31, 20, 03, 21]
[01, 7F, 02, 47, 33, 30, 35, 20, 35, 20, 20, 38, 20, 03, 22]
[01, 7F, 02, 47, 33, 33, 35, 80, 80, 80, 80, 80, 80, 80, 80, 80, 80, 80, 80, 03, 2C]
[01, 7F, 02, 47, 33, 34, 35, 80, 80, 80, 80, 80, 80, 80, 80, 80, 80, 80, 80, 03, 2B]
[01, 7F, 02, 47, 31, 39, 35, 31, 30, 30, 30, 03, 25]
[01, 7F, 02, 47, 31, 38, 82, 35, 20, 31, 31, 36, 31, 30, 20, 20, 31, 20, 03, 21]
[01, 7F, 02, 47, 33, 30, 35, 20, 35, 20, 20, 38, 20, 03, 22]
[01, 7F, 02, 47, 33, 33, 35, 80, 80, 80, 80, 80, 80, 80, 80, 80, 80, 80, 80, 03, 2C]
[01, 7F, 02, 47, 33, 34, 35, 80, 80, 80, 80, 80, 80, 80, 80, 80, 80, 80, 80, 03, 2B]
[01, 7F, 02, 47, 31, 39, 35, 31, 30, 30, 30, 03, 25]
[01, 7F, 02, 47, 31, 38, 82, 35, 20, 31, 31, 36, 31, 30, 20, 20, 31, 20, 03, 21]
[01, 7F, 02, 47, 33, 30, 35, 20, 35, 20, 20, 38, 20, 03, 22]
[01, 7F, 02, 47, 33, 33, 35, 80, 80, 80, 80, 80, 80, 80, 80, 80, 80, 80, 80, 03, 2C]
[01, 7F, 02, 47, 33, 34, 35, 80, 80, 80, 80, 80, 80, 80, 80, 80, 80, 80, 80, 03, 2B]
[01, 7F, 02, 47, 31, 39, 35, 31, 30, 30, 30, 03, 25]
[01, 7F, 02, 47, 31, 38, 82, 35, 20, 31, 31, 36, 31, 30, 20, 20, 31, 20, 03, 21]
[01, 7F, 02, 47, 33, 30, 35, 20, 35, 20, 20, 38, 20, 03, 22]
[01, 7F, 02, 47, 33, 33, 35, 80, 80, 80, 80, 80, 80, 80, 80, 80, 80, 80, 80, 03, 2C]
[01, 7F, 02, 47, 33, 34, 35, 80, 80, 80, 80, 80, 80, 80, 80, 80, 80, 80, 80, 03, 2B]
[01, 7F, 02, 47, 31, 39, 35, 31, 30, 30, 30, 03, 25]
[01, 7F, 02, 47, 31, 38, 82, 35, 20, 31, 31, 36, 31, 30, 20, 20, 31, 20, 03, 21]
[01, 7F, 02, 47, 33, 30, 35, 20, 35, 20, 20, 38, 20, 03, 22]
[01, 7F, 02, 47, 33, 33, 35, 80, 80, 80, 80, 80, 80, 80, 80, 80, 80, 80, 80, 03, 2C]
[01, 7F, 02, 47, 33, 34, 35, 80, 80, 80, 80, 80, 80, 80, 80, 80, 80, 80, 80, 03, 2B]
[01, 7F, 02, 47, 31, 39, 35, 31, 30, 30, 30, 03, 25]
[01, 7F, 02, 47, 32, 30, 31, 31, 34, 31, 03, 3E]
[01, 7F, 02, 47, 31, 38, 82, 35, 20, 31, 31, 36, 31, 30, 20, 20, 31, 20, 03, 21]
[01, 7F, 02, 47, 33, 30, 35, 20, 35, 20, 20, 38, 20, 03, 22]
[01, 7F, 02, 47, 33, 33, 35, 80, 80, 80, 80, 80, 80, 80, 80, 80, 80, 80, 80, 03, 2C]
[01, 7F, 02, 47, 33, 34, 35, 80, 80, 80, 80, 80, 80, 80, 80, 80, 80, 80, 80, 03, 2B]
[01, 7F, 02, 47, 31, 39, 35, 31, 30, 30, 30, 03, 25]
[01, 7F, 02, 47, 31, 38, 82, 35, 20, 31, 31, 36, 31, 30, 20, 20, 31, 20, 03, 21]
[01, 7F, 02, 47, 33, 30, 35, 20, 35, 20, 20, 38, 20, 03, 22]
[01, 7F, 02, 47, 33, 33, 35, 80, 80, 80, 80, 80, 80, 80, 80, 80, 80, 80, 80, 03, 2C]
[01, 7F, 02, 47, 33, 34, 35, 80, 80, 80, 80, 80, 80, 80, 80, 80, 80, 80, 80, 03, 2B]
[01, 7F, 02, 47, 31, 39, 35, 31, 30, 30, 30, 03, 25]
[01, 7F, 02, 47, 31, 38, 82, 35, 20, 31, 31, 36, 31, 30, 20, 20, 31, 20, 03, 21]
[01, 7F, 02, 47, 33, 30, 35, 20, 35, 20, 20, 38, 20, 03, 22]
[01, 7F, 02, 47, 33, 33, 35, 80, 80, 80, 80, 80, 80, 80, 80, 80, 80, 80, 80, 03, 2C]
[01, 7F, 02, 47, 33, 34, 35, 80, 80, 80, 80, 80, 80, 80, 80, 80, 80, 80, 80, 03, 2B, 01, 7F, 02, 47, 31, 39, 35, 31, 30, 30, 30, 03, 25]
